[2025-04-08T17:32:40.582+0000] {processor.py:186} INFO - Started process (PID=72) to work on /home/airflow/.local/lib/python3.12/site-packages/airflow/example_dags/example_dag_decorator.py
[2025-04-08T17:32:40.584+0000] {processor.py:914} INFO - Processing file /home/airflow/.local/lib/python3.12/site-packages/airflow/example_dags/example_dag_decorator.py for tasks to queue
[2025-04-08T17:32:40.589+0000] {logging_mixin.py:190} INFO - [2025-04-08T17:32:40.588+0000] {dagbag.py:588} INFO - Filling up the DagBag from /home/airflow/.local/lib/python3.12/site-packages/airflow/example_dags/example_dag_decorator.py
[2025-04-08T17:32:41.327+0000] {processor.py:925} INFO - DAG(s) 'example_dag_decorator' retrieved from /home/airflow/.local/lib/python3.12/site-packages/airflow/example_dags/example_dag_decorator.py
[2025-04-08T17:32:41.546+0000] {logging_mixin.py:190} INFO - [2025-04-08T17:32:41.545+0000] {override.py:1912} INFO - Created Permission View: can edit on DAG:example_dag_decorator
[2025-04-08T17:32:41.562+0000] {logging_mixin.py:190} INFO - [2025-04-08T17:32:41.561+0000] {override.py:1912} INFO - Created Permission View: can delete on DAG:example_dag_decorator
[2025-04-08T17:32:41.572+0000] {logging_mixin.py:190} INFO - [2025-04-08T17:32:41.572+0000] {override.py:1912} INFO - Created Permission View: can read on DAG:example_dag_decorator
[2025-04-08T17:32:41.584+0000] {logging_mixin.py:190} INFO - [2025-04-08T17:32:41.584+0000] {override.py:1912} INFO - Created Permission View: can create on DAG Run:example_dag_decorator
[2025-04-08T17:32:41.596+0000] {logging_mixin.py:190} INFO - [2025-04-08T17:32:41.595+0000] {override.py:1912} INFO - Created Permission View: can delete on DAG Run:example_dag_decorator
[2025-04-08T17:32:41.606+0000] {logging_mixin.py:190} INFO - [2025-04-08T17:32:41.606+0000] {override.py:1912} INFO - Created Permission View: menu access on DAG Run:example_dag_decorator
[2025-04-08T17:32:41.617+0000] {logging_mixin.py:190} INFO - [2025-04-08T17:32:41.617+0000] {override.py:1912} INFO - Created Permission View: can read on DAG Run:example_dag_decorator
[2025-04-08T17:32:41.618+0000] {logging_mixin.py:190} INFO - [2025-04-08T17:32:41.618+0000] {dag.py:3239} INFO - Sync 1 DAGs
[2025-04-08T17:32:41.641+0000] {logging_mixin.py:190} INFO - [2025-04-08T17:32:41.641+0000] {dag.py:3262} INFO - Creating ORM DAG for example_dag_decorator
[2025-04-08T17:32:41.643+0000] {logging_mixin.py:190} INFO - [2025-04-08T17:32:41.643+0000] {dag.py:4180} INFO - Setting next_dagrun for example_dag_decorator to None, run_after=None
[2025-04-08T17:32:41.668+0000] {processor.py:208} INFO - Processing /home/airflow/.local/lib/python3.12/site-packages/airflow/example_dags/example_dag_decorator.py took 1.098 seconds
[2025-04-08T17:33:11.927+0000] {processor.py:186} INFO - Started process (PID=135) to work on /home/airflow/.local/lib/python3.12/site-packages/airflow/example_dags/example_dag_decorator.py
[2025-04-08T17:33:11.930+0000] {processor.py:914} INFO - Processing file /home/airflow/.local/lib/python3.12/site-packages/airflow/example_dags/example_dag_decorator.py for tasks to queue
[2025-04-08T17:33:11.937+0000] {logging_mixin.py:190} INFO - [2025-04-08T17:33:11.937+0000] {dagbag.py:588} INFO - Filling up the DagBag from /home/airflow/.local/lib/python3.12/site-packages/airflow/example_dags/example_dag_decorator.py
[2025-04-08T17:33:12.151+0000] {processor.py:925} INFO - DAG(s) 'example_dag_decorator' retrieved from /home/airflow/.local/lib/python3.12/site-packages/airflow/example_dags/example_dag_decorator.py
[2025-04-08T17:33:12.346+0000] {logging_mixin.py:190} INFO - [2025-04-08T17:33:12.346+0000] {dag.py:3239} INFO - Sync 1 DAGs
[2025-04-08T17:33:12.365+0000] {logging_mixin.py:190} INFO - [2025-04-08T17:33:12.365+0000] {dag.py:4180} INFO - Setting next_dagrun for example_dag_decorator to None, run_after=None
[2025-04-08T17:33:12.392+0000] {processor.py:208} INFO - Processing /home/airflow/.local/lib/python3.12/site-packages/airflow/example_dags/example_dag_decorator.py took 0.515 seconds
[2025-04-08T17:33:42.764+0000] {processor.py:186} INFO - Started process (PID=198) to work on /home/airflow/.local/lib/python3.12/site-packages/airflow/example_dags/example_dag_decorator.py
[2025-04-08T17:33:42.766+0000] {processor.py:914} INFO - Processing file /home/airflow/.local/lib/python3.12/site-packages/airflow/example_dags/example_dag_decorator.py for tasks to queue
[2025-04-08T17:33:42.770+0000] {logging_mixin.py:190} INFO - [2025-04-08T17:33:42.769+0000] {dagbag.py:588} INFO - Filling up the DagBag from /home/airflow/.local/lib/python3.12/site-packages/airflow/example_dags/example_dag_decorator.py
[2025-04-08T17:33:42.918+0000] {processor.py:925} INFO - DAG(s) 'example_dag_decorator' retrieved from /home/airflow/.local/lib/python3.12/site-packages/airflow/example_dags/example_dag_decorator.py
[2025-04-08T17:33:43.095+0000] {logging_mixin.py:190} INFO - [2025-04-08T17:33:43.095+0000] {dag.py:3239} INFO - Sync 1 DAGs
[2025-04-08T17:33:43.114+0000] {logging_mixin.py:190} INFO - [2025-04-08T17:33:43.114+0000] {dag.py:4180} INFO - Setting next_dagrun for example_dag_decorator to None, run_after=None
[2025-04-08T17:33:43.143+0000] {processor.py:208} INFO - Processing /home/airflow/.local/lib/python3.12/site-packages/airflow/example_dags/example_dag_decorator.py took 0.389 seconds
[2025-04-08T17:34:13.240+0000] {processor.py:186} INFO - Started process (PID=262) to work on /home/airflow/.local/lib/python3.12/site-packages/airflow/example_dags/example_dag_decorator.py
[2025-04-08T17:34:13.242+0000] {processor.py:914} INFO - Processing file /home/airflow/.local/lib/python3.12/site-packages/airflow/example_dags/example_dag_decorator.py for tasks to queue
[2025-04-08T17:34:13.245+0000] {logging_mixin.py:190} INFO - [2025-04-08T17:34:13.245+0000] {dagbag.py:588} INFO - Filling up the DagBag from /home/airflow/.local/lib/python3.12/site-packages/airflow/example_dags/example_dag_decorator.py
[2025-04-08T17:34:13.391+0000] {processor.py:925} INFO - DAG(s) 'example_dag_decorator' retrieved from /home/airflow/.local/lib/python3.12/site-packages/airflow/example_dags/example_dag_decorator.py
[2025-04-08T17:34:13.561+0000] {logging_mixin.py:190} INFO - [2025-04-08T17:34:13.561+0000] {dag.py:3239} INFO - Sync 1 DAGs
[2025-04-08T17:34:13.580+0000] {logging_mixin.py:190} INFO - [2025-04-08T17:34:13.580+0000] {dag.py:4180} INFO - Setting next_dagrun for example_dag_decorator to None, run_after=None
[2025-04-08T17:34:13.609+0000] {processor.py:208} INFO - Processing /home/airflow/.local/lib/python3.12/site-packages/airflow/example_dags/example_dag_decorator.py took 0.379 seconds
[2025-04-08T17:34:43.743+0000] {processor.py:186} INFO - Started process (PID=324) to work on /home/airflow/.local/lib/python3.12/site-packages/airflow/example_dags/example_dag_decorator.py
[2025-04-08T17:34:43.744+0000] {processor.py:914} INFO - Processing file /home/airflow/.local/lib/python3.12/site-packages/airflow/example_dags/example_dag_decorator.py for tasks to queue
[2025-04-08T17:34:43.748+0000] {logging_mixin.py:190} INFO - [2025-04-08T17:34:43.747+0000] {dagbag.py:588} INFO - Filling up the DagBag from /home/airflow/.local/lib/python3.12/site-packages/airflow/example_dags/example_dag_decorator.py
[2025-04-08T17:34:43.896+0000] {processor.py:925} INFO - DAG(s) 'example_dag_decorator' retrieved from /home/airflow/.local/lib/python3.12/site-packages/airflow/example_dags/example_dag_decorator.py
[2025-04-08T17:34:44.067+0000] {logging_mixin.py:190} INFO - [2025-04-08T17:34:44.066+0000] {dag.py:3239} INFO - Sync 1 DAGs
[2025-04-08T17:34:44.087+0000] {logging_mixin.py:190} INFO - [2025-04-08T17:34:44.087+0000] {dag.py:4180} INFO - Setting next_dagrun for example_dag_decorator to None, run_after=None
[2025-04-08T17:34:44.116+0000] {processor.py:208} INFO - Processing /home/airflow/.local/lib/python3.12/site-packages/airflow/example_dags/example_dag_decorator.py took 0.384 seconds
[2025-04-08T17:35:14.771+0000] {processor.py:186} INFO - Started process (PID=387) to work on /home/airflow/.local/lib/python3.12/site-packages/airflow/example_dags/example_dag_decorator.py
[2025-04-08T17:35:14.772+0000] {processor.py:914} INFO - Processing file /home/airflow/.local/lib/python3.12/site-packages/airflow/example_dags/example_dag_decorator.py for tasks to queue
[2025-04-08T17:35:14.777+0000] {logging_mixin.py:190} INFO - [2025-04-08T17:35:14.777+0000] {dagbag.py:588} INFO - Filling up the DagBag from /home/airflow/.local/lib/python3.12/site-packages/airflow/example_dags/example_dag_decorator.py
[2025-04-08T17:35:14.966+0000] {processor.py:925} INFO - DAG(s) 'example_dag_decorator' retrieved from /home/airflow/.local/lib/python3.12/site-packages/airflow/example_dags/example_dag_decorator.py
[2025-04-08T17:35:15.210+0000] {logging_mixin.py:190} INFO - [2025-04-08T17:35:15.210+0000] {dag.py:3239} INFO - Sync 1 DAGs
[2025-04-08T17:35:15.243+0000] {logging_mixin.py:190} INFO - [2025-04-08T17:35:15.243+0000] {dag.py:4180} INFO - Setting next_dagrun for example_dag_decorator to None, run_after=None
[2025-04-08T17:35:15.279+0000] {processor.py:208} INFO - Processing /home/airflow/.local/lib/python3.12/site-packages/airflow/example_dags/example_dag_decorator.py took 0.519 seconds
