[2025-04-08T17:32:51.453+0000] {processor.py:186} INFO - Started process (PID=96) to work on /home/airflow/.local/lib/python3.12/site-packages/airflow/example_dags/example_branch_labels.py
[2025-04-08T17:32:51.455+0000] {processor.py:914} INFO - Processing file /home/airflow/.local/lib/python3.12/site-packages/airflow/example_dags/example_branch_labels.py for tasks to queue
[2025-04-08T17:32:51.459+0000] {logging_mixin.py:190} INFO - [2025-04-08T17:32:51.458+0000] {dagbag.py:588} INFO - Filling up the DagBag from /home/airflow/.local/lib/python3.12/site-packages/airflow/example_dags/example_branch_labels.py
[2025-04-08T17:32:51.483+0000] {processor.py:925} INFO - DAG(s) 'example_branch_labels' retrieved from /home/airflow/.local/lib/python3.12/site-packages/airflow/example_dags/example_branch_labels.py
[2025-04-08T17:32:51.674+0000] {logging_mixin.py:190} INFO - [2025-04-08T17:32:51.673+0000] {override.py:1912} INFO - Created Permission View: can edit on DAG:example_branch_labels
[2025-04-08T17:32:51.690+0000] {logging_mixin.py:190} INFO - [2025-04-08T17:32:51.690+0000] {override.py:1912} INFO - Created Permission View: can delete on DAG:example_branch_labels
[2025-04-08T17:32:51.701+0000] {logging_mixin.py:190} INFO - [2025-04-08T17:32:51.701+0000] {override.py:1912} INFO - Created Permission View: can read on DAG:example_branch_labels
[2025-04-08T17:32:51.712+0000] {logging_mixin.py:190} INFO - [2025-04-08T17:32:51.712+0000] {override.py:1912} INFO - Created Permission View: can create on DAG Run:example_branch_labels
[2025-04-08T17:32:51.722+0000] {logging_mixin.py:190} INFO - [2025-04-08T17:32:51.721+0000] {override.py:1912} INFO - Created Permission View: can delete on DAG Run:example_branch_labels
[2025-04-08T17:32:51.732+0000] {logging_mixin.py:190} INFO - [2025-04-08T17:32:51.731+0000] {override.py:1912} INFO - Created Permission View: menu access on DAG Run:example_branch_labels
[2025-04-08T17:32:51.742+0000] {logging_mixin.py:190} INFO - [2025-04-08T17:32:51.741+0000] {override.py:1912} INFO - Created Permission View: can read on DAG Run:example_branch_labels
[2025-04-08T17:32:51.743+0000] {logging_mixin.py:190} INFO - [2025-04-08T17:32:51.742+0000] {dag.py:3239} INFO - Sync 1 DAGs
[2025-04-08T17:32:51.765+0000] {logging_mixin.py:190} INFO - [2025-04-08T17:32:51.765+0000] {dag.py:3262} INFO - Creating ORM DAG for example_branch_labels
[2025-04-08T17:32:51.782+0000] {logging_mixin.py:190} INFO - [2025-04-08T17:32:51.782+0000] {dag.py:4180} INFO - Setting next_dagrun for example_branch_labels to 2025-04-07 00:00:00+00:00, run_after=2025-04-08 00:00:00+00:00
[2025-04-08T17:32:51.805+0000] {processor.py:208} INFO - Processing /home/airflow/.local/lib/python3.12/site-packages/airflow/example_dags/example_branch_labels.py took 0.365 seconds
[2025-04-08T17:33:21.869+0000] {processor.py:186} INFO - Started process (PID=159) to work on /home/airflow/.local/lib/python3.12/site-packages/airflow/example_dags/example_branch_labels.py
[2025-04-08T17:33:21.871+0000] {processor.py:914} INFO - Processing file /home/airflow/.local/lib/python3.12/site-packages/airflow/example_dags/example_branch_labels.py for tasks to queue
[2025-04-08T17:33:21.875+0000] {logging_mixin.py:190} INFO - [2025-04-08T17:33:21.875+0000] {dagbag.py:588} INFO - Filling up the DagBag from /home/airflow/.local/lib/python3.12/site-packages/airflow/example_dags/example_branch_labels.py
[2025-04-08T17:33:21.892+0000] {processor.py:925} INFO - DAG(s) 'example_branch_labels' retrieved from /home/airflow/.local/lib/python3.12/site-packages/airflow/example_dags/example_branch_labels.py
[2025-04-08T17:33:21.928+0000] {logging_mixin.py:190} INFO - [2025-04-08T17:33:21.927+0000] {dag.py:3239} INFO - Sync 1 DAGs
[2025-04-08T17:33:21.966+0000] {logging_mixin.py:190} INFO - [2025-04-08T17:33:21.966+0000] {dag.py:4180} INFO - Setting next_dagrun for example_branch_labels to 2025-04-07 00:00:00+00:00, run_after=2025-04-08 00:00:00+00:00
[2025-04-08T17:33:21.995+0000] {processor.py:208} INFO - Processing /home/airflow/.local/lib/python3.12/site-packages/airflow/example_dags/example_branch_labels.py took 0.136 seconds
[2025-04-08T17:33:53.129+0000] {processor.py:186} INFO - Started process (PID=222) to work on /home/airflow/.local/lib/python3.12/site-packages/airflow/example_dags/example_branch_labels.py
[2025-04-08T17:33:53.130+0000] {processor.py:914} INFO - Processing file /home/airflow/.local/lib/python3.12/site-packages/airflow/example_dags/example_branch_labels.py for tasks to queue
[2025-04-08T17:33:53.134+0000] {logging_mixin.py:190} INFO - [2025-04-08T17:33:53.134+0000] {dagbag.py:588} INFO - Filling up the DagBag from /home/airflow/.local/lib/python3.12/site-packages/airflow/example_dags/example_branch_labels.py
[2025-04-08T17:33:53.150+0000] {processor.py:925} INFO - DAG(s) 'example_branch_labels' retrieved from /home/airflow/.local/lib/python3.12/site-packages/airflow/example_dags/example_branch_labels.py
[2025-04-08T17:33:53.185+0000] {logging_mixin.py:190} INFO - [2025-04-08T17:33:53.185+0000] {dag.py:3239} INFO - Sync 1 DAGs
[2025-04-08T17:33:53.224+0000] {logging_mixin.py:190} INFO - [2025-04-08T17:33:53.224+0000] {dag.py:4180} INFO - Setting next_dagrun for example_branch_labels to 2025-04-07 00:00:00+00:00, run_after=2025-04-08 00:00:00+00:00
[2025-04-08T17:33:53.254+0000] {processor.py:208} INFO - Processing /home/airflow/.local/lib/python3.12/site-packages/airflow/example_dags/example_branch_labels.py took 0.135 seconds
[2025-04-08T17:34:24.603+0000] {processor.py:186} INFO - Started process (PID=285) to work on /home/airflow/.local/lib/python3.12/site-packages/airflow/example_dags/example_branch_labels.py
[2025-04-08T17:34:24.604+0000] {processor.py:914} INFO - Processing file /home/airflow/.local/lib/python3.12/site-packages/airflow/example_dags/example_branch_labels.py for tasks to queue
[2025-04-08T17:34:24.608+0000] {logging_mixin.py:190} INFO - [2025-04-08T17:34:24.607+0000] {dagbag.py:588} INFO - Filling up the DagBag from /home/airflow/.local/lib/python3.12/site-packages/airflow/example_dags/example_branch_labels.py
[2025-04-08T17:34:24.624+0000] {processor.py:925} INFO - DAG(s) 'example_branch_labels' retrieved from /home/airflow/.local/lib/python3.12/site-packages/airflow/example_dags/example_branch_labels.py
[2025-04-08T17:34:24.657+0000] {logging_mixin.py:190} INFO - [2025-04-08T17:34:24.657+0000] {dag.py:3239} INFO - Sync 1 DAGs
[2025-04-08T17:34:24.695+0000] {logging_mixin.py:190} INFO - [2025-04-08T17:34:24.695+0000] {dag.py:4180} INFO - Setting next_dagrun for example_branch_labels to 2025-04-07 00:00:00+00:00, run_after=2025-04-08 00:00:00+00:00
[2025-04-08T17:34:24.722+0000] {processor.py:208} INFO - Processing /home/airflow/.local/lib/python3.12/site-packages/airflow/example_dags/example_branch_labels.py took 0.129 seconds
[2025-04-08T17:34:55.727+0000] {processor.py:186} INFO - Started process (PID=347) to work on /home/airflow/.local/lib/python3.12/site-packages/airflow/example_dags/example_branch_labels.py
[2025-04-08T17:34:55.728+0000] {processor.py:914} INFO - Processing file /home/airflow/.local/lib/python3.12/site-packages/airflow/example_dags/example_branch_labels.py for tasks to queue
[2025-04-08T17:34:55.732+0000] {logging_mixin.py:190} INFO - [2025-04-08T17:34:55.732+0000] {dagbag.py:588} INFO - Filling up the DagBag from /home/airflow/.local/lib/python3.12/site-packages/airflow/example_dags/example_branch_labels.py
[2025-04-08T17:34:55.748+0000] {processor.py:925} INFO - DAG(s) 'example_branch_labels' retrieved from /home/airflow/.local/lib/python3.12/site-packages/airflow/example_dags/example_branch_labels.py
[2025-04-08T17:34:55.781+0000] {logging_mixin.py:190} INFO - [2025-04-08T17:34:55.781+0000] {dag.py:3239} INFO - Sync 1 DAGs
[2025-04-08T17:34:55.820+0000] {logging_mixin.py:190} INFO - [2025-04-08T17:34:55.819+0000] {dag.py:4180} INFO - Setting next_dagrun for example_branch_labels to 2025-04-07 00:00:00+00:00, run_after=2025-04-08 00:00:00+00:00
[2025-04-08T17:34:55.847+0000] {processor.py:208} INFO - Processing /home/airflow/.local/lib/python3.12/site-packages/airflow/example_dags/example_branch_labels.py took 0.130 seconds
[2025-04-08T17:35:27.494+0000] {processor.py:186} INFO - Started process (PID=410) to work on /home/airflow/.local/lib/python3.12/site-packages/airflow/example_dags/example_branch_labels.py
[2025-04-08T17:35:27.495+0000] {processor.py:914} INFO - Processing file /home/airflow/.local/lib/python3.12/site-packages/airflow/example_dags/example_branch_labels.py for tasks to queue
[2025-04-08T17:35:27.500+0000] {logging_mixin.py:190} INFO - [2025-04-08T17:35:27.499+0000] {dagbag.py:588} INFO - Filling up the DagBag from /home/airflow/.local/lib/python3.12/site-packages/airflow/example_dags/example_branch_labels.py
[2025-04-08T17:35:27.519+0000] {processor.py:925} INFO - DAG(s) 'example_branch_labels' retrieved from /home/airflow/.local/lib/python3.12/site-packages/airflow/example_dags/example_branch_labels.py
[2025-04-08T17:35:27.557+0000] {logging_mixin.py:190} INFO - [2025-04-08T17:35:27.557+0000] {dag.py:3239} INFO - Sync 1 DAGs
[2025-04-08T17:35:27.602+0000] {logging_mixin.py:190} INFO - [2025-04-08T17:35:27.602+0000] {dag.py:4180} INFO - Setting next_dagrun for example_branch_labels to 2025-04-07 00:00:00+00:00, run_after=2025-04-08 00:00:00+00:00
[2025-04-08T17:35:27.640+0000] {processor.py:208} INFO - Processing /home/airflow/.local/lib/python3.12/site-packages/airflow/example_dags/example_branch_labels.py took 0.161 seconds
