[2025-04-08T17:32:50.945+0000] {processor.py:186} INFO - Started process (PID=94) to work on /home/airflow/.local/lib/python3.12/site-packages/airflow/example_dags/example_branch_datetime_operator.py
[2025-04-08T17:32:50.947+0000] {processor.py:914} INFO - Processing file /home/airflow/.local/lib/python3.12/site-packages/airflow/example_dags/example_branch_datetime_operator.py for tasks to queue
[2025-04-08T17:32:50.951+0000] {logging_mixin.py:190} INFO - [2025-04-08T17:32:50.951+0000] {dagbag.py:588} INFO - Filling up the DagBag from /home/airflow/.local/lib/python3.12/site-packages/airflow/example_dags/example_branch_datetime_operator.py
[2025-04-08T17:32:50.977+0000] {processor.py:925} INFO - DAG(s) 'example_branch_datetime_operator_2', 'example_branch_datetime_operator_3', 'example_branch_datetime_operator' retrieved from /home/airflow/.local/lib/python3.12/site-packages/airflow/example_dags/example_branch_datetime_operator.py
[2025-04-08T17:32:51.165+0000] {logging_mixin.py:190} INFO - [2025-04-08T17:32:51.165+0000] {override.py:1912} INFO - Created Permission View: can edit on DAG:example_branch_datetime_operator_2
[2025-04-08T17:32:51.181+0000] {logging_mixin.py:190} INFO - [2025-04-08T17:32:51.181+0000] {override.py:1912} INFO - Created Permission View: can delete on DAG:example_branch_datetime_operator_2
[2025-04-08T17:32:51.192+0000] {logging_mixin.py:190} INFO - [2025-04-08T17:32:51.191+0000] {override.py:1912} INFO - Created Permission View: can read on DAG:example_branch_datetime_operator_2
[2025-04-08T17:32:51.203+0000] {logging_mixin.py:190} INFO - [2025-04-08T17:32:51.203+0000] {override.py:1912} INFO - Created Permission View: can create on DAG Run:example_branch_datetime_operator_2
[2025-04-08T17:32:51.213+0000] {logging_mixin.py:190} INFO - [2025-04-08T17:32:51.212+0000] {override.py:1912} INFO - Created Permission View: can delete on DAG Run:example_branch_datetime_operator_2
[2025-04-08T17:32:51.222+0000] {logging_mixin.py:190} INFO - [2025-04-08T17:32:51.222+0000] {override.py:1912} INFO - Created Permission View: menu access on DAG Run:example_branch_datetime_operator_2
[2025-04-08T17:32:51.232+0000] {logging_mixin.py:190} INFO - [2025-04-08T17:32:51.232+0000] {override.py:1912} INFO - Created Permission View: can read on DAG Run:example_branch_datetime_operator_2
[2025-04-08T17:32:51.252+0000] {logging_mixin.py:190} INFO - [2025-04-08T17:32:51.252+0000] {override.py:1912} INFO - Created Permission View: can edit on DAG:example_branch_datetime_operator_3
[2025-04-08T17:32:51.262+0000] {logging_mixin.py:190} INFO - [2025-04-08T17:32:51.261+0000] {override.py:1912} INFO - Created Permission View: can delete on DAG:example_branch_datetime_operator_3
[2025-04-08T17:32:51.273+0000] {logging_mixin.py:190} INFO - [2025-04-08T17:32:51.272+0000] {override.py:1912} INFO - Created Permission View: can read on DAG:example_branch_datetime_operator_3
[2025-04-08T17:32:51.283+0000] {logging_mixin.py:190} INFO - [2025-04-08T17:32:51.282+0000] {override.py:1912} INFO - Created Permission View: can create on DAG Run:example_branch_datetime_operator_3
[2025-04-08T17:32:51.293+0000] {logging_mixin.py:190} INFO - [2025-04-08T17:32:51.293+0000] {override.py:1912} INFO - Created Permission View: can delete on DAG Run:example_branch_datetime_operator_3
[2025-04-08T17:32:51.303+0000] {logging_mixin.py:190} INFO - [2025-04-08T17:32:51.302+0000] {override.py:1912} INFO - Created Permission View: menu access on DAG Run:example_branch_datetime_operator_3
[2025-04-08T17:32:51.313+0000] {logging_mixin.py:190} INFO - [2025-04-08T17:32:51.312+0000] {override.py:1912} INFO - Created Permission View: can read on DAG Run:example_branch_datetime_operator_3
[2025-04-08T17:32:51.330+0000] {logging_mixin.py:190} INFO - [2025-04-08T17:32:51.330+0000] {override.py:1912} INFO - Created Permission View: can edit on DAG:example_branch_datetime_operator
[2025-04-08T17:32:51.340+0000] {logging_mixin.py:190} INFO - [2025-04-08T17:32:51.340+0000] {override.py:1912} INFO - Created Permission View: can delete on DAG:example_branch_datetime_operator
[2025-04-08T17:32:51.350+0000] {logging_mixin.py:190} INFO - [2025-04-08T17:32:51.349+0000] {override.py:1912} INFO - Created Permission View: can read on DAG:example_branch_datetime_operator
[2025-04-08T17:32:51.360+0000] {logging_mixin.py:190} INFO - [2025-04-08T17:32:51.360+0000] {override.py:1912} INFO - Created Permission View: can create on DAG Run:example_branch_datetime_operator
[2025-04-08T17:32:51.370+0000] {logging_mixin.py:190} INFO - [2025-04-08T17:32:51.369+0000] {override.py:1912} INFO - Created Permission View: can delete on DAG Run:example_branch_datetime_operator
[2025-04-08T17:32:51.379+0000] {logging_mixin.py:190} INFO - [2025-04-08T17:32:51.379+0000] {override.py:1912} INFO - Created Permission View: menu access on DAG Run:example_branch_datetime_operator
[2025-04-08T17:32:51.390+0000] {logging_mixin.py:190} INFO - [2025-04-08T17:32:51.390+0000] {override.py:1912} INFO - Created Permission View: can read on DAG Run:example_branch_datetime_operator
[2025-04-08T17:32:51.391+0000] {logging_mixin.py:190} INFO - [2025-04-08T17:32:51.391+0000] {dag.py:3239} INFO - Sync 3 DAGs
[2025-04-08T17:32:51.411+0000] {logging_mixin.py:190} INFO - [2025-04-08T17:32:51.411+0000] {dag.py:3262} INFO - Creating ORM DAG for example_branch_datetime_operator
[2025-04-08T17:32:51.412+0000] {logging_mixin.py:190} INFO - [2025-04-08T17:32:51.412+0000] {dag.py:3262} INFO - Creating ORM DAG for example_branch_datetime_operator_3
[2025-04-08T17:32:51.413+0000] {logging_mixin.py:190} INFO - [2025-04-08T17:32:51.413+0000] {dag.py:3262} INFO - Creating ORM DAG for example_branch_datetime_operator_2
[2025-04-08T17:32:51.432+0000] {logging_mixin.py:190} INFO - [2025-04-08T17:32:51.431+0000] {dag.py:4180} INFO - Setting next_dagrun for example_branch_datetime_operator to 2025-04-07 00:00:00+00:00, run_after=2025-04-08 00:00:00+00:00
[2025-04-08T17:32:51.435+0000] {logging_mixin.py:190} INFO - [2025-04-08T17:32:51.435+0000] {dag.py:4180} INFO - Setting next_dagrun for example_branch_datetime_operator_2 to 2025-04-07 00:00:00+00:00, run_after=2025-04-08 00:00:00+00:00
[2025-04-08T17:32:51.439+0000] {logging_mixin.py:190} INFO - [2025-04-08T17:32:51.439+0000] {dag.py:4180} INFO - Setting next_dagrun for example_branch_datetime_operator_3 to 2025-04-07 00:00:00+00:00, run_after=2025-04-08 00:00:00+00:00
[2025-04-08T17:32:51.472+0000] {processor.py:208} INFO - Processing /home/airflow/.local/lib/python3.12/site-packages/airflow/example_dags/example_branch_datetime_operator.py took 0.538 seconds
[2025-04-08T17:33:21.624+0000] {processor.py:186} INFO - Started process (PID=157) to work on /home/airflow/.local/lib/python3.12/site-packages/airflow/example_dags/example_branch_datetime_operator.py
[2025-04-08T17:33:21.626+0000] {processor.py:914} INFO - Processing file /home/airflow/.local/lib/python3.12/site-packages/airflow/example_dags/example_branch_datetime_operator.py for tasks to queue
[2025-04-08T17:33:21.630+0000] {logging_mixin.py:190} INFO - [2025-04-08T17:33:21.629+0000] {dagbag.py:588} INFO - Filling up the DagBag from /home/airflow/.local/lib/python3.12/site-packages/airflow/example_dags/example_branch_datetime_operator.py
[2025-04-08T17:33:21.653+0000] {processor.py:925} INFO - DAG(s) 'example_branch_datetime_operator_2', 'example_branch_datetime_operator_3', 'example_branch_datetime_operator' retrieved from /home/airflow/.local/lib/python3.12/site-packages/airflow/example_dags/example_branch_datetime_operator.py
[2025-04-08T17:33:21.706+0000] {logging_mixin.py:190} INFO - [2025-04-08T17:33:21.705+0000] {dag.py:3239} INFO - Sync 3 DAGs
[2025-04-08T17:33:21.749+0000] {logging_mixin.py:190} INFO - [2025-04-08T17:33:21.748+0000] {dag.py:4180} INFO - Setting next_dagrun for example_branch_datetime_operator to 2025-04-07 00:00:00+00:00, run_after=2025-04-08 00:00:00+00:00
[2025-04-08T17:33:21.757+0000] {logging_mixin.py:190} INFO - [2025-04-08T17:33:21.756+0000] {dag.py:4180} INFO - Setting next_dagrun for example_branch_datetime_operator_2 to 2025-04-07 00:00:00+00:00, run_after=2025-04-08 00:00:00+00:00
[2025-04-08T17:33:21.761+0000] {logging_mixin.py:190} INFO - [2025-04-08T17:33:21.760+0000] {dag.py:4180} INFO - Setting next_dagrun for example_branch_datetime_operator_3 to 2025-04-07 00:00:00+00:00, run_after=2025-04-08 00:00:00+00:00
[2025-04-08T17:33:21.786+0000] {processor.py:208} INFO - Processing /home/airflow/.local/lib/python3.12/site-packages/airflow/example_dags/example_branch_datetime_operator.py took 0.173 seconds
[2025-04-08T17:33:52.947+0000] {processor.py:186} INFO - Started process (PID=220) to work on /home/airflow/.local/lib/python3.12/site-packages/airflow/example_dags/example_branch_datetime_operator.py
[2025-04-08T17:33:52.948+0000] {processor.py:914} INFO - Processing file /home/airflow/.local/lib/python3.12/site-packages/airflow/example_dags/example_branch_datetime_operator.py for tasks to queue
[2025-04-08T17:33:52.952+0000] {logging_mixin.py:190} INFO - [2025-04-08T17:33:52.952+0000] {dagbag.py:588} INFO - Filling up the DagBag from /home/airflow/.local/lib/python3.12/site-packages/airflow/example_dags/example_branch_datetime_operator.py
[2025-04-08T17:33:52.972+0000] {processor.py:925} INFO - DAG(s) 'example_branch_datetime_operator_3', 'example_branch_datetime_operator', 'example_branch_datetime_operator_2' retrieved from /home/airflow/.local/lib/python3.12/site-packages/airflow/example_dags/example_branch_datetime_operator.py
[2025-04-08T17:33:53.013+0000] {logging_mixin.py:190} INFO - [2025-04-08T17:33:53.012+0000] {dag.py:3239} INFO - Sync 3 DAGs
[2025-04-08T17:33:53.052+0000] {logging_mixin.py:190} INFO - [2025-04-08T17:33:53.051+0000] {dag.py:4180} INFO - Setting next_dagrun for example_branch_datetime_operator to 2025-04-07 00:00:00+00:00, run_after=2025-04-08 00:00:00+00:00
[2025-04-08T17:33:53.059+0000] {logging_mixin.py:190} INFO - [2025-04-08T17:33:53.059+0000] {dag.py:4180} INFO - Setting next_dagrun for example_branch_datetime_operator_2 to 2025-04-07 00:00:00+00:00, run_after=2025-04-08 00:00:00+00:00
[2025-04-08T17:33:53.063+0000] {logging_mixin.py:190} INFO - [2025-04-08T17:33:53.063+0000] {dag.py:4180} INFO - Setting next_dagrun for example_branch_datetime_operator_3 to 2025-04-07 00:00:00+00:00, run_after=2025-04-08 00:00:00+00:00
[2025-04-08T17:33:53.089+0000] {processor.py:208} INFO - Processing /home/airflow/.local/lib/python3.12/site-packages/airflow/example_dags/example_branch_datetime_operator.py took 0.158 seconds
[2025-04-08T17:34:24.280+0000] {processor.py:186} INFO - Started process (PID=283) to work on /home/airflow/.local/lib/python3.12/site-packages/airflow/example_dags/example_branch_datetime_operator.py
[2025-04-08T17:34:24.281+0000] {processor.py:914} INFO - Processing file /home/airflow/.local/lib/python3.12/site-packages/airflow/example_dags/example_branch_datetime_operator.py for tasks to queue
[2025-04-08T17:34:24.286+0000] {logging_mixin.py:190} INFO - [2025-04-08T17:34:24.285+0000] {dagbag.py:588} INFO - Filling up the DagBag from /home/airflow/.local/lib/python3.12/site-packages/airflow/example_dags/example_branch_datetime_operator.py
[2025-04-08T17:34:24.306+0000] {processor.py:925} INFO - DAG(s) 'example_branch_datetime_operator_2', 'example_branch_datetime_operator_3', 'example_branch_datetime_operator' retrieved from /home/airflow/.local/lib/python3.12/site-packages/airflow/example_dags/example_branch_datetime_operator.py
[2025-04-08T17:34:24.350+0000] {logging_mixin.py:190} INFO - [2025-04-08T17:34:24.349+0000] {dag.py:3239} INFO - Sync 3 DAGs
[2025-04-08T17:34:24.390+0000] {logging_mixin.py:190} INFO - [2025-04-08T17:34:24.389+0000] {dag.py:4180} INFO - Setting next_dagrun for example_branch_datetime_operator to 2025-04-07 00:00:00+00:00, run_after=2025-04-08 00:00:00+00:00
[2025-04-08T17:34:24.398+0000] {logging_mixin.py:190} INFO - [2025-04-08T17:34:24.397+0000] {dag.py:4180} INFO - Setting next_dagrun for example_branch_datetime_operator_2 to 2025-04-07 00:00:00+00:00, run_after=2025-04-08 00:00:00+00:00
[2025-04-08T17:34:24.402+0000] {logging_mixin.py:190} INFO - [2025-04-08T17:34:24.402+0000] {dag.py:4180} INFO - Setting next_dagrun for example_branch_datetime_operator_3 to 2025-04-07 00:00:00+00:00, run_after=2025-04-08 00:00:00+00:00
[2025-04-08T17:34:24.426+0000] {processor.py:208} INFO - Processing /home/airflow/.local/lib/python3.12/site-packages/airflow/example_dags/example_branch_datetime_operator.py took 0.156 seconds
[2025-04-08T17:34:55.403+0000] {processor.py:186} INFO - Started process (PID=345) to work on /home/airflow/.local/lib/python3.12/site-packages/airflow/example_dags/example_branch_datetime_operator.py
[2025-04-08T17:34:55.404+0000] {processor.py:914} INFO - Processing file /home/airflow/.local/lib/python3.12/site-packages/airflow/example_dags/example_branch_datetime_operator.py for tasks to queue
[2025-04-08T17:34:55.408+0000] {logging_mixin.py:190} INFO - [2025-04-08T17:34:55.407+0000] {dagbag.py:588} INFO - Filling up the DagBag from /home/airflow/.local/lib/python3.12/site-packages/airflow/example_dags/example_branch_datetime_operator.py
[2025-04-08T17:34:55.428+0000] {processor.py:925} INFO - DAG(s) 'example_branch_datetime_operator_2', 'example_branch_datetime_operator', 'example_branch_datetime_operator_3' retrieved from /home/airflow/.local/lib/python3.12/site-packages/airflow/example_dags/example_branch_datetime_operator.py
[2025-04-08T17:34:55.470+0000] {logging_mixin.py:190} INFO - [2025-04-08T17:34:55.470+0000] {dag.py:3239} INFO - Sync 3 DAGs
[2025-04-08T17:34:55.510+0000] {logging_mixin.py:190} INFO - [2025-04-08T17:34:55.510+0000] {dag.py:4180} INFO - Setting next_dagrun for example_branch_datetime_operator to 2025-04-07 00:00:00+00:00, run_after=2025-04-08 00:00:00+00:00
[2025-04-08T17:34:55.518+0000] {logging_mixin.py:190} INFO - [2025-04-08T17:34:55.518+0000] {dag.py:4180} INFO - Setting next_dagrun for example_branch_datetime_operator_2 to 2025-04-07 00:00:00+00:00, run_after=2025-04-08 00:00:00+00:00
[2025-04-08T17:34:55.522+0000] {logging_mixin.py:190} INFO - [2025-04-08T17:34:55.522+0000] {dag.py:4180} INFO - Setting next_dagrun for example_branch_datetime_operator_3 to 2025-04-07 00:00:00+00:00, run_after=2025-04-08 00:00:00+00:00
[2025-04-08T17:34:55.547+0000] {processor.py:208} INFO - Processing /home/airflow/.local/lib/python3.12/site-packages/airflow/example_dags/example_branch_datetime_operator.py took 0.155 seconds
[2025-04-08T17:35:27.155+0000] {processor.py:186} INFO - Started process (PID=408) to work on /home/airflow/.local/lib/python3.12/site-packages/airflow/example_dags/example_branch_datetime_operator.py
[2025-04-08T17:35:27.156+0000] {processor.py:914} INFO - Processing file /home/airflow/.local/lib/python3.12/site-packages/airflow/example_dags/example_branch_datetime_operator.py for tasks to queue
[2025-04-08T17:35:27.161+0000] {logging_mixin.py:190} INFO - [2025-04-08T17:35:27.160+0000] {dagbag.py:588} INFO - Filling up the DagBag from /home/airflow/.local/lib/python3.12/site-packages/airflow/example_dags/example_branch_datetime_operator.py
[2025-04-08T17:35:27.181+0000] {processor.py:925} INFO - DAG(s) 'example_branch_datetime_operator', 'example_branch_datetime_operator_3', 'example_branch_datetime_operator_2' retrieved from /home/airflow/.local/lib/python3.12/site-packages/airflow/example_dags/example_branch_datetime_operator.py
[2025-04-08T17:35:27.225+0000] {logging_mixin.py:190} INFO - [2025-04-08T17:35:27.225+0000] {dag.py:3239} INFO - Sync 3 DAGs
[2025-04-08T17:35:27.265+0000] {logging_mixin.py:190} INFO - [2025-04-08T17:35:27.265+0000] {dag.py:4180} INFO - Setting next_dagrun for example_branch_datetime_operator to 2025-04-07 00:00:00+00:00, run_after=2025-04-08 00:00:00+00:00
[2025-04-08T17:35:27.273+0000] {logging_mixin.py:190} INFO - [2025-04-08T17:35:27.273+0000] {dag.py:4180} INFO - Setting next_dagrun for example_branch_datetime_operator_2 to 2025-04-07 00:00:00+00:00, run_after=2025-04-08 00:00:00+00:00
[2025-04-08T17:35:27.277+0000] {logging_mixin.py:190} INFO - [2025-04-08T17:35:27.277+0000] {dag.py:4180} INFO - Setting next_dagrun for example_branch_datetime_operator_3 to 2025-04-07 00:00:00+00:00, run_after=2025-04-08 00:00:00+00:00
[2025-04-08T17:35:27.302+0000] {processor.py:208} INFO - Processing /home/airflow/.local/lib/python3.12/site-packages/airflow/example_dags/example_branch_datetime_operator.py took 0.157 seconds
