[2025-04-08T17:32:51.096+0000] {processor.py:186} INFO - Started process (PID=95) to work on /home/airflow/.local/lib/python3.12/site-packages/airflow/example_dags/example_sensor_decorator.py
[2025-04-08T17:32:51.098+0000] {processor.py:914} INFO - Processing file /home/airflow/.local/lib/python3.12/site-packages/airflow/example_dags/example_sensor_decorator.py for tasks to queue
[2025-04-08T17:32:51.102+0000] {logging_mixin.py:190} INFO - [2025-04-08T17:32:51.101+0000] {dagbag.py:588} INFO - Filling up the DagBag from /home/airflow/.local/lib/python3.12/site-packages/airflow/example_dags/example_sensor_decorator.py
[2025-04-08T17:32:51.117+0000] {processor.py:925} INFO - DAG(s) 'example_sensor_decorator' retrieved from /home/airflow/.local/lib/python3.12/site-packages/airflow/example_dags/example_sensor_decorator.py
[2025-04-08T17:32:51.300+0000] {logging_mixin.py:190} INFO - [2025-04-08T17:32:51.299+0000] {override.py:1912} INFO - Created Permission View: can edit on DAG:example_sensor_decorator
[2025-04-08T17:32:51.314+0000] {logging_mixin.py:190} INFO - [2025-04-08T17:32:51.314+0000] {override.py:1912} INFO - Created Permission View: can delete on DAG:example_sensor_decorator
[2025-04-08T17:32:51.323+0000] {logging_mixin.py:190} INFO - [2025-04-08T17:32:51.323+0000] {override.py:1912} INFO - Created Permission View: can read on DAG:example_sensor_decorator
[2025-04-08T17:32:51.334+0000] {logging_mixin.py:190} INFO - [2025-04-08T17:32:51.333+0000] {override.py:1912} INFO - Created Permission View: can create on DAG Run:example_sensor_decorator
[2025-04-08T17:32:51.343+0000] {logging_mixin.py:190} INFO - [2025-04-08T17:32:51.343+0000] {override.py:1912} INFO - Created Permission View: can delete on DAG Run:example_sensor_decorator
[2025-04-08T17:32:51.353+0000] {logging_mixin.py:190} INFO - [2025-04-08T17:32:51.352+0000] {override.py:1912} INFO - Created Permission View: menu access on DAG Run:example_sensor_decorator
[2025-04-08T17:32:51.362+0000] {logging_mixin.py:190} INFO - [2025-04-08T17:32:51.361+0000] {override.py:1912} INFO - Created Permission View: can read on DAG Run:example_sensor_decorator
[2025-04-08T17:32:51.362+0000] {logging_mixin.py:190} INFO - [2025-04-08T17:32:51.362+0000] {dag.py:3239} INFO - Sync 1 DAGs
[2025-04-08T17:32:51.384+0000] {logging_mixin.py:190} INFO - [2025-04-08T17:32:51.383+0000] {dag.py:3262} INFO - Creating ORM DAG for example_sensor_decorator
[2025-04-08T17:32:51.385+0000] {logging_mixin.py:190} INFO - [2025-04-08T17:32:51.385+0000] {dag.py:4180} INFO - Setting next_dagrun for example_sensor_decorator to None, run_after=None
[2025-04-08T17:32:51.409+0000] {processor.py:208} INFO - Processing /home/airflow/.local/lib/python3.12/site-packages/airflow/example_dags/example_sensor_decorator.py took 0.324 seconds
[2025-04-08T17:33:21.717+0000] {processor.py:186} INFO - Started process (PID=158) to work on /home/airflow/.local/lib/python3.12/site-packages/airflow/example_dags/example_sensor_decorator.py
[2025-04-08T17:33:21.719+0000] {processor.py:914} INFO - Processing file /home/airflow/.local/lib/python3.12/site-packages/airflow/example_dags/example_sensor_decorator.py for tasks to queue
[2025-04-08T17:33:21.723+0000] {logging_mixin.py:190} INFO - [2025-04-08T17:33:21.722+0000] {dagbag.py:588} INFO - Filling up the DagBag from /home/airflow/.local/lib/python3.12/site-packages/airflow/example_dags/example_sensor_decorator.py
[2025-04-08T17:33:21.736+0000] {processor.py:925} INFO - DAG(s) 'example_sensor_decorator' retrieved from /home/airflow/.local/lib/python3.12/site-packages/airflow/example_dags/example_sensor_decorator.py
[2025-04-08T17:33:21.769+0000] {logging_mixin.py:190} INFO - [2025-04-08T17:33:21.769+0000] {dag.py:3239} INFO - Sync 1 DAGs
[2025-04-08T17:33:21.793+0000] {logging_mixin.py:190} INFO - [2025-04-08T17:33:21.793+0000] {dag.py:4180} INFO - Setting next_dagrun for example_sensor_decorator to None, run_after=None
[2025-04-08T17:33:21.824+0000] {processor.py:208} INFO - Processing /home/airflow/.local/lib/python3.12/site-packages/airflow/example_dags/example_sensor_decorator.py took 0.117 seconds
[2025-04-08T17:33:52.990+0000] {processor.py:186} INFO - Started process (PID=221) to work on /home/airflow/.local/lib/python3.12/site-packages/airflow/example_dags/example_sensor_decorator.py
[2025-04-08T17:33:52.991+0000] {processor.py:914} INFO - Processing file /home/airflow/.local/lib/python3.12/site-packages/airflow/example_dags/example_sensor_decorator.py for tasks to queue
[2025-04-08T17:33:52.995+0000] {logging_mixin.py:190} INFO - [2025-04-08T17:33:52.995+0000] {dagbag.py:588} INFO - Filling up the DagBag from /home/airflow/.local/lib/python3.12/site-packages/airflow/example_dags/example_sensor_decorator.py
[2025-04-08T17:33:53.009+0000] {processor.py:925} INFO - DAG(s) 'example_sensor_decorator' retrieved from /home/airflow/.local/lib/python3.12/site-packages/airflow/example_dags/example_sensor_decorator.py
[2025-04-08T17:33:53.040+0000] {logging_mixin.py:190} INFO - [2025-04-08T17:33:53.040+0000] {dag.py:3239} INFO - Sync 1 DAGs
[2025-04-08T17:33:53.064+0000] {logging_mixin.py:190} INFO - [2025-04-08T17:33:53.063+0000] {dag.py:4180} INFO - Setting next_dagrun for example_sensor_decorator to None, run_after=None
[2025-04-08T17:33:53.090+0000] {processor.py:208} INFO - Processing /home/airflow/.local/lib/python3.12/site-packages/airflow/example_dags/example_sensor_decorator.py took 0.111 seconds
[2025-04-08T17:34:24.464+0000] {processor.py:186} INFO - Started process (PID=284) to work on /home/airflow/.local/lib/python3.12/site-packages/airflow/example_dags/example_sensor_decorator.py
[2025-04-08T17:34:24.465+0000] {processor.py:914} INFO - Processing file /home/airflow/.local/lib/python3.12/site-packages/airflow/example_dags/example_sensor_decorator.py for tasks to queue
[2025-04-08T17:34:24.469+0000] {logging_mixin.py:190} INFO - [2025-04-08T17:34:24.468+0000] {dagbag.py:588} INFO - Filling up the DagBag from /home/airflow/.local/lib/python3.12/site-packages/airflow/example_dags/example_sensor_decorator.py
[2025-04-08T17:34:24.482+0000] {processor.py:925} INFO - DAG(s) 'example_sensor_decorator' retrieved from /home/airflow/.local/lib/python3.12/site-packages/airflow/example_dags/example_sensor_decorator.py
[2025-04-08T17:34:24.514+0000] {logging_mixin.py:190} INFO - [2025-04-08T17:34:24.514+0000] {dag.py:3239} INFO - Sync 1 DAGs
[2025-04-08T17:34:24.537+0000] {logging_mixin.py:190} INFO - [2025-04-08T17:34:24.537+0000] {dag.py:4180} INFO - Setting next_dagrun for example_sensor_decorator to None, run_after=None
[2025-04-08T17:34:24.564+0000] {processor.py:208} INFO - Processing /home/airflow/.local/lib/python3.12/site-packages/airflow/example_dags/example_sensor_decorator.py took 0.111 seconds
[2025-04-08T17:34:55.586+0000] {processor.py:186} INFO - Started process (PID=346) to work on /home/airflow/.local/lib/python3.12/site-packages/airflow/example_dags/example_sensor_decorator.py
[2025-04-08T17:34:55.587+0000] {processor.py:914} INFO - Processing file /home/airflow/.local/lib/python3.12/site-packages/airflow/example_dags/example_sensor_decorator.py for tasks to queue
[2025-04-08T17:34:55.591+0000] {logging_mixin.py:190} INFO - [2025-04-08T17:34:55.590+0000] {dagbag.py:588} INFO - Filling up the DagBag from /home/airflow/.local/lib/python3.12/site-packages/airflow/example_dags/example_sensor_decorator.py
[2025-04-08T17:34:55.605+0000] {processor.py:925} INFO - DAG(s) 'example_sensor_decorator' retrieved from /home/airflow/.local/lib/python3.12/site-packages/airflow/example_dags/example_sensor_decorator.py
[2025-04-08T17:34:55.636+0000] {logging_mixin.py:190} INFO - [2025-04-08T17:34:55.636+0000] {dag.py:3239} INFO - Sync 1 DAGs
[2025-04-08T17:34:55.660+0000] {logging_mixin.py:190} INFO - [2025-04-08T17:34:55.660+0000] {dag.py:4180} INFO - Setting next_dagrun for example_sensor_decorator to None, run_after=None
[2025-04-08T17:34:55.689+0000] {processor.py:208} INFO - Processing /home/airflow/.local/lib/python3.12/site-packages/airflow/example_dags/example_sensor_decorator.py took 0.113 seconds
[2025-04-08T17:35:27.341+0000] {processor.py:186} INFO - Started process (PID=409) to work on /home/airflow/.local/lib/python3.12/site-packages/airflow/example_dags/example_sensor_decorator.py
[2025-04-08T17:35:27.343+0000] {processor.py:914} INFO - Processing file /home/airflow/.local/lib/python3.12/site-packages/airflow/example_dags/example_sensor_decorator.py for tasks to queue
[2025-04-08T17:35:27.347+0000] {logging_mixin.py:190} INFO - [2025-04-08T17:35:27.347+0000] {dagbag.py:588} INFO - Filling up the DagBag from /home/airflow/.local/lib/python3.12/site-packages/airflow/example_dags/example_sensor_decorator.py
[2025-04-08T17:35:27.362+0000] {processor.py:925} INFO - DAG(s) 'example_sensor_decorator' retrieved from /home/airflow/.local/lib/python3.12/site-packages/airflow/example_dags/example_sensor_decorator.py
[2025-04-08T17:35:27.392+0000] {logging_mixin.py:190} INFO - [2025-04-08T17:35:27.392+0000] {dag.py:3239} INFO - Sync 1 DAGs
[2025-04-08T17:35:27.416+0000] {logging_mixin.py:190} INFO - [2025-04-08T17:35:27.415+0000] {dag.py:4180} INFO - Setting next_dagrun for example_sensor_decorator to None, run_after=None
[2025-04-08T17:35:27.443+0000] {processor.py:208} INFO - Processing /home/airflow/.local/lib/python3.12/site-packages/airflow/example_dags/example_sensor_decorator.py took 0.112 seconds
