[2025-04-08T17:32:53.814+0000] {processor.py:186} INFO - Started process (PID=105) to work on /home/airflow/.local/lib/python3.12/site-packages/airflow/example_dags/example_trigger_controller_dag.py
[2025-04-08T17:32:53.815+0000] {processor.py:914} INFO - Processing file /home/airflow/.local/lib/python3.12/site-packages/airflow/example_dags/example_trigger_controller_dag.py for tasks to queue
[2025-04-08T17:32:53.819+0000] {logging_mixin.py:190} INFO - [2025-04-08T17:32:53.819+0000] {dagbag.py:588} INFO - Filling up the DagBag from /home/airflow/.local/lib/python3.12/site-packages/airflow/example_dags/example_trigger_controller_dag.py
[2025-04-08T17:32:53.830+0000] {processor.py:925} INFO - DAG(s) 'example_trigger_controller_dag' retrieved from /home/airflow/.local/lib/python3.12/site-packages/airflow/example_dags/example_trigger_controller_dag.py
[2025-04-08T17:32:53.990+0000] {logging_mixin.py:190} INFO - [2025-04-08T17:32:53.989+0000] {override.py:1912} INFO - Created Permission View: can edit on DAG:example_trigger_controller_dag
[2025-04-08T17:32:54.005+0000] {logging_mixin.py:190} INFO - [2025-04-08T17:32:54.005+0000] {override.py:1912} INFO - Created Permission View: can delete on DAG:example_trigger_controller_dag
[2025-04-08T17:32:54.014+0000] {logging_mixin.py:190} INFO - [2025-04-08T17:32:54.014+0000] {override.py:1912} INFO - Created Permission View: can read on DAG:example_trigger_controller_dag
[2025-04-08T17:32:54.024+0000] {logging_mixin.py:190} INFO - [2025-04-08T17:32:54.024+0000] {override.py:1912} INFO - Created Permission View: can create on DAG Run:example_trigger_controller_dag
[2025-04-08T17:32:54.033+0000] {logging_mixin.py:190} INFO - [2025-04-08T17:32:54.032+0000] {override.py:1912} INFO - Created Permission View: can delete on DAG Run:example_trigger_controller_dag
[2025-04-08T17:32:54.043+0000] {logging_mixin.py:190} INFO - [2025-04-08T17:32:54.042+0000] {override.py:1912} INFO - Created Permission View: menu access on DAG Run:example_trigger_controller_dag
[2025-04-08T17:32:54.053+0000] {logging_mixin.py:190} INFO - [2025-04-08T17:32:54.052+0000] {override.py:1912} INFO - Created Permission View: can read on DAG Run:example_trigger_controller_dag
[2025-04-08T17:32:54.054+0000] {logging_mixin.py:190} INFO - [2025-04-08T17:32:54.053+0000] {dag.py:3239} INFO - Sync 1 DAGs
[2025-04-08T17:32:54.074+0000] {logging_mixin.py:190} INFO - [2025-04-08T17:32:54.074+0000] {dag.py:3262} INFO - Creating ORM DAG for example_trigger_controller_dag
[2025-04-08T17:32:54.088+0000] {logging_mixin.py:190} INFO - [2025-04-08T17:32:54.088+0000] {dag.py:4180} INFO - Setting next_dagrun for example_trigger_controller_dag to 2021-01-01 00:00:00+00:00, run_after=2021-01-01 00:00:00+00:00
[2025-04-08T17:32:54.112+0000] {processor.py:208} INFO - Processing /home/airflow/.local/lib/python3.12/site-packages/airflow/example_dags/example_trigger_controller_dag.py took 0.309 seconds
[2025-04-08T17:33:25.120+0000] {processor.py:186} INFO - Started process (PID=168) to work on /home/airflow/.local/lib/python3.12/site-packages/airflow/example_dags/example_trigger_controller_dag.py
[2025-04-08T17:33:25.123+0000] {processor.py:914} INFO - Processing file /home/airflow/.local/lib/python3.12/site-packages/airflow/example_dags/example_trigger_controller_dag.py for tasks to queue
[2025-04-08T17:33:25.130+0000] {logging_mixin.py:190} INFO - [2025-04-08T17:33:25.129+0000] {dagbag.py:588} INFO - Filling up the DagBag from /home/airflow/.local/lib/python3.12/site-packages/airflow/example_dags/example_trigger_controller_dag.py
[2025-04-08T17:33:25.147+0000] {processor.py:925} INFO - DAG(s) 'example_trigger_controller_dag' retrieved from /home/airflow/.local/lib/python3.12/site-packages/airflow/example_dags/example_trigger_controller_dag.py
[2025-04-08T17:33:25.184+0000] {logging_mixin.py:190} INFO - [2025-04-08T17:33:25.183+0000] {dag.py:3239} INFO - Sync 1 DAGs
[2025-04-08T17:33:25.228+0000] {logging_mixin.py:190} INFO - [2025-04-08T17:33:25.228+0000] {dag.py:4180} INFO - Setting next_dagrun for example_trigger_controller_dag to 2021-01-01 00:00:00+00:00, run_after=2021-01-01 00:00:00+00:00
[2025-04-08T17:33:25.262+0000] {processor.py:208} INFO - Processing /home/airflow/.local/lib/python3.12/site-packages/airflow/example_dags/example_trigger_controller_dag.py took 0.157 seconds
[2025-04-08T17:33:55.837+0000] {processor.py:186} INFO - Started process (PID=230) to work on /home/airflow/.local/lib/python3.12/site-packages/airflow/example_dags/example_trigger_controller_dag.py
[2025-04-08T17:33:55.839+0000] {processor.py:914} INFO - Processing file /home/airflow/.local/lib/python3.12/site-packages/airflow/example_dags/example_trigger_controller_dag.py for tasks to queue
[2025-04-08T17:33:55.842+0000] {logging_mixin.py:190} INFO - [2025-04-08T17:33:55.842+0000] {dagbag.py:588} INFO - Filling up the DagBag from /home/airflow/.local/lib/python3.12/site-packages/airflow/example_dags/example_trigger_controller_dag.py
[2025-04-08T17:33:55.854+0000] {processor.py:925} INFO - DAG(s) 'example_trigger_controller_dag' retrieved from /home/airflow/.local/lib/python3.12/site-packages/airflow/example_dags/example_trigger_controller_dag.py
[2025-04-08T17:33:55.885+0000] {logging_mixin.py:190} INFO - [2025-04-08T17:33:55.885+0000] {dag.py:3239} INFO - Sync 1 DAGs
[2025-04-08T17:33:55.924+0000] {logging_mixin.py:190} INFO - [2025-04-08T17:33:55.924+0000] {dag.py:4180} INFO - Setting next_dagrun for example_trigger_controller_dag to 2021-01-01 00:00:00+00:00, run_after=2021-01-01 00:00:00+00:00
[2025-04-08T17:33:55.952+0000] {processor.py:208} INFO - Processing /home/airflow/.local/lib/python3.12/site-packages/airflow/example_dags/example_trigger_controller_dag.py took 0.125 seconds
[2025-04-08T17:34:26.207+0000] {processor.py:186} INFO - Started process (PID=293) to work on /home/airflow/.local/lib/python3.12/site-packages/airflow/example_dags/example_trigger_controller_dag.py
[2025-04-08T17:34:26.209+0000] {processor.py:914} INFO - Processing file /home/airflow/.local/lib/python3.12/site-packages/airflow/example_dags/example_trigger_controller_dag.py for tasks to queue
[2025-04-08T17:34:26.213+0000] {logging_mixin.py:190} INFO - [2025-04-08T17:34:26.212+0000] {dagbag.py:588} INFO - Filling up the DagBag from /home/airflow/.local/lib/python3.12/site-packages/airflow/example_dags/example_trigger_controller_dag.py
[2025-04-08T17:34:26.224+0000] {processor.py:925} INFO - DAG(s) 'example_trigger_controller_dag' retrieved from /home/airflow/.local/lib/python3.12/site-packages/airflow/example_dags/example_trigger_controller_dag.py
[2025-04-08T17:34:26.258+0000] {logging_mixin.py:190} INFO - [2025-04-08T17:34:26.257+0000] {dag.py:3239} INFO - Sync 1 DAGs
[2025-04-08T17:34:26.294+0000] {logging_mixin.py:190} INFO - [2025-04-08T17:34:26.294+0000] {dag.py:4180} INFO - Setting next_dagrun for example_trigger_controller_dag to 2021-01-01 00:00:00+00:00, run_after=2021-01-01 00:00:00+00:00
[2025-04-08T17:34:26.325+0000] {processor.py:208} INFO - Processing /home/airflow/.local/lib/python3.12/site-packages/airflow/example_dags/example_trigger_controller_dag.py took 0.128 seconds
[2025-04-08T17:34:56.390+0000] {processor.py:186} INFO - Started process (PID=355) to work on /home/airflow/.local/lib/python3.12/site-packages/airflow/example_dags/example_trigger_controller_dag.py
[2025-04-08T17:34:56.391+0000] {processor.py:914} INFO - Processing file /home/airflow/.local/lib/python3.12/site-packages/airflow/example_dags/example_trigger_controller_dag.py for tasks to queue
[2025-04-08T17:34:56.395+0000] {logging_mixin.py:190} INFO - [2025-04-08T17:34:56.395+0000] {dagbag.py:588} INFO - Filling up the DagBag from /home/airflow/.local/lib/python3.12/site-packages/airflow/example_dags/example_trigger_controller_dag.py
[2025-04-08T17:34:56.407+0000] {processor.py:925} INFO - DAG(s) 'example_trigger_controller_dag' retrieved from /home/airflow/.local/lib/python3.12/site-packages/airflow/example_dags/example_trigger_controller_dag.py
[2025-04-08T17:34:56.439+0000] {logging_mixin.py:190} INFO - [2025-04-08T17:34:56.438+0000] {dag.py:3239} INFO - Sync 1 DAGs
[2025-04-08T17:34:56.475+0000] {logging_mixin.py:190} INFO - [2025-04-08T17:34:56.474+0000] {dag.py:4180} INFO - Setting next_dagrun for example_trigger_controller_dag to 2021-01-01 00:00:00+00:00, run_after=2021-01-01 00:00:00+00:00
[2025-04-08T17:34:56.503+0000] {processor.py:208} INFO - Processing /home/airflow/.local/lib/python3.12/site-packages/airflow/example_dags/example_trigger_controller_dag.py took 0.124 seconds
[2025-04-08T17:35:28.643+0000] {processor.py:186} INFO - Started process (PID=424) to work on /home/airflow/.local/lib/python3.12/site-packages/airflow/example_dags/example_trigger_controller_dag.py
[2025-04-08T17:35:28.644+0000] {processor.py:914} INFO - Processing file /home/airflow/.local/lib/python3.12/site-packages/airflow/example_dags/example_trigger_controller_dag.py for tasks to queue
[2025-04-08T17:35:28.649+0000] {logging_mixin.py:190} INFO - [2025-04-08T17:35:28.649+0000] {dagbag.py:588} INFO - Filling up the DagBag from /home/airflow/.local/lib/python3.12/site-packages/airflow/example_dags/example_trigger_controller_dag.py
[2025-04-08T17:35:28.664+0000] {processor.py:925} INFO - DAG(s) 'example_trigger_controller_dag' retrieved from /home/airflow/.local/lib/python3.12/site-packages/airflow/example_dags/example_trigger_controller_dag.py
[2025-04-08T17:35:28.700+0000] {logging_mixin.py:190} INFO - [2025-04-08T17:35:28.700+0000] {dag.py:3239} INFO - Sync 1 DAGs
[2025-04-08T17:35:28.742+0000] {logging_mixin.py:190} INFO - [2025-04-08T17:35:28.742+0000] {dag.py:4180} INFO - Setting next_dagrun for example_trigger_controller_dag to 2021-01-01 00:00:00+00:00, run_after=2021-01-01 00:00:00+00:00
[2025-04-08T17:35:28.778+0000] {processor.py:208} INFO - Processing /home/airflow/.local/lib/python3.12/site-packages/airflow/example_dags/example_trigger_controller_dag.py took 0.149 seconds
