[2025-04-08T17:32:42.334+0000] {processor.py:186} INFO - Started process (PID=76) to work on /home/airflow/.local/lib/python3.12/site-packages/airflow/example_dags/example_datasets.py
[2025-04-08T17:32:42.336+0000] {processor.py:914} INFO - Processing file /home/airflow/.local/lib/python3.12/site-packages/airflow/example_dags/example_datasets.py for tasks to queue
[2025-04-08T17:32:42.340+0000] {logging_mixin.py:190} INFO - [2025-04-08T17:32:42.339+0000] {dagbag.py:588} INFO - Filling up the DagBag from /home/airflow/.local/lib/python3.12/site-packages/airflow/example_dags/example_datasets.py
[2025-04-08T17:32:46.660+0000] {processor.py:925} INFO - DAG(s) 'dataset_consumes_1', 'consume_1_and_2_with_dataset_expressions', 'consume_1_or_2_with_dataset_expressions', 'dataset_consumes_unknown_never_scheduled', 'dataset_consumes_1_never_scheduled', 'dataset_produces_2', 'conditional_dataset_and_time_based_timetable', 'dataset_consumes_1_and_2', 'dataset_produces_1', 'consume_1_or_both_2_and_3_with_dataset_expressions' retrieved from /home/airflow/.local/lib/python3.12/site-packages/airflow/example_dags/example_datasets.py
[2025-04-08T17:32:46.829+0000] {logging_mixin.py:190} INFO - [2025-04-08T17:32:46.828+0000] {override.py:1912} INFO - Created Permission View: can edit on DAG:dataset_consumes_1
[2025-04-08T17:32:46.845+0000] {logging_mixin.py:190} INFO - [2025-04-08T17:32:46.845+0000] {override.py:1912} INFO - Created Permission View: can delete on DAG:dataset_consumes_1
[2025-04-08T17:32:46.857+0000] {logging_mixin.py:190} INFO - [2025-04-08T17:32:46.856+0000] {override.py:1912} INFO - Created Permission View: can read on DAG:dataset_consumes_1
[2025-04-08T17:32:46.869+0000] {logging_mixin.py:190} INFO - [2025-04-08T17:32:46.869+0000] {override.py:1912} INFO - Created Permission View: can create on DAG Run:dataset_consumes_1
[2025-04-08T17:32:46.880+0000] {logging_mixin.py:190} INFO - [2025-04-08T17:32:46.880+0000] {override.py:1912} INFO - Created Permission View: can delete on DAG Run:dataset_consumes_1
[2025-04-08T17:32:46.891+0000] {logging_mixin.py:190} INFO - [2025-04-08T17:32:46.891+0000] {override.py:1912} INFO - Created Permission View: menu access on DAG Run:dataset_consumes_1
[2025-04-08T17:32:46.902+0000] {logging_mixin.py:190} INFO - [2025-04-08T17:32:46.902+0000] {override.py:1912} INFO - Created Permission View: can read on DAG Run:dataset_consumes_1
[2025-04-08T17:32:46.923+0000] {logging_mixin.py:190} INFO - [2025-04-08T17:32:46.922+0000] {override.py:1912} INFO - Created Permission View: can edit on DAG:consume_1_and_2_with_dataset_expressions
[2025-04-08T17:32:46.935+0000] {logging_mixin.py:190} INFO - [2025-04-08T17:32:46.934+0000] {override.py:1912} INFO - Created Permission View: can delete on DAG:consume_1_and_2_with_dataset_expressions
[2025-04-08T17:32:46.945+0000] {logging_mixin.py:190} INFO - [2025-04-08T17:32:46.945+0000] {override.py:1912} INFO - Created Permission View: can read on DAG:consume_1_and_2_with_dataset_expressions
[2025-04-08T17:32:46.956+0000] {logging_mixin.py:190} INFO - [2025-04-08T17:32:46.956+0000] {override.py:1912} INFO - Created Permission View: can create on DAG Run:consume_1_and_2_with_dataset_expressions
[2025-04-08T17:32:46.967+0000] {logging_mixin.py:190} INFO - [2025-04-08T17:32:46.967+0000] {override.py:1912} INFO - Created Permission View: can delete on DAG Run:consume_1_and_2_with_dataset_expressions
[2025-04-08T17:32:46.979+0000] {logging_mixin.py:190} INFO - [2025-04-08T17:32:46.979+0000] {override.py:1912} INFO - Created Permission View: menu access on DAG Run:consume_1_and_2_with_dataset_expressions
[2025-04-08T17:32:46.990+0000] {logging_mixin.py:190} INFO - [2025-04-08T17:32:46.990+0000] {override.py:1912} INFO - Created Permission View: can read on DAG Run:consume_1_and_2_with_dataset_expressions
[2025-04-08T17:32:47.009+0000] {logging_mixin.py:190} INFO - [2025-04-08T17:32:47.008+0000] {override.py:1912} INFO - Created Permission View: can edit on DAG:consume_1_or_2_with_dataset_expressions
[2025-04-08T17:32:47.019+0000] {logging_mixin.py:190} INFO - [2025-04-08T17:32:47.018+0000] {override.py:1912} INFO - Created Permission View: can delete on DAG:consume_1_or_2_with_dataset_expressions
[2025-04-08T17:32:47.029+0000] {logging_mixin.py:190} INFO - [2025-04-08T17:32:47.029+0000] {override.py:1912} INFO - Created Permission View: can read on DAG:consume_1_or_2_with_dataset_expressions
[2025-04-08T17:32:47.040+0000] {logging_mixin.py:190} INFO - [2025-04-08T17:32:47.040+0000] {override.py:1912} INFO - Created Permission View: can create on DAG Run:consume_1_or_2_with_dataset_expressions
[2025-04-08T17:32:47.050+0000] {logging_mixin.py:190} INFO - [2025-04-08T17:32:47.050+0000] {override.py:1912} INFO - Created Permission View: can delete on DAG Run:consume_1_or_2_with_dataset_expressions
[2025-04-08T17:32:47.060+0000] {logging_mixin.py:190} INFO - [2025-04-08T17:32:47.059+0000] {override.py:1912} INFO - Created Permission View: menu access on DAG Run:consume_1_or_2_with_dataset_expressions
[2025-04-08T17:32:47.069+0000] {logging_mixin.py:190} INFO - [2025-04-08T17:32:47.069+0000] {override.py:1912} INFO - Created Permission View: can read on DAG Run:consume_1_or_2_with_dataset_expressions
[2025-04-08T17:32:47.087+0000] {logging_mixin.py:190} INFO - [2025-04-08T17:32:47.086+0000] {override.py:1912} INFO - Created Permission View: can edit on DAG:dataset_consumes_unknown_never_scheduled
[2025-04-08T17:32:47.095+0000] {logging_mixin.py:190} INFO - [2025-04-08T17:32:47.095+0000] {override.py:1912} INFO - Created Permission View: can delete on DAG:dataset_consumes_unknown_never_scheduled
[2025-04-08T17:32:47.105+0000] {logging_mixin.py:190} INFO - [2025-04-08T17:32:47.105+0000] {override.py:1912} INFO - Created Permission View: can read on DAG:dataset_consumes_unknown_never_scheduled
[2025-04-08T17:32:47.117+0000] {logging_mixin.py:190} INFO - [2025-04-08T17:32:47.116+0000] {override.py:1912} INFO - Created Permission View: can create on DAG Run:dataset_consumes_unknown_never_scheduled
[2025-04-08T17:32:47.128+0000] {logging_mixin.py:190} INFO - [2025-04-08T17:32:47.127+0000] {override.py:1912} INFO - Created Permission View: can delete on DAG Run:dataset_consumes_unknown_never_scheduled
[2025-04-08T17:32:47.139+0000] {logging_mixin.py:190} INFO - [2025-04-08T17:32:47.138+0000] {override.py:1912} INFO - Created Permission View: menu access on DAG Run:dataset_consumes_unknown_never_scheduled
[2025-04-08T17:32:47.149+0000] {logging_mixin.py:190} INFO - [2025-04-08T17:32:47.149+0000] {override.py:1912} INFO - Created Permission View: can read on DAG Run:dataset_consumes_unknown_never_scheduled
[2025-04-08T17:32:47.177+0000] {logging_mixin.py:190} INFO - [2025-04-08T17:32:47.176+0000] {override.py:1912} INFO - Created Permission View: can edit on DAG:dataset_consumes_1_never_scheduled
[2025-04-08T17:32:47.189+0000] {logging_mixin.py:190} INFO - [2025-04-08T17:32:47.189+0000] {override.py:1912} INFO - Created Permission View: can delete on DAG:dataset_consumes_1_never_scheduled
[2025-04-08T17:32:47.200+0000] {logging_mixin.py:190} INFO - [2025-04-08T17:32:47.200+0000] {override.py:1912} INFO - Created Permission View: can read on DAG:dataset_consumes_1_never_scheduled
[2025-04-08T17:32:47.212+0000] {logging_mixin.py:190} INFO - [2025-04-08T17:32:47.211+0000] {override.py:1912} INFO - Created Permission View: can create on DAG Run:dataset_consumes_1_never_scheduled
[2025-04-08T17:32:47.223+0000] {logging_mixin.py:190} INFO - [2025-04-08T17:32:47.222+0000] {override.py:1912} INFO - Created Permission View: can delete on DAG Run:dataset_consumes_1_never_scheduled
[2025-04-08T17:32:47.233+0000] {logging_mixin.py:190} INFO - [2025-04-08T17:32:47.232+0000] {override.py:1912} INFO - Created Permission View: menu access on DAG Run:dataset_consumes_1_never_scheduled
[2025-04-08T17:32:47.243+0000] {logging_mixin.py:190} INFO - [2025-04-08T17:32:47.242+0000] {override.py:1912} INFO - Created Permission View: can read on DAG Run:dataset_consumes_1_never_scheduled
[2025-04-08T17:32:47.262+0000] {logging_mixin.py:190} INFO - [2025-04-08T17:32:47.261+0000] {override.py:1912} INFO - Created Permission View: can edit on DAG:dataset_produces_2
[2025-04-08T17:32:47.273+0000] {logging_mixin.py:190} INFO - [2025-04-08T17:32:47.272+0000] {override.py:1912} INFO - Created Permission View: can delete on DAG:dataset_produces_2
[2025-04-08T17:32:47.282+0000] {logging_mixin.py:190} INFO - [2025-04-08T17:32:47.282+0000] {override.py:1912} INFO - Created Permission View: can read on DAG:dataset_produces_2
[2025-04-08T17:32:47.293+0000] {logging_mixin.py:190} INFO - [2025-04-08T17:32:47.292+0000] {override.py:1912} INFO - Created Permission View: can create on DAG Run:dataset_produces_2
[2025-04-08T17:32:47.303+0000] {logging_mixin.py:190} INFO - [2025-04-08T17:32:47.302+0000] {override.py:1912} INFO - Created Permission View: can delete on DAG Run:dataset_produces_2
[2025-04-08T17:32:47.314+0000] {logging_mixin.py:190} INFO - [2025-04-08T17:32:47.313+0000] {override.py:1912} INFO - Created Permission View: menu access on DAG Run:dataset_produces_2
[2025-04-08T17:32:47.323+0000] {logging_mixin.py:190} INFO - [2025-04-08T17:32:47.323+0000] {override.py:1912} INFO - Created Permission View: can read on DAG Run:dataset_produces_2
[2025-04-08T17:32:47.342+0000] {logging_mixin.py:190} INFO - [2025-04-08T17:32:47.341+0000] {override.py:1912} INFO - Created Permission View: can edit on DAG:conditional_dataset_and_time_based_timetable
[2025-04-08T17:32:47.352+0000] {logging_mixin.py:190} INFO - [2025-04-08T17:32:47.351+0000] {override.py:1912} INFO - Created Permission View: can delete on DAG:conditional_dataset_and_time_based_timetable
[2025-04-08T17:32:47.362+0000] {logging_mixin.py:190} INFO - [2025-04-08T17:32:47.361+0000] {override.py:1912} INFO - Created Permission View: can read on DAG:conditional_dataset_and_time_based_timetable
[2025-04-08T17:32:47.372+0000] {logging_mixin.py:190} INFO - [2025-04-08T17:32:47.372+0000] {override.py:1912} INFO - Created Permission View: can create on DAG Run:conditional_dataset_and_time_based_timetable
[2025-04-08T17:32:47.382+0000] {logging_mixin.py:190} INFO - [2025-04-08T17:32:47.381+0000] {override.py:1912} INFO - Created Permission View: can delete on DAG Run:conditional_dataset_and_time_based_timetable
[2025-04-08T17:32:47.392+0000] {logging_mixin.py:190} INFO - [2025-04-08T17:32:47.391+0000] {override.py:1912} INFO - Created Permission View: menu access on DAG Run:conditional_dataset_and_time_based_timetable
[2025-04-08T17:32:47.404+0000] {logging_mixin.py:190} INFO - [2025-04-08T17:32:47.404+0000] {override.py:1912} INFO - Created Permission View: can read on DAG Run:conditional_dataset_and_time_based_timetable
[2025-04-08T17:32:47.424+0000] {logging_mixin.py:190} INFO - [2025-04-08T17:32:47.424+0000] {override.py:1912} INFO - Created Permission View: can edit on DAG:dataset_consumes_1_and_2
[2025-04-08T17:32:47.434+0000] {logging_mixin.py:190} INFO - [2025-04-08T17:32:47.433+0000] {override.py:1912} INFO - Created Permission View: can delete on DAG:dataset_consumes_1_and_2
[2025-04-08T17:32:47.446+0000] {logging_mixin.py:190} INFO - [2025-04-08T17:32:47.445+0000] {override.py:1912} INFO - Created Permission View: can read on DAG:dataset_consumes_1_and_2
[2025-04-08T17:32:47.458+0000] {logging_mixin.py:190} INFO - [2025-04-08T17:32:47.457+0000] {override.py:1912} INFO - Created Permission View: can create on DAG Run:dataset_consumes_1_and_2
[2025-04-08T17:32:47.469+0000] {logging_mixin.py:190} INFO - [2025-04-08T17:32:47.469+0000] {override.py:1912} INFO - Created Permission View: can delete on DAG Run:dataset_consumes_1_and_2
[2025-04-08T17:32:47.480+0000] {logging_mixin.py:190} INFO - [2025-04-08T17:32:47.479+0000] {override.py:1912} INFO - Created Permission View: menu access on DAG Run:dataset_consumes_1_and_2
[2025-04-08T17:32:47.490+0000] {logging_mixin.py:190} INFO - [2025-04-08T17:32:47.490+0000] {override.py:1912} INFO - Created Permission View: can read on DAG Run:dataset_consumes_1_and_2
[2025-04-08T17:32:47.510+0000] {logging_mixin.py:190} INFO - [2025-04-08T17:32:47.509+0000] {override.py:1912} INFO - Created Permission View: can edit on DAG:dataset_produces_1
[2025-04-08T17:32:47.522+0000] {logging_mixin.py:190} INFO - [2025-04-08T17:32:47.521+0000] {override.py:1912} INFO - Created Permission View: can delete on DAG:dataset_produces_1
[2025-04-08T17:32:47.532+0000] {logging_mixin.py:190} INFO - [2025-04-08T17:32:47.532+0000] {override.py:1912} INFO - Created Permission View: can read on DAG:dataset_produces_1
[2025-04-08T17:32:47.544+0000] {logging_mixin.py:190} INFO - [2025-04-08T17:32:47.543+0000] {override.py:1912} INFO - Created Permission View: can create on DAG Run:dataset_produces_1
[2025-04-08T17:32:47.554+0000] {logging_mixin.py:190} INFO - [2025-04-08T17:32:47.553+0000] {override.py:1912} INFO - Created Permission View: can delete on DAG Run:dataset_produces_1
[2025-04-08T17:32:47.565+0000] {logging_mixin.py:190} INFO - [2025-04-08T17:32:47.564+0000] {override.py:1912} INFO - Created Permission View: menu access on DAG Run:dataset_produces_1
[2025-04-08T17:32:47.575+0000] {logging_mixin.py:190} INFO - [2025-04-08T17:32:47.574+0000] {override.py:1912} INFO - Created Permission View: can read on DAG Run:dataset_produces_1
[2025-04-08T17:32:47.592+0000] {logging_mixin.py:190} INFO - [2025-04-08T17:32:47.592+0000] {override.py:1912} INFO - Created Permission View: can edit on DAG:consume_1_or_both_2_and_3_with_dataset_expressions
[2025-04-08T17:32:47.602+0000] {logging_mixin.py:190} INFO - [2025-04-08T17:32:47.601+0000] {override.py:1912} INFO - Created Permission View: can delete on DAG:consume_1_or_both_2_and_3_with_dataset_expressions
[2025-04-08T17:32:47.611+0000] {logging_mixin.py:190} INFO - [2025-04-08T17:32:47.611+0000] {override.py:1912} INFO - Created Permission View: can read on DAG:consume_1_or_both_2_and_3_with_dataset_expressions
[2025-04-08T17:32:47.625+0000] {logging_mixin.py:190} INFO - [2025-04-08T17:32:47.624+0000] {override.py:1912} INFO - Created Permission View: can create on DAG Run:consume_1_or_both_2_and_3_with_dataset_expressions
[2025-04-08T17:32:47.644+0000] {logging_mixin.py:190} INFO - [2025-04-08T17:32:47.644+0000] {override.py:1912} INFO - Created Permission View: can delete on DAG Run:consume_1_or_both_2_and_3_with_dataset_expressions
[2025-04-08T17:32:47.657+0000] {logging_mixin.py:190} INFO - [2025-04-08T17:32:47.656+0000] {override.py:1912} INFO - Created Permission View: menu access on DAG Run:consume_1_or_both_2_and_3_with_dataset_expressions
[2025-04-08T17:32:47.669+0000] {logging_mixin.py:190} INFO - [2025-04-08T17:32:47.668+0000] {override.py:1912} INFO - Created Permission View: can read on DAG Run:consume_1_or_both_2_and_3_with_dataset_expressions
[2025-04-08T17:32:47.670+0000] {logging_mixin.py:190} INFO - [2025-04-08T17:32:47.669+0000] {dag.py:3239} INFO - Sync 10 DAGs
[2025-04-08T17:32:47.691+0000] {logging_mixin.py:190} INFO - [2025-04-08T17:32:47.690+0000] {dag.py:3262} INFO - Creating ORM DAG for dataset_produces_1
[2025-04-08T17:32:47.693+0000] {logging_mixin.py:190} INFO - [2025-04-08T17:32:47.693+0000] {dag.py:3262} INFO - Creating ORM DAG for consume_1_and_2_with_dataset_expressions
[2025-04-08T17:32:47.694+0000] {logging_mixin.py:190} INFO - [2025-04-08T17:32:47.694+0000] {dag.py:3262} INFO - Creating ORM DAG for conditional_dataset_and_time_based_timetable
[2025-04-08T17:32:47.696+0000] {logging_mixin.py:190} INFO - [2025-04-08T17:32:47.695+0000] {dag.py:3262} INFO - Creating ORM DAG for consume_1_or_both_2_and_3_with_dataset_expressions
[2025-04-08T17:32:47.697+0000] {logging_mixin.py:190} INFO - [2025-04-08T17:32:47.697+0000] {dag.py:3262} INFO - Creating ORM DAG for dataset_consumes_1
[2025-04-08T17:32:47.699+0000] {logging_mixin.py:190} INFO - [2025-04-08T17:32:47.698+0000] {dag.py:3262} INFO - Creating ORM DAG for consume_1_or_2_with_dataset_expressions
[2025-04-08T17:32:47.700+0000] {logging_mixin.py:190} INFO - [2025-04-08T17:32:47.700+0000] {dag.py:3262} INFO - Creating ORM DAG for dataset_consumes_unknown_never_scheduled
[2025-04-08T17:32:47.703+0000] {logging_mixin.py:190} INFO - [2025-04-08T17:32:47.702+0000] {dag.py:3262} INFO - Creating ORM DAG for dataset_consumes_1_never_scheduled
[2025-04-08T17:32:47.704+0000] {logging_mixin.py:190} INFO - [2025-04-08T17:32:47.704+0000] {dag.py:3262} INFO - Creating ORM DAG for dataset_consumes_1_and_2
[2025-04-08T17:32:47.706+0000] {logging_mixin.py:190} INFO - [2025-04-08T17:32:47.706+0000] {dag.py:3262} INFO - Creating ORM DAG for dataset_produces_2
[2025-04-08T17:32:47.723+0000] {logging_mixin.py:190} INFO - [2025-04-08T17:32:47.723+0000] {dag.py:4180} INFO - Setting next_dagrun for conditional_dataset_and_time_based_timetable to 2025-04-02 01:00:00+00:00, run_after=2025-04-02 01:00:00+00:00
[2025-04-08T17:32:47.724+0000] {logging_mixin.py:190} INFO - [2025-04-08T17:32:47.724+0000] {dag.py:4180} INFO - Setting next_dagrun for consume_1_and_2_with_dataset_expressions to None, run_after=None
[2025-04-08T17:32:47.725+0000] {logging_mixin.py:190} INFO - [2025-04-08T17:32:47.725+0000] {dag.py:4180} INFO - Setting next_dagrun for consume_1_or_2_with_dataset_expressions to None, run_after=None
[2025-04-08T17:32:47.726+0000] {logging_mixin.py:190} INFO - [2025-04-08T17:32:47.726+0000] {dag.py:4180} INFO - Setting next_dagrun for consume_1_or_both_2_and_3_with_dataset_expressions to None, run_after=None
[2025-04-08T17:32:47.727+0000] {logging_mixin.py:190} INFO - [2025-04-08T17:32:47.727+0000] {dag.py:4180} INFO - Setting next_dagrun for dataset_consumes_1 to None, run_after=None
[2025-04-08T17:32:47.729+0000] {logging_mixin.py:190} INFO - [2025-04-08T17:32:47.728+0000] {dag.py:4180} INFO - Setting next_dagrun for dataset_consumes_1_and_2 to None, run_after=None
[2025-04-08T17:32:47.730+0000] {logging_mixin.py:190} INFO - [2025-04-08T17:32:47.729+0000] {dag.py:4180} INFO - Setting next_dagrun for dataset_consumes_1_never_scheduled to None, run_after=None
[2025-04-08T17:32:47.731+0000] {logging_mixin.py:190} INFO - [2025-04-08T17:32:47.731+0000] {dag.py:4180} INFO - Setting next_dagrun for dataset_consumes_unknown_never_scheduled to None, run_after=None
[2025-04-08T17:32:47.734+0000] {logging_mixin.py:190} INFO - [2025-04-08T17:32:47.734+0000] {dag.py:4180} INFO - Setting next_dagrun for dataset_produces_1 to 2025-04-07 00:00:00+00:00, run_after=2025-04-08 00:00:00+00:00
[2025-04-08T17:32:47.735+0000] {logging_mixin.py:190} INFO - [2025-04-08T17:32:47.735+0000] {dag.py:4180} INFO - Setting next_dagrun for dataset_produces_2 to None, run_after=None
[2025-04-08T17:32:47.810+0000] {processor.py:208} INFO - Processing /home/airflow/.local/lib/python3.12/site-packages/airflow/example_dags/example_datasets.py took 5.487 seconds
[2025-04-08T17:33:18.033+0000] {processor.py:186} INFO - Started process (PID=144) to work on /home/airflow/.local/lib/python3.12/site-packages/airflow/example_dags/example_datasets.py
[2025-04-08T17:33:18.035+0000] {processor.py:914} INFO - Processing file /home/airflow/.local/lib/python3.12/site-packages/airflow/example_dags/example_datasets.py for tasks to queue
[2025-04-08T17:33:18.039+0000] {logging_mixin.py:190} INFO - [2025-04-08T17:33:18.038+0000] {dagbag.py:588} INFO - Filling up the DagBag from /home/airflow/.local/lib/python3.12/site-packages/airflow/example_dags/example_datasets.py
[2025-04-08T17:33:18.967+0000] {processor.py:925} INFO - DAG(s) 'consume_1_or_both_2_and_3_with_dataset_expressions', 'dataset_produces_2', 'consume_1_or_2_with_dataset_expressions', 'dataset_consumes_1_never_scheduled', 'consume_1_and_2_with_dataset_expressions', 'dataset_consumes_1_and_2', 'conditional_dataset_and_time_based_timetable', 'dataset_consumes_unknown_never_scheduled', 'dataset_consumes_1', 'dataset_produces_1' retrieved from /home/airflow/.local/lib/python3.12/site-packages/airflow/example_dags/example_datasets.py
[2025-04-08T17:33:19.033+0000] {logging_mixin.py:190} INFO - [2025-04-08T17:33:19.032+0000] {dag.py:3239} INFO - Sync 10 DAGs
[2025-04-08T17:33:19.072+0000] {logging_mixin.py:190} INFO - [2025-04-08T17:33:19.071+0000] {dag.py:4180} INFO - Setting next_dagrun for conditional_dataset_and_time_based_timetable to 2025-04-02 01:00:00+00:00, run_after=2025-04-02 01:00:00+00:00
[2025-04-08T17:33:19.077+0000] {logging_mixin.py:190} INFO - [2025-04-08T17:33:19.077+0000] {dag.py:4180} INFO - Setting next_dagrun for consume_1_and_2_with_dataset_expressions to None, run_after=None
[2025-04-08T17:33:19.080+0000] {logging_mixin.py:190} INFO - [2025-04-08T17:33:19.080+0000] {dag.py:4180} INFO - Setting next_dagrun for consume_1_or_2_with_dataset_expressions to None, run_after=None
[2025-04-08T17:33:19.082+0000] {logging_mixin.py:190} INFO - [2025-04-08T17:33:19.082+0000] {dag.py:4180} INFO - Setting next_dagrun for consume_1_or_both_2_and_3_with_dataset_expressions to None, run_after=None
[2025-04-08T17:33:19.084+0000] {logging_mixin.py:190} INFO - [2025-04-08T17:33:19.084+0000] {dag.py:4180} INFO - Setting next_dagrun for dataset_consumes_1 to None, run_after=None
[2025-04-08T17:33:19.086+0000] {logging_mixin.py:190} INFO - [2025-04-08T17:33:19.086+0000] {dag.py:4180} INFO - Setting next_dagrun for dataset_consumes_1_and_2 to None, run_after=None
[2025-04-08T17:33:19.088+0000] {logging_mixin.py:190} INFO - [2025-04-08T17:33:19.088+0000] {dag.py:4180} INFO - Setting next_dagrun for dataset_consumes_1_never_scheduled to None, run_after=None
[2025-04-08T17:33:19.092+0000] {logging_mixin.py:190} INFO - [2025-04-08T17:33:19.091+0000] {dag.py:4180} INFO - Setting next_dagrun for dataset_consumes_unknown_never_scheduled to None, run_after=None
[2025-04-08T17:33:19.097+0000] {logging_mixin.py:190} INFO - [2025-04-08T17:33:19.097+0000] {dag.py:4180} INFO - Setting next_dagrun for dataset_produces_1 to 2025-04-07 00:00:00+00:00, run_after=2025-04-08 00:00:00+00:00
[2025-04-08T17:33:19.100+0000] {logging_mixin.py:190} INFO - [2025-04-08T17:33:19.100+0000] {dag.py:4180} INFO - Setting next_dagrun for dataset_produces_2 to None, run_after=None
[2025-04-08T17:33:19.154+0000] {processor.py:208} INFO - Processing /home/airflow/.local/lib/python3.12/site-packages/airflow/example_dags/example_datasets.py took 1.131 seconds
[2025-04-08T17:33:50.020+0000] {processor.py:186} INFO - Started process (PID=211) to work on /home/airflow/.local/lib/python3.12/site-packages/airflow/example_dags/example_datasets.py
[2025-04-08T17:33:50.022+0000] {processor.py:914} INFO - Processing file /home/airflow/.local/lib/python3.12/site-packages/airflow/example_dags/example_datasets.py for tasks to queue
[2025-04-08T17:33:50.026+0000] {logging_mixin.py:190} INFO - [2025-04-08T17:33:50.025+0000] {dagbag.py:588} INFO - Filling up the DagBag from /home/airflow/.local/lib/python3.12/site-packages/airflow/example_dags/example_datasets.py
[2025-04-08T17:33:50.830+0000] {processor.py:925} INFO - DAG(s) 'dataset_produces_1', 'conditional_dataset_and_time_based_timetable', 'consume_1_or_both_2_and_3_with_dataset_expressions', 'dataset_consumes_unknown_never_scheduled', 'consume_1_and_2_with_dataset_expressions', 'dataset_produces_2', 'consume_1_or_2_with_dataset_expressions', 'dataset_consumes_1_and_2', 'dataset_consumes_1', 'dataset_consumes_1_never_scheduled' retrieved from /home/airflow/.local/lib/python3.12/site-packages/airflow/example_dags/example_datasets.py
[2025-04-08T17:33:50.894+0000] {logging_mixin.py:190} INFO - [2025-04-08T17:33:50.894+0000] {dag.py:3239} INFO - Sync 10 DAGs
[2025-04-08T17:33:50.932+0000] {logging_mixin.py:190} INFO - [2025-04-08T17:33:50.932+0000] {dag.py:4180} INFO - Setting next_dagrun for conditional_dataset_and_time_based_timetable to 2025-04-02 01:00:00+00:00, run_after=2025-04-02 01:00:00+00:00
[2025-04-08T17:33:50.938+0000] {logging_mixin.py:190} INFO - [2025-04-08T17:33:50.937+0000] {dag.py:4180} INFO - Setting next_dagrun for consume_1_and_2_with_dataset_expressions to None, run_after=None
[2025-04-08T17:33:50.940+0000] {logging_mixin.py:190} INFO - [2025-04-08T17:33:50.940+0000] {dag.py:4180} INFO - Setting next_dagrun for consume_1_or_2_with_dataset_expressions to None, run_after=None
[2025-04-08T17:33:50.942+0000] {logging_mixin.py:190} INFO - [2025-04-08T17:33:50.942+0000] {dag.py:4180} INFO - Setting next_dagrun for consume_1_or_both_2_and_3_with_dataset_expressions to None, run_after=None
[2025-04-08T17:33:50.944+0000] {logging_mixin.py:190} INFO - [2025-04-08T17:33:50.944+0000] {dag.py:4180} INFO - Setting next_dagrun for dataset_consumes_1 to None, run_after=None
[2025-04-08T17:33:50.946+0000] {logging_mixin.py:190} INFO - [2025-04-08T17:33:50.946+0000] {dag.py:4180} INFO - Setting next_dagrun for dataset_consumes_1_and_2 to None, run_after=None
[2025-04-08T17:33:50.948+0000] {logging_mixin.py:190} INFO - [2025-04-08T17:33:50.948+0000] {dag.py:4180} INFO - Setting next_dagrun for dataset_consumes_1_never_scheduled to None, run_after=None
[2025-04-08T17:33:50.950+0000] {logging_mixin.py:190} INFO - [2025-04-08T17:33:50.950+0000] {dag.py:4180} INFO - Setting next_dagrun for dataset_consumes_unknown_never_scheduled to None, run_after=None
[2025-04-08T17:33:50.954+0000] {logging_mixin.py:190} INFO - [2025-04-08T17:33:50.954+0000] {dag.py:4180} INFO - Setting next_dagrun for dataset_produces_1 to 2025-04-07 00:00:00+00:00, run_after=2025-04-08 00:00:00+00:00
[2025-04-08T17:33:50.956+0000] {logging_mixin.py:190} INFO - [2025-04-08T17:33:50.956+0000] {dag.py:4180} INFO - Setting next_dagrun for dataset_produces_2 to None, run_after=None
[2025-04-08T17:33:51.008+0000] {processor.py:208} INFO - Processing /home/airflow/.local/lib/python3.12/site-packages/airflow/example_dags/example_datasets.py took 0.997 seconds
[2025-04-08T17:34:21.546+0000] {processor.py:186} INFO - Started process (PID=274) to work on /home/airflow/.local/lib/python3.12/site-packages/airflow/example_dags/example_datasets.py
[2025-04-08T17:34:21.547+0000] {processor.py:914} INFO - Processing file /home/airflow/.local/lib/python3.12/site-packages/airflow/example_dags/example_datasets.py for tasks to queue
[2025-04-08T17:34:21.551+0000] {logging_mixin.py:190} INFO - [2025-04-08T17:34:21.550+0000] {dagbag.py:588} INFO - Filling up the DagBag from /home/airflow/.local/lib/python3.12/site-packages/airflow/example_dags/example_datasets.py
[2025-04-08T17:34:22.350+0000] {processor.py:925} INFO - DAG(s) 'dataset_consumes_1_never_scheduled', 'consume_1_or_2_with_dataset_expressions', 'consume_1_and_2_with_dataset_expressions', 'consume_1_or_both_2_and_3_with_dataset_expressions', 'dataset_produces_2', 'dataset_produces_1', 'dataset_consumes_1', 'dataset_consumes_unknown_never_scheduled', 'conditional_dataset_and_time_based_timetable', 'dataset_consumes_1_and_2' retrieved from /home/airflow/.local/lib/python3.12/site-packages/airflow/example_dags/example_datasets.py
[2025-04-08T17:34:22.418+0000] {logging_mixin.py:190} INFO - [2025-04-08T17:34:22.418+0000] {dag.py:3239} INFO - Sync 10 DAGs
[2025-04-08T17:34:22.457+0000] {logging_mixin.py:190} INFO - [2025-04-08T17:34:22.457+0000] {dag.py:4180} INFO - Setting next_dagrun for conditional_dataset_and_time_based_timetable to 2025-04-02 01:00:00+00:00, run_after=2025-04-02 01:00:00+00:00
[2025-04-08T17:34:22.463+0000] {logging_mixin.py:190} INFO - [2025-04-08T17:34:22.462+0000] {dag.py:4180} INFO - Setting next_dagrun for consume_1_and_2_with_dataset_expressions to None, run_after=None
[2025-04-08T17:34:22.465+0000] {logging_mixin.py:190} INFO - [2025-04-08T17:34:22.465+0000] {dag.py:4180} INFO - Setting next_dagrun for consume_1_or_2_with_dataset_expressions to None, run_after=None
[2025-04-08T17:34:22.467+0000] {logging_mixin.py:190} INFO - [2025-04-08T17:34:22.467+0000] {dag.py:4180} INFO - Setting next_dagrun for consume_1_or_both_2_and_3_with_dataset_expressions to None, run_after=None
[2025-04-08T17:34:22.469+0000] {logging_mixin.py:190} INFO - [2025-04-08T17:34:22.469+0000] {dag.py:4180} INFO - Setting next_dagrun for dataset_consumes_1 to None, run_after=None
[2025-04-08T17:34:22.471+0000] {logging_mixin.py:190} INFO - [2025-04-08T17:34:22.471+0000] {dag.py:4180} INFO - Setting next_dagrun for dataset_consumes_1_and_2 to None, run_after=None
[2025-04-08T17:34:22.473+0000] {logging_mixin.py:190} INFO - [2025-04-08T17:34:22.472+0000] {dag.py:4180} INFO - Setting next_dagrun for dataset_consumes_1_never_scheduled to None, run_after=None
[2025-04-08T17:34:22.475+0000] {logging_mixin.py:190} INFO - [2025-04-08T17:34:22.474+0000] {dag.py:4180} INFO - Setting next_dagrun for dataset_consumes_unknown_never_scheduled to None, run_after=None
[2025-04-08T17:34:22.479+0000] {logging_mixin.py:190} INFO - [2025-04-08T17:34:22.479+0000] {dag.py:4180} INFO - Setting next_dagrun for dataset_produces_1 to 2025-04-07 00:00:00+00:00, run_after=2025-04-08 00:00:00+00:00
[2025-04-08T17:34:22.481+0000] {logging_mixin.py:190} INFO - [2025-04-08T17:34:22.481+0000] {dag.py:4180} INFO - Setting next_dagrun for dataset_produces_2 to None, run_after=None
[2025-04-08T17:34:22.530+0000] {processor.py:208} INFO - Processing /home/airflow/.local/lib/python3.12/site-packages/airflow/example_dags/example_datasets.py took 0.994 seconds
[2025-04-08T17:34:53.076+0000] {processor.py:186} INFO - Started process (PID=336) to work on /home/airflow/.local/lib/python3.12/site-packages/airflow/example_dags/example_datasets.py
[2025-04-08T17:34:53.077+0000] {processor.py:914} INFO - Processing file /home/airflow/.local/lib/python3.12/site-packages/airflow/example_dags/example_datasets.py for tasks to queue
[2025-04-08T17:34:53.081+0000] {logging_mixin.py:190} INFO - [2025-04-08T17:34:53.080+0000] {dagbag.py:588} INFO - Filling up the DagBag from /home/airflow/.local/lib/python3.12/site-packages/airflow/example_dags/example_datasets.py
[2025-04-08T17:34:53.978+0000] {processor.py:925} INFO - DAG(s) 'consume_1_or_both_2_and_3_with_dataset_expressions', 'dataset_consumes_1', 'dataset_produces_2', 'dataset_consumes_1_never_scheduled', 'dataset_consumes_unknown_never_scheduled', 'consume_1_or_2_with_dataset_expressions', 'dataset_produces_1', 'conditional_dataset_and_time_based_timetable', 'dataset_consumes_1_and_2', 'consume_1_and_2_with_dataset_expressions' retrieved from /home/airflow/.local/lib/python3.12/site-packages/airflow/example_dags/example_datasets.py
[2025-04-08T17:34:54.042+0000] {logging_mixin.py:190} INFO - [2025-04-08T17:34:54.041+0000] {dag.py:3239} INFO - Sync 10 DAGs
[2025-04-08T17:34:54.082+0000] {logging_mixin.py:190} INFO - [2025-04-08T17:34:54.082+0000] {dag.py:4180} INFO - Setting next_dagrun for conditional_dataset_and_time_based_timetable to 2025-04-02 01:00:00+00:00, run_after=2025-04-02 01:00:00+00:00
[2025-04-08T17:34:54.088+0000] {logging_mixin.py:190} INFO - [2025-04-08T17:34:54.088+0000] {dag.py:4180} INFO - Setting next_dagrun for consume_1_and_2_with_dataset_expressions to None, run_after=None
[2025-04-08T17:34:54.091+0000] {logging_mixin.py:190} INFO - [2025-04-08T17:34:54.090+0000] {dag.py:4180} INFO - Setting next_dagrun for consume_1_or_2_with_dataset_expressions to None, run_after=None
[2025-04-08T17:34:54.093+0000] {logging_mixin.py:190} INFO - [2025-04-08T17:34:54.092+0000] {dag.py:4180} INFO - Setting next_dagrun for consume_1_or_both_2_and_3_with_dataset_expressions to None, run_after=None
[2025-04-08T17:34:54.095+0000] {logging_mixin.py:190} INFO - [2025-04-08T17:34:54.094+0000] {dag.py:4180} INFO - Setting next_dagrun for dataset_consumes_1 to None, run_after=None
[2025-04-08T17:34:54.097+0000] {logging_mixin.py:190} INFO - [2025-04-08T17:34:54.096+0000] {dag.py:4180} INFO - Setting next_dagrun for dataset_consumes_1_and_2 to None, run_after=None
[2025-04-08T17:34:54.099+0000] {logging_mixin.py:190} INFO - [2025-04-08T17:34:54.099+0000] {dag.py:4180} INFO - Setting next_dagrun for dataset_consumes_1_never_scheduled to None, run_after=None
[2025-04-08T17:34:54.101+0000] {logging_mixin.py:190} INFO - [2025-04-08T17:34:54.101+0000] {dag.py:4180} INFO - Setting next_dagrun for dataset_consumes_unknown_never_scheduled to None, run_after=None
[2025-04-08T17:34:54.105+0000] {logging_mixin.py:190} INFO - [2025-04-08T17:34:54.105+0000] {dag.py:4180} INFO - Setting next_dagrun for dataset_produces_1 to 2025-04-07 00:00:00+00:00, run_after=2025-04-08 00:00:00+00:00
[2025-04-08T17:34:54.107+0000] {logging_mixin.py:190} INFO - [2025-04-08T17:34:54.107+0000] {dag.py:4180} INFO - Setting next_dagrun for dataset_produces_2 to None, run_after=None
[2025-04-08T17:34:54.158+0000] {processor.py:208} INFO - Processing /home/airflow/.local/lib/python3.12/site-packages/airflow/example_dags/example_datasets.py took 1.092 seconds
[2025-04-08T17:35:24.255+0000] {processor.py:186} INFO - Started process (PID=399) to work on /home/airflow/.local/lib/python3.12/site-packages/airflow/example_dags/example_datasets.py
[2025-04-08T17:35:24.259+0000] {processor.py:914} INFO - Processing file /home/airflow/.local/lib/python3.12/site-packages/airflow/example_dags/example_datasets.py for tasks to queue
[2025-04-08T17:35:24.265+0000] {logging_mixin.py:190} INFO - [2025-04-08T17:35:24.264+0000] {dagbag.py:588} INFO - Filling up the DagBag from /home/airflow/.local/lib/python3.12/site-packages/airflow/example_dags/example_datasets.py
[2025-04-08T17:35:26.025+0000] {processor.py:925} INFO - DAG(s) 'consume_1_or_2_with_dataset_expressions', 'consume_1_and_2_with_dataset_expressions', 'dataset_produces_2', 'dataset_produces_1', 'dataset_consumes_1', 'dataset_consumes_1_and_2', 'dataset_consumes_1_never_scheduled', 'consume_1_or_both_2_and_3_with_dataset_expressions', 'dataset_consumes_unknown_never_scheduled', 'conditional_dataset_and_time_based_timetable' retrieved from /home/airflow/.local/lib/python3.12/site-packages/airflow/example_dags/example_datasets.py
[2025-04-08T17:35:26.111+0000] {logging_mixin.py:190} INFO - [2025-04-08T17:35:26.111+0000] {dag.py:3239} INFO - Sync 10 DAGs
[2025-04-08T17:35:26.157+0000] {logging_mixin.py:190} INFO - [2025-04-08T17:35:26.157+0000] {dag.py:4180} INFO - Setting next_dagrun for conditional_dataset_and_time_based_timetable to 2025-04-02 01:00:00+00:00, run_after=2025-04-02 01:00:00+00:00
[2025-04-08T17:35:26.164+0000] {logging_mixin.py:190} INFO - [2025-04-08T17:35:26.164+0000] {dag.py:4180} INFO - Setting next_dagrun for consume_1_and_2_with_dataset_expressions to None, run_after=None
[2025-04-08T17:35:26.167+0000] {logging_mixin.py:190} INFO - [2025-04-08T17:35:26.167+0000] {dag.py:4180} INFO - Setting next_dagrun for consume_1_or_2_with_dataset_expressions to None, run_after=None
[2025-04-08T17:35:26.172+0000] {logging_mixin.py:190} INFO - [2025-04-08T17:35:26.172+0000] {dag.py:4180} INFO - Setting next_dagrun for consume_1_or_both_2_and_3_with_dataset_expressions to None, run_after=None
[2025-04-08T17:35:26.174+0000] {logging_mixin.py:190} INFO - [2025-04-08T17:35:26.174+0000] {dag.py:4180} INFO - Setting next_dagrun for dataset_consumes_1 to None, run_after=None
[2025-04-08T17:35:26.178+0000] {logging_mixin.py:190} INFO - [2025-04-08T17:35:26.178+0000] {dag.py:4180} INFO - Setting next_dagrun for dataset_consumes_1_and_2 to None, run_after=None
[2025-04-08T17:35:26.182+0000] {logging_mixin.py:190} INFO - [2025-04-08T17:35:26.182+0000] {dag.py:4180} INFO - Setting next_dagrun for dataset_consumes_1_never_scheduled to None, run_after=None
[2025-04-08T17:35:26.186+0000] {logging_mixin.py:190} INFO - [2025-04-08T17:35:26.186+0000] {dag.py:4180} INFO - Setting next_dagrun for dataset_consumes_unknown_never_scheduled to None, run_after=None
[2025-04-08T17:35:26.192+0000] {logging_mixin.py:190} INFO - [2025-04-08T17:35:26.192+0000] {dag.py:4180} INFO - Setting next_dagrun for dataset_produces_1 to 2025-04-07 00:00:00+00:00, run_after=2025-04-08 00:00:00+00:00
[2025-04-08T17:35:26.194+0000] {logging_mixin.py:190} INFO - [2025-04-08T17:35:26.194+0000] {dag.py:4180} INFO - Setting next_dagrun for dataset_produces_2 to None, run_after=None
[2025-04-08T17:35:26.262+0000] {processor.py:208} INFO - Processing /home/airflow/.local/lib/python3.12/site-packages/airflow/example_dags/example_datasets.py took 2.020 seconds
