[2025-04-08T17:32:47.863+0000] {processor.py:186} INFO - Started process (PID=85) to work on /home/airflow/.local/lib/python3.12/site-packages/airflow/example_dags/example_outlet_event_extra.py
[2025-04-08T17:32:47.864+0000] {processor.py:914} INFO - Processing file /home/airflow/.local/lib/python3.12/site-packages/airflow/example_dags/example_outlet_event_extra.py for tasks to queue
[2025-04-08T17:32:47.868+0000] {logging_mixin.py:190} INFO - [2025-04-08T17:32:47.867+0000] {dagbag.py:588} INFO - Filling up the DagBag from /home/airflow/.local/lib/python3.12/site-packages/airflow/example_dags/example_outlet_event_extra.py
[2025-04-08T17:32:48.754+0000] {processor.py:925} INFO - DAG(s) 'dataset_with_extra_from_classic_operator', 'dataset_with_extra_by_yield', 'dataset_with_extra_by_context' retrieved from /home/airflow/.local/lib/python3.12/site-packages/airflow/example_dags/example_outlet_event_extra.py
[2025-04-08T17:32:48.910+0000] {logging_mixin.py:190} INFO - [2025-04-08T17:32:48.909+0000] {override.py:1912} INFO - Created Permission View: can edit on DAG:dataset_with_extra_from_classic_operator
[2025-04-08T17:32:48.924+0000] {logging_mixin.py:190} INFO - [2025-04-08T17:32:48.924+0000] {override.py:1912} INFO - Created Permission View: can delete on DAG:dataset_with_extra_from_classic_operator
[2025-04-08T17:32:48.937+0000] {logging_mixin.py:190} INFO - [2025-04-08T17:32:48.936+0000] {override.py:1912} INFO - Created Permission View: can read on DAG:dataset_with_extra_from_classic_operator
[2025-04-08T17:32:48.947+0000] {logging_mixin.py:190} INFO - [2025-04-08T17:32:48.947+0000] {override.py:1912} INFO - Created Permission View: can create on DAG Run:dataset_with_extra_from_classic_operator
[2025-04-08T17:32:48.957+0000] {logging_mixin.py:190} INFO - [2025-04-08T17:32:48.956+0000] {override.py:1912} INFO - Created Permission View: can delete on DAG Run:dataset_with_extra_from_classic_operator
[2025-04-08T17:32:48.967+0000] {logging_mixin.py:190} INFO - [2025-04-08T17:32:48.967+0000] {override.py:1912} INFO - Created Permission View: menu access on DAG Run:dataset_with_extra_from_classic_operator
[2025-04-08T17:32:48.977+0000] {logging_mixin.py:190} INFO - [2025-04-08T17:32:48.976+0000] {override.py:1912} INFO - Created Permission View: can read on DAG Run:dataset_with_extra_from_classic_operator
[2025-04-08T17:32:48.995+0000] {logging_mixin.py:190} INFO - [2025-04-08T17:32:48.995+0000] {override.py:1912} INFO - Created Permission View: can edit on DAG:dataset_with_extra_by_yield
[2025-04-08T17:32:49.005+0000] {logging_mixin.py:190} INFO - [2025-04-08T17:32:49.005+0000] {override.py:1912} INFO - Created Permission View: can delete on DAG:dataset_with_extra_by_yield
[2025-04-08T17:32:49.015+0000] {logging_mixin.py:190} INFO - [2025-04-08T17:32:49.014+0000] {override.py:1912} INFO - Created Permission View: can read on DAG:dataset_with_extra_by_yield
[2025-04-08T17:32:49.025+0000] {logging_mixin.py:190} INFO - [2025-04-08T17:32:49.024+0000] {override.py:1912} INFO - Created Permission View: can create on DAG Run:dataset_with_extra_by_yield
[2025-04-08T17:32:49.034+0000] {logging_mixin.py:190} INFO - [2025-04-08T17:32:49.034+0000] {override.py:1912} INFO - Created Permission View: can delete on DAG Run:dataset_with_extra_by_yield
[2025-04-08T17:32:49.044+0000] {logging_mixin.py:190} INFO - [2025-04-08T17:32:49.043+0000] {override.py:1912} INFO - Created Permission View: menu access on DAG Run:dataset_with_extra_by_yield
[2025-04-08T17:32:49.053+0000] {logging_mixin.py:190} INFO - [2025-04-08T17:32:49.053+0000] {override.py:1912} INFO - Created Permission View: can read on DAG Run:dataset_with_extra_by_yield
[2025-04-08T17:32:49.073+0000] {logging_mixin.py:190} INFO - [2025-04-08T17:32:49.073+0000] {override.py:1912} INFO - Created Permission View: can edit on DAG:dataset_with_extra_by_context
[2025-04-08T17:32:49.088+0000] {logging_mixin.py:190} INFO - [2025-04-08T17:32:49.088+0000] {override.py:1912} INFO - Created Permission View: can delete on DAG:dataset_with_extra_by_context
[2025-04-08T17:32:49.098+0000] {logging_mixin.py:190} INFO - [2025-04-08T17:32:49.097+0000] {override.py:1912} INFO - Created Permission View: can read on DAG:dataset_with_extra_by_context
[2025-04-08T17:32:49.109+0000] {logging_mixin.py:190} INFO - [2025-04-08T17:32:49.108+0000] {override.py:1912} INFO - Created Permission View: can create on DAG Run:dataset_with_extra_by_context
[2025-04-08T17:32:49.120+0000] {logging_mixin.py:190} INFO - [2025-04-08T17:32:49.119+0000] {override.py:1912} INFO - Created Permission View: can delete on DAG Run:dataset_with_extra_by_context
[2025-04-08T17:32:49.130+0000] {logging_mixin.py:190} INFO - [2025-04-08T17:32:49.129+0000] {override.py:1912} INFO - Created Permission View: menu access on DAG Run:dataset_with_extra_by_context
[2025-04-08T17:32:49.139+0000] {logging_mixin.py:190} INFO - [2025-04-08T17:32:49.139+0000] {override.py:1912} INFO - Created Permission View: can read on DAG Run:dataset_with_extra_by_context
[2025-04-08T17:32:49.140+0000] {logging_mixin.py:190} INFO - [2025-04-08T17:32:49.140+0000] {dag.py:3239} INFO - Sync 3 DAGs
[2025-04-08T17:32:49.161+0000] {logging_mixin.py:190} INFO - [2025-04-08T17:32:49.160+0000] {dag.py:3262} INFO - Creating ORM DAG for dataset_with_extra_by_yield
[2025-04-08T17:32:49.162+0000] {logging_mixin.py:190} INFO - [2025-04-08T17:32:49.162+0000] {dag.py:3262} INFO - Creating ORM DAG for dataset_with_extra_from_classic_operator
[2025-04-08T17:32:49.164+0000] {logging_mixin.py:190} INFO - [2025-04-08T17:32:49.164+0000] {dag.py:3262} INFO - Creating ORM DAG for dataset_with_extra_by_context
[2025-04-08T17:32:49.182+0000] {logging_mixin.py:190} INFO - [2025-04-08T17:32:49.182+0000] {dag.py:4180} INFO - Setting next_dagrun for dataset_with_extra_by_context to 2025-04-07 00:00:00+00:00, run_after=2025-04-08 00:00:00+00:00
[2025-04-08T17:32:49.186+0000] {logging_mixin.py:190} INFO - [2025-04-08T17:32:49.185+0000] {dag.py:4180} INFO - Setting next_dagrun for dataset_with_extra_by_yield to 2025-04-07 00:00:00+00:00, run_after=2025-04-08 00:00:00+00:00
[2025-04-08T17:32:49.189+0000] {logging_mixin.py:190} INFO - [2025-04-08T17:32:49.188+0000] {dag.py:4180} INFO - Setting next_dagrun for dataset_with_extra_from_classic_operator to 2025-04-07 00:00:00+00:00, run_after=2025-04-08 00:00:00+00:00
[2025-04-08T17:32:49.227+0000] {processor.py:208} INFO - Processing /home/airflow/.local/lib/python3.12/site-packages/airflow/example_dags/example_outlet_event_extra.py took 1.375 seconds
[2025-04-08T17:33:19.700+0000] {processor.py:186} INFO - Started process (PID=149) to work on /home/airflow/.local/lib/python3.12/site-packages/airflow/example_dags/example_outlet_event_extra.py
[2025-04-08T17:33:19.701+0000] {processor.py:914} INFO - Processing file /home/airflow/.local/lib/python3.12/site-packages/airflow/example_dags/example_outlet_event_extra.py for tasks to queue
[2025-04-08T17:33:19.705+0000] {logging_mixin.py:190} INFO - [2025-04-08T17:33:19.705+0000] {dagbag.py:588} INFO - Filling up the DagBag from /home/airflow/.local/lib/python3.12/site-packages/airflow/example_dags/example_outlet_event_extra.py
[2025-04-08T17:33:20.758+0000] {processor.py:925} INFO - DAG(s) 'dataset_with_extra_by_context', 'dataset_with_extra_from_classic_operator', 'dataset_with_extra_by_yield' retrieved from /home/airflow/.local/lib/python3.12/site-packages/airflow/example_dags/example_outlet_event_extra.py
[2025-04-08T17:33:20.803+0000] {logging_mixin.py:190} INFO - [2025-04-08T17:33:20.803+0000] {dag.py:3239} INFO - Sync 3 DAGs
[2025-04-08T17:33:20.854+0000] {logging_mixin.py:190} INFO - [2025-04-08T17:33:20.853+0000] {dag.py:4180} INFO - Setting next_dagrun for dataset_with_extra_by_context to 2025-04-07 00:00:00+00:00, run_after=2025-04-08 00:00:00+00:00
[2025-04-08T17:33:20.862+0000] {logging_mixin.py:190} INFO - [2025-04-08T17:33:20.862+0000] {dag.py:4180} INFO - Setting next_dagrun for dataset_with_extra_by_yield to 2025-04-07 00:00:00+00:00, run_after=2025-04-08 00:00:00+00:00
[2025-04-08T17:33:20.867+0000] {logging_mixin.py:190} INFO - [2025-04-08T17:33:20.867+0000] {dag.py:4180} INFO - Setting next_dagrun for dataset_with_extra_from_classic_operator to 2025-04-07 00:00:00+00:00, run_after=2025-04-08 00:00:00+00:00
[2025-04-08T17:33:20.905+0000] {processor.py:208} INFO - Processing /home/airflow/.local/lib/python3.12/site-packages/airflow/example_dags/example_outlet_event_extra.py took 1.217 seconds
[2025-04-08T17:33:51.033+0000] {processor.py:186} INFO - Started process (PID=212) to work on /home/airflow/.local/lib/python3.12/site-packages/airflow/example_dags/example_outlet_event_extra.py
[2025-04-08T17:33:51.035+0000] {processor.py:914} INFO - Processing file /home/airflow/.local/lib/python3.12/site-packages/airflow/example_dags/example_outlet_event_extra.py for tasks to queue
[2025-04-08T17:33:51.039+0000] {logging_mixin.py:190} INFO - [2025-04-08T17:33:51.039+0000] {dagbag.py:588} INFO - Filling up the DagBag from /home/airflow/.local/lib/python3.12/site-packages/airflow/example_dags/example_outlet_event_extra.py
[2025-04-08T17:33:51.835+0000] {processor.py:925} INFO - DAG(s) 'dataset_with_extra_from_classic_operator', 'dataset_with_extra_by_yield', 'dataset_with_extra_by_context' retrieved from /home/airflow/.local/lib/python3.12/site-packages/airflow/example_dags/example_outlet_event_extra.py
[2025-04-08T17:33:51.871+0000] {logging_mixin.py:190} INFO - [2025-04-08T17:33:51.871+0000] {dag.py:3239} INFO - Sync 3 DAGs
[2025-04-08T17:33:51.907+0000] {logging_mixin.py:190} INFO - [2025-04-08T17:33:51.906+0000] {dag.py:4180} INFO - Setting next_dagrun for dataset_with_extra_by_context to 2025-04-07 00:00:00+00:00, run_after=2025-04-08 00:00:00+00:00
[2025-04-08T17:33:51.915+0000] {logging_mixin.py:190} INFO - [2025-04-08T17:33:51.914+0000] {dag.py:4180} INFO - Setting next_dagrun for dataset_with_extra_by_yield to 2025-04-07 00:00:00+00:00, run_after=2025-04-08 00:00:00+00:00
[2025-04-08T17:33:51.919+0000] {logging_mixin.py:190} INFO - [2025-04-08T17:33:51.918+0000] {dag.py:4180} INFO - Setting next_dagrun for dataset_with_extra_from_classic_operator to 2025-04-07 00:00:00+00:00, run_after=2025-04-08 00:00:00+00:00
[2025-04-08T17:33:51.949+0000] {processor.py:208} INFO - Processing /home/airflow/.local/lib/python3.12/site-packages/airflow/example_dags/example_outlet_event_extra.py took 0.925 seconds
[2025-04-08T17:34:22.560+0000] {processor.py:186} INFO - Started process (PID=275) to work on /home/airflow/.local/lib/python3.12/site-packages/airflow/example_dags/example_outlet_event_extra.py
[2025-04-08T17:34:22.561+0000] {processor.py:914} INFO - Processing file /home/airflow/.local/lib/python3.12/site-packages/airflow/example_dags/example_outlet_event_extra.py for tasks to queue
[2025-04-08T17:34:22.565+0000] {logging_mixin.py:190} INFO - [2025-04-08T17:34:22.565+0000] {dagbag.py:588} INFO - Filling up the DagBag from /home/airflow/.local/lib/python3.12/site-packages/airflow/example_dags/example_outlet_event_extra.py
[2025-04-08T17:34:23.354+0000] {processor.py:925} INFO - DAG(s) 'dataset_with_extra_by_yield', 'dataset_with_extra_from_classic_operator', 'dataset_with_extra_by_context' retrieved from /home/airflow/.local/lib/python3.12/site-packages/airflow/example_dags/example_outlet_event_extra.py
[2025-04-08T17:34:23.393+0000] {logging_mixin.py:190} INFO - [2025-04-08T17:34:23.392+0000] {dag.py:3239} INFO - Sync 3 DAGs
[2025-04-08T17:34:23.429+0000] {logging_mixin.py:190} INFO - [2025-04-08T17:34:23.428+0000] {dag.py:4180} INFO - Setting next_dagrun for dataset_with_extra_by_context to 2025-04-07 00:00:00+00:00, run_after=2025-04-08 00:00:00+00:00
[2025-04-08T17:34:23.436+0000] {logging_mixin.py:190} INFO - [2025-04-08T17:34:23.436+0000] {dag.py:4180} INFO - Setting next_dagrun for dataset_with_extra_by_yield to 2025-04-07 00:00:00+00:00, run_after=2025-04-08 00:00:00+00:00
[2025-04-08T17:34:23.440+0000] {logging_mixin.py:190} INFO - [2025-04-08T17:34:23.440+0000] {dag.py:4180} INFO - Setting next_dagrun for dataset_with_extra_from_classic_operator to 2025-04-07 00:00:00+00:00, run_after=2025-04-08 00:00:00+00:00
[2025-04-08T17:34:23.470+0000] {processor.py:208} INFO - Processing /home/airflow/.local/lib/python3.12/site-packages/airflow/example_dags/example_outlet_event_extra.py took 0.920 seconds
[2025-04-08T17:34:54.090+0000] {processor.py:186} INFO - Started process (PID=337) to work on /home/airflow/.local/lib/python3.12/site-packages/airflow/example_dags/example_outlet_event_extra.py
[2025-04-08T17:34:54.091+0000] {processor.py:914} INFO - Processing file /home/airflow/.local/lib/python3.12/site-packages/airflow/example_dags/example_outlet_event_extra.py for tasks to queue
[2025-04-08T17:34:54.095+0000] {logging_mixin.py:190} INFO - [2025-04-08T17:34:54.094+0000] {dagbag.py:588} INFO - Filling up the DagBag from /home/airflow/.local/lib/python3.12/site-packages/airflow/example_dags/example_outlet_event_extra.py
[2025-04-08T17:34:54.932+0000] {processor.py:925} INFO - DAG(s) 'dataset_with_extra_by_context', 'dataset_with_extra_from_classic_operator', 'dataset_with_extra_by_yield' retrieved from /home/airflow/.local/lib/python3.12/site-packages/airflow/example_dags/example_outlet_event_extra.py
[2025-04-08T17:34:54.969+0000] {logging_mixin.py:190} INFO - [2025-04-08T17:34:54.969+0000] {dag.py:3239} INFO - Sync 3 DAGs
[2025-04-08T17:34:55.008+0000] {logging_mixin.py:190} INFO - [2025-04-08T17:34:55.007+0000] {dag.py:4180} INFO - Setting next_dagrun for dataset_with_extra_by_context to 2025-04-07 00:00:00+00:00, run_after=2025-04-08 00:00:00+00:00
[2025-04-08T17:34:55.016+0000] {logging_mixin.py:190} INFO - [2025-04-08T17:34:55.015+0000] {dag.py:4180} INFO - Setting next_dagrun for dataset_with_extra_by_yield to 2025-04-07 00:00:00+00:00, run_after=2025-04-08 00:00:00+00:00
[2025-04-08T17:34:55.020+0000] {logging_mixin.py:190} INFO - [2025-04-08T17:34:55.020+0000] {dag.py:4180} INFO - Setting next_dagrun for dataset_with_extra_from_classic_operator to 2025-04-07 00:00:00+00:00, run_after=2025-04-08 00:00:00+00:00
[2025-04-08T17:34:55.050+0000] {processor.py:208} INFO - Processing /home/airflow/.local/lib/python3.12/site-packages/airflow/example_dags/example_outlet_event_extra.py took 0.970 seconds
[2025-04-08T17:35:25.296+0000] {processor.py:186} INFO - Started process (PID=400) to work on /home/airflow/.local/lib/python3.12/site-packages/airflow/example_dags/example_outlet_event_extra.py
[2025-04-08T17:35:25.299+0000] {processor.py:914} INFO - Processing file /home/airflow/.local/lib/python3.12/site-packages/airflow/example_dags/example_outlet_event_extra.py for tasks to queue
[2025-04-08T17:35:25.305+0000] {logging_mixin.py:190} INFO - [2025-04-08T17:35:25.304+0000] {dagbag.py:588} INFO - Filling up the DagBag from /home/airflow/.local/lib/python3.12/site-packages/airflow/example_dags/example_outlet_event_extra.py
[2025-04-08T17:35:26.588+0000] {processor.py:925} INFO - DAG(s) 'dataset_with_extra_by_yield', 'dataset_with_extra_by_context', 'dataset_with_extra_from_classic_operator' retrieved from /home/airflow/.local/lib/python3.12/site-packages/airflow/example_dags/example_outlet_event_extra.py
[2025-04-08T17:35:26.627+0000] {logging_mixin.py:190} INFO - [2025-04-08T17:35:26.627+0000] {dag.py:3239} INFO - Sync 3 DAGs
[2025-04-08T17:35:26.670+0000] {logging_mixin.py:190} INFO - [2025-04-08T17:35:26.669+0000] {dag.py:4180} INFO - Setting next_dagrun for dataset_with_extra_by_context to 2025-04-07 00:00:00+00:00, run_after=2025-04-08 00:00:00+00:00
[2025-04-08T17:35:26.678+0000] {logging_mixin.py:190} INFO - [2025-04-08T17:35:26.677+0000] {dag.py:4180} INFO - Setting next_dagrun for dataset_with_extra_by_yield to 2025-04-07 00:00:00+00:00, run_after=2025-04-08 00:00:00+00:00
[2025-04-08T17:35:26.682+0000] {logging_mixin.py:190} INFO - [2025-04-08T17:35:26.682+0000] {dag.py:4180} INFO - Setting next_dagrun for dataset_with_extra_from_classic_operator to 2025-04-07 00:00:00+00:00, run_after=2025-04-08 00:00:00+00:00
[2025-04-08T17:35:26.715+0000] {processor.py:208} INFO - Processing /home/airflow/.local/lib/python3.12/site-packages/airflow/example_dags/example_outlet_event_extra.py took 1.433 seconds
