[2025-04-08T17:32:55.390+0000] {processor.py:186} INFO - Started process (PID=113) to work on /home/airflow/.local/lib/python3.12/site-packages/airflow/example_dags/example_short_circuit_operator.py
[2025-04-08T17:32:55.392+0000] {processor.py:914} INFO - Processing file /home/airflow/.local/lib/python3.12/site-packages/airflow/example_dags/example_short_circuit_operator.py for tasks to queue
[2025-04-08T17:32:55.397+0000] {logging_mixin.py:190} INFO - [2025-04-08T17:32:55.396+0000] {dagbag.py:588} INFO - Filling up the DagBag from /home/airflow/.local/lib/python3.12/site-packages/airflow/example_dags/example_short_circuit_operator.py
[2025-04-08T17:32:55.411+0000] {processor.py:925} INFO - DAG(s) 'example_short_circuit_operator' retrieved from /home/airflow/.local/lib/python3.12/site-packages/airflow/example_dags/example_short_circuit_operator.py
[2025-04-08T17:32:55.589+0000] {logging_mixin.py:190} INFO - [2025-04-08T17:32:55.588+0000] {override.py:1912} INFO - Created Permission View: can edit on DAG:example_short_circuit_operator
[2025-04-08T17:32:55.606+0000] {logging_mixin.py:190} INFO - [2025-04-08T17:32:55.606+0000] {override.py:1912} INFO - Created Permission View: can delete on DAG:example_short_circuit_operator
[2025-04-08T17:32:55.617+0000] {logging_mixin.py:190} INFO - [2025-04-08T17:32:55.617+0000] {override.py:1912} INFO - Created Permission View: can read on DAG:example_short_circuit_operator
[2025-04-08T17:32:55.637+0000] {logging_mixin.py:190} INFO - [2025-04-08T17:32:55.633+0000] {override.py:1912} INFO - Created Permission View: can create on DAG Run:example_short_circuit_operator
[2025-04-08T17:32:55.653+0000] {logging_mixin.py:190} INFO - [2025-04-08T17:32:55.652+0000] {override.py:1912} INFO - Created Permission View: can delete on DAG Run:example_short_circuit_operator
[2025-04-08T17:32:55.670+0000] {logging_mixin.py:190} INFO - [2025-04-08T17:32:55.669+0000] {override.py:1912} INFO - Created Permission View: menu access on DAG Run:example_short_circuit_operator
[2025-04-08T17:32:55.685+0000] {logging_mixin.py:190} INFO - [2025-04-08T17:32:55.684+0000] {override.py:1912} INFO - Created Permission View: can read on DAG Run:example_short_circuit_operator
[2025-04-08T17:32:55.686+0000] {logging_mixin.py:190} INFO - [2025-04-08T17:32:55.686+0000] {dag.py:3239} INFO - Sync 1 DAGs
[2025-04-08T17:32:55.709+0000] {logging_mixin.py:190} INFO - [2025-04-08T17:32:55.709+0000] {dag.py:3262} INFO - Creating ORM DAG for example_short_circuit_operator
[2025-04-08T17:32:55.711+0000] {logging_mixin.py:190} INFO - [2025-04-08T17:32:55.711+0000] {dag.py:4180} INFO - Setting next_dagrun for example_short_circuit_operator to None, run_after=None
[2025-04-08T17:32:55.740+0000] {processor.py:208} INFO - Processing /home/airflow/.local/lib/python3.12/site-packages/airflow/example_dags/example_short_circuit_operator.py took 0.360 seconds
[2025-04-08T17:33:26.685+0000] {processor.py:186} INFO - Started process (PID=176) to work on /home/airflow/.local/lib/python3.12/site-packages/airflow/example_dags/example_short_circuit_operator.py
[2025-04-08T17:33:26.687+0000] {processor.py:914} INFO - Processing file /home/airflow/.local/lib/python3.12/site-packages/airflow/example_dags/example_short_circuit_operator.py for tasks to queue
[2025-04-08T17:33:26.692+0000] {logging_mixin.py:190} INFO - [2025-04-08T17:33:26.691+0000] {dagbag.py:588} INFO - Filling up the DagBag from /home/airflow/.local/lib/python3.12/site-packages/airflow/example_dags/example_short_circuit_operator.py
[2025-04-08T17:33:26.717+0000] {processor.py:925} INFO - DAG(s) 'example_short_circuit_operator' retrieved from /home/airflow/.local/lib/python3.12/site-packages/airflow/example_dags/example_short_circuit_operator.py
[2025-04-08T17:33:26.787+0000] {logging_mixin.py:190} INFO - [2025-04-08T17:33:26.786+0000] {dag.py:3239} INFO - Sync 1 DAGs
[2025-04-08T17:33:26.829+0000] {logging_mixin.py:190} INFO - [2025-04-08T17:33:26.829+0000] {dag.py:4180} INFO - Setting next_dagrun for example_short_circuit_operator to None, run_after=None
[2025-04-08T17:33:26.873+0000] {processor.py:208} INFO - Processing /home/airflow/.local/lib/python3.12/site-packages/airflow/example_dags/example_short_circuit_operator.py took 0.200 seconds
[2025-04-08T17:33:57.785+0000] {processor.py:186} INFO - Started process (PID=245) to work on /home/airflow/.local/lib/python3.12/site-packages/airflow/example_dags/example_short_circuit_operator.py
[2025-04-08T17:33:57.787+0000] {processor.py:914} INFO - Processing file /home/airflow/.local/lib/python3.12/site-packages/airflow/example_dags/example_short_circuit_operator.py for tasks to queue
[2025-04-08T17:33:57.792+0000] {logging_mixin.py:190} INFO - [2025-04-08T17:33:57.791+0000] {dagbag.py:588} INFO - Filling up the DagBag from /home/airflow/.local/lib/python3.12/site-packages/airflow/example_dags/example_short_circuit_operator.py
[2025-04-08T17:33:57.806+0000] {processor.py:925} INFO - DAG(s) 'example_short_circuit_operator' retrieved from /home/airflow/.local/lib/python3.12/site-packages/airflow/example_dags/example_short_circuit_operator.py
[2025-04-08T17:33:57.844+0000] {logging_mixin.py:190} INFO - [2025-04-08T17:33:57.844+0000] {dag.py:3239} INFO - Sync 1 DAGs
[2025-04-08T17:33:57.868+0000] {logging_mixin.py:190} INFO - [2025-04-08T17:33:57.868+0000] {dag.py:4180} INFO - Setting next_dagrun for example_short_circuit_operator to None, run_after=None
[2025-04-08T17:33:57.896+0000] {processor.py:208} INFO - Processing /home/airflow/.local/lib/python3.12/site-packages/airflow/example_dags/example_short_circuit_operator.py took 0.122 seconds
[2025-04-08T17:34:28.268+0000] {processor.py:186} INFO - Started process (PID=307) to work on /home/airflow/.local/lib/python3.12/site-packages/airflow/example_dags/example_short_circuit_operator.py
[2025-04-08T17:34:28.269+0000] {processor.py:914} INFO - Processing file /home/airflow/.local/lib/python3.12/site-packages/airflow/example_dags/example_short_circuit_operator.py for tasks to queue
[2025-04-08T17:34:28.273+0000] {logging_mixin.py:190} INFO - [2025-04-08T17:34:28.273+0000] {dagbag.py:588} INFO - Filling up the DagBag from /home/airflow/.local/lib/python3.12/site-packages/airflow/example_dags/example_short_circuit_operator.py
[2025-04-08T17:34:28.288+0000] {processor.py:925} INFO - DAG(s) 'example_short_circuit_operator' retrieved from /home/airflow/.local/lib/python3.12/site-packages/airflow/example_dags/example_short_circuit_operator.py
[2025-04-08T17:34:28.325+0000] {logging_mixin.py:190} INFO - [2025-04-08T17:34:28.325+0000] {dag.py:3239} INFO - Sync 1 DAGs
[2025-04-08T17:34:28.349+0000] {logging_mixin.py:190} INFO - [2025-04-08T17:34:28.348+0000] {dag.py:4180} INFO - Setting next_dagrun for example_short_circuit_operator to None, run_after=None
[2025-04-08T17:34:28.379+0000] {processor.py:208} INFO - Processing /home/airflow/.local/lib/python3.12/site-packages/airflow/example_dags/example_short_circuit_operator.py took 0.121 seconds
[2025-04-08T17:34:59.072+0000] {processor.py:186} INFO - Started process (PID=369) to work on /home/airflow/.local/lib/python3.12/site-packages/airflow/example_dags/example_short_circuit_operator.py
[2025-04-08T17:34:59.074+0000] {processor.py:914} INFO - Processing file /home/airflow/.local/lib/python3.12/site-packages/airflow/example_dags/example_short_circuit_operator.py for tasks to queue
[2025-04-08T17:34:59.078+0000] {logging_mixin.py:190} INFO - [2025-04-08T17:34:59.077+0000] {dagbag.py:588} INFO - Filling up the DagBag from /home/airflow/.local/lib/python3.12/site-packages/airflow/example_dags/example_short_circuit_operator.py
[2025-04-08T17:34:59.092+0000] {processor.py:925} INFO - DAG(s) 'example_short_circuit_operator' retrieved from /home/airflow/.local/lib/python3.12/site-packages/airflow/example_dags/example_short_circuit_operator.py
[2025-04-08T17:34:59.129+0000] {logging_mixin.py:190} INFO - [2025-04-08T17:34:59.129+0000] {dag.py:3239} INFO - Sync 1 DAGs
[2025-04-08T17:34:59.152+0000] {logging_mixin.py:190} INFO - [2025-04-08T17:34:59.152+0000] {dag.py:4180} INFO - Setting next_dagrun for example_short_circuit_operator to None, run_after=None
[2025-04-08T17:34:59.180+0000] {processor.py:208} INFO - Processing /home/airflow/.local/lib/python3.12/site-packages/airflow/example_dags/example_short_circuit_operator.py took 0.117 seconds
[2025-04-08T17:35:29.494+0000] {processor.py:186} INFO - Started process (PID=432) to work on /home/airflow/.local/lib/python3.12/site-packages/airflow/example_dags/example_short_circuit_operator.py
[2025-04-08T17:35:29.495+0000] {processor.py:914} INFO - Processing file /home/airflow/.local/lib/python3.12/site-packages/airflow/example_dags/example_short_circuit_operator.py for tasks to queue
[2025-04-08T17:35:29.499+0000] {logging_mixin.py:190} INFO - [2025-04-08T17:35:29.499+0000] {dagbag.py:588} INFO - Filling up the DagBag from /home/airflow/.local/lib/python3.12/site-packages/airflow/example_dags/example_short_circuit_operator.py
[2025-04-08T17:35:29.516+0000] {processor.py:925} INFO - DAG(s) 'example_short_circuit_operator' retrieved from /home/airflow/.local/lib/python3.12/site-packages/airflow/example_dags/example_short_circuit_operator.py
[2025-04-08T17:35:29.569+0000] {logging_mixin.py:190} INFO - [2025-04-08T17:35:29.569+0000] {dag.py:3239} INFO - Sync 1 DAGs
[2025-04-08T17:35:29.614+0000] {logging_mixin.py:190} INFO - [2025-04-08T17:35:29.614+0000] {dag.py:4180} INFO - Setting next_dagrun for example_short_circuit_operator to None, run_after=None
[2025-04-08T17:35:29.664+0000] {processor.py:208} INFO - Processing /home/airflow/.local/lib/python3.12/site-packages/airflow/example_dags/example_short_circuit_operator.py took 0.182 seconds
