[2025-04-08T17:32:54.928+0000] {processor.py:186} INFO - Started process (PID=110) to work on /home/airflow/.local/lib/python3.12/site-packages/airflow/example_dags/example_skip_dag.py
[2025-04-08T17:32:54.930+0000] {processor.py:914} INFO - Processing file /home/airflow/.local/lib/python3.12/site-packages/airflow/example_dags/example_skip_dag.py for tasks to queue
[2025-04-08T17:32:54.934+0000] {logging_mixin.py:190} INFO - [2025-04-08T17:32:54.934+0000] {dagbag.py:588} INFO - Filling up the DagBag from /home/airflow/.local/lib/python3.12/site-packages/airflow/example_dags/example_skip_dag.py
[2025-04-08T17:32:54.952+0000] {processor.py:925} INFO - DAG(s) 'example_skip_dag' retrieved from /home/airflow/.local/lib/python3.12/site-packages/airflow/example_dags/example_skip_dag.py
[2025-04-08T17:32:55.127+0000] {logging_mixin.py:190} INFO - [2025-04-08T17:32:55.126+0000] {override.py:1912} INFO - Created Permission View: can edit on DAG:example_skip_dag
[2025-04-08T17:32:55.143+0000] {logging_mixin.py:190} INFO - [2025-04-08T17:32:55.142+0000] {override.py:1912} INFO - Created Permission View: can delete on DAG:example_skip_dag
[2025-04-08T17:32:55.153+0000] {logging_mixin.py:190} INFO - [2025-04-08T17:32:55.153+0000] {override.py:1912} INFO - Created Permission View: can read on DAG:example_skip_dag
[2025-04-08T17:32:55.165+0000] {logging_mixin.py:190} INFO - [2025-04-08T17:32:55.165+0000] {override.py:1912} INFO - Created Permission View: can create on DAG Run:example_skip_dag
[2025-04-08T17:32:55.176+0000] {logging_mixin.py:190} INFO - [2025-04-08T17:32:55.175+0000] {override.py:1912} INFO - Created Permission View: can delete on DAG Run:example_skip_dag
[2025-04-08T17:32:55.185+0000] {logging_mixin.py:190} INFO - [2025-04-08T17:32:55.185+0000] {override.py:1912} INFO - Created Permission View: menu access on DAG Run:example_skip_dag
[2025-04-08T17:32:55.195+0000] {logging_mixin.py:190} INFO - [2025-04-08T17:32:55.195+0000] {override.py:1912} INFO - Created Permission View: can read on DAG Run:example_skip_dag
[2025-04-08T17:32:55.196+0000] {logging_mixin.py:190} INFO - [2025-04-08T17:32:55.196+0000] {dag.py:3239} INFO - Sync 1 DAGs
[2025-04-08T17:32:55.216+0000] {logging_mixin.py:190} INFO - [2025-04-08T17:32:55.215+0000] {dag.py:3262} INFO - Creating ORM DAG for example_skip_dag
[2025-04-08T17:32:55.230+0000] {logging_mixin.py:190} INFO - [2025-04-08T17:32:55.230+0000] {dag.py:4180} INFO - Setting next_dagrun for example_skip_dag to 2025-04-07 00:00:00+00:00, run_after=2025-04-08 00:00:00+00:00
[2025-04-08T17:32:55.254+0000] {processor.py:208} INFO - Processing /home/airflow/.local/lib/python3.12/site-packages/airflow/example_dags/example_skip_dag.py took 0.336 seconds
[2025-04-08T17:33:26.332+0000] {processor.py:186} INFO - Started process (PID=173) to work on /home/airflow/.local/lib/python3.12/site-packages/airflow/example_dags/example_skip_dag.py
[2025-04-08T17:33:26.334+0000] {processor.py:914} INFO - Processing file /home/airflow/.local/lib/python3.12/site-packages/airflow/example_dags/example_skip_dag.py for tasks to queue
[2025-04-08T17:33:26.341+0000] {logging_mixin.py:190} INFO - [2025-04-08T17:33:26.340+0000] {dagbag.py:588} INFO - Filling up the DagBag from /home/airflow/.local/lib/python3.12/site-packages/airflow/example_dags/example_skip_dag.py
[2025-04-08T17:33:26.367+0000] {processor.py:925} INFO - DAG(s) 'example_skip_dag' retrieved from /home/airflow/.local/lib/python3.12/site-packages/airflow/example_dags/example_skip_dag.py
[2025-04-08T17:33:26.441+0000] {logging_mixin.py:190} INFO - [2025-04-08T17:33:26.440+0000] {dag.py:3239} INFO - Sync 1 DAGs
[2025-04-08T17:33:26.493+0000] {logging_mixin.py:190} INFO - [2025-04-08T17:33:26.492+0000] {dag.py:4180} INFO - Setting next_dagrun for example_skip_dag to 2025-04-07 00:00:00+00:00, run_after=2025-04-08 00:00:00+00:00
[2025-04-08T17:33:26.535+0000] {processor.py:208} INFO - Processing /home/airflow/.local/lib/python3.12/site-packages/airflow/example_dags/example_skip_dag.py took 0.226 seconds
[2025-04-08T17:33:57.463+0000] {processor.py:186} INFO - Started process (PID=236) to work on /home/airflow/.local/lib/python3.12/site-packages/airflow/example_dags/example_skip_dag.py
[2025-04-08T17:33:57.464+0000] {processor.py:914} INFO - Processing file /home/airflow/.local/lib/python3.12/site-packages/airflow/example_dags/example_skip_dag.py for tasks to queue
[2025-04-08T17:33:57.468+0000] {logging_mixin.py:190} INFO - [2025-04-08T17:33:57.468+0000] {dagbag.py:588} INFO - Filling up the DagBag from /home/airflow/.local/lib/python3.12/site-packages/airflow/example_dags/example_skip_dag.py
[2025-04-08T17:33:57.481+0000] {processor.py:925} INFO - DAG(s) 'example_skip_dag' retrieved from /home/airflow/.local/lib/python3.12/site-packages/airflow/example_dags/example_skip_dag.py
[2025-04-08T17:33:57.521+0000] {logging_mixin.py:190} INFO - [2025-04-08T17:33:57.521+0000] {dag.py:3239} INFO - Sync 1 DAGs
[2025-04-08T17:33:57.559+0000] {logging_mixin.py:190} INFO - [2025-04-08T17:33:57.558+0000] {dag.py:4180} INFO - Setting next_dagrun for example_skip_dag to 2025-04-07 00:00:00+00:00, run_after=2025-04-08 00:00:00+00:00
[2025-04-08T17:33:57.589+0000] {processor.py:208} INFO - Processing /home/airflow/.local/lib/python3.12/site-packages/airflow/example_dags/example_skip_dag.py took 0.137 seconds
[2025-04-08T17:34:27.780+0000] {processor.py:186} INFO - Started process (PID=299) to work on /home/airflow/.local/lib/python3.12/site-packages/airflow/example_dags/example_skip_dag.py
[2025-04-08T17:34:27.782+0000] {processor.py:914} INFO - Processing file /home/airflow/.local/lib/python3.12/site-packages/airflow/example_dags/example_skip_dag.py for tasks to queue
[2025-04-08T17:34:27.786+0000] {logging_mixin.py:190} INFO - [2025-04-08T17:34:27.786+0000] {dagbag.py:588} INFO - Filling up the DagBag from /home/airflow/.local/lib/python3.12/site-packages/airflow/example_dags/example_skip_dag.py
[2025-04-08T17:34:27.803+0000] {processor.py:925} INFO - DAG(s) 'example_skip_dag' retrieved from /home/airflow/.local/lib/python3.12/site-packages/airflow/example_dags/example_skip_dag.py
[2025-04-08T17:34:27.845+0000] {logging_mixin.py:190} INFO - [2025-04-08T17:34:27.845+0000] {dag.py:3239} INFO - Sync 1 DAGs
[2025-04-08T17:34:27.886+0000] {logging_mixin.py:190} INFO - [2025-04-08T17:34:27.886+0000] {dag.py:4180} INFO - Setting next_dagrun for example_skip_dag to 2025-04-07 00:00:00+00:00, run_after=2025-04-08 00:00:00+00:00
[2025-04-08T17:34:27.914+0000] {processor.py:208} INFO - Processing /home/airflow/.local/lib/python3.12/site-packages/airflow/example_dags/example_skip_dag.py took 0.145 seconds
[2025-04-08T17:34:58.771+0000] {processor.py:186} INFO - Started process (PID=366) to work on /home/airflow/.local/lib/python3.12/site-packages/airflow/example_dags/example_skip_dag.py
[2025-04-08T17:34:58.772+0000] {processor.py:914} INFO - Processing file /home/airflow/.local/lib/python3.12/site-packages/airflow/example_dags/example_skip_dag.py for tasks to queue
[2025-04-08T17:34:58.776+0000] {logging_mixin.py:190} INFO - [2025-04-08T17:34:58.775+0000] {dagbag.py:588} INFO - Filling up the DagBag from /home/airflow/.local/lib/python3.12/site-packages/airflow/example_dags/example_skip_dag.py
[2025-04-08T17:34:58.791+0000] {processor.py:925} INFO - DAG(s) 'example_skip_dag' retrieved from /home/airflow/.local/lib/python3.12/site-packages/airflow/example_dags/example_skip_dag.py
[2025-04-08T17:34:58.826+0000] {logging_mixin.py:190} INFO - [2025-04-08T17:34:58.826+0000] {dag.py:3239} INFO - Sync 1 DAGs
[2025-04-08T17:34:58.865+0000] {logging_mixin.py:190} INFO - [2025-04-08T17:34:58.865+0000] {dag.py:4180} INFO - Setting next_dagrun for example_skip_dag to 2025-04-07 00:00:00+00:00, run_after=2025-04-08 00:00:00+00:00
[2025-04-08T17:34:58.895+0000] {processor.py:208} INFO - Processing /home/airflow/.local/lib/python3.12/site-packages/airflow/example_dags/example_skip_dag.py took 0.135 seconds
[2025-04-08T17:35:29.275+0000] {processor.py:186} INFO - Started process (PID=429) to work on /home/airflow/.local/lib/python3.12/site-packages/airflow/example_dags/example_skip_dag.py
[2025-04-08T17:35:29.277+0000] {processor.py:914} INFO - Processing file /home/airflow/.local/lib/python3.12/site-packages/airflow/example_dags/example_skip_dag.py for tasks to queue
[2025-04-08T17:35:29.284+0000] {logging_mixin.py:190} INFO - [2025-04-08T17:35:29.283+0000] {dagbag.py:588} INFO - Filling up the DagBag from /home/airflow/.local/lib/python3.12/site-packages/airflow/example_dags/example_skip_dag.py
[2025-04-08T17:35:29.300+0000] {processor.py:925} INFO - DAG(s) 'example_skip_dag' retrieved from /home/airflow/.local/lib/python3.12/site-packages/airflow/example_dags/example_skip_dag.py
[2025-04-08T17:35:29.339+0000] {logging_mixin.py:190} INFO - [2025-04-08T17:35:29.338+0000] {dag.py:3239} INFO - Sync 1 DAGs
[2025-04-08T17:35:29.381+0000] {logging_mixin.py:190} INFO - [2025-04-08T17:35:29.380+0000] {dag.py:4180} INFO - Setting next_dagrun for example_skip_dag to 2025-04-07 00:00:00+00:00, run_after=2025-04-08 00:00:00+00:00
[2025-04-08T17:35:29.414+0000] {processor.py:208} INFO - Processing /home/airflow/.local/lib/python3.12/site-packages/airflow/example_dags/example_skip_dag.py took 0.154 seconds
