[2025-04-08T17:32:50.565+0000] {processor.py:186} INFO - Started process (PID=92) to work on /home/airflow/.local/lib/python3.12/site-packages/airflow/example_dags/example_setup_teardown.py
[2025-04-08T17:32:50.567+0000] {processor.py:914} INFO - Processing file /home/airflow/.local/lib/python3.12/site-packages/airflow/example_dags/example_setup_teardown.py for tasks to queue
[2025-04-08T17:32:50.570+0000] {logging_mixin.py:190} INFO - [2025-04-08T17:32:50.570+0000] {dagbag.py:588} INFO - Filling up the DagBag from /home/airflow/.local/lib/python3.12/site-packages/airflow/example_dags/example_setup_teardown.py
[2025-04-08T17:32:50.588+0000] {processor.py:925} INFO - DAG(s) 'example_setup_teardown' retrieved from /home/airflow/.local/lib/python3.12/site-packages/airflow/example_dags/example_setup_teardown.py
[2025-04-08T17:32:50.785+0000] {logging_mixin.py:190} INFO - [2025-04-08T17:32:50.784+0000] {override.py:1912} INFO - Created Permission View: can edit on DAG:example_setup_teardown
[2025-04-08T17:32:50.800+0000] {logging_mixin.py:190} INFO - [2025-04-08T17:32:50.800+0000] {override.py:1912} INFO - Created Permission View: can delete on DAG:example_setup_teardown
[2025-04-08T17:32:50.810+0000] {logging_mixin.py:190} INFO - [2025-04-08T17:32:50.809+0000] {override.py:1912} INFO - Created Permission View: can read on DAG:example_setup_teardown
[2025-04-08T17:32:50.820+0000] {logging_mixin.py:190} INFO - [2025-04-08T17:32:50.820+0000] {override.py:1912} INFO - Created Permission View: can create on DAG Run:example_setup_teardown
[2025-04-08T17:32:50.830+0000] {logging_mixin.py:190} INFO - [2025-04-08T17:32:50.829+0000] {override.py:1912} INFO - Created Permission View: can delete on DAG Run:example_setup_teardown
[2025-04-08T17:32:50.840+0000] {logging_mixin.py:190} INFO - [2025-04-08T17:32:50.839+0000] {override.py:1912} INFO - Created Permission View: menu access on DAG Run:example_setup_teardown
[2025-04-08T17:32:50.850+0000] {logging_mixin.py:190} INFO - [2025-04-08T17:32:50.849+0000] {override.py:1912} INFO - Created Permission View: can read on DAG Run:example_setup_teardown
[2025-04-08T17:32:50.850+0000] {logging_mixin.py:190} INFO - [2025-04-08T17:32:50.850+0000] {dag.py:3239} INFO - Sync 1 DAGs
[2025-04-08T17:32:50.871+0000] {logging_mixin.py:190} INFO - [2025-04-08T17:32:50.871+0000] {dag.py:3262} INFO - Creating ORM DAG for example_setup_teardown
[2025-04-08T17:32:50.872+0000] {logging_mixin.py:190} INFO - [2025-04-08T17:32:50.872+0000] {dag.py:4180} INFO - Setting next_dagrun for example_setup_teardown to None, run_after=None
[2025-04-08T17:32:50.897+0000] {processor.py:208} INFO - Processing /home/airflow/.local/lib/python3.12/site-packages/airflow/example_dags/example_setup_teardown.py took 0.346 seconds
[2025-04-08T17:33:21.462+0000] {processor.py:186} INFO - Started process (PID=155) to work on /home/airflow/.local/lib/python3.12/site-packages/airflow/example_dags/example_setup_teardown.py
[2025-04-08T17:33:21.463+0000] {processor.py:914} INFO - Processing file /home/airflow/.local/lib/python3.12/site-packages/airflow/example_dags/example_setup_teardown.py for tasks to queue
[2025-04-08T17:33:21.467+0000] {logging_mixin.py:190} INFO - [2025-04-08T17:33:21.466+0000] {dagbag.py:588} INFO - Filling up the DagBag from /home/airflow/.local/lib/python3.12/site-packages/airflow/example_dags/example_setup_teardown.py
[2025-04-08T17:33:21.481+0000] {processor.py:925} INFO - DAG(s) 'example_setup_teardown' retrieved from /home/airflow/.local/lib/python3.12/site-packages/airflow/example_dags/example_setup_teardown.py
[2025-04-08T17:33:21.520+0000] {logging_mixin.py:190} INFO - [2025-04-08T17:33:21.519+0000] {dag.py:3239} INFO - Sync 1 DAGs
[2025-04-08T17:33:21.553+0000] {logging_mixin.py:190} INFO - [2025-04-08T17:33:21.552+0000] {dag.py:4180} INFO - Setting next_dagrun for example_setup_teardown to None, run_after=None
[2025-04-08T17:33:21.582+0000] {processor.py:208} INFO - Processing /home/airflow/.local/lib/python3.12/site-packages/airflow/example_dags/example_setup_teardown.py took 0.131 seconds
[2025-04-08T17:33:52.623+0000] {processor.py:186} INFO - Started process (PID=218) to work on /home/airflow/.local/lib/python3.12/site-packages/airflow/example_dags/example_setup_teardown.py
[2025-04-08T17:33:52.625+0000] {processor.py:914} INFO - Processing file /home/airflow/.local/lib/python3.12/site-packages/airflow/example_dags/example_setup_teardown.py for tasks to queue
[2025-04-08T17:33:52.629+0000] {logging_mixin.py:190} INFO - [2025-04-08T17:33:52.628+0000] {dagbag.py:588} INFO - Filling up the DagBag from /home/airflow/.local/lib/python3.12/site-packages/airflow/example_dags/example_setup_teardown.py
[2025-04-08T17:33:52.643+0000] {processor.py:925} INFO - DAG(s) 'example_setup_teardown' retrieved from /home/airflow/.local/lib/python3.12/site-packages/airflow/example_dags/example_setup_teardown.py
[2025-04-08T17:33:52.677+0000] {logging_mixin.py:190} INFO - [2025-04-08T17:33:52.676+0000] {dag.py:3239} INFO - Sync 1 DAGs
[2025-04-08T17:33:52.700+0000] {logging_mixin.py:190} INFO - [2025-04-08T17:33:52.700+0000] {dag.py:4180} INFO - Setting next_dagrun for example_setup_teardown to None, run_after=None
[2025-04-08T17:33:52.729+0000] {processor.py:208} INFO - Processing /home/airflow/.local/lib/python3.12/site-packages/airflow/example_dags/example_setup_teardown.py took 0.117 seconds
[2025-04-08T17:34:23.964+0000] {processor.py:186} INFO - Started process (PID=281) to work on /home/airflow/.local/lib/python3.12/site-packages/airflow/example_dags/example_setup_teardown.py
[2025-04-08T17:34:23.965+0000] {processor.py:914} INFO - Processing file /home/airflow/.local/lib/python3.12/site-packages/airflow/example_dags/example_setup_teardown.py for tasks to queue
[2025-04-08T17:34:23.969+0000] {logging_mixin.py:190} INFO - [2025-04-08T17:34:23.969+0000] {dagbag.py:588} INFO - Filling up the DagBag from /home/airflow/.local/lib/python3.12/site-packages/airflow/example_dags/example_setup_teardown.py
[2025-04-08T17:34:23.983+0000] {processor.py:925} INFO - DAG(s) 'example_setup_teardown' retrieved from /home/airflow/.local/lib/python3.12/site-packages/airflow/example_dags/example_setup_teardown.py
[2025-04-08T17:34:24.017+0000] {logging_mixin.py:190} INFO - [2025-04-08T17:34:24.016+0000] {dag.py:3239} INFO - Sync 1 DAGs
[2025-04-08T17:34:24.042+0000] {logging_mixin.py:190} INFO - [2025-04-08T17:34:24.042+0000] {dag.py:4180} INFO - Setting next_dagrun for example_setup_teardown to None, run_after=None
[2025-04-08T17:34:24.073+0000] {processor.py:208} INFO - Processing /home/airflow/.local/lib/python3.12/site-packages/airflow/example_dags/example_setup_teardown.py took 0.119 seconds
[2025-04-08T17:34:55.098+0000] {processor.py:186} INFO - Started process (PID=343) to work on /home/airflow/.local/lib/python3.12/site-packages/airflow/example_dags/example_setup_teardown.py
[2025-04-08T17:34:55.099+0000] {processor.py:914} INFO - Processing file /home/airflow/.local/lib/python3.12/site-packages/airflow/example_dags/example_setup_teardown.py for tasks to queue
[2025-04-08T17:34:55.103+0000] {logging_mixin.py:190} INFO - [2025-04-08T17:34:55.103+0000] {dagbag.py:588} INFO - Filling up the DagBag from /home/airflow/.local/lib/python3.12/site-packages/airflow/example_dags/example_setup_teardown.py
[2025-04-08T17:34:55.117+0000] {processor.py:925} INFO - DAG(s) 'example_setup_teardown' retrieved from /home/airflow/.local/lib/python3.12/site-packages/airflow/example_dags/example_setup_teardown.py
[2025-04-08T17:34:55.151+0000] {logging_mixin.py:190} INFO - [2025-04-08T17:34:55.151+0000] {dag.py:3239} INFO - Sync 1 DAGs
[2025-04-08T17:34:55.175+0000] {logging_mixin.py:190} INFO - [2025-04-08T17:34:55.174+0000] {dag.py:4180} INFO - Setting next_dagrun for example_setup_teardown to None, run_after=None
[2025-04-08T17:34:55.204+0000] {processor.py:208} INFO - Processing /home/airflow/.local/lib/python3.12/site-packages/airflow/example_dags/example_setup_teardown.py took 0.117 seconds
[2025-04-08T17:35:26.838+0000] {processor.py:186} INFO - Started process (PID=405) to work on /home/airflow/.local/lib/python3.12/site-packages/airflow/example_dags/example_setup_teardown.py
[2025-04-08T17:35:26.841+0000] {processor.py:914} INFO - Processing file /home/airflow/.local/lib/python3.12/site-packages/airflow/example_dags/example_setup_teardown.py for tasks to queue
[2025-04-08T17:35:26.845+0000] {logging_mixin.py:190} INFO - [2025-04-08T17:35:26.845+0000] {dagbag.py:588} INFO - Filling up the DagBag from /home/airflow/.local/lib/python3.12/site-packages/airflow/example_dags/example_setup_teardown.py
[2025-04-08T17:35:26.859+0000] {processor.py:925} INFO - DAG(s) 'example_setup_teardown' retrieved from /home/airflow/.local/lib/python3.12/site-packages/airflow/example_dags/example_setup_teardown.py
[2025-04-08T17:35:26.893+0000] {logging_mixin.py:190} INFO - [2025-04-08T17:35:26.892+0000] {dag.py:3239} INFO - Sync 1 DAGs
[2025-04-08T17:35:26.921+0000] {logging_mixin.py:190} INFO - [2025-04-08T17:35:26.921+0000] {dag.py:4180} INFO - Setting next_dagrun for example_setup_teardown to None, run_after=None
[2025-04-08T17:35:26.949+0000] {processor.py:208} INFO - Processing /home/airflow/.local/lib/python3.12/site-packages/airflow/example_dags/example_setup_teardown.py took 0.122 seconds
