[2025-04-08T17:32:46.808+0000] {processor.py:186} INFO - Started process (PID=82) to work on /home/airflow/.local/lib/python3.12/site-packages/airflow/example_dags/example_time_delta_sensor_async.py
[2025-04-08T17:32:46.810+0000] {processor.py:914} INFO - Processing file /home/airflow/.local/lib/python3.12/site-packages/airflow/example_dags/example_time_delta_sensor_async.py for tasks to queue
[2025-04-08T17:32:46.814+0000] {logging_mixin.py:190} INFO - [2025-04-08T17:32:46.813+0000] {dagbag.py:588} INFO - Filling up the DagBag from /home/airflow/.local/lib/python3.12/site-packages/airflow/example_dags/example_time_delta_sensor_async.py
[2025-04-08T17:32:46.828+0000] {processor.py:925} INFO - DAG(s) 'example_time_delta_sensor_async' retrieved from /home/airflow/.local/lib/python3.12/site-packages/airflow/example_dags/example_time_delta_sensor_async.py
[2025-04-08T17:32:47.020+0000] {logging_mixin.py:190} INFO - [2025-04-08T17:32:47.019+0000] {override.py:1912} INFO - Created Permission View: can edit on DAG:example_time_delta_sensor_async
[2025-04-08T17:32:47.034+0000] {logging_mixin.py:190} INFO - [2025-04-08T17:32:47.034+0000] {override.py:1912} INFO - Created Permission View: can delete on DAG:example_time_delta_sensor_async
[2025-04-08T17:32:47.043+0000] {logging_mixin.py:190} INFO - [2025-04-08T17:32:47.043+0000] {override.py:1912} INFO - Created Permission View: can read on DAG:example_time_delta_sensor_async
[2025-04-08T17:32:47.053+0000] {logging_mixin.py:190} INFO - [2025-04-08T17:32:47.053+0000] {override.py:1912} INFO - Created Permission View: can create on DAG Run:example_time_delta_sensor_async
[2025-04-08T17:32:47.062+0000] {logging_mixin.py:190} INFO - [2025-04-08T17:32:47.062+0000] {override.py:1912} INFO - Created Permission View: can delete on DAG Run:example_time_delta_sensor_async
[2025-04-08T17:32:47.070+0000] {logging_mixin.py:190} INFO - [2025-04-08T17:32:47.070+0000] {override.py:1912} INFO - Created Permission View: menu access on DAG Run:example_time_delta_sensor_async
[2025-04-08T17:32:47.079+0000] {logging_mixin.py:190} INFO - [2025-04-08T17:32:47.079+0000] {override.py:1912} INFO - Created Permission View: can read on DAG Run:example_time_delta_sensor_async
[2025-04-08T17:32:47.080+0000] {logging_mixin.py:190} INFO - [2025-04-08T17:32:47.080+0000] {dag.py:3239} INFO - Sync 1 DAGs
[2025-04-08T17:32:47.101+0000] {logging_mixin.py:190} INFO - [2025-04-08T17:32:47.101+0000] {dag.py:3262} INFO - Creating ORM DAG for example_time_delta_sensor_async
[2025-04-08T17:32:47.103+0000] {logging_mixin.py:190} INFO - [2025-04-08T17:32:47.102+0000] {dag.py:4180} INFO - Setting next_dagrun for example_time_delta_sensor_async to None, run_after=None
[2025-04-08T17:32:47.130+0000] {processor.py:208} INFO - Processing /home/airflow/.local/lib/python3.12/site-packages/airflow/example_dags/example_time_delta_sensor_async.py took 0.346 seconds
[2025-04-08T17:33:18.041+0000] {processor.py:186} INFO - Started process (PID=145) to work on /home/airflow/.local/lib/python3.12/site-packages/airflow/example_dags/example_time_delta_sensor_async.py
[2025-04-08T17:33:18.042+0000] {processor.py:914} INFO - Processing file /home/airflow/.local/lib/python3.12/site-packages/airflow/example_dags/example_time_delta_sensor_async.py for tasks to queue
[2025-04-08T17:33:18.046+0000] {logging_mixin.py:190} INFO - [2025-04-08T17:33:18.046+0000] {dagbag.py:588} INFO - Filling up the DagBag from /home/airflow/.local/lib/python3.12/site-packages/airflow/example_dags/example_time_delta_sensor_async.py
[2025-04-08T17:33:18.058+0000] {processor.py:925} INFO - DAG(s) 'example_time_delta_sensor_async' retrieved from /home/airflow/.local/lib/python3.12/site-packages/airflow/example_dags/example_time_delta_sensor_async.py
[2025-04-08T17:33:18.091+0000] {logging_mixin.py:190} INFO - [2025-04-08T17:33:18.091+0000] {dag.py:3239} INFO - Sync 1 DAGs
[2025-04-08T17:33:18.120+0000] {logging_mixin.py:190} INFO - [2025-04-08T17:33:18.120+0000] {dag.py:4180} INFO - Setting next_dagrun for example_time_delta_sensor_async to None, run_after=None
[2025-04-08T17:33:18.154+0000] {processor.py:208} INFO - Processing /home/airflow/.local/lib/python3.12/site-packages/airflow/example_dags/example_time_delta_sensor_async.py took 0.123 seconds
[2025-04-08T17:33:48.719+0000] {processor.py:186} INFO - Started process (PID=207) to work on /home/airflow/.local/lib/python3.12/site-packages/airflow/example_dags/example_time_delta_sensor_async.py
[2025-04-08T17:33:48.721+0000] {processor.py:914} INFO - Processing file /home/airflow/.local/lib/python3.12/site-packages/airflow/example_dags/example_time_delta_sensor_async.py for tasks to queue
[2025-04-08T17:33:48.725+0000] {logging_mixin.py:190} INFO - [2025-04-08T17:33:48.724+0000] {dagbag.py:588} INFO - Filling up the DagBag from /home/airflow/.local/lib/python3.12/site-packages/airflow/example_dags/example_time_delta_sensor_async.py
[2025-04-08T17:33:48.736+0000] {processor.py:925} INFO - DAG(s) 'example_time_delta_sensor_async' retrieved from /home/airflow/.local/lib/python3.12/site-packages/airflow/example_dags/example_time_delta_sensor_async.py
[2025-04-08T17:33:48.768+0000] {logging_mixin.py:190} INFO - [2025-04-08T17:33:48.768+0000] {dag.py:3239} INFO - Sync 1 DAGs
[2025-04-08T17:33:48.791+0000] {logging_mixin.py:190} INFO - [2025-04-08T17:33:48.791+0000] {dag.py:4180} INFO - Setting next_dagrun for example_time_delta_sensor_async to None, run_after=None
[2025-04-08T17:33:48.819+0000] {processor.py:208} INFO - Processing /home/airflow/.local/lib/python3.12/site-packages/airflow/example_dags/example_time_delta_sensor_async.py took 0.110 seconds
[2025-04-08T17:34:19.214+0000] {processor.py:186} INFO - Started process (PID=270) to work on /home/airflow/.local/lib/python3.12/site-packages/airflow/example_dags/example_time_delta_sensor_async.py
[2025-04-08T17:34:19.216+0000] {processor.py:914} INFO - Processing file /home/airflow/.local/lib/python3.12/site-packages/airflow/example_dags/example_time_delta_sensor_async.py for tasks to queue
[2025-04-08T17:34:19.220+0000] {logging_mixin.py:190} INFO - [2025-04-08T17:34:19.220+0000] {dagbag.py:588} INFO - Filling up the DagBag from /home/airflow/.local/lib/python3.12/site-packages/airflow/example_dags/example_time_delta_sensor_async.py
[2025-04-08T17:34:19.232+0000] {processor.py:925} INFO - DAG(s) 'example_time_delta_sensor_async' retrieved from /home/airflow/.local/lib/python3.12/site-packages/airflow/example_dags/example_time_delta_sensor_async.py
[2025-04-08T17:34:19.264+0000] {logging_mixin.py:190} INFO - [2025-04-08T17:34:19.264+0000] {dag.py:3239} INFO - Sync 1 DAGs
[2025-04-08T17:34:19.287+0000] {logging_mixin.py:190} INFO - [2025-04-08T17:34:19.287+0000] {dag.py:4180} INFO - Setting next_dagrun for example_time_delta_sensor_async to None, run_after=None
[2025-04-08T17:34:19.315+0000] {processor.py:208} INFO - Processing /home/airflow/.local/lib/python3.12/site-packages/airflow/example_dags/example_time_delta_sensor_async.py took 0.112 seconds
[2025-04-08T17:34:49.736+0000] {processor.py:186} INFO - Started process (PID=332) to work on /home/airflow/.local/lib/python3.12/site-packages/airflow/example_dags/example_time_delta_sensor_async.py
[2025-04-08T17:34:49.737+0000] {processor.py:914} INFO - Processing file /home/airflow/.local/lib/python3.12/site-packages/airflow/example_dags/example_time_delta_sensor_async.py for tasks to queue
[2025-04-08T17:34:49.741+0000] {logging_mixin.py:190} INFO - [2025-04-08T17:34:49.741+0000] {dagbag.py:588} INFO - Filling up the DagBag from /home/airflow/.local/lib/python3.12/site-packages/airflow/example_dags/example_time_delta_sensor_async.py
[2025-04-08T17:34:49.753+0000] {processor.py:925} INFO - DAG(s) 'example_time_delta_sensor_async' retrieved from /home/airflow/.local/lib/python3.12/site-packages/airflow/example_dags/example_time_delta_sensor_async.py
[2025-04-08T17:34:49.789+0000] {logging_mixin.py:190} INFO - [2025-04-08T17:34:49.788+0000] {dag.py:3239} INFO - Sync 1 DAGs
[2025-04-08T17:34:49.813+0000] {logging_mixin.py:190} INFO - [2025-04-08T17:34:49.812+0000] {dag.py:4180} INFO - Setting next_dagrun for example_time_delta_sensor_async to None, run_after=None
[2025-04-08T17:34:49.843+0000] {processor.py:208} INFO - Processing /home/airflow/.local/lib/python3.12/site-packages/airflow/example_dags/example_time_delta_sensor_async.py took 0.122 seconds
[2025-04-08T17:35:20.727+0000] {processor.py:186} INFO - Started process (PID=395) to work on /home/airflow/.local/lib/python3.12/site-packages/airflow/example_dags/example_time_delta_sensor_async.py
[2025-04-08T17:35:20.728+0000] {processor.py:914} INFO - Processing file /home/airflow/.local/lib/python3.12/site-packages/airflow/example_dags/example_time_delta_sensor_async.py for tasks to queue
[2025-04-08T17:35:20.732+0000] {logging_mixin.py:190} INFO - [2025-04-08T17:35:20.732+0000] {dagbag.py:588} INFO - Filling up the DagBag from /home/airflow/.local/lib/python3.12/site-packages/airflow/example_dags/example_time_delta_sensor_async.py
[2025-04-08T17:35:20.745+0000] {processor.py:925} INFO - DAG(s) 'example_time_delta_sensor_async' retrieved from /home/airflow/.local/lib/python3.12/site-packages/airflow/example_dags/example_time_delta_sensor_async.py
[2025-04-08T17:35:20.800+0000] {logging_mixin.py:190} INFO - [2025-04-08T17:35:20.800+0000] {dag.py:3239} INFO - Sync 1 DAGs
[2025-04-08T17:35:20.841+0000] {logging_mixin.py:190} INFO - [2025-04-08T17:35:20.841+0000] {dag.py:4180} INFO - Setting next_dagrun for example_time_delta_sensor_async to None, run_after=None
[2025-04-08T17:35:20.941+0000] {processor.py:208} INFO - Processing /home/airflow/.local/lib/python3.12/site-packages/airflow/example_dags/example_time_delta_sensor_async.py took 0.225 seconds
