[2025-04-08T17:32:52.223+0000] {processor.py:186} INFO - Started process (PID=100) to work on /home/airflow/.local/lib/python3.12/site-packages/airflow/example_dags/example_complex.py
[2025-04-08T17:32:52.224+0000] {processor.py:914} INFO - Processing file /home/airflow/.local/lib/python3.12/site-packages/airflow/example_dags/example_complex.py for tasks to queue
[2025-04-08T17:32:52.228+0000] {logging_mixin.py:190} INFO - [2025-04-08T17:32:52.228+0000] {dagbag.py:588} INFO - Filling up the DagBag from /home/airflow/.local/lib/python3.12/site-packages/airflow/example_dags/example_complex.py
[2025-04-08T17:32:52.255+0000] {processor.py:925} INFO - DAG(s) 'example_complex' retrieved from /home/airflow/.local/lib/python3.12/site-packages/airflow/example_dags/example_complex.py
[2025-04-08T17:32:52.452+0000] {logging_mixin.py:190} INFO - [2025-04-08T17:32:52.451+0000] {override.py:1912} INFO - Created Permission View: can edit on DAG:example_complex
[2025-04-08T17:32:52.468+0000] {logging_mixin.py:190} INFO - [2025-04-08T17:32:52.467+0000] {override.py:1912} INFO - Created Permission View: can delete on DAG:example_complex
[2025-04-08T17:32:52.478+0000] {logging_mixin.py:190} INFO - [2025-04-08T17:32:52.478+0000] {override.py:1912} INFO - Created Permission View: can read on DAG:example_complex
[2025-04-08T17:32:52.489+0000] {logging_mixin.py:190} INFO - [2025-04-08T17:32:52.489+0000] {override.py:1912} INFO - Created Permission View: can create on DAG Run:example_complex
[2025-04-08T17:32:52.499+0000] {logging_mixin.py:190} INFO - [2025-04-08T17:32:52.499+0000] {override.py:1912} INFO - Created Permission View: can delete on DAG Run:example_complex
[2025-04-08T17:32:52.508+0000] {logging_mixin.py:190} INFO - [2025-04-08T17:32:52.508+0000] {override.py:1912} INFO - Created Permission View: menu access on DAG Run:example_complex
[2025-04-08T17:32:52.518+0000] {logging_mixin.py:190} INFO - [2025-04-08T17:32:52.518+0000] {override.py:1912} INFO - Created Permission View: can read on DAG Run:example_complex
[2025-04-08T17:32:52.519+0000] {logging_mixin.py:190} INFO - [2025-04-08T17:32:52.519+0000] {dag.py:3239} INFO - Sync 1 DAGs
[2025-04-08T17:32:52.540+0000] {logging_mixin.py:190} INFO - [2025-04-08T17:32:52.539+0000] {dag.py:3262} INFO - Creating ORM DAG for example_complex
[2025-04-08T17:32:52.541+0000] {logging_mixin.py:190} INFO - [2025-04-08T17:32:52.541+0000] {dag.py:4180} INFO - Setting next_dagrun for example_complex to None, run_after=None
[2025-04-08T17:32:52.567+0000] {processor.py:208} INFO - Processing /home/airflow/.local/lib/python3.12/site-packages/airflow/example_dags/example_complex.py took 0.355 seconds
[2025-04-08T17:33:23.260+0000] {processor.py:186} INFO - Started process (PID=163) to work on /home/airflow/.local/lib/python3.12/site-packages/airflow/example_dags/example_complex.py
[2025-04-08T17:33:23.262+0000] {processor.py:914} INFO - Processing file /home/airflow/.local/lib/python3.12/site-packages/airflow/example_dags/example_complex.py for tasks to queue
[2025-04-08T17:33:23.267+0000] {logging_mixin.py:190} INFO - [2025-04-08T17:33:23.266+0000] {dagbag.py:588} INFO - Filling up the DagBag from /home/airflow/.local/lib/python3.12/site-packages/airflow/example_dags/example_complex.py
[2025-04-08T17:33:23.294+0000] {processor.py:925} INFO - DAG(s) 'example_complex' retrieved from /home/airflow/.local/lib/python3.12/site-packages/airflow/example_dags/example_complex.py
[2025-04-08T17:33:23.399+0000] {logging_mixin.py:190} INFO - [2025-04-08T17:33:23.398+0000] {dag.py:3239} INFO - Sync 1 DAGs
[2025-04-08T17:33:23.429+0000] {logging_mixin.py:190} INFO - [2025-04-08T17:33:23.429+0000] {dag.py:4180} INFO - Setting next_dagrun for example_complex to None, run_after=None
[2025-04-08T17:33:23.462+0000] {processor.py:208} INFO - Processing /home/airflow/.local/lib/python3.12/site-packages/airflow/example_dags/example_complex.py took 0.216 seconds
[2025-04-08T17:33:53.604+0000] {processor.py:186} INFO - Started process (PID=226) to work on /home/airflow/.local/lib/python3.12/site-packages/airflow/example_dags/example_complex.py
[2025-04-08T17:33:53.606+0000] {processor.py:914} INFO - Processing file /home/airflow/.local/lib/python3.12/site-packages/airflow/example_dags/example_complex.py for tasks to queue
[2025-04-08T17:33:53.610+0000] {logging_mixin.py:190} INFO - [2025-04-08T17:33:53.610+0000] {dagbag.py:588} INFO - Filling up the DagBag from /home/airflow/.local/lib/python3.12/site-packages/airflow/example_dags/example_complex.py
[2025-04-08T17:33:53.631+0000] {processor.py:925} INFO - DAG(s) 'example_complex' retrieved from /home/airflow/.local/lib/python3.12/site-packages/airflow/example_dags/example_complex.py
[2025-04-08T17:33:53.687+0000] {logging_mixin.py:190} INFO - [2025-04-08T17:33:53.686+0000] {dag.py:3239} INFO - Sync 1 DAGs
[2025-04-08T17:33:53.710+0000] {logging_mixin.py:190} INFO - [2025-04-08T17:33:53.710+0000] {dag.py:4180} INFO - Setting next_dagrun for example_complex to None, run_after=None
[2025-04-08T17:33:53.739+0000] {processor.py:208} INFO - Processing /home/airflow/.local/lib/python3.12/site-packages/airflow/example_dags/example_complex.py took 0.147 seconds
[2025-04-08T17:34:24.910+0000] {processor.py:186} INFO - Started process (PID=289) to work on /home/airflow/.local/lib/python3.12/site-packages/airflow/example_dags/example_complex.py
[2025-04-08T17:34:24.911+0000] {processor.py:914} INFO - Processing file /home/airflow/.local/lib/python3.12/site-packages/airflow/example_dags/example_complex.py for tasks to queue
[2025-04-08T17:34:24.915+0000] {logging_mixin.py:190} INFO - [2025-04-08T17:34:24.914+0000] {dagbag.py:588} INFO - Filling up the DagBag from /home/airflow/.local/lib/python3.12/site-packages/airflow/example_dags/example_complex.py
[2025-04-08T17:34:24.936+0000] {processor.py:925} INFO - DAG(s) 'example_complex' retrieved from /home/airflow/.local/lib/python3.12/site-packages/airflow/example_dags/example_complex.py
[2025-04-08T17:34:24.991+0000] {logging_mixin.py:190} INFO - [2025-04-08T17:34:24.991+0000] {dag.py:3239} INFO - Sync 1 DAGs
[2025-04-08T17:34:25.015+0000] {logging_mixin.py:190} INFO - [2025-04-08T17:34:25.015+0000] {dag.py:4180} INFO - Setting next_dagrun for example_complex to None, run_after=None
[2025-04-08T17:34:25.043+0000] {processor.py:208} INFO - Processing /home/airflow/.local/lib/python3.12/site-packages/airflow/example_dags/example_complex.py took 0.144 seconds
[2025-04-08T17:34:56.038+0000] {processor.py:186} INFO - Started process (PID=351) to work on /home/airflow/.local/lib/python3.12/site-packages/airflow/example_dags/example_complex.py
[2025-04-08T17:34:56.040+0000] {processor.py:914} INFO - Processing file /home/airflow/.local/lib/python3.12/site-packages/airflow/example_dags/example_complex.py for tasks to queue
[2025-04-08T17:34:56.044+0000] {logging_mixin.py:190} INFO - [2025-04-08T17:34:56.043+0000] {dagbag.py:588} INFO - Filling up the DagBag from /home/airflow/.local/lib/python3.12/site-packages/airflow/example_dags/example_complex.py
[2025-04-08T17:34:56.065+0000] {processor.py:925} INFO - DAG(s) 'example_complex' retrieved from /home/airflow/.local/lib/python3.12/site-packages/airflow/example_dags/example_complex.py
[2025-04-08T17:34:56.119+0000] {logging_mixin.py:190} INFO - [2025-04-08T17:34:56.119+0000] {dag.py:3239} INFO - Sync 1 DAGs
[2025-04-08T17:34:56.142+0000] {logging_mixin.py:190} INFO - [2025-04-08T17:34:56.142+0000] {dag.py:4180} INFO - Setting next_dagrun for example_complex to None, run_after=None
[2025-04-08T17:34:56.172+0000] {processor.py:208} INFO - Processing /home/airflow/.local/lib/python3.12/site-packages/airflow/example_dags/example_complex.py took 0.144 seconds
[2025-04-08T17:35:28.188+0000] {processor.py:186} INFO - Started process (PID=420) to work on /home/airflow/.local/lib/python3.12/site-packages/airflow/example_dags/example_complex.py
[2025-04-08T17:35:28.189+0000] {processor.py:914} INFO - Processing file /home/airflow/.local/lib/python3.12/site-packages/airflow/example_dags/example_complex.py for tasks to queue
[2025-04-08T17:35:28.193+0000] {logging_mixin.py:190} INFO - [2025-04-08T17:35:28.193+0000] {dagbag.py:588} INFO - Filling up the DagBag from /home/airflow/.local/lib/python3.12/site-packages/airflow/example_dags/example_complex.py
[2025-04-08T17:35:28.218+0000] {processor.py:925} INFO - DAG(s) 'example_complex' retrieved from /home/airflow/.local/lib/python3.12/site-packages/airflow/example_dags/example_complex.py
[2025-04-08T17:35:28.286+0000] {logging_mixin.py:190} INFO - [2025-04-08T17:35:28.285+0000] {dag.py:3239} INFO - Sync 1 DAGs
[2025-04-08T17:35:28.318+0000] {logging_mixin.py:190} INFO - [2025-04-08T17:35:28.318+0000] {dag.py:4180} INFO - Setting next_dagrun for example_complex to None, run_after=None
[2025-04-08T17:35:28.357+0000] {processor.py:208} INFO - Processing /home/airflow/.local/lib/python3.12/site-packages/airflow/example_dags/example_complex.py took 0.183 seconds
