[2025-04-08T17:32:52.619+0000] {processor.py:186} INFO - Started process (PID=102) to work on /home/airflow/.local/lib/python3.12/site-packages/airflow/example_dags/example_params_ui_tutorial.py
[2025-04-08T17:32:52.621+0000] {processor.py:914} INFO - Processing file /home/airflow/.local/lib/python3.12/site-packages/airflow/example_dags/example_params_ui_tutorial.py for tasks to queue
[2025-04-08T17:32:52.625+0000] {logging_mixin.py:190} INFO - [2025-04-08T17:32:52.624+0000] {dagbag.py:588} INFO - Filling up the DagBag from /home/airflow/.local/lib/python3.12/site-packages/airflow/example_dags/example_params_ui_tutorial.py
[2025-04-08T17:32:52.645+0000] {processor.py:925} INFO - DAG(s) 'example_params_ui_tutorial' retrieved from /home/airflow/.local/lib/python3.12/site-packages/airflow/example_dags/example_params_ui_tutorial.py
[2025-04-08T17:32:52.859+0000] {logging_mixin.py:190} INFO - [2025-04-08T17:32:52.858+0000] {override.py:1912} INFO - Created Permission View: can edit on DAG:example_params_ui_tutorial
[2025-04-08T17:32:52.876+0000] {logging_mixin.py:190} INFO - [2025-04-08T17:32:52.876+0000] {override.py:1912} INFO - Created Permission View: can delete on DAG:example_params_ui_tutorial
[2025-04-08T17:32:52.887+0000] {logging_mixin.py:190} INFO - [2025-04-08T17:32:52.887+0000] {override.py:1912} INFO - Created Permission View: can read on DAG:example_params_ui_tutorial
[2025-04-08T17:32:52.897+0000] {logging_mixin.py:190} INFO - [2025-04-08T17:32:52.897+0000] {override.py:1912} INFO - Created Permission View: can create on DAG Run:example_params_ui_tutorial
[2025-04-08T17:32:52.906+0000] {logging_mixin.py:190} INFO - [2025-04-08T17:32:52.906+0000] {override.py:1912} INFO - Created Permission View: can delete on DAG Run:example_params_ui_tutorial
[2025-04-08T17:32:52.915+0000] {logging_mixin.py:190} INFO - [2025-04-08T17:32:52.914+0000] {override.py:1912} INFO - Created Permission View: menu access on DAG Run:example_params_ui_tutorial
[2025-04-08T17:32:52.924+0000] {logging_mixin.py:190} INFO - [2025-04-08T17:32:52.924+0000] {override.py:1912} INFO - Created Permission View: can read on DAG Run:example_params_ui_tutorial
[2025-04-08T17:32:52.925+0000] {logging_mixin.py:190} INFO - [2025-04-08T17:32:52.925+0000] {dag.py:3239} INFO - Sync 1 DAGs
[2025-04-08T17:32:52.945+0000] {logging_mixin.py:190} INFO - [2025-04-08T17:32:52.945+0000] {dag.py:3262} INFO - Creating ORM DAG for example_params_ui_tutorial
[2025-04-08T17:32:52.947+0000] {logging_mixin.py:190} INFO - [2025-04-08T17:32:52.946+0000] {dag.py:4180} INFO - Setting next_dagrun for example_params_ui_tutorial to None, run_after=None
[2025-04-08T17:32:52.974+0000] {processor.py:208} INFO - Processing /home/airflow/.local/lib/python3.12/site-packages/airflow/example_dags/example_params_ui_tutorial.py took 0.365 seconds
[2025-04-08T17:33:23.300+0000] {processor.py:186} INFO - Started process (PID=164) to work on /home/airflow/.local/lib/python3.12/site-packages/airflow/example_dags/example_params_ui_tutorial.py
[2025-04-08T17:33:23.301+0000] {processor.py:914} INFO - Processing file /home/airflow/.local/lib/python3.12/site-packages/airflow/example_dags/example_params_ui_tutorial.py for tasks to queue
[2025-04-08T17:33:23.307+0000] {logging_mixin.py:190} INFO - [2025-04-08T17:33:23.306+0000] {dagbag.py:588} INFO - Filling up the DagBag from /home/airflow/.local/lib/python3.12/site-packages/airflow/example_dags/example_params_ui_tutorial.py
[2025-04-08T17:33:23.329+0000] {processor.py:925} INFO - DAG(s) 'example_params_ui_tutorial' retrieved from /home/airflow/.local/lib/python3.12/site-packages/airflow/example_dags/example_params_ui_tutorial.py
[2025-04-08T17:33:23.450+0000] {logging_mixin.py:190} INFO - [2025-04-08T17:33:23.449+0000] {dag.py:3239} INFO - Sync 1 DAGs
[2025-04-08T17:33:23.477+0000] {logging_mixin.py:190} INFO - [2025-04-08T17:33:23.476+0000] {dag.py:4180} INFO - Setting next_dagrun for example_params_ui_tutorial to None, run_after=None
[2025-04-08T17:33:23.512+0000] {processor.py:208} INFO - Processing /home/airflow/.local/lib/python3.12/site-packages/airflow/example_dags/example_params_ui_tutorial.py took 0.224 seconds
[2025-04-08T17:33:53.618+0000] {processor.py:186} INFO - Started process (PID=227) to work on /home/airflow/.local/lib/python3.12/site-packages/airflow/example_dags/example_params_ui_tutorial.py
[2025-04-08T17:33:53.619+0000] {processor.py:914} INFO - Processing file /home/airflow/.local/lib/python3.12/site-packages/airflow/example_dags/example_params_ui_tutorial.py for tasks to queue
[2025-04-08T17:33:53.623+0000] {logging_mixin.py:190} INFO - [2025-04-08T17:33:53.623+0000] {dagbag.py:588} INFO - Filling up the DagBag from /home/airflow/.local/lib/python3.12/site-packages/airflow/example_dags/example_params_ui_tutorial.py
[2025-04-08T17:33:53.639+0000] {processor.py:925} INFO - DAG(s) 'example_params_ui_tutorial' retrieved from /home/airflow/.local/lib/python3.12/site-packages/airflow/example_dags/example_params_ui_tutorial.py
[2025-04-08T17:33:53.712+0000] {logging_mixin.py:190} INFO - [2025-04-08T17:33:53.711+0000] {dag.py:3239} INFO - Sync 1 DAGs
[2025-04-08T17:33:53.736+0000] {logging_mixin.py:190} INFO - [2025-04-08T17:33:53.736+0000] {dag.py:4180} INFO - Setting next_dagrun for example_params_ui_tutorial to None, run_after=None
[2025-04-08T17:33:53.767+0000] {processor.py:208} INFO - Processing /home/airflow/.local/lib/python3.12/site-packages/airflow/example_dags/example_params_ui_tutorial.py took 0.161 seconds
[2025-04-08T17:34:25.002+0000] {processor.py:186} INFO - Started process (PID=290) to work on /home/airflow/.local/lib/python3.12/site-packages/airflow/example_dags/example_params_ui_tutorial.py
[2025-04-08T17:34:25.004+0000] {processor.py:914} INFO - Processing file /home/airflow/.local/lib/python3.12/site-packages/airflow/example_dags/example_params_ui_tutorial.py for tasks to queue
[2025-04-08T17:34:25.008+0000] {logging_mixin.py:190} INFO - [2025-04-08T17:34:25.007+0000] {dagbag.py:588} INFO - Filling up the DagBag from /home/airflow/.local/lib/python3.12/site-packages/airflow/example_dags/example_params_ui_tutorial.py
[2025-04-08T17:34:25.024+0000] {processor.py:925} INFO - DAG(s) 'example_params_ui_tutorial' retrieved from /home/airflow/.local/lib/python3.12/site-packages/airflow/example_dags/example_params_ui_tutorial.py
[2025-04-08T17:34:25.099+0000] {logging_mixin.py:190} INFO - [2025-04-08T17:34:25.099+0000] {dag.py:3239} INFO - Sync 1 DAGs
[2025-04-08T17:34:25.123+0000] {logging_mixin.py:190} INFO - [2025-04-08T17:34:25.122+0000] {dag.py:4180} INFO - Setting next_dagrun for example_params_ui_tutorial to None, run_after=None
[2025-04-08T17:34:25.151+0000] {processor.py:208} INFO - Processing /home/airflow/.local/lib/python3.12/site-packages/airflow/example_dags/example_params_ui_tutorial.py took 0.158 seconds
[2025-04-08T17:34:56.128+0000] {processor.py:186} INFO - Started process (PID=352) to work on /home/airflow/.local/lib/python3.12/site-packages/airflow/example_dags/example_params_ui_tutorial.py
[2025-04-08T17:34:56.129+0000] {processor.py:914} INFO - Processing file /home/airflow/.local/lib/python3.12/site-packages/airflow/example_dags/example_params_ui_tutorial.py for tasks to queue
[2025-04-08T17:34:56.133+0000] {logging_mixin.py:190} INFO - [2025-04-08T17:34:56.133+0000] {dagbag.py:588} INFO - Filling up the DagBag from /home/airflow/.local/lib/python3.12/site-packages/airflow/example_dags/example_params_ui_tutorial.py
[2025-04-08T17:34:56.150+0000] {processor.py:925} INFO - DAG(s) 'example_params_ui_tutorial' retrieved from /home/airflow/.local/lib/python3.12/site-packages/airflow/example_dags/example_params_ui_tutorial.py
[2025-04-08T17:34:56.227+0000] {logging_mixin.py:190} INFO - [2025-04-08T17:34:56.227+0000] {dag.py:3239} INFO - Sync 1 DAGs
[2025-04-08T17:34:56.252+0000] {logging_mixin.py:190} INFO - [2025-04-08T17:34:56.252+0000] {dag.py:4180} INFO - Setting next_dagrun for example_params_ui_tutorial to None, run_after=None
[2025-04-08T17:34:56.280+0000] {processor.py:208} INFO - Processing /home/airflow/.local/lib/python3.12/site-packages/airflow/example_dags/example_params_ui_tutorial.py took 0.163 seconds
[2025-04-08T17:35:28.328+0000] {processor.py:186} INFO - Started process (PID=421) to work on /home/airflow/.local/lib/python3.12/site-packages/airflow/example_dags/example_params_ui_tutorial.py
[2025-04-08T17:35:28.330+0000] {processor.py:914} INFO - Processing file /home/airflow/.local/lib/python3.12/site-packages/airflow/example_dags/example_params_ui_tutorial.py for tasks to queue
[2025-04-08T17:35:28.334+0000] {logging_mixin.py:190} INFO - [2025-04-08T17:35:28.334+0000] {dagbag.py:588} INFO - Filling up the DagBag from /home/airflow/.local/lib/python3.12/site-packages/airflow/example_dags/example_params_ui_tutorial.py
[2025-04-08T17:35:28.356+0000] {processor.py:925} INFO - DAG(s) 'example_params_ui_tutorial' retrieved from /home/airflow/.local/lib/python3.12/site-packages/airflow/example_dags/example_params_ui_tutorial.py
[2025-04-08T17:35:28.456+0000] {logging_mixin.py:190} INFO - [2025-04-08T17:35:28.456+0000] {dag.py:3239} INFO - Sync 1 DAGs
[2025-04-08T17:35:28.491+0000] {logging_mixin.py:190} INFO - [2025-04-08T17:35:28.491+0000] {dag.py:4180} INFO - Setting next_dagrun for example_params_ui_tutorial to None, run_after=None
[2025-04-08T17:35:28.534+0000] {processor.py:208} INFO - Processing /home/airflow/.local/lib/python3.12/site-packages/airflow/example_dags/example_params_ui_tutorial.py took 0.219 seconds
