[2025-04-08T17:32:44.473+0000] {processor.py:186} INFO - Started process (PID=80) to work on /home/airflow/.local/lib/python3.12/site-packages/airflow/example_dags/example_dynamic_task_mapping.py
[2025-04-08T17:32:44.481+0000] {processor.py:914} INFO - Processing file /home/airflow/.local/lib/python3.12/site-packages/airflow/example_dags/example_dynamic_task_mapping.py for tasks to queue
[2025-04-08T17:32:44.519+0000] {logging_mixin.py:190} INFO - [2025-04-08T17:32:44.517+0000] {dagbag.py:588} INFO - Filling up the DagBag from /home/airflow/.local/lib/python3.12/site-packages/airflow/example_dags/example_dynamic_task_mapping.py
[2025-04-08T17:32:44.553+0000] {processor.py:925} INFO - DAG(s) 'example_dynamic_task_mapping' retrieved from /home/airflow/.local/lib/python3.12/site-packages/airflow/example_dags/example_dynamic_task_mapping.py
[2025-04-08T17:32:45.974+0000] {logging_mixin.py:190} INFO - [2025-04-08T17:32:45.970+0000] {override.py:1912} INFO - Created Permission View: can edit on DAG:example_dynamic_task_mapping
[2025-04-08T17:32:46.012+0000] {logging_mixin.py:190} INFO - [2025-04-08T17:32:46.011+0000] {override.py:1912} INFO - Created Permission View: can delete on DAG:example_dynamic_task_mapping
[2025-04-08T17:32:46.031+0000] {logging_mixin.py:190} INFO - [2025-04-08T17:32:46.030+0000] {override.py:1912} INFO - Created Permission View: can read on DAG:example_dynamic_task_mapping
[2025-04-08T17:32:46.072+0000] {logging_mixin.py:190} INFO - [2025-04-08T17:32:46.071+0000] {override.py:1912} INFO - Created Permission View: can create on DAG Run:example_dynamic_task_mapping
[2025-04-08T17:32:46.085+0000] {logging_mixin.py:190} INFO - [2025-04-08T17:32:46.085+0000] {override.py:1912} INFO - Created Permission View: can delete on DAG Run:example_dynamic_task_mapping
[2025-04-08T17:32:46.101+0000] {logging_mixin.py:190} INFO - [2025-04-08T17:32:46.100+0000] {override.py:1912} INFO - Created Permission View: menu access on DAG Run:example_dynamic_task_mapping
[2025-04-08T17:32:46.112+0000] {logging_mixin.py:190} INFO - [2025-04-08T17:32:46.111+0000] {override.py:1912} INFO - Created Permission View: can read on DAG Run:example_dynamic_task_mapping
[2025-04-08T17:32:46.113+0000] {logging_mixin.py:190} INFO - [2025-04-08T17:32:46.113+0000] {dag.py:3239} INFO - Sync 1 DAGs
[2025-04-08T17:32:46.140+0000] {logging_mixin.py:190} INFO - [2025-04-08T17:32:46.140+0000] {dag.py:3262} INFO - Creating ORM DAG for example_dynamic_task_mapping
[2025-04-08T17:32:46.146+0000] {logging_mixin.py:190} INFO - [2025-04-08T17:32:46.145+0000] {dag.py:4180} INFO - Setting next_dagrun for example_dynamic_task_mapping to None, run_after=None
[2025-04-08T17:32:46.181+0000] {processor.py:208} INFO - Processing /home/airflow/.local/lib/python3.12/site-packages/airflow/example_dags/example_dynamic_task_mapping.py took 1.756 seconds
[2025-04-08T17:33:16.880+0000] {processor.py:186} INFO - Started process (PID=142) to work on /home/airflow/.local/lib/python3.12/site-packages/airflow/example_dags/example_dynamic_task_mapping.py
[2025-04-08T17:33:16.882+0000] {processor.py:914} INFO - Processing file /home/airflow/.local/lib/python3.12/site-packages/airflow/example_dags/example_dynamic_task_mapping.py for tasks to queue
[2025-04-08T17:33:16.886+0000] {logging_mixin.py:190} INFO - [2025-04-08T17:33:16.885+0000] {dagbag.py:588} INFO - Filling up the DagBag from /home/airflow/.local/lib/python3.12/site-packages/airflow/example_dags/example_dynamic_task_mapping.py
[2025-04-08T17:33:16.899+0000] {processor.py:925} INFO - DAG(s) 'example_dynamic_task_mapping' retrieved from /home/airflow/.local/lib/python3.12/site-packages/airflow/example_dags/example_dynamic_task_mapping.py
[2025-04-08T17:33:16.931+0000] {logging_mixin.py:190} INFO - [2025-04-08T17:33:16.931+0000] {dag.py:3239} INFO - Sync 1 DAGs
[2025-04-08T17:33:16.955+0000] {logging_mixin.py:190} INFO - [2025-04-08T17:33:16.954+0000] {dag.py:4180} INFO - Setting next_dagrun for example_dynamic_task_mapping to None, run_after=None
[2025-04-08T17:33:16.982+0000] {processor.py:208} INFO - Processing /home/airflow/.local/lib/python3.12/site-packages/airflow/example_dags/example_dynamic_task_mapping.py took 0.111 seconds
[2025-04-08T17:33:47.569+0000] {processor.py:186} INFO - Started process (PID=205) to work on /home/airflow/.local/lib/python3.12/site-packages/airflow/example_dags/example_dynamic_task_mapping.py
[2025-04-08T17:33:47.572+0000] {processor.py:914} INFO - Processing file /home/airflow/.local/lib/python3.12/site-packages/airflow/example_dags/example_dynamic_task_mapping.py for tasks to queue
[2025-04-08T17:33:47.577+0000] {logging_mixin.py:190} INFO - [2025-04-08T17:33:47.576+0000] {dagbag.py:588} INFO - Filling up the DagBag from /home/airflow/.local/lib/python3.12/site-packages/airflow/example_dags/example_dynamic_task_mapping.py
[2025-04-08T17:33:47.590+0000] {processor.py:925} INFO - DAG(s) 'example_dynamic_task_mapping' retrieved from /home/airflow/.local/lib/python3.12/site-packages/airflow/example_dags/example_dynamic_task_mapping.py
[2025-04-08T17:33:47.622+0000] {logging_mixin.py:190} INFO - [2025-04-08T17:33:47.622+0000] {dag.py:3239} INFO - Sync 1 DAGs
[2025-04-08T17:33:47.646+0000] {logging_mixin.py:190} INFO - [2025-04-08T17:33:47.645+0000] {dag.py:4180} INFO - Setting next_dagrun for example_dynamic_task_mapping to None, run_after=None
[2025-04-08T17:33:47.673+0000] {processor.py:208} INFO - Processing /home/airflow/.local/lib/python3.12/site-packages/airflow/example_dags/example_dynamic_task_mapping.py took 0.114 seconds
[2025-04-08T17:34:18.061+0000] {processor.py:186} INFO - Started process (PID=268) to work on /home/airflow/.local/lib/python3.12/site-packages/airflow/example_dags/example_dynamic_task_mapping.py
[2025-04-08T17:34:18.063+0000] {processor.py:914} INFO - Processing file /home/airflow/.local/lib/python3.12/site-packages/airflow/example_dags/example_dynamic_task_mapping.py for tasks to queue
[2025-04-08T17:34:18.067+0000] {logging_mixin.py:190} INFO - [2025-04-08T17:34:18.066+0000] {dagbag.py:588} INFO - Filling up the DagBag from /home/airflow/.local/lib/python3.12/site-packages/airflow/example_dags/example_dynamic_task_mapping.py
[2025-04-08T17:34:18.081+0000] {processor.py:925} INFO - DAG(s) 'example_dynamic_task_mapping' retrieved from /home/airflow/.local/lib/python3.12/site-packages/airflow/example_dags/example_dynamic_task_mapping.py
[2025-04-08T17:34:18.112+0000] {logging_mixin.py:190} INFO - [2025-04-08T17:34:18.112+0000] {dag.py:3239} INFO - Sync 1 DAGs
[2025-04-08T17:34:18.135+0000] {logging_mixin.py:190} INFO - [2025-04-08T17:34:18.135+0000] {dag.py:4180} INFO - Setting next_dagrun for example_dynamic_task_mapping to None, run_after=None
[2025-04-08T17:34:18.164+0000] {processor.py:208} INFO - Processing /home/airflow/.local/lib/python3.12/site-packages/airflow/example_dags/example_dynamic_task_mapping.py took 0.113 seconds
[2025-04-08T17:34:48.578+0000] {processor.py:186} INFO - Started process (PID=330) to work on /home/airflow/.local/lib/python3.12/site-packages/airflow/example_dags/example_dynamic_task_mapping.py
[2025-04-08T17:34:48.580+0000] {processor.py:914} INFO - Processing file /home/airflow/.local/lib/python3.12/site-packages/airflow/example_dags/example_dynamic_task_mapping.py for tasks to queue
[2025-04-08T17:34:48.584+0000] {logging_mixin.py:190} INFO - [2025-04-08T17:34:48.583+0000] {dagbag.py:588} INFO - Filling up the DagBag from /home/airflow/.local/lib/python3.12/site-packages/airflow/example_dags/example_dynamic_task_mapping.py
[2025-04-08T17:34:48.598+0000] {processor.py:925} INFO - DAG(s) 'example_dynamic_task_mapping' retrieved from /home/airflow/.local/lib/python3.12/site-packages/airflow/example_dags/example_dynamic_task_mapping.py
[2025-04-08T17:34:48.630+0000] {logging_mixin.py:190} INFO - [2025-04-08T17:34:48.630+0000] {dag.py:3239} INFO - Sync 1 DAGs
[2025-04-08T17:34:48.656+0000] {logging_mixin.py:190} INFO - [2025-04-08T17:34:48.656+0000] {dag.py:4180} INFO - Setting next_dagrun for example_dynamic_task_mapping to None, run_after=None
[2025-04-08T17:34:48.685+0000] {processor.py:208} INFO - Processing /home/airflow/.local/lib/python3.12/site-packages/airflow/example_dags/example_dynamic_task_mapping.py took 0.116 seconds
[2025-04-08T17:35:19.561+0000] {processor.py:186} INFO - Started process (PID=393) to work on /home/airflow/.local/lib/python3.12/site-packages/airflow/example_dags/example_dynamic_task_mapping.py
[2025-04-08T17:35:19.564+0000] {processor.py:914} INFO - Processing file /home/airflow/.local/lib/python3.12/site-packages/airflow/example_dags/example_dynamic_task_mapping.py for tasks to queue
[2025-04-08T17:35:19.570+0000] {logging_mixin.py:190} INFO - [2025-04-08T17:35:19.569+0000] {dagbag.py:588} INFO - Filling up the DagBag from /home/airflow/.local/lib/python3.12/site-packages/airflow/example_dags/example_dynamic_task_mapping.py
[2025-04-08T17:35:19.589+0000] {processor.py:925} INFO - DAG(s) 'example_dynamic_task_mapping' retrieved from /home/airflow/.local/lib/python3.12/site-packages/airflow/example_dags/example_dynamic_task_mapping.py
[2025-04-08T17:35:19.623+0000] {logging_mixin.py:190} INFO - [2025-04-08T17:35:19.623+0000] {dag.py:3239} INFO - Sync 1 DAGs
[2025-04-08T17:35:19.648+0000] {logging_mixin.py:190} INFO - [2025-04-08T17:35:19.648+0000] {dag.py:4180} INFO - Setting next_dagrun for example_dynamic_task_mapping to None, run_after=None
[2025-04-08T17:35:19.677+0000] {processor.py:208} INFO - Processing /home/airflow/.local/lib/python3.12/site-packages/airflow/example_dags/example_dynamic_task_mapping.py took 0.132 seconds
