[2025-04-08T17:32:50.295+0000] {processor.py:186} INFO - Started process (PID=91) to work on /home/airflow/.local/lib/python3.12/site-packages/airflow/example_dags/example_trigger_target_dag.py
[2025-04-08T17:32:50.297+0000] {processor.py:914} INFO - Processing file /home/airflow/.local/lib/python3.12/site-packages/airflow/example_dags/example_trigger_target_dag.py for tasks to queue
[2025-04-08T17:32:50.303+0000] {logging_mixin.py:190} INFO - [2025-04-08T17:32:50.303+0000] {dagbag.py:588} INFO - Filling up the DagBag from /home/airflow/.local/lib/python3.12/site-packages/airflow/example_dags/example_trigger_target_dag.py
[2025-04-08T17:32:50.321+0000] {processor.py:925} INFO - DAG(s) 'example_trigger_target_dag' retrieved from /home/airflow/.local/lib/python3.12/site-packages/airflow/example_dags/example_trigger_target_dag.py
[2025-04-08T17:32:50.515+0000] {logging_mixin.py:190} INFO - [2025-04-08T17:32:50.514+0000] {override.py:1912} INFO - Created Permission View: can edit on DAG:example_trigger_target_dag
[2025-04-08T17:32:50.531+0000] {logging_mixin.py:190} INFO - [2025-04-08T17:32:50.531+0000] {override.py:1912} INFO - Created Permission View: can delete on DAG:example_trigger_target_dag
[2025-04-08T17:32:50.550+0000] {logging_mixin.py:190} INFO - [2025-04-08T17:32:50.549+0000] {override.py:1912} INFO - Created Permission View: can read on DAG:example_trigger_target_dag
[2025-04-08T17:32:50.563+0000] {logging_mixin.py:190} INFO - [2025-04-08T17:32:50.562+0000] {override.py:1912} INFO - Created Permission View: can create on DAG Run:example_trigger_target_dag
[2025-04-08T17:32:50.574+0000] {logging_mixin.py:190} INFO - [2025-04-08T17:32:50.573+0000] {override.py:1912} INFO - Created Permission View: can delete on DAG Run:example_trigger_target_dag
[2025-04-08T17:32:50.585+0000] {logging_mixin.py:190} INFO - [2025-04-08T17:32:50.584+0000] {override.py:1912} INFO - Created Permission View: menu access on DAG Run:example_trigger_target_dag
[2025-04-08T17:32:50.597+0000] {logging_mixin.py:190} INFO - [2025-04-08T17:32:50.597+0000] {override.py:1912} INFO - Created Permission View: can read on DAG Run:example_trigger_target_dag
[2025-04-08T17:32:50.598+0000] {logging_mixin.py:190} INFO - [2025-04-08T17:32:50.598+0000] {dag.py:3239} INFO - Sync 1 DAGs
[2025-04-08T17:32:50.624+0000] {logging_mixin.py:190} INFO - [2025-04-08T17:32:50.624+0000] {dag.py:3262} INFO - Creating ORM DAG for example_trigger_target_dag
[2025-04-08T17:32:50.625+0000] {logging_mixin.py:190} INFO - [2025-04-08T17:32:50.625+0000] {dag.py:4180} INFO - Setting next_dagrun for example_trigger_target_dag to None, run_after=None
[2025-04-08T17:32:50.657+0000] {processor.py:208} INFO - Processing /home/airflow/.local/lib/python3.12/site-packages/airflow/example_dags/example_trigger_target_dag.py took 0.374 seconds
[2025-04-08T17:33:21.385+0000] {processor.py:186} INFO - Started process (PID=154) to work on /home/airflow/.local/lib/python3.12/site-packages/airflow/example_dags/example_trigger_target_dag.py
[2025-04-08T17:33:21.386+0000] {processor.py:914} INFO - Processing file /home/airflow/.local/lib/python3.12/site-packages/airflow/example_dags/example_trigger_target_dag.py for tasks to queue
[2025-04-08T17:33:21.390+0000] {logging_mixin.py:190} INFO - [2025-04-08T17:33:21.390+0000] {dagbag.py:588} INFO - Filling up the DagBag from /home/airflow/.local/lib/python3.12/site-packages/airflow/example_dags/example_trigger_target_dag.py
[2025-04-08T17:33:21.405+0000] {processor.py:925} INFO - DAG(s) 'example_trigger_target_dag' retrieved from /home/airflow/.local/lib/python3.12/site-packages/airflow/example_dags/example_trigger_target_dag.py
[2025-04-08T17:33:21.441+0000] {logging_mixin.py:190} INFO - [2025-04-08T17:33:21.440+0000] {dag.py:3239} INFO - Sync 1 DAGs
[2025-04-08T17:33:21.465+0000] {logging_mixin.py:190} INFO - [2025-04-08T17:33:21.465+0000] {dag.py:4180} INFO - Setting next_dagrun for example_trigger_target_dag to None, run_after=None
[2025-04-08T17:33:21.495+0000] {processor.py:208} INFO - Processing /home/airflow/.local/lib/python3.12/site-packages/airflow/example_dags/example_trigger_target_dag.py took 0.120 seconds
[2025-04-08T17:33:52.481+0000] {processor.py:186} INFO - Started process (PID=217) to work on /home/airflow/.local/lib/python3.12/site-packages/airflow/example_dags/example_trigger_target_dag.py
[2025-04-08T17:33:52.482+0000] {processor.py:914} INFO - Processing file /home/airflow/.local/lib/python3.12/site-packages/airflow/example_dags/example_trigger_target_dag.py for tasks to queue
[2025-04-08T17:33:52.486+0000] {logging_mixin.py:190} INFO - [2025-04-08T17:33:52.485+0000] {dagbag.py:588} INFO - Filling up the DagBag from /home/airflow/.local/lib/python3.12/site-packages/airflow/example_dags/example_trigger_target_dag.py
[2025-04-08T17:33:52.498+0000] {processor.py:925} INFO - DAG(s) 'example_trigger_target_dag' retrieved from /home/airflow/.local/lib/python3.12/site-packages/airflow/example_dags/example_trigger_target_dag.py
[2025-04-08T17:33:52.532+0000] {logging_mixin.py:190} INFO - [2025-04-08T17:33:52.532+0000] {dag.py:3239} INFO - Sync 1 DAGs
[2025-04-08T17:33:52.555+0000] {logging_mixin.py:190} INFO - [2025-04-08T17:33:52.555+0000] {dag.py:4180} INFO - Setting next_dagrun for example_trigger_target_dag to None, run_after=None
[2025-04-08T17:33:52.584+0000] {processor.py:208} INFO - Processing /home/airflow/.local/lib/python3.12/site-packages/airflow/example_dags/example_trigger_target_dag.py took 0.113 seconds
[2025-04-08T17:34:23.824+0000] {processor.py:186} INFO - Started process (PID=280) to work on /home/airflow/.local/lib/python3.12/site-packages/airflow/example_dags/example_trigger_target_dag.py
[2025-04-08T17:34:23.826+0000] {processor.py:914} INFO - Processing file /home/airflow/.local/lib/python3.12/site-packages/airflow/example_dags/example_trigger_target_dag.py for tasks to queue
[2025-04-08T17:34:23.830+0000] {logging_mixin.py:190} INFO - [2025-04-08T17:34:23.829+0000] {dagbag.py:588} INFO - Filling up the DagBag from /home/airflow/.local/lib/python3.12/site-packages/airflow/example_dags/example_trigger_target_dag.py
[2025-04-08T17:34:23.843+0000] {processor.py:925} INFO - DAG(s) 'example_trigger_target_dag' retrieved from /home/airflow/.local/lib/python3.12/site-packages/airflow/example_dags/example_trigger_target_dag.py
[2025-04-08T17:34:23.875+0000] {logging_mixin.py:190} INFO - [2025-04-08T17:34:23.874+0000] {dag.py:3239} INFO - Sync 1 DAGs
[2025-04-08T17:34:23.898+0000] {logging_mixin.py:190} INFO - [2025-04-08T17:34:23.898+0000] {dag.py:4180} INFO - Setting next_dagrun for example_trigger_target_dag to None, run_after=None
[2025-04-08T17:34:23.926+0000] {processor.py:208} INFO - Processing /home/airflow/.local/lib/python3.12/site-packages/airflow/example_dags/example_trigger_target_dag.py took 0.112 seconds
[2025-04-08T17:34:54.680+0000] {processor.py:186} INFO - Started process (PID=341) to work on /home/airflow/.local/lib/python3.12/site-packages/airflow/example_dags/example_trigger_target_dag.py
[2025-04-08T17:34:54.682+0000] {processor.py:914} INFO - Processing file /home/airflow/.local/lib/python3.12/site-packages/airflow/example_dags/example_trigger_target_dag.py for tasks to queue
[2025-04-08T17:34:54.686+0000] {logging_mixin.py:190} INFO - [2025-04-08T17:34:54.685+0000] {dagbag.py:588} INFO - Filling up the DagBag from /home/airflow/.local/lib/python3.12/site-packages/airflow/example_dags/example_trigger_target_dag.py
[2025-04-08T17:34:54.699+0000] {processor.py:925} INFO - DAG(s) 'example_trigger_target_dag' retrieved from /home/airflow/.local/lib/python3.12/site-packages/airflow/example_dags/example_trigger_target_dag.py
[2025-04-08T17:34:54.730+0000] {logging_mixin.py:190} INFO - [2025-04-08T17:34:54.729+0000] {dag.py:3239} INFO - Sync 1 DAGs
[2025-04-08T17:34:54.753+0000] {logging_mixin.py:190} INFO - [2025-04-08T17:34:54.752+0000] {dag.py:4180} INFO - Setting next_dagrun for example_trigger_target_dag to None, run_after=None
[2025-04-08T17:34:54.784+0000] {processor.py:208} INFO - Processing /home/airflow/.local/lib/python3.12/site-packages/airflow/example_dags/example_trigger_target_dag.py took 0.114 seconds
[2025-04-08T17:35:26.766+0000] {processor.py:186} INFO - Started process (PID=404) to work on /home/airflow/.local/lib/python3.12/site-packages/airflow/example_dags/example_trigger_target_dag.py
[2025-04-08T17:35:26.767+0000] {processor.py:914} INFO - Processing file /home/airflow/.local/lib/python3.12/site-packages/airflow/example_dags/example_trigger_target_dag.py for tasks to queue
[2025-04-08T17:35:26.771+0000] {logging_mixin.py:190} INFO - [2025-04-08T17:35:26.771+0000] {dagbag.py:588} INFO - Filling up the DagBag from /home/airflow/.local/lib/python3.12/site-packages/airflow/example_dags/example_trigger_target_dag.py
[2025-04-08T17:35:26.786+0000] {processor.py:925} INFO - DAG(s) 'example_trigger_target_dag' retrieved from /home/airflow/.local/lib/python3.12/site-packages/airflow/example_dags/example_trigger_target_dag.py
[2025-04-08T17:35:26.824+0000] {logging_mixin.py:190} INFO - [2025-04-08T17:35:26.823+0000] {dag.py:3239} INFO - Sync 1 DAGs
[2025-04-08T17:35:26.849+0000] {logging_mixin.py:190} INFO - [2025-04-08T17:35:26.849+0000] {dag.py:4180} INFO - Setting next_dagrun for example_trigger_target_dag to None, run_after=None
[2025-04-08T17:35:26.878+0000] {processor.py:208} INFO - Processing /home/airflow/.local/lib/python3.12/site-packages/airflow/example_dags/example_trigger_target_dag.py took 0.123 seconds
