[2025-04-08T17:32:48.094+0000] {processor.py:186} INFO - Started process (PID=86) to work on /home/airflow/.local/lib/python3.12/site-packages/airflow/example_dags/example_display_name.py
[2025-04-08T17:32:48.095+0000] {processor.py:914} INFO - Processing file /home/airflow/.local/lib/python3.12/site-packages/airflow/example_dags/example_display_name.py for tasks to queue
[2025-04-08T17:32:48.100+0000] {logging_mixin.py:190} INFO - [2025-04-08T17:32:48.099+0000] {dagbag.py:588} INFO - Filling up the DagBag from /home/airflow/.local/lib/python3.12/site-packages/airflow/example_dags/example_display_name.py
[2025-04-08T17:32:48.115+0000] {processor.py:925} INFO - DAG(s) 'example_display_name' retrieved from /home/airflow/.local/lib/python3.12/site-packages/airflow/example_dags/example_display_name.py
[2025-04-08T17:32:48.294+0000] {logging_mixin.py:190} INFO - [2025-04-08T17:32:48.293+0000] {override.py:1912} INFO - Created Permission View: can edit on DAG:example_display_name
[2025-04-08T17:32:48.310+0000] {logging_mixin.py:190} INFO - [2025-04-08T17:32:48.309+0000] {override.py:1912} INFO - Created Permission View: can delete on DAG:example_display_name
[2025-04-08T17:32:48.320+0000] {logging_mixin.py:190} INFO - [2025-04-08T17:32:48.319+0000] {override.py:1912} INFO - Created Permission View: can read on DAG:example_display_name
[2025-04-08T17:32:48.329+0000] {logging_mixin.py:190} INFO - [2025-04-08T17:32:48.329+0000] {override.py:1912} INFO - Created Permission View: can create on DAG Run:example_display_name
[2025-04-08T17:32:48.338+0000] {logging_mixin.py:190} INFO - [2025-04-08T17:32:48.338+0000] {override.py:1912} INFO - Created Permission View: can delete on DAG Run:example_display_name
[2025-04-08T17:32:48.348+0000] {logging_mixin.py:190} INFO - [2025-04-08T17:32:48.347+0000] {override.py:1912} INFO - Created Permission View: menu access on DAG Run:example_display_name
[2025-04-08T17:32:48.357+0000] {logging_mixin.py:190} INFO - [2025-04-08T17:32:48.357+0000] {override.py:1912} INFO - Created Permission View: can read on DAG Run:example_display_name
[2025-04-08T17:32:48.358+0000] {logging_mixin.py:190} INFO - [2025-04-08T17:32:48.358+0000] {dag.py:3239} INFO - Sync 1 DAGs
[2025-04-08T17:32:48.379+0000] {logging_mixin.py:190} INFO - [2025-04-08T17:32:48.379+0000] {dag.py:3262} INFO - Creating ORM DAG for example_display_name
[2025-04-08T17:32:48.380+0000] {logging_mixin.py:190} INFO - [2025-04-08T17:32:48.380+0000] {dag.py:4180} INFO - Setting next_dagrun for example_display_name to None, run_after=None
[2025-04-08T17:32:48.405+0000] {processor.py:208} INFO - Processing /home/airflow/.local/lib/python3.12/site-packages/airflow/example_dags/example_display_name.py took 0.322 seconds
[2025-04-08T17:33:18.537+0000] {processor.py:186} INFO - Started process (PID=148) to work on /home/airflow/.local/lib/python3.12/site-packages/airflow/example_dags/example_display_name.py
[2025-04-08T17:33:18.539+0000] {processor.py:914} INFO - Processing file /home/airflow/.local/lib/python3.12/site-packages/airflow/example_dags/example_display_name.py for tasks to queue
[2025-04-08T17:33:18.543+0000] {logging_mixin.py:190} INFO - [2025-04-08T17:33:18.542+0000] {dagbag.py:588} INFO - Filling up the DagBag from /home/airflow/.local/lib/python3.12/site-packages/airflow/example_dags/example_display_name.py
[2025-04-08T17:33:18.556+0000] {processor.py:925} INFO - DAG(s) 'example_display_name' retrieved from /home/airflow/.local/lib/python3.12/site-packages/airflow/example_dags/example_display_name.py
[2025-04-08T17:33:18.591+0000] {logging_mixin.py:190} INFO - [2025-04-08T17:33:18.591+0000] {dag.py:3239} INFO - Sync 1 DAGs
[2025-04-08T17:33:18.616+0000] {logging_mixin.py:190} INFO - [2025-04-08T17:33:18.615+0000] {dag.py:4180} INFO - Setting next_dagrun for example_display_name to None, run_after=None
[2025-04-08T17:33:18.647+0000] {processor.py:208} INFO - Processing /home/airflow/.local/lib/python3.12/site-packages/airflow/example_dags/example_display_name.py took 0.120 seconds
[2025-04-08T17:33:48.894+0000] {processor.py:186} INFO - Started process (PID=210) to work on /home/airflow/.local/lib/python3.12/site-packages/airflow/example_dags/example_display_name.py
[2025-04-08T17:33:48.896+0000] {processor.py:914} INFO - Processing file /home/airflow/.local/lib/python3.12/site-packages/airflow/example_dags/example_display_name.py for tasks to queue
[2025-04-08T17:33:48.900+0000] {logging_mixin.py:190} INFO - [2025-04-08T17:33:48.899+0000] {dagbag.py:588} INFO - Filling up the DagBag from /home/airflow/.local/lib/python3.12/site-packages/airflow/example_dags/example_display_name.py
[2025-04-08T17:33:48.913+0000] {processor.py:925} INFO - DAG(s) 'example_display_name' retrieved from /home/airflow/.local/lib/python3.12/site-packages/airflow/example_dags/example_display_name.py
[2025-04-08T17:33:48.945+0000] {logging_mixin.py:190} INFO - [2025-04-08T17:33:48.945+0000] {dag.py:3239} INFO - Sync 1 DAGs
[2025-04-08T17:33:48.968+0000] {logging_mixin.py:190} INFO - [2025-04-08T17:33:48.968+0000] {dag.py:4180} INFO - Setting next_dagrun for example_display_name to None, run_after=None
[2025-04-08T17:33:48.997+0000] {processor.py:208} INFO - Processing /home/airflow/.local/lib/python3.12/site-packages/airflow/example_dags/example_display_name.py took 0.113 seconds
[2025-04-08T17:34:19.392+0000] {processor.py:186} INFO - Started process (PID=273) to work on /home/airflow/.local/lib/python3.12/site-packages/airflow/example_dags/example_display_name.py
[2025-04-08T17:34:19.394+0000] {processor.py:914} INFO - Processing file /home/airflow/.local/lib/python3.12/site-packages/airflow/example_dags/example_display_name.py for tasks to queue
[2025-04-08T17:34:19.398+0000] {logging_mixin.py:190} INFO - [2025-04-08T17:34:19.397+0000] {dagbag.py:588} INFO - Filling up the DagBag from /home/airflow/.local/lib/python3.12/site-packages/airflow/example_dags/example_display_name.py
[2025-04-08T17:34:19.410+0000] {processor.py:925} INFO - DAG(s) 'example_display_name' retrieved from /home/airflow/.local/lib/python3.12/site-packages/airflow/example_dags/example_display_name.py
[2025-04-08T17:34:19.442+0000] {logging_mixin.py:190} INFO - [2025-04-08T17:34:19.442+0000] {dag.py:3239} INFO - Sync 1 DAGs
[2025-04-08T17:34:19.466+0000] {logging_mixin.py:190} INFO - [2025-04-08T17:34:19.466+0000] {dag.py:4180} INFO - Setting next_dagrun for example_display_name to None, run_after=None
[2025-04-08T17:34:19.497+0000] {processor.py:208} INFO - Processing /home/airflow/.local/lib/python3.12/site-packages/airflow/example_dags/example_display_name.py took 0.114 seconds
[2025-04-08T17:34:49.925+0000] {processor.py:186} INFO - Started process (PID=335) to work on /home/airflow/.local/lib/python3.12/site-packages/airflow/example_dags/example_display_name.py
[2025-04-08T17:34:49.927+0000] {processor.py:914} INFO - Processing file /home/airflow/.local/lib/python3.12/site-packages/airflow/example_dags/example_display_name.py for tasks to queue
[2025-04-08T17:34:49.931+0000] {logging_mixin.py:190} INFO - [2025-04-08T17:34:49.930+0000] {dagbag.py:588} INFO - Filling up the DagBag from /home/airflow/.local/lib/python3.12/site-packages/airflow/example_dags/example_display_name.py
[2025-04-08T17:34:49.944+0000] {processor.py:925} INFO - DAG(s) 'example_display_name' retrieved from /home/airflow/.local/lib/python3.12/site-packages/airflow/example_dags/example_display_name.py
[2025-04-08T17:34:49.978+0000] {logging_mixin.py:190} INFO - [2025-04-08T17:34:49.978+0000] {dag.py:3239} INFO - Sync 1 DAGs
[2025-04-08T17:34:50.004+0000] {logging_mixin.py:190} INFO - [2025-04-08T17:34:50.003+0000] {dag.py:4180} INFO - Setting next_dagrun for example_display_name to None, run_after=None
[2025-04-08T17:34:50.036+0000] {processor.py:208} INFO - Processing /home/airflow/.local/lib/python3.12/site-packages/airflow/example_dags/example_display_name.py took 0.121 seconds
[2025-04-08T17:35:21.078+0000] {processor.py:186} INFO - Started process (PID=398) to work on /home/airflow/.local/lib/python3.12/site-packages/airflow/example_dags/example_display_name.py
[2025-04-08T17:35:21.079+0000] {processor.py:914} INFO - Processing file /home/airflow/.local/lib/python3.12/site-packages/airflow/example_dags/example_display_name.py for tasks to queue
[2025-04-08T17:35:21.084+0000] {logging_mixin.py:190} INFO - [2025-04-08T17:35:21.084+0000] {dagbag.py:588} INFO - Filling up the DagBag from /home/airflow/.local/lib/python3.12/site-packages/airflow/example_dags/example_display_name.py
[2025-04-08T17:35:21.105+0000] {processor.py:925} INFO - DAG(s) 'example_display_name' retrieved from /home/airflow/.local/lib/python3.12/site-packages/airflow/example_dags/example_display_name.py
[2025-04-08T17:35:21.145+0000] {logging_mixin.py:190} INFO - [2025-04-08T17:35:21.145+0000] {dag.py:3239} INFO - Sync 1 DAGs
[2025-04-08T17:35:21.175+0000] {logging_mixin.py:190} INFO - [2025-04-08T17:35:21.175+0000] {dag.py:4180} INFO - Setting next_dagrun for example_display_name to None, run_after=None
[2025-04-08T17:35:21.210+0000] {processor.py:208} INFO - Processing /home/airflow/.local/lib/python3.12/site-packages/airflow/example_dags/example_display_name.py took 0.145 seconds
