[2025-04-08T17:32:49.789+0000] {processor.py:186} INFO - Started process (PID=89) to work on /home/airflow/.local/lib/python3.12/site-packages/airflow/example_dags/example_sla_dag.py
[2025-04-08T17:32:49.791+0000] {processor.py:914} INFO - Processing file /home/airflow/.local/lib/python3.12/site-packages/airflow/example_dags/example_sla_dag.py for tasks to queue
[2025-04-08T17:32:49.801+0000] {logging_mixin.py:190} INFO - [2025-04-08T17:32:49.800+0000] {dagbag.py:588} INFO - Filling up the DagBag from /home/airflow/.local/lib/python3.12/site-packages/airflow/example_dags/example_sla_dag.py
[2025-04-08T17:32:49.837+0000] {processor.py:925} INFO - DAG(s) 'example_sla_dag' retrieved from /home/airflow/.local/lib/python3.12/site-packages/airflow/example_dags/example_sla_dag.py
[2025-04-08T17:32:50.094+0000] {logging_mixin.py:190} INFO - [2025-04-08T17:32:50.093+0000] {override.py:1912} INFO - Created Permission View: can edit on DAG:example_sla_dag
[2025-04-08T17:32:50.117+0000] {logging_mixin.py:190} INFO - [2025-04-08T17:32:50.116+0000] {override.py:1912} INFO - Created Permission View: can delete on DAG:example_sla_dag
[2025-04-08T17:32:50.131+0000] {logging_mixin.py:190} INFO - [2025-04-08T17:32:50.130+0000] {override.py:1912} INFO - Created Permission View: can read on DAG:example_sla_dag
[2025-04-08T17:32:50.144+0000] {logging_mixin.py:190} INFO - [2025-04-08T17:32:50.144+0000] {override.py:1912} INFO - Created Permission View: can create on DAG Run:example_sla_dag
[2025-04-08T17:32:50.156+0000] {logging_mixin.py:190} INFO - [2025-04-08T17:32:50.156+0000] {override.py:1912} INFO - Created Permission View: can delete on DAG Run:example_sla_dag
[2025-04-08T17:32:50.167+0000] {logging_mixin.py:190} INFO - [2025-04-08T17:32:50.166+0000] {override.py:1912} INFO - Created Permission View: menu access on DAG Run:example_sla_dag
[2025-04-08T17:32:50.177+0000] {logging_mixin.py:190} INFO - [2025-04-08T17:32:50.177+0000] {override.py:1912} INFO - Created Permission View: can read on DAG Run:example_sla_dag
[2025-04-08T17:32:50.178+0000] {logging_mixin.py:190} INFO - [2025-04-08T17:32:50.178+0000] {dag.py:3239} INFO - Sync 1 DAGs
[2025-04-08T17:32:50.201+0000] {logging_mixin.py:190} INFO - [2025-04-08T17:32:50.201+0000] {dag.py:3262} INFO - Creating ORM DAG for example_sla_dag
[2025-04-08T17:32:50.223+0000] {logging_mixin.py:190} INFO - [2025-04-08T17:32:50.222+0000] {dag.py:4180} INFO - Setting next_dagrun for example_sla_dag to 2025-04-08 17:30:00+00:00, run_after=2025-04-08 17:32:00+00:00
[2025-04-08T17:32:50.248+0000] {processor.py:208} INFO - Processing /home/airflow/.local/lib/python3.12/site-packages/airflow/example_dags/example_sla_dag.py took 0.476 seconds
[2025-04-08T17:33:21.114+0000] {processor.py:186} INFO - Started process (PID=152) to work on /home/airflow/.local/lib/python3.12/site-packages/airflow/example_dags/example_sla_dag.py
[2025-04-08T17:33:21.116+0000] {processor.py:914} INFO - Processing file /home/airflow/.local/lib/python3.12/site-packages/airflow/example_dags/example_sla_dag.py for tasks to queue
[2025-04-08T17:33:21.120+0000] {logging_mixin.py:190} INFO - [2025-04-08T17:33:21.120+0000] {dagbag.py:588} INFO - Filling up the DagBag from /home/airflow/.local/lib/python3.12/site-packages/airflow/example_dags/example_sla_dag.py
[2025-04-08T17:33:21.137+0000] {processor.py:925} INFO - DAG(s) 'example_sla_dag' retrieved from /home/airflow/.local/lib/python3.12/site-packages/airflow/example_dags/example_sla_dag.py
[2025-04-08T17:33:21.169+0000] {logging_mixin.py:190} INFO - [2025-04-08T17:33:21.169+0000] {dag.py:3239} INFO - Sync 1 DAGs
[2025-04-08T17:33:21.210+0000] {logging_mixin.py:190} INFO - [2025-04-08T17:33:21.209+0000] {dag.py:4180} INFO - Setting next_dagrun for example_sla_dag to 2025-04-08 17:30:00+00:00, run_after=2025-04-08 17:32:00+00:00
[2025-04-08T17:33:21.238+0000] {processor.py:208} INFO - Processing /home/airflow/.local/lib/python3.12/site-packages/airflow/example_dags/example_sla_dag.py took 0.134 seconds
[2025-04-08T17:33:52.157+0000] {processor.py:186} INFO - Started process (PID=215) to work on /home/airflow/.local/lib/python3.12/site-packages/airflow/example_dags/example_sla_dag.py
[2025-04-08T17:33:52.158+0000] {processor.py:914} INFO - Processing file /home/airflow/.local/lib/python3.12/site-packages/airflow/example_dags/example_sla_dag.py for tasks to queue
[2025-04-08T17:33:52.162+0000] {logging_mixin.py:190} INFO - [2025-04-08T17:33:52.162+0000] {dagbag.py:588} INFO - Filling up the DagBag from /home/airflow/.local/lib/python3.12/site-packages/airflow/example_dags/example_sla_dag.py
[2025-04-08T17:33:52.179+0000] {processor.py:925} INFO - DAG(s) 'example_sla_dag' retrieved from /home/airflow/.local/lib/python3.12/site-packages/airflow/example_dags/example_sla_dag.py
[2025-04-08T17:33:52.211+0000] {logging_mixin.py:190} INFO - [2025-04-08T17:33:52.211+0000] {dag.py:3239} INFO - Sync 1 DAGs
[2025-04-08T17:33:52.252+0000] {logging_mixin.py:190} INFO - [2025-04-08T17:33:52.252+0000] {dag.py:4180} INFO - Setting next_dagrun for example_sla_dag to 2025-04-08 17:30:00+00:00, run_after=2025-04-08 17:32:00+00:00
[2025-04-08T17:33:52.280+0000] {processor.py:208} INFO - Processing /home/airflow/.local/lib/python3.12/site-packages/airflow/example_dags/example_sla_dag.py took 0.137 seconds
[2025-04-08T17:34:23.522+0000] {processor.py:186} INFO - Started process (PID=277) to work on /home/airflow/.local/lib/python3.12/site-packages/airflow/example_dags/example_sla_dag.py
[2025-04-08T17:34:23.523+0000] {processor.py:914} INFO - Processing file /home/airflow/.local/lib/python3.12/site-packages/airflow/example_dags/example_sla_dag.py for tasks to queue
[2025-04-08T17:34:23.527+0000] {logging_mixin.py:190} INFO - [2025-04-08T17:34:23.526+0000] {dagbag.py:588} INFO - Filling up the DagBag from /home/airflow/.local/lib/python3.12/site-packages/airflow/example_dags/example_sla_dag.py
[2025-04-08T17:34:23.544+0000] {processor.py:925} INFO - DAG(s) 'example_sla_dag' retrieved from /home/airflow/.local/lib/python3.12/site-packages/airflow/example_dags/example_sla_dag.py
[2025-04-08T17:34:23.575+0000] {logging_mixin.py:190} INFO - [2025-04-08T17:34:23.575+0000] {dag.py:3239} INFO - Sync 1 DAGs
[2025-04-08T17:34:23.616+0000] {logging_mixin.py:190} INFO - [2025-04-08T17:34:23.615+0000] {dag.py:4180} INFO - Setting next_dagrun for example_sla_dag to 2025-04-08 17:32:00+00:00, run_after=2025-04-08 17:34:00+00:00
[2025-04-08T17:34:23.642+0000] {processor.py:208} INFO - Processing /home/airflow/.local/lib/python3.12/site-packages/airflow/example_dags/example_sla_dag.py took 0.131 seconds
[2025-04-08T17:34:54.367+0000] {processor.py:186} INFO - Started process (PID=339) to work on /home/airflow/.local/lib/python3.12/site-packages/airflow/example_dags/example_sla_dag.py
[2025-04-08T17:34:54.368+0000] {processor.py:914} INFO - Processing file /home/airflow/.local/lib/python3.12/site-packages/airflow/example_dags/example_sla_dag.py for tasks to queue
[2025-04-08T17:34:54.372+0000] {logging_mixin.py:190} INFO - [2025-04-08T17:34:54.372+0000] {dagbag.py:588} INFO - Filling up the DagBag from /home/airflow/.local/lib/python3.12/site-packages/airflow/example_dags/example_sla_dag.py
[2025-04-08T17:34:54.389+0000] {processor.py:925} INFO - DAG(s) 'example_sla_dag' retrieved from /home/airflow/.local/lib/python3.12/site-packages/airflow/example_dags/example_sla_dag.py
[2025-04-08T17:34:54.420+0000] {logging_mixin.py:190} INFO - [2025-04-08T17:34:54.419+0000] {dag.py:3239} INFO - Sync 1 DAGs
[2025-04-08T17:34:54.460+0000] {logging_mixin.py:190} INFO - [2025-04-08T17:34:54.459+0000] {dag.py:4180} INFO - Setting next_dagrun for example_sla_dag to 2025-04-08 17:32:00+00:00, run_after=2025-04-08 17:34:00+00:00
[2025-04-08T17:34:54.487+0000] {processor.py:208} INFO - Processing /home/airflow/.local/lib/python3.12/site-packages/airflow/example_dags/example_sla_dag.py took 0.131 seconds
[2025-04-08T17:35:26.497+0000] {processor.py:186} INFO - Started process (PID=402) to work on /home/airflow/.local/lib/python3.12/site-packages/airflow/example_dags/example_sla_dag.py
[2025-04-08T17:35:26.499+0000] {processor.py:914} INFO - Processing file /home/airflow/.local/lib/python3.12/site-packages/airflow/example_dags/example_sla_dag.py for tasks to queue
[2025-04-08T17:35:26.503+0000] {logging_mixin.py:190} INFO - [2025-04-08T17:35:26.503+0000] {dagbag.py:588} INFO - Filling up the DagBag from /home/airflow/.local/lib/python3.12/site-packages/airflow/example_dags/example_sla_dag.py
[2025-04-08T17:35:26.520+0000] {processor.py:925} INFO - DAG(s) 'example_sla_dag' retrieved from /home/airflow/.local/lib/python3.12/site-packages/airflow/example_dags/example_sla_dag.py
[2025-04-08T17:35:26.554+0000] {logging_mixin.py:190} INFO - [2025-04-08T17:35:26.553+0000] {dag.py:3239} INFO - Sync 1 DAGs
[2025-04-08T17:35:26.596+0000] {logging_mixin.py:190} INFO - [2025-04-08T17:35:26.596+0000] {dag.py:4180} INFO - Setting next_dagrun for example_sla_dag to 2025-04-08 17:32:00+00:00, run_after=2025-04-08 17:34:00+00:00
[2025-04-08T17:35:26.624+0000] {processor.py:208} INFO - Processing /home/airflow/.local/lib/python3.12/site-packages/airflow/example_dags/example_sla_dag.py took 0.140 seconds
