[2025-04-08T17:32:42.925+0000] {processor.py:186} INFO - Started process (PID=77) to work on /home/airflow/.local/lib/python3.12/site-packages/airflow/example_dags/example_latest_only.py
[2025-04-08T17:32:42.929+0000] {processor.py:914} INFO - Processing file /home/airflow/.local/lib/python3.12/site-packages/airflow/example_dags/example_latest_only.py for tasks to queue
[2025-04-08T17:32:42.937+0000] {logging_mixin.py:190} INFO - [2025-04-08T17:32:42.936+0000] {dagbag.py:588} INFO - Filling up the DagBag from /home/airflow/.local/lib/python3.12/site-packages/airflow/example_dags/example_latest_only.py
[2025-04-08T17:32:42.960+0000] {processor.py:925} INFO - DAG(s) 'latest_only' retrieved from /home/airflow/.local/lib/python3.12/site-packages/airflow/example_dags/example_latest_only.py
[2025-04-08T17:32:43.207+0000] {logging_mixin.py:190} INFO - [2025-04-08T17:32:43.206+0000] {override.py:1912} INFO - Created Permission View: can edit on DAG:latest_only
[2025-04-08T17:32:43.222+0000] {logging_mixin.py:190} INFO - [2025-04-08T17:32:43.221+0000] {override.py:1912} INFO - Created Permission View: can delete on DAG:latest_only
[2025-04-08T17:32:43.232+0000] {logging_mixin.py:190} INFO - [2025-04-08T17:32:43.231+0000] {override.py:1912} INFO - Created Permission View: can read on DAG:latest_only
[2025-04-08T17:32:43.241+0000] {logging_mixin.py:190} INFO - [2025-04-08T17:32:43.241+0000] {override.py:1912} INFO - Created Permission View: can create on DAG Run:latest_only
[2025-04-08T17:32:43.251+0000] {logging_mixin.py:190} INFO - [2025-04-08T17:32:43.250+0000] {override.py:1912} INFO - Created Permission View: can delete on DAG Run:latest_only
[2025-04-08T17:32:43.260+0000] {logging_mixin.py:190} INFO - [2025-04-08T17:32:43.260+0000] {override.py:1912} INFO - Created Permission View: menu access on DAG Run:latest_only
[2025-04-08T17:32:43.270+0000] {logging_mixin.py:190} INFO - [2025-04-08T17:32:43.270+0000] {override.py:1912} INFO - Created Permission View: can read on DAG Run:latest_only
[2025-04-08T17:32:43.271+0000] {logging_mixin.py:190} INFO - [2025-04-08T17:32:43.271+0000] {dag.py:3239} INFO - Sync 1 DAGs
[2025-04-08T17:32:43.295+0000] {logging_mixin.py:190} INFO - [2025-04-08T17:32:43.295+0000] {dag.py:3262} INFO - Creating ORM DAG for latest_only
[2025-04-08T17:32:43.315+0000] {logging_mixin.py:190} INFO - [2025-04-08T17:32:43.314+0000] {dag.py:4180} INFO - Setting next_dagrun for latest_only to 2025-04-08 12:00:00+00:00, run_after=2025-04-08 16:00:00+00:00
[2025-04-08T17:32:43.344+0000] {processor.py:208} INFO - Processing /home/airflow/.local/lib/python3.12/site-packages/airflow/example_dags/example_latest_only.py took 0.435 seconds
[2025-04-08T17:33:13.618+0000] {processor.py:186} INFO - Started process (PID=139) to work on /home/airflow/.local/lib/python3.12/site-packages/airflow/example_dags/example_latest_only.py
[2025-04-08T17:33:13.619+0000] {processor.py:914} INFO - Processing file /home/airflow/.local/lib/python3.12/site-packages/airflow/example_dags/example_latest_only.py for tasks to queue
[2025-04-08T17:33:13.624+0000] {logging_mixin.py:190} INFO - [2025-04-08T17:33:13.623+0000] {dagbag.py:588} INFO - Filling up the DagBag from /home/airflow/.local/lib/python3.12/site-packages/airflow/example_dags/example_latest_only.py
[2025-04-08T17:33:13.637+0000] {processor.py:925} INFO - DAG(s) 'latest_only' retrieved from /home/airflow/.local/lib/python3.12/site-packages/airflow/example_dags/example_latest_only.py
[2025-04-08T17:33:13.674+0000] {logging_mixin.py:190} INFO - [2025-04-08T17:33:13.674+0000] {dag.py:3239} INFO - Sync 1 DAGs
[2025-04-08T17:33:13.712+0000] {logging_mixin.py:190} INFO - [2025-04-08T17:33:13.712+0000] {dag.py:4180} INFO - Setting next_dagrun for latest_only to 2025-04-08 12:00:00+00:00, run_after=2025-04-08 16:00:00+00:00
[2025-04-08T17:33:13.740+0000] {processor.py:208} INFO - Processing /home/airflow/.local/lib/python3.12/site-packages/airflow/example_dags/example_latest_only.py took 0.135 seconds
[2025-04-08T17:33:44.288+0000] {processor.py:186} INFO - Started process (PID=202) to work on /home/airflow/.local/lib/python3.12/site-packages/airflow/example_dags/example_latest_only.py
[2025-04-08T17:33:44.290+0000] {processor.py:914} INFO - Processing file /home/airflow/.local/lib/python3.12/site-packages/airflow/example_dags/example_latest_only.py for tasks to queue
[2025-04-08T17:33:44.294+0000] {logging_mixin.py:190} INFO - [2025-04-08T17:33:44.293+0000] {dagbag.py:588} INFO - Filling up the DagBag from /home/airflow/.local/lib/python3.12/site-packages/airflow/example_dags/example_latest_only.py
[2025-04-08T17:33:44.306+0000] {processor.py:925} INFO - DAG(s) 'latest_only' retrieved from /home/airflow/.local/lib/python3.12/site-packages/airflow/example_dags/example_latest_only.py
[2025-04-08T17:33:44.342+0000] {logging_mixin.py:190} INFO - [2025-04-08T17:33:44.340+0000] {dag.py:3239} INFO - Sync 1 DAGs
[2025-04-08T17:33:44.378+0000] {logging_mixin.py:190} INFO - [2025-04-08T17:33:44.378+0000] {dag.py:4180} INFO - Setting next_dagrun for latest_only to 2025-04-08 12:00:00+00:00, run_after=2025-04-08 16:00:00+00:00
[2025-04-08T17:33:44.425+0000] {processor.py:208} INFO - Processing /home/airflow/.local/lib/python3.12/site-packages/airflow/example_dags/example_latest_only.py took 0.147 seconds
[2025-04-08T17:34:14.814+0000] {processor.py:186} INFO - Started process (PID=265) to work on /home/airflow/.local/lib/python3.12/site-packages/airflow/example_dags/example_latest_only.py
[2025-04-08T17:34:14.815+0000] {processor.py:914} INFO - Processing file /home/airflow/.local/lib/python3.12/site-packages/airflow/example_dags/example_latest_only.py for tasks to queue
[2025-04-08T17:34:14.820+0000] {logging_mixin.py:190} INFO - [2025-04-08T17:34:14.819+0000] {dagbag.py:588} INFO - Filling up the DagBag from /home/airflow/.local/lib/python3.12/site-packages/airflow/example_dags/example_latest_only.py
[2025-04-08T17:34:14.831+0000] {processor.py:925} INFO - DAG(s) 'latest_only' retrieved from /home/airflow/.local/lib/python3.12/site-packages/airflow/example_dags/example_latest_only.py
[2025-04-08T17:34:14.862+0000] {logging_mixin.py:190} INFO - [2025-04-08T17:34:14.862+0000] {dag.py:3239} INFO - Sync 1 DAGs
[2025-04-08T17:34:14.899+0000] {logging_mixin.py:190} INFO - [2025-04-08T17:34:14.898+0000] {dag.py:4180} INFO - Setting next_dagrun for latest_only to 2025-04-08 12:00:00+00:00, run_after=2025-04-08 16:00:00+00:00
[2025-04-08T17:34:14.926+0000] {processor.py:208} INFO - Processing /home/airflow/.local/lib/python3.12/site-packages/airflow/example_dags/example_latest_only.py took 0.122 seconds
[2025-04-08T17:34:45.339+0000] {processor.py:186} INFO - Started process (PID=327) to work on /home/airflow/.local/lib/python3.12/site-packages/airflow/example_dags/example_latest_only.py
[2025-04-08T17:34:45.340+0000] {processor.py:914} INFO - Processing file /home/airflow/.local/lib/python3.12/site-packages/airflow/example_dags/example_latest_only.py for tasks to queue
[2025-04-08T17:34:45.345+0000] {logging_mixin.py:190} INFO - [2025-04-08T17:34:45.344+0000] {dagbag.py:588} INFO - Filling up the DagBag from /home/airflow/.local/lib/python3.12/site-packages/airflow/example_dags/example_latest_only.py
[2025-04-08T17:34:45.356+0000] {processor.py:925} INFO - DAG(s) 'latest_only' retrieved from /home/airflow/.local/lib/python3.12/site-packages/airflow/example_dags/example_latest_only.py
[2025-04-08T17:34:45.391+0000] {logging_mixin.py:190} INFO - [2025-04-08T17:34:45.390+0000] {dag.py:3239} INFO - Sync 1 DAGs
[2025-04-08T17:34:45.427+0000] {logging_mixin.py:190} INFO - [2025-04-08T17:34:45.427+0000] {dag.py:4180} INFO - Setting next_dagrun for latest_only to 2025-04-08 12:00:00+00:00, run_after=2025-04-08 16:00:00+00:00
[2025-04-08T17:34:45.455+0000] {processor.py:208} INFO - Processing /home/airflow/.local/lib/python3.12/site-packages/airflow/example_dags/example_latest_only.py took 0.125 seconds
[2025-04-08T17:35:16.249+0000] {processor.py:186} INFO - Started process (PID=390) to work on /home/airflow/.local/lib/python3.12/site-packages/airflow/example_dags/example_latest_only.py
[2025-04-08T17:35:16.251+0000] {processor.py:914} INFO - Processing file /home/airflow/.local/lib/python3.12/site-packages/airflow/example_dags/example_latest_only.py for tasks to queue
[2025-04-08T17:35:16.255+0000] {logging_mixin.py:190} INFO - [2025-04-08T17:35:16.254+0000] {dagbag.py:588} INFO - Filling up the DagBag from /home/airflow/.local/lib/python3.12/site-packages/airflow/example_dags/example_latest_only.py
[2025-04-08T17:35:16.267+0000] {processor.py:925} INFO - DAG(s) 'latest_only' retrieved from /home/airflow/.local/lib/python3.12/site-packages/airflow/example_dags/example_latest_only.py
[2025-04-08T17:35:16.298+0000] {logging_mixin.py:190} INFO - [2025-04-08T17:35:16.297+0000] {dag.py:3239} INFO - Sync 1 DAGs
[2025-04-08T17:35:16.336+0000] {logging_mixin.py:190} INFO - [2025-04-08T17:35:16.336+0000] {dag.py:4180} INFO - Setting next_dagrun for latest_only to 2025-04-08 12:00:00+00:00, run_after=2025-04-08 16:00:00+00:00
[2025-04-08T17:35:16.365+0000] {processor.py:208} INFO - Processing /home/airflow/.local/lib/python3.12/site-packages/airflow/example_dags/example_latest_only.py took 0.127 seconds
