[2025-04-08T17:32:41.731+0000] {processor.py:186} INFO - Started process (PID=74) to work on /home/airflow/.local/lib/python3.12/site-packages/airflow/example_dags/example_workday_timetable.py
[2025-04-08T17:32:41.734+0000] {processor.py:914} INFO - Processing file /home/airflow/.local/lib/python3.12/site-packages/airflow/example_dags/example_workday_timetable.py for tasks to queue
[2025-04-08T17:32:41.740+0000] {logging_mixin.py:190} INFO - [2025-04-08T17:32:41.740+0000] {dagbag.py:588} INFO - Filling up the DagBag from /home/airflow/.local/lib/python3.12/site-packages/airflow/example_dags/example_workday_timetable.py
[2025-04-08T17:32:41.762+0000] {processor.py:925} INFO - DAG(s) 'example_workday_timetable' retrieved from /home/airflow/.local/lib/python3.12/site-packages/airflow/example_dags/example_workday_timetable.py
[2025-04-08T17:32:42.013+0000] {logging_mixin.py:190} INFO - [2025-04-08T17:32:42.012+0000] {override.py:1912} INFO - Created Permission View: can edit on DAG:example_workday_timetable
[2025-04-08T17:32:42.033+0000] {logging_mixin.py:190} INFO - [2025-04-08T17:32:42.033+0000] {override.py:1912} INFO - Created Permission View: can delete on DAG:example_workday_timetable
[2025-04-08T17:32:42.045+0000] {logging_mixin.py:190} INFO - [2025-04-08T17:32:42.044+0000] {override.py:1912} INFO - Created Permission View: can read on DAG:example_workday_timetable
[2025-04-08T17:32:42.058+0000] {logging_mixin.py:190} INFO - [2025-04-08T17:32:42.057+0000] {override.py:1912} INFO - Created Permission View: can create on DAG Run:example_workday_timetable
[2025-04-08T17:32:42.070+0000] {logging_mixin.py:190} INFO - [2025-04-08T17:32:42.069+0000] {override.py:1912} INFO - Created Permission View: can delete on DAG Run:example_workday_timetable
[2025-04-08T17:32:42.082+0000] {logging_mixin.py:190} INFO - [2025-04-08T17:32:42.082+0000] {override.py:1912} INFO - Created Permission View: menu access on DAG Run:example_workday_timetable
[2025-04-08T17:32:42.095+0000] {logging_mixin.py:190} INFO - [2025-04-08T17:32:42.095+0000] {override.py:1912} INFO - Created Permission View: can read on DAG Run:example_workday_timetable
[2025-04-08T17:32:42.097+0000] {logging_mixin.py:190} INFO - [2025-04-08T17:32:42.096+0000] {dag.py:3239} INFO - Sync 1 DAGs
[2025-04-08T17:32:42.132+0000] {logging_mixin.py:190} INFO - [2025-04-08T17:32:42.132+0000] {dag.py:3262} INFO - Creating ORM DAG for example_workday_timetable
[2025-04-08T17:32:42.253+0000] {logging_mixin.py:190} INFO - [2025-04-08T17:32:42.253+0000] {dag.py:4180} INFO - Setting next_dagrun for example_workday_timetable to 2021-01-04 00:00:00+00:00, run_after=2021-01-05 00:00:00+00:00
[2025-04-08T17:32:42.291+0000] {processor.py:208} INFO - Processing /home/airflow/.local/lib/python3.12/site-packages/airflow/example_dags/example_workday_timetable.py took 0.580 seconds
[2025-04-08T17:33:12.433+0000] {processor.py:186} INFO - Started process (PID=137) to work on /home/airflow/.local/lib/python3.12/site-packages/airflow/example_dags/example_workday_timetable.py
[2025-04-08T17:33:12.434+0000] {processor.py:914} INFO - Processing file /home/airflow/.local/lib/python3.12/site-packages/airflow/example_dags/example_workday_timetable.py for tasks to queue
[2025-04-08T17:33:12.438+0000] {logging_mixin.py:190} INFO - [2025-04-08T17:33:12.438+0000] {dagbag.py:588} INFO - Filling up the DagBag from /home/airflow/.local/lib/python3.12/site-packages/airflow/example_dags/example_workday_timetable.py
[2025-04-08T17:33:12.449+0000] {processor.py:925} INFO - DAG(s) 'example_workday_timetable' retrieved from /home/airflow/.local/lib/python3.12/site-packages/airflow/example_dags/example_workday_timetable.py
[2025-04-08T17:33:12.488+0000] {logging_mixin.py:190} INFO - [2025-04-08T17:33:12.487+0000] {dag.py:3239} INFO - Sync 1 DAGs
[2025-04-08T17:33:12.601+0000] {logging_mixin.py:190} INFO - [2025-04-08T17:33:12.601+0000] {dag.py:4180} INFO - Setting next_dagrun for example_workday_timetable to 2021-01-04 00:00:00+00:00, run_after=2021-01-05 00:00:00+00:00
[2025-04-08T17:33:12.630+0000] {processor.py:208} INFO - Processing /home/airflow/.local/lib/python3.12/site-packages/airflow/example_dags/example_workday_timetable.py took 0.210 seconds
[2025-04-08T17:33:43.052+0000] {processor.py:186} INFO - Started process (PID=200) to work on /home/airflow/.local/lib/python3.12/site-packages/airflow/example_dags/example_workday_timetable.py
[2025-04-08T17:33:43.053+0000] {processor.py:914} INFO - Processing file /home/airflow/.local/lib/python3.12/site-packages/airflow/example_dags/example_workday_timetable.py for tasks to queue
[2025-04-08T17:33:43.058+0000] {logging_mixin.py:190} INFO - [2025-04-08T17:33:43.058+0000] {dagbag.py:588} INFO - Filling up the DagBag from /home/airflow/.local/lib/python3.12/site-packages/airflow/example_dags/example_workday_timetable.py
[2025-04-08T17:33:43.068+0000] {processor.py:925} INFO - DAG(s) 'example_workday_timetable' retrieved from /home/airflow/.local/lib/python3.12/site-packages/airflow/example_dags/example_workday_timetable.py
[2025-04-08T17:33:43.100+0000] {logging_mixin.py:190} INFO - [2025-04-08T17:33:43.100+0000] {dag.py:3239} INFO - Sync 1 DAGs
[2025-04-08T17:33:43.206+0000] {logging_mixin.py:190} INFO - [2025-04-08T17:33:43.205+0000] {dag.py:4180} INFO - Setting next_dagrun for example_workday_timetable to 2021-01-04 00:00:00+00:00, run_after=2021-01-05 00:00:00+00:00
[2025-04-08T17:33:43.235+0000] {processor.py:208} INFO - Processing /home/airflow/.local/lib/python3.12/site-packages/airflow/example_dags/example_workday_timetable.py took 0.193 seconds
[2025-04-08T17:34:13.649+0000] {processor.py:186} INFO - Started process (PID=263) to work on /home/airflow/.local/lib/python3.12/site-packages/airflow/example_dags/example_workday_timetable.py
[2025-04-08T17:34:13.650+0000] {processor.py:914} INFO - Processing file /home/airflow/.local/lib/python3.12/site-packages/airflow/example_dags/example_workday_timetable.py for tasks to queue
[2025-04-08T17:34:13.654+0000] {logging_mixin.py:190} INFO - [2025-04-08T17:34:13.654+0000] {dagbag.py:588} INFO - Filling up the DagBag from /home/airflow/.local/lib/python3.12/site-packages/airflow/example_dags/example_workday_timetable.py
[2025-04-08T17:34:13.664+0000] {processor.py:925} INFO - DAG(s) 'example_workday_timetable' retrieved from /home/airflow/.local/lib/python3.12/site-packages/airflow/example_dags/example_workday_timetable.py
[2025-04-08T17:34:13.695+0000] {logging_mixin.py:190} INFO - [2025-04-08T17:34:13.695+0000] {dag.py:3239} INFO - Sync 1 DAGs
[2025-04-08T17:34:13.794+0000] {logging_mixin.py:190} INFO - [2025-04-08T17:34:13.794+0000] {dag.py:4180} INFO - Setting next_dagrun for example_workday_timetable to 2021-01-04 00:00:00+00:00, run_after=2021-01-05 00:00:00+00:00
[2025-04-08T17:34:13.821+0000] {processor.py:208} INFO - Processing /home/airflow/.local/lib/python3.12/site-packages/airflow/example_dags/example_workday_timetable.py took 0.183 seconds
[2025-04-08T17:34:44.160+0000] {processor.py:186} INFO - Started process (PID=325) to work on /home/airflow/.local/lib/python3.12/site-packages/airflow/example_dags/example_workday_timetable.py
[2025-04-08T17:34:44.162+0000] {processor.py:914} INFO - Processing file /home/airflow/.local/lib/python3.12/site-packages/airflow/example_dags/example_workday_timetable.py for tasks to queue
[2025-04-08T17:34:44.166+0000] {logging_mixin.py:190} INFO - [2025-04-08T17:34:44.166+0000] {dagbag.py:588} INFO - Filling up the DagBag from /home/airflow/.local/lib/python3.12/site-packages/airflow/example_dags/example_workday_timetable.py
[2025-04-08T17:34:44.178+0000] {processor.py:925} INFO - DAG(s) 'example_workday_timetable' retrieved from /home/airflow/.local/lib/python3.12/site-packages/airflow/example_dags/example_workday_timetable.py
[2025-04-08T17:34:44.217+0000] {logging_mixin.py:190} INFO - [2025-04-08T17:34:44.217+0000] {dag.py:3239} INFO - Sync 1 DAGs
[2025-04-08T17:34:44.320+0000] {logging_mixin.py:190} INFO - [2025-04-08T17:34:44.320+0000] {dag.py:4180} INFO - Setting next_dagrun for example_workday_timetable to 2021-01-04 00:00:00+00:00, run_after=2021-01-05 00:00:00+00:00
[2025-04-08T17:34:44.348+0000] {processor.py:208} INFO - Processing /home/airflow/.local/lib/python3.12/site-packages/airflow/example_dags/example_workday_timetable.py took 0.202 seconds
[2025-04-08T17:35:14.778+0000] {processor.py:186} INFO - Started process (PID=388) to work on /home/airflow/.local/lib/python3.12/site-packages/airflow/example_dags/example_workday_timetable.py
[2025-04-08T17:35:14.780+0000] {processor.py:914} INFO - Processing file /home/airflow/.local/lib/python3.12/site-packages/airflow/example_dags/example_workday_timetable.py for tasks to queue
[2025-04-08T17:35:14.784+0000] {logging_mixin.py:190} INFO - [2025-04-08T17:35:14.784+0000] {dagbag.py:588} INFO - Filling up the DagBag from /home/airflow/.local/lib/python3.12/site-packages/airflow/example_dags/example_workday_timetable.py
[2025-04-08T17:35:14.796+0000] {processor.py:925} INFO - DAG(s) 'example_workday_timetable' retrieved from /home/airflow/.local/lib/python3.12/site-packages/airflow/example_dags/example_workday_timetable.py
[2025-04-08T17:35:14.833+0000] {logging_mixin.py:190} INFO - [2025-04-08T17:35:14.833+0000] {dag.py:3239} INFO - Sync 1 DAGs
[2025-04-08T17:35:14.964+0000] {logging_mixin.py:190} INFO - [2025-04-08T17:35:14.964+0000] {dag.py:4180} INFO - Setting next_dagrun for example_workday_timetable to 2021-01-04 00:00:00+00:00, run_after=2021-01-05 00:00:00+00:00
[2025-04-08T17:35:14.999+0000] {processor.py:208} INFO - Processing /home/airflow/.local/lib/python3.12/site-packages/airflow/example_dags/example_workday_timetable.py took 0.232 seconds
