[2025-04-08T17:32:54.155+0000] {processor.py:186} INFO - Started process (PID=106) to work on /home/airflow/.local/lib/python3.12/site-packages/airflow/example_dags/example_params_trigger_ui.py
[2025-04-08T17:32:54.157+0000] {processor.py:914} INFO - Processing file /home/airflow/.local/lib/python3.12/site-packages/airflow/example_dags/example_params_trigger_ui.py for tasks to queue
[2025-04-08T17:32:54.161+0000] {logging_mixin.py:190} INFO - [2025-04-08T17:32:54.160+0000] {dagbag.py:588} INFO - Filling up the DagBag from /home/airflow/.local/lib/python3.12/site-packages/airflow/example_dags/example_params_trigger_ui.py
[2025-04-08T17:32:54.181+0000] {processor.py:925} INFO - DAG(s) 'example_params_trigger_ui' retrieved from /home/airflow/.local/lib/python3.12/site-packages/airflow/example_dags/example_params_trigger_ui.py
[2025-04-08T17:32:54.389+0000] {logging_mixin.py:190} INFO - [2025-04-08T17:32:54.388+0000] {override.py:1912} INFO - Created Permission View: can edit on DAG:example_params_trigger_ui
[2025-04-08T17:32:54.405+0000] {logging_mixin.py:190} INFO - [2025-04-08T17:32:54.404+0000] {override.py:1912} INFO - Created Permission View: can delete on DAG:example_params_trigger_ui
[2025-04-08T17:32:54.415+0000] {logging_mixin.py:190} INFO - [2025-04-08T17:32:54.415+0000] {override.py:1912} INFO - Created Permission View: can read on DAG:example_params_trigger_ui
[2025-04-08T17:32:54.426+0000] {logging_mixin.py:190} INFO - [2025-04-08T17:32:54.426+0000] {override.py:1912} INFO - Created Permission View: can create on DAG Run:example_params_trigger_ui
[2025-04-08T17:32:54.435+0000] {logging_mixin.py:190} INFO - [2025-04-08T17:32:54.434+0000] {override.py:1912} INFO - Created Permission View: can delete on DAG Run:example_params_trigger_ui
[2025-04-08T17:32:54.445+0000] {logging_mixin.py:190} INFO - [2025-04-08T17:32:54.444+0000] {override.py:1912} INFO - Created Permission View: menu access on DAG Run:example_params_trigger_ui
[2025-04-08T17:32:54.454+0000] {logging_mixin.py:190} INFO - [2025-04-08T17:32:54.454+0000] {override.py:1912} INFO - Created Permission View: can read on DAG Run:example_params_trigger_ui
[2025-04-08T17:32:54.455+0000] {logging_mixin.py:190} INFO - [2025-04-08T17:32:54.454+0000] {dag.py:3239} INFO - Sync 1 DAGs
[2025-04-08T17:32:54.475+0000] {logging_mixin.py:190} INFO - [2025-04-08T17:32:54.475+0000] {dag.py:3262} INFO - Creating ORM DAG for example_params_trigger_ui
[2025-04-08T17:32:54.476+0000] {logging_mixin.py:190} INFO - [2025-04-08T17:32:54.476+0000] {dag.py:4180} INFO - Setting next_dagrun for example_params_trigger_ui to None, run_after=None
[2025-04-08T17:32:54.511+0000] {processor.py:208} INFO - Processing /home/airflow/.local/lib/python3.12/site-packages/airflow/example_dags/example_params_trigger_ui.py took 0.368 seconds
[2025-04-08T17:33:25.311+0000] {processor.py:186} INFO - Started process (PID=169) to work on /home/airflow/.local/lib/python3.12/site-packages/airflow/example_dags/example_params_trigger_ui.py
[2025-04-08T17:33:25.313+0000] {processor.py:914} INFO - Processing file /home/airflow/.local/lib/python3.12/site-packages/airflow/example_dags/example_params_trigger_ui.py for tasks to queue
[2025-04-08T17:33:25.316+0000] {logging_mixin.py:190} INFO - [2025-04-08T17:33:25.316+0000] {dagbag.py:588} INFO - Filling up the DagBag from /home/airflow/.local/lib/python3.12/site-packages/airflow/example_dags/example_params_trigger_ui.py
[2025-04-08T17:33:25.338+0000] {processor.py:925} INFO - DAG(s) 'example_params_trigger_ui' retrieved from /home/airflow/.local/lib/python3.12/site-packages/airflow/example_dags/example_params_trigger_ui.py
[2025-04-08T17:33:25.438+0000] {logging_mixin.py:190} INFO - [2025-04-08T17:33:25.438+0000] {dag.py:3239} INFO - Sync 1 DAGs
[2025-04-08T17:33:25.466+0000] {logging_mixin.py:190} INFO - [2025-04-08T17:33:25.465+0000] {dag.py:4180} INFO - Setting next_dagrun for example_params_trigger_ui to None, run_after=None
[2025-04-08T17:33:25.502+0000] {processor.py:208} INFO - Processing /home/airflow/.local/lib/python3.12/site-packages/airflow/example_dags/example_params_trigger_ui.py took 0.202 seconds
[2025-04-08T17:33:55.990+0000] {processor.py:186} INFO - Started process (PID=231) to work on /home/airflow/.local/lib/python3.12/site-packages/airflow/example_dags/example_params_trigger_ui.py
[2025-04-08T17:33:55.991+0000] {processor.py:914} INFO - Processing file /home/airflow/.local/lib/python3.12/site-packages/airflow/example_dags/example_params_trigger_ui.py for tasks to queue
[2025-04-08T17:33:55.995+0000] {logging_mixin.py:190} INFO - [2025-04-08T17:33:55.994+0000] {dagbag.py:588} INFO - Filling up the DagBag from /home/airflow/.local/lib/python3.12/site-packages/airflow/example_dags/example_params_trigger_ui.py
[2025-04-08T17:33:56.013+0000] {processor.py:925} INFO - DAG(s) 'example_params_trigger_ui' retrieved from /home/airflow/.local/lib/python3.12/site-packages/airflow/example_dags/example_params_trigger_ui.py
[2025-04-08T17:33:56.084+0000] {logging_mixin.py:190} INFO - [2025-04-08T17:33:56.084+0000] {dag.py:3239} INFO - Sync 1 DAGs
[2025-04-08T17:33:56.108+0000] {logging_mixin.py:190} INFO - [2025-04-08T17:33:56.108+0000] {dag.py:4180} INFO - Setting next_dagrun for example_params_trigger_ui to None, run_after=None
[2025-04-08T17:33:56.136+0000] {processor.py:208} INFO - Processing /home/airflow/.local/lib/python3.12/site-packages/airflow/example_dags/example_params_trigger_ui.py took 0.157 seconds
[2025-04-08T17:34:26.363+0000] {processor.py:186} INFO - Started process (PID=294) to work on /home/airflow/.local/lib/python3.12/site-packages/airflow/example_dags/example_params_trigger_ui.py
[2025-04-08T17:34:26.365+0000] {processor.py:914} INFO - Processing file /home/airflow/.local/lib/python3.12/site-packages/airflow/example_dags/example_params_trigger_ui.py for tasks to queue
[2025-04-08T17:34:26.369+0000] {logging_mixin.py:190} INFO - [2025-04-08T17:34:26.369+0000] {dagbag.py:588} INFO - Filling up the DagBag from /home/airflow/.local/lib/python3.12/site-packages/airflow/example_dags/example_params_trigger_ui.py
[2025-04-08T17:34:26.388+0000] {processor.py:925} INFO - DAG(s) 'example_params_trigger_ui' retrieved from /home/airflow/.local/lib/python3.12/site-packages/airflow/example_dags/example_params_trigger_ui.py
[2025-04-08T17:34:26.456+0000] {logging_mixin.py:190} INFO - [2025-04-08T17:34:26.456+0000] {dag.py:3239} INFO - Sync 1 DAGs
[2025-04-08T17:34:26.480+0000] {logging_mixin.py:190} INFO - [2025-04-08T17:34:26.479+0000] {dag.py:4180} INFO - Setting next_dagrun for example_params_trigger_ui to None, run_after=None
[2025-04-08T17:34:26.508+0000] {processor.py:208} INFO - Processing /home/airflow/.local/lib/python3.12/site-packages/airflow/example_dags/example_params_trigger_ui.py took 0.157 seconds
[2025-04-08T17:34:57.407+0000] {processor.py:186} INFO - Started process (PID=356) to work on /home/airflow/.local/lib/python3.12/site-packages/airflow/example_dags/example_params_trigger_ui.py
[2025-04-08T17:34:57.409+0000] {processor.py:914} INFO - Processing file /home/airflow/.local/lib/python3.12/site-packages/airflow/example_dags/example_params_trigger_ui.py for tasks to queue
[2025-04-08T17:34:57.412+0000] {logging_mixin.py:190} INFO - [2025-04-08T17:34:57.412+0000] {dagbag.py:588} INFO - Filling up the DagBag from /home/airflow/.local/lib/python3.12/site-packages/airflow/example_dags/example_params_trigger_ui.py
[2025-04-08T17:34:57.431+0000] {processor.py:925} INFO - DAG(s) 'example_params_trigger_ui' retrieved from /home/airflow/.local/lib/python3.12/site-packages/airflow/example_dags/example_params_trigger_ui.py
[2025-04-08T17:34:57.500+0000] {logging_mixin.py:190} INFO - [2025-04-08T17:34:57.500+0000] {dag.py:3239} INFO - Sync 1 DAGs
[2025-04-08T17:34:57.524+0000] {logging_mixin.py:190} INFO - [2025-04-08T17:34:57.523+0000] {dag.py:4180} INFO - Setting next_dagrun for example_params_trigger_ui to None, run_after=None
[2025-04-08T17:34:57.557+0000] {processor.py:208} INFO - Processing /home/airflow/.local/lib/python3.12/site-packages/airflow/example_dags/example_params_trigger_ui.py took 0.159 seconds
[2025-04-08T17:35:28.792+0000] {processor.py:186} INFO - Started process (PID=425) to work on /home/airflow/.local/lib/python3.12/site-packages/airflow/example_dags/example_params_trigger_ui.py
[2025-04-08T17:35:28.794+0000] {processor.py:914} INFO - Processing file /home/airflow/.local/lib/python3.12/site-packages/airflow/example_dags/example_params_trigger_ui.py for tasks to queue
[2025-04-08T17:35:28.799+0000] {logging_mixin.py:190} INFO - [2025-04-08T17:35:28.798+0000] {dagbag.py:588} INFO - Filling up the DagBag from /home/airflow/.local/lib/python3.12/site-packages/airflow/example_dags/example_params_trigger_ui.py
[2025-04-08T17:35:28.822+0000] {processor.py:925} INFO - DAG(s) 'example_params_trigger_ui' retrieved from /home/airflow/.local/lib/python3.12/site-packages/airflow/example_dags/example_params_trigger_ui.py
[2025-04-08T17:35:28.930+0000] {logging_mixin.py:190} INFO - [2025-04-08T17:35:28.929+0000] {dag.py:3239} INFO - Sync 1 DAGs
[2025-04-08T17:35:28.970+0000] {logging_mixin.py:190} INFO - [2025-04-08T17:35:28.969+0000] {dag.py:4180} INFO - Setting next_dagrun for example_params_trigger_ui to None, run_after=None
[2025-04-08T17:35:29.014+0000] {processor.py:208} INFO - Processing /home/airflow/.local/lib/python3.12/site-packages/airflow/example_dags/example_params_trigger_ui.py took 0.234 seconds
