[2025-04-08T17:32:56.178+0000] {processor.py:186} INFO - Started process (PID=117) to work on /home/airflow/.local/lib/python3.12/site-packages/airflow/example_dags/example_task_group.py
[2025-04-08T17:32:56.179+0000] {processor.py:914} INFO - Processing file /home/airflow/.local/lib/python3.12/site-packages/airflow/example_dags/example_task_group.py for tasks to queue
[2025-04-08T17:32:56.183+0000] {logging_mixin.py:190} INFO - [2025-04-08T17:32:56.183+0000] {dagbag.py:588} INFO - Filling up the DagBag from /home/airflow/.local/lib/python3.12/site-packages/airflow/example_dags/example_task_group.py
[2025-04-08T17:32:56.200+0000] {processor.py:925} INFO - DAG(s) 'example_task_group' retrieved from /home/airflow/.local/lib/python3.12/site-packages/airflow/example_dags/example_task_group.py
[2025-04-08T17:32:56.373+0000] {logging_mixin.py:190} INFO - [2025-04-08T17:32:56.372+0000] {override.py:1912} INFO - Created Permission View: can edit on DAG:example_task_group
[2025-04-08T17:32:56.388+0000] {logging_mixin.py:190} INFO - [2025-04-08T17:32:56.387+0000] {override.py:1912} INFO - Created Permission View: can delete on DAG:example_task_group
[2025-04-08T17:32:56.401+0000] {logging_mixin.py:190} INFO - [2025-04-08T17:32:56.401+0000] {override.py:1912} INFO - Created Permission View: can read on DAG:example_task_group
[2025-04-08T17:32:56.413+0000] {logging_mixin.py:190} INFO - [2025-04-08T17:32:56.413+0000] {override.py:1912} INFO - Created Permission View: can create on DAG Run:example_task_group
[2025-04-08T17:32:56.427+0000] {logging_mixin.py:190} INFO - [2025-04-08T17:32:56.426+0000] {override.py:1912} INFO - Created Permission View: can delete on DAG Run:example_task_group
[2025-04-08T17:32:56.440+0000] {logging_mixin.py:190} INFO - [2025-04-08T17:32:56.440+0000] {override.py:1912} INFO - Created Permission View: menu access on DAG Run:example_task_group
[2025-04-08T17:32:56.451+0000] {logging_mixin.py:190} INFO - [2025-04-08T17:32:56.451+0000] {override.py:1912} INFO - Created Permission View: can read on DAG Run:example_task_group
[2025-04-08T17:32:56.452+0000] {logging_mixin.py:190} INFO - [2025-04-08T17:32:56.452+0000] {dag.py:3239} INFO - Sync 1 DAGs
[2025-04-08T17:32:56.473+0000] {logging_mixin.py:190} INFO - [2025-04-08T17:32:56.473+0000] {dag.py:3262} INFO - Creating ORM DAG for example_task_group
[2025-04-08T17:32:56.474+0000] {logging_mixin.py:190} INFO - [2025-04-08T17:32:56.474+0000] {dag.py:4180} INFO - Setting next_dagrun for example_task_group to None, run_after=None
[2025-04-08T17:32:56.499+0000] {processor.py:208} INFO - Processing /home/airflow/.local/lib/python3.12/site-packages/airflow/example_dags/example_task_group.py took 0.332 seconds
[2025-04-08T17:33:27.508+0000] {processor.py:186} INFO - Started process (PID=180) to work on /home/airflow/.local/lib/python3.12/site-packages/airflow/example_dags/example_task_group.py
[2025-04-08T17:33:27.519+0000] {processor.py:914} INFO - Processing file /home/airflow/.local/lib/python3.12/site-packages/airflow/example_dags/example_task_group.py for tasks to queue
[2025-04-08T17:33:27.527+0000] {logging_mixin.py:190} INFO - [2025-04-08T17:33:27.527+0000] {dagbag.py:588} INFO - Filling up the DagBag from /home/airflow/.local/lib/python3.12/site-packages/airflow/example_dags/example_task_group.py
[2025-04-08T17:33:27.553+0000] {processor.py:925} INFO - DAG(s) 'example_task_group' retrieved from /home/airflow/.local/lib/python3.12/site-packages/airflow/example_dags/example_task_group.py
[2025-04-08T17:33:27.613+0000] {logging_mixin.py:190} INFO - [2025-04-08T17:33:27.612+0000] {dag.py:3239} INFO - Sync 1 DAGs
[2025-04-08T17:33:27.661+0000] {logging_mixin.py:190} INFO - [2025-04-08T17:33:27.661+0000] {dag.py:4180} INFO - Setting next_dagrun for example_task_group to None, run_after=None
[2025-04-08T17:33:27.708+0000] {processor.py:208} INFO - Processing /home/airflow/.local/lib/python3.12/site-packages/airflow/example_dags/example_task_group.py took 0.216 seconds
[2025-04-08T17:33:58.099+0000] {processor.py:186} INFO - Started process (PID=249) to work on /home/airflow/.local/lib/python3.12/site-packages/airflow/example_dags/example_task_group.py
[2025-04-08T17:33:58.100+0000] {processor.py:914} INFO - Processing file /home/airflow/.local/lib/python3.12/site-packages/airflow/example_dags/example_task_group.py for tasks to queue
[2025-04-08T17:33:58.104+0000] {logging_mixin.py:190} INFO - [2025-04-08T17:33:58.104+0000] {dagbag.py:588} INFO - Filling up the DagBag from /home/airflow/.local/lib/python3.12/site-packages/airflow/example_dags/example_task_group.py
[2025-04-08T17:33:58.120+0000] {processor.py:925} INFO - DAG(s) 'example_task_group' retrieved from /home/airflow/.local/lib/python3.12/site-packages/airflow/example_dags/example_task_group.py
[2025-04-08T17:33:58.154+0000] {logging_mixin.py:190} INFO - [2025-04-08T17:33:58.153+0000] {dag.py:3239} INFO - Sync 1 DAGs
[2025-04-08T17:33:58.178+0000] {logging_mixin.py:190} INFO - [2025-04-08T17:33:58.178+0000] {dag.py:4180} INFO - Setting next_dagrun for example_task_group to None, run_after=None
[2025-04-08T17:33:58.207+0000] {processor.py:208} INFO - Processing /home/airflow/.local/lib/python3.12/site-packages/airflow/example_dags/example_task_group.py took 0.119 seconds
[2025-04-08T17:34:28.807+0000] {processor.py:186} INFO - Started process (PID=311) to work on /home/airflow/.local/lib/python3.12/site-packages/airflow/example_dags/example_task_group.py
[2025-04-08T17:34:28.809+0000] {processor.py:914} INFO - Processing file /home/airflow/.local/lib/python3.12/site-packages/airflow/example_dags/example_task_group.py for tasks to queue
[2025-04-08T17:34:28.813+0000] {logging_mixin.py:190} INFO - [2025-04-08T17:34:28.812+0000] {dagbag.py:588} INFO - Filling up the DagBag from /home/airflow/.local/lib/python3.12/site-packages/airflow/example_dags/example_task_group.py
[2025-04-08T17:34:28.827+0000] {processor.py:925} INFO - DAG(s) 'example_task_group' retrieved from /home/airflow/.local/lib/python3.12/site-packages/airflow/example_dags/example_task_group.py
[2025-04-08T17:34:28.861+0000] {logging_mixin.py:190} INFO - [2025-04-08T17:34:28.861+0000] {dag.py:3239} INFO - Sync 1 DAGs
[2025-04-08T17:34:28.886+0000] {logging_mixin.py:190} INFO - [2025-04-08T17:34:28.885+0000] {dag.py:4180} INFO - Setting next_dagrun for example_task_group to None, run_after=None
[2025-04-08T17:34:28.916+0000] {processor.py:208} INFO - Processing /home/airflow/.local/lib/python3.12/site-packages/airflow/example_dags/example_task_group.py took 0.118 seconds
[2025-04-08T17:34:59.544+0000] {processor.py:186} INFO - Started process (PID=374) to work on /home/airflow/.local/lib/python3.12/site-packages/airflow/example_dags/example_task_group.py
[2025-04-08T17:34:59.545+0000] {processor.py:914} INFO - Processing file /home/airflow/.local/lib/python3.12/site-packages/airflow/example_dags/example_task_group.py for tasks to queue
[2025-04-08T17:34:59.549+0000] {logging_mixin.py:190} INFO - [2025-04-08T17:34:59.549+0000] {dagbag.py:588} INFO - Filling up the DagBag from /home/airflow/.local/lib/python3.12/site-packages/airflow/example_dags/example_task_group.py
[2025-04-08T17:34:59.563+0000] {processor.py:925} INFO - DAG(s) 'example_task_group' retrieved from /home/airflow/.local/lib/python3.12/site-packages/airflow/example_dags/example_task_group.py
[2025-04-08T17:34:59.598+0000] {logging_mixin.py:190} INFO - [2025-04-08T17:34:59.598+0000] {dag.py:3239} INFO - Sync 1 DAGs
[2025-04-08T17:34:59.622+0000] {logging_mixin.py:190} INFO - [2025-04-08T17:34:59.622+0000] {dag.py:4180} INFO - Setting next_dagrun for example_task_group to None, run_after=None
[2025-04-08T17:34:59.649+0000] {processor.py:208} INFO - Processing /home/airflow/.local/lib/python3.12/site-packages/airflow/example_dags/example_task_group.py took 0.116 seconds
[2025-04-08T17:35:29.937+0000] {processor.py:186} INFO - Started process (PID=436) to work on /home/airflow/.local/lib/python3.12/site-packages/airflow/example_dags/example_task_group.py
[2025-04-08T17:35:29.939+0000] {processor.py:914} INFO - Processing file /home/airflow/.local/lib/python3.12/site-packages/airflow/example_dags/example_task_group.py for tasks to queue
[2025-04-08T17:35:29.944+0000] {logging_mixin.py:190} INFO - [2025-04-08T17:35:29.943+0000] {dagbag.py:588} INFO - Filling up the DagBag from /home/airflow/.local/lib/python3.12/site-packages/airflow/example_dags/example_task_group.py
[2025-04-08T17:35:29.965+0000] {processor.py:925} INFO - DAG(s) 'example_task_group' retrieved from /home/airflow/.local/lib/python3.12/site-packages/airflow/example_dags/example_task_group.py
[2025-04-08T17:35:30.015+0000] {logging_mixin.py:190} INFO - [2025-04-08T17:35:30.014+0000] {dag.py:3239} INFO - Sync 1 DAGs
[2025-04-08T17:35:30.049+0000] {logging_mixin.py:190} INFO - [2025-04-08T17:35:30.048+0000] {dag.py:4180} INFO - Setting next_dagrun for example_task_group to None, run_after=None
[2025-04-08T17:35:30.090+0000] {processor.py:208} INFO - Processing /home/airflow/.local/lib/python3.12/site-packages/airflow/example_dags/example_task_group.py took 0.166 seconds
