[2025-04-08T17:32:50.716+0000] {processor.py:186} INFO - Started process (PID=93) to work on /home/airflow/.local/lib/python3.12/site-packages/airflow/example_dags/example_sensors.py
[2025-04-08T17:32:50.718+0000] {processor.py:914} INFO - Processing file /home/airflow/.local/lib/python3.12/site-packages/airflow/example_dags/example_sensors.py for tasks to queue
[2025-04-08T17:32:50.722+0000] {logging_mixin.py:190} INFO - [2025-04-08T17:32:50.721+0000] {dagbag.py:588} INFO - Filling up the DagBag from /home/airflow/.local/lib/python3.12/site-packages/airflow/example_dags/example_sensors.py
[2025-04-08T17:32:50.742+0000] {processor.py:925} INFO - DAG(s) 'example_sensors' retrieved from /home/airflow/.local/lib/python3.12/site-packages/airflow/example_dags/example_sensors.py
[2025-04-08T17:32:50.931+0000] {logging_mixin.py:190} INFO - [2025-04-08T17:32:50.930+0000] {override.py:1912} INFO - Created Permission View: can edit on DAG:example_sensors
[2025-04-08T17:32:50.947+0000] {logging_mixin.py:190} INFO - [2025-04-08T17:32:50.947+0000] {override.py:1912} INFO - Created Permission View: can delete on DAG:example_sensors
[2025-04-08T17:32:50.957+0000] {logging_mixin.py:190} INFO - [2025-04-08T17:32:50.957+0000] {override.py:1912} INFO - Created Permission View: can read on DAG:example_sensors
[2025-04-08T17:32:50.969+0000] {logging_mixin.py:190} INFO - [2025-04-08T17:32:50.969+0000] {override.py:1912} INFO - Created Permission View: can create on DAG Run:example_sensors
[2025-04-08T17:32:50.980+0000] {logging_mixin.py:190} INFO - [2025-04-08T17:32:50.980+0000] {override.py:1912} INFO - Created Permission View: can delete on DAG Run:example_sensors
[2025-04-08T17:32:50.992+0000] {logging_mixin.py:190} INFO - [2025-04-08T17:32:50.992+0000] {override.py:1912} INFO - Created Permission View: menu access on DAG Run:example_sensors
[2025-04-08T17:32:51.002+0000] {logging_mixin.py:190} INFO - [2025-04-08T17:32:51.002+0000] {override.py:1912} INFO - Created Permission View: can read on DAG Run:example_sensors
[2025-04-08T17:32:51.003+0000] {logging_mixin.py:190} INFO - [2025-04-08T17:32:51.003+0000] {dag.py:3239} INFO - Sync 1 DAGs
[2025-04-08T17:32:51.025+0000] {logging_mixin.py:190} INFO - [2025-04-08T17:32:51.024+0000] {dag.py:3262} INFO - Creating ORM DAG for example_sensors
[2025-04-08T17:32:51.026+0000] {logging_mixin.py:190} INFO - [2025-04-08T17:32:51.026+0000] {dag.py:4180} INFO - Setting next_dagrun for example_sensors to None, run_after=None
[2025-04-08T17:32:51.050+0000] {processor.py:208} INFO - Processing /home/airflow/.local/lib/python3.12/site-packages/airflow/example_dags/example_sensors.py took 0.344 seconds
[2025-04-08T17:33:21.544+0000] {processor.py:186} INFO - Started process (PID=156) to work on /home/airflow/.local/lib/python3.12/site-packages/airflow/example_dags/example_sensors.py
[2025-04-08T17:33:21.546+0000] {processor.py:914} INFO - Processing file /home/airflow/.local/lib/python3.12/site-packages/airflow/example_dags/example_sensors.py for tasks to queue
[2025-04-08T17:33:21.550+0000] {logging_mixin.py:190} INFO - [2025-04-08T17:33:21.549+0000] {dagbag.py:588} INFO - Filling up the DagBag from /home/airflow/.local/lib/python3.12/site-packages/airflow/example_dags/example_sensors.py
[2025-04-08T17:33:21.569+0000] {processor.py:925} INFO - DAG(s) 'example_sensors' retrieved from /home/airflow/.local/lib/python3.12/site-packages/airflow/example_dags/example_sensors.py
[2025-04-08T17:33:21.613+0000] {logging_mixin.py:190} INFO - [2025-04-08T17:33:21.612+0000] {dag.py:3239} INFO - Sync 1 DAGs
[2025-04-08T17:33:21.639+0000] {logging_mixin.py:190} INFO - [2025-04-08T17:33:21.638+0000] {dag.py:4180} INFO - Setting next_dagrun for example_sensors to None, run_after=None
[2025-04-08T17:33:21.672+0000] {processor.py:208} INFO - Processing /home/airflow/.local/lib/python3.12/site-packages/airflow/example_dags/example_sensors.py took 0.138 seconds
[2025-04-08T17:33:52.777+0000] {processor.py:186} INFO - Started process (PID=219) to work on /home/airflow/.local/lib/python3.12/site-packages/airflow/example_dags/example_sensors.py
[2025-04-08T17:33:52.781+0000] {processor.py:914} INFO - Processing file /home/airflow/.local/lib/python3.12/site-packages/airflow/example_dags/example_sensors.py for tasks to queue
[2025-04-08T17:33:52.784+0000] {logging_mixin.py:190} INFO - [2025-04-08T17:33:52.784+0000] {dagbag.py:588} INFO - Filling up the DagBag from /home/airflow/.local/lib/python3.12/site-packages/airflow/example_dags/example_sensors.py
[2025-04-08T17:33:52.802+0000] {processor.py:925} INFO - DAG(s) 'example_sensors' retrieved from /home/airflow/.local/lib/python3.12/site-packages/airflow/example_dags/example_sensors.py
[2025-04-08T17:33:52.848+0000] {logging_mixin.py:190} INFO - [2025-04-08T17:33:52.848+0000] {dag.py:3239} INFO - Sync 1 DAGs
[2025-04-08T17:33:52.872+0000] {logging_mixin.py:190} INFO - [2025-04-08T17:33:52.872+0000] {dag.py:4180} INFO - Setting next_dagrun for example_sensors to None, run_after=None
[2025-04-08T17:33:52.902+0000] {processor.py:208} INFO - Processing /home/airflow/.local/lib/python3.12/site-packages/airflow/example_dags/example_sensors.py took 0.143 seconds
[2025-04-08T17:34:24.116+0000] {processor.py:186} INFO - Started process (PID=282) to work on /home/airflow/.local/lib/python3.12/site-packages/airflow/example_dags/example_sensors.py
[2025-04-08T17:34:24.119+0000] {processor.py:914} INFO - Processing file /home/airflow/.local/lib/python3.12/site-packages/airflow/example_dags/example_sensors.py for tasks to queue
[2025-04-08T17:34:24.124+0000] {logging_mixin.py:190} INFO - [2025-04-08T17:34:24.123+0000] {dagbag.py:588} INFO - Filling up the DagBag from /home/airflow/.local/lib/python3.12/site-packages/airflow/example_dags/example_sensors.py
[2025-04-08T17:34:24.142+0000] {processor.py:925} INFO - DAG(s) 'example_sensors' retrieved from /home/airflow/.local/lib/python3.12/site-packages/airflow/example_dags/example_sensors.py
[2025-04-08T17:34:24.187+0000] {logging_mixin.py:190} INFO - [2025-04-08T17:34:24.187+0000] {dag.py:3239} INFO - Sync 1 DAGs
[2025-04-08T17:34:24.211+0000] {logging_mixin.py:190} INFO - [2025-04-08T17:34:24.211+0000] {dag.py:4180} INFO - Setting next_dagrun for example_sensors to None, run_after=None
[2025-04-08T17:34:24.241+0000] {processor.py:208} INFO - Processing /home/airflow/.local/lib/python3.12/site-packages/airflow/example_dags/example_sensors.py took 0.135 seconds
[2025-04-08T17:34:55.246+0000] {processor.py:186} INFO - Started process (PID=344) to work on /home/airflow/.local/lib/python3.12/site-packages/airflow/example_dags/example_sensors.py
[2025-04-08T17:34:55.248+0000] {processor.py:914} INFO - Processing file /home/airflow/.local/lib/python3.12/site-packages/airflow/example_dags/example_sensors.py for tasks to queue
[2025-04-08T17:34:55.251+0000] {logging_mixin.py:190} INFO - [2025-04-08T17:34:55.251+0000] {dagbag.py:588} INFO - Filling up the DagBag from /home/airflow/.local/lib/python3.12/site-packages/airflow/example_dags/example_sensors.py
[2025-04-08T17:34:55.270+0000] {processor.py:925} INFO - DAG(s) 'example_sensors' retrieved from /home/airflow/.local/lib/python3.12/site-packages/airflow/example_dags/example_sensors.py
[2025-04-08T17:34:55.311+0000] {logging_mixin.py:190} INFO - [2025-04-08T17:34:55.311+0000] {dag.py:3239} INFO - Sync 1 DAGs
[2025-04-08T17:34:55.335+0000] {logging_mixin.py:190} INFO - [2025-04-08T17:34:55.335+0000] {dag.py:4180} INFO - Setting next_dagrun for example_sensors to None, run_after=None
[2025-04-08T17:34:55.363+0000] {processor.py:208} INFO - Processing /home/airflow/.local/lib/python3.12/site-packages/airflow/example_dags/example_sensors.py took 0.128 seconds
[2025-04-08T17:35:26.996+0000] {processor.py:186} INFO - Started process (PID=407) to work on /home/airflow/.local/lib/python3.12/site-packages/airflow/example_dags/example_sensors.py
[2025-04-08T17:35:26.997+0000] {processor.py:914} INFO - Processing file /home/airflow/.local/lib/python3.12/site-packages/airflow/example_dags/example_sensors.py for tasks to queue
[2025-04-08T17:35:27.001+0000] {logging_mixin.py:190} INFO - [2025-04-08T17:35:27.001+0000] {dagbag.py:588} INFO - Filling up the DagBag from /home/airflow/.local/lib/python3.12/site-packages/airflow/example_dags/example_sensors.py
[2025-04-08T17:35:27.020+0000] {processor.py:925} INFO - DAG(s) 'example_sensors' retrieved from /home/airflow/.local/lib/python3.12/site-packages/airflow/example_dags/example_sensors.py
[2025-04-08T17:35:27.063+0000] {logging_mixin.py:190} INFO - [2025-04-08T17:35:27.062+0000] {dag.py:3239} INFO - Sync 1 DAGs
[2025-04-08T17:35:27.086+0000] {logging_mixin.py:190} INFO - [2025-04-08T17:35:27.086+0000] {dag.py:4180} INFO - Setting next_dagrun for example_sensors to None, run_after=None
[2025-04-08T17:35:27.114+0000] {processor.py:208} INFO - Processing /home/airflow/.local/lib/python3.12/site-packages/airflow/example_dags/example_sensors.py took 0.129 seconds
