[2025-04-08T17:32:50.135+0000] {processor.py:186} INFO - Started process (PID=90) to work on /home/airflow/.local/lib/python3.12/site-packages/airflow/example_dags/example_bash_decorator.py
[2025-04-08T17:32:50.137+0000] {processor.py:914} INFO - Processing file /home/airflow/.local/lib/python3.12/site-packages/airflow/example_dags/example_bash_decorator.py for tasks to queue
[2025-04-08T17:32:50.142+0000] {logging_mixin.py:190} INFO - [2025-04-08T17:32:50.141+0000] {dagbag.py:588} INFO - Filling up the DagBag from /home/airflow/.local/lib/python3.12/site-packages/airflow/example_dags/example_bash_decorator.py
[2025-04-08T17:32:50.173+0000] {processor.py:925} INFO - DAG(s) 'example_bash_decorator' retrieved from /home/airflow/.local/lib/python3.12/site-packages/airflow/example_dags/example_bash_decorator.py
[2025-04-08T17:32:50.384+0000] {logging_mixin.py:190} INFO - [2025-04-08T17:32:50.383+0000] {override.py:1912} INFO - Created Permission View: can edit on DAG:example_bash_decorator
[2025-04-08T17:32:50.400+0000] {logging_mixin.py:190} INFO - [2025-04-08T17:32:50.400+0000] {override.py:1912} INFO - Created Permission View: can delete on DAG:example_bash_decorator
[2025-04-08T17:32:50.410+0000] {logging_mixin.py:190} INFO - [2025-04-08T17:32:50.410+0000] {override.py:1912} INFO - Created Permission View: can read on DAG:example_bash_decorator
[2025-04-08T17:32:50.423+0000] {logging_mixin.py:190} INFO - [2025-04-08T17:32:50.423+0000] {override.py:1912} INFO - Created Permission View: can create on DAG Run:example_bash_decorator
[2025-04-08T17:32:50.434+0000] {logging_mixin.py:190} INFO - [2025-04-08T17:32:50.434+0000] {override.py:1912} INFO - Created Permission View: can delete on DAG Run:example_bash_decorator
[2025-04-08T17:32:50.446+0000] {logging_mixin.py:190} INFO - [2025-04-08T17:32:50.446+0000] {override.py:1912} INFO - Created Permission View: menu access on DAG Run:example_bash_decorator
[2025-04-08T17:32:50.456+0000] {logging_mixin.py:190} INFO - [2025-04-08T17:32:50.455+0000] {override.py:1912} INFO - Created Permission View: can read on DAG Run:example_bash_decorator
[2025-04-08T17:32:50.457+0000] {logging_mixin.py:190} INFO - [2025-04-08T17:32:50.457+0000] {dag.py:3239} INFO - Sync 1 DAGs
[2025-04-08T17:32:50.482+0000] {logging_mixin.py:190} INFO - [2025-04-08T17:32:50.481+0000] {dag.py:3262} INFO - Creating ORM DAG for example_bash_decorator
[2025-04-08T17:32:50.483+0000] {logging_mixin.py:190} INFO - [2025-04-08T17:32:50.483+0000] {dag.py:4180} INFO - Setting next_dagrun for example_bash_decorator to None, run_after=None
[2025-04-08T17:32:50.509+0000] {processor.py:208} INFO - Processing /home/airflow/.local/lib/python3.12/site-packages/airflow/example_dags/example_bash_decorator.py took 0.386 seconds
[2025-04-08T17:33:21.281+0000] {processor.py:186} INFO - Started process (PID=153) to work on /home/airflow/.local/lib/python3.12/site-packages/airflow/example_dags/example_bash_decorator.py
[2025-04-08T17:33:21.282+0000] {processor.py:914} INFO - Processing file /home/airflow/.local/lib/python3.12/site-packages/airflow/example_dags/example_bash_decorator.py for tasks to queue
[2025-04-08T17:33:21.286+0000] {logging_mixin.py:190} INFO - [2025-04-08T17:33:21.286+0000] {dagbag.py:588} INFO - Filling up the DagBag from /home/airflow/.local/lib/python3.12/site-packages/airflow/example_dags/example_bash_decorator.py
[2025-04-08T17:33:21.312+0000] {processor.py:925} INFO - DAG(s) 'example_bash_decorator' retrieved from /home/airflow/.local/lib/python3.12/site-packages/airflow/example_dags/example_bash_decorator.py
[2025-04-08T17:33:21.364+0000] {logging_mixin.py:190} INFO - [2025-04-08T17:33:21.364+0000] {dag.py:3239} INFO - Sync 1 DAGs
[2025-04-08T17:33:21.388+0000] {logging_mixin.py:190} INFO - [2025-04-08T17:33:21.388+0000] {dag.py:4180} INFO - Setting next_dagrun for example_bash_decorator to None, run_after=None
[2025-04-08T17:33:21.417+0000] {processor.py:208} INFO - Processing /home/airflow/.local/lib/python3.12/site-packages/airflow/example_dags/example_bash_decorator.py took 0.147 seconds
[2025-04-08T17:33:52.319+0000] {processor.py:186} INFO - Started process (PID=216) to work on /home/airflow/.local/lib/python3.12/site-packages/airflow/example_dags/example_bash_decorator.py
[2025-04-08T17:33:52.321+0000] {processor.py:914} INFO - Processing file /home/airflow/.local/lib/python3.12/site-packages/airflow/example_dags/example_bash_decorator.py for tasks to queue
[2025-04-08T17:33:52.325+0000] {logging_mixin.py:190} INFO - [2025-04-08T17:33:52.324+0000] {dagbag.py:588} INFO - Filling up the DagBag from /home/airflow/.local/lib/python3.12/site-packages/airflow/example_dags/example_bash_decorator.py
[2025-04-08T17:33:52.350+0000] {processor.py:925} INFO - DAG(s) 'example_bash_decorator' retrieved from /home/airflow/.local/lib/python3.12/site-packages/airflow/example_dags/example_bash_decorator.py
[2025-04-08T17:33:52.388+0000] {logging_mixin.py:190} INFO - [2025-04-08T17:33:52.387+0000] {dag.py:3239} INFO - Sync 1 DAGs
[2025-04-08T17:33:52.410+0000] {logging_mixin.py:190} INFO - [2025-04-08T17:33:52.410+0000] {dag.py:4180} INFO - Setting next_dagrun for example_bash_decorator to None, run_after=None
[2025-04-08T17:33:52.439+0000] {processor.py:208} INFO - Processing /home/airflow/.local/lib/python3.12/site-packages/airflow/example_dags/example_bash_decorator.py took 0.129 seconds
[2025-04-08T17:34:23.667+0000] {processor.py:186} INFO - Started process (PID=278) to work on /home/airflow/.local/lib/python3.12/site-packages/airflow/example_dags/example_bash_decorator.py
[2025-04-08T17:34:23.668+0000] {processor.py:914} INFO - Processing file /home/airflow/.local/lib/python3.12/site-packages/airflow/example_dags/example_bash_decorator.py for tasks to queue
[2025-04-08T17:34:23.672+0000] {logging_mixin.py:190} INFO - [2025-04-08T17:34:23.671+0000] {dagbag.py:588} INFO - Filling up the DagBag from /home/airflow/.local/lib/python3.12/site-packages/airflow/example_dags/example_bash_decorator.py
[2025-04-08T17:34:23.696+0000] {processor.py:925} INFO - DAG(s) 'example_bash_decorator' retrieved from /home/airflow/.local/lib/python3.12/site-packages/airflow/example_dags/example_bash_decorator.py
[2025-04-08T17:34:23.732+0000] {logging_mixin.py:190} INFO - [2025-04-08T17:34:23.732+0000] {dag.py:3239} INFO - Sync 1 DAGs
[2025-04-08T17:34:23.755+0000] {logging_mixin.py:190} INFO - [2025-04-08T17:34:23.754+0000] {dag.py:4180} INFO - Setting next_dagrun for example_bash_decorator to None, run_after=None
[2025-04-08T17:34:23.782+0000] {processor.py:208} INFO - Processing /home/airflow/.local/lib/python3.12/site-packages/airflow/example_dags/example_bash_decorator.py took 0.126 seconds
[2025-04-08T17:34:54.526+0000] {processor.py:186} INFO - Started process (PID=340) to work on /home/airflow/.local/lib/python3.12/site-packages/airflow/example_dags/example_bash_decorator.py
[2025-04-08T17:34:54.528+0000] {processor.py:914} INFO - Processing file /home/airflow/.local/lib/python3.12/site-packages/airflow/example_dags/example_bash_decorator.py for tasks to queue
[2025-04-08T17:34:54.531+0000] {logging_mixin.py:190} INFO - [2025-04-08T17:34:54.531+0000] {dagbag.py:588} INFO - Filling up the DagBag from /home/airflow/.local/lib/python3.12/site-packages/airflow/example_dags/example_bash_decorator.py
[2025-04-08T17:34:54.555+0000] {processor.py:925} INFO - DAG(s) 'example_bash_decorator' retrieved from /home/airflow/.local/lib/python3.12/site-packages/airflow/example_dags/example_bash_decorator.py
[2025-04-08T17:34:54.592+0000] {logging_mixin.py:190} INFO - [2025-04-08T17:34:54.592+0000] {dag.py:3239} INFO - Sync 1 DAGs
[2025-04-08T17:34:54.615+0000] {logging_mixin.py:190} INFO - [2025-04-08T17:34:54.614+0000] {dag.py:4180} INFO - Setting next_dagrun for example_bash_decorator to None, run_after=None
[2025-04-08T17:34:54.642+0000] {processor.py:208} INFO - Processing /home/airflow/.local/lib/python3.12/site-packages/airflow/example_dags/example_bash_decorator.py took 0.126 seconds
[2025-04-08T17:35:26.666+0000] {processor.py:186} INFO - Started process (PID=403) to work on /home/airflow/.local/lib/python3.12/site-packages/airflow/example_dags/example_bash_decorator.py
[2025-04-08T17:35:26.667+0000] {processor.py:914} INFO - Processing file /home/airflow/.local/lib/python3.12/site-packages/airflow/example_dags/example_bash_decorator.py for tasks to queue
[2025-04-08T17:35:26.671+0000] {logging_mixin.py:190} INFO - [2025-04-08T17:35:26.670+0000] {dagbag.py:588} INFO - Filling up the DagBag from /home/airflow/.local/lib/python3.12/site-packages/airflow/example_dags/example_bash_decorator.py
[2025-04-08T17:35:26.696+0000] {processor.py:925} INFO - DAG(s) 'example_bash_decorator' retrieved from /home/airflow/.local/lib/python3.12/site-packages/airflow/example_dags/example_bash_decorator.py
[2025-04-08T17:35:26.734+0000] {logging_mixin.py:190} INFO - [2025-04-08T17:35:26.733+0000] {dag.py:3239} INFO - Sync 1 DAGs
[2025-04-08T17:35:26.761+0000] {logging_mixin.py:190} INFO - [2025-04-08T17:35:26.760+0000] {dag.py:4180} INFO - Setting next_dagrun for example_bash_decorator to None, run_after=None
[2025-04-08T17:35:26.790+0000] {processor.py:208} INFO - Processing /home/airflow/.local/lib/python3.12/site-packages/airflow/example_dags/example_bash_decorator.py took 0.135 seconds
