[2025-04-08T17:32:46.283+0000] {processor.py:186} INFO - Started process (PID=81) to work on /home/airflow/.local/lib/python3.12/site-packages/airflow/example_dags/example_python_decorator.py
[2025-04-08T17:32:46.288+0000] {processor.py:914} INFO - Processing file /home/airflow/.local/lib/python3.12/site-packages/airflow/example_dags/example_python_decorator.py for tasks to queue
[2025-04-08T17:32:46.301+0000] {logging_mixin.py:190} INFO - [2025-04-08T17:32:46.299+0000] {dagbag.py:588} INFO - Filling up the DagBag from /home/airflow/.local/lib/python3.12/site-packages/airflow/example_dags/example_python_decorator.py
[2025-04-08T17:32:46.366+0000] {processor.py:925} INFO - DAG(s) 'example_python_decorator' retrieved from /home/airflow/.local/lib/python3.12/site-packages/airflow/example_dags/example_python_decorator.py
[2025-04-08T17:32:46.631+0000] {logging_mixin.py:190} INFO - [2025-04-08T17:32:46.631+0000] {override.py:1912} INFO - Created Permission View: can edit on DAG:example_python_decorator
[2025-04-08T17:32:46.648+0000] {logging_mixin.py:190} INFO - [2025-04-08T17:32:46.647+0000] {override.py:1912} INFO - Created Permission View: can delete on DAG:example_python_decorator
[2025-04-08T17:32:46.657+0000] {logging_mixin.py:190} INFO - [2025-04-08T17:32:46.657+0000] {override.py:1912} INFO - Created Permission View: can read on DAG:example_python_decorator
[2025-04-08T17:32:46.668+0000] {logging_mixin.py:190} INFO - [2025-04-08T17:32:46.667+0000] {override.py:1912} INFO - Created Permission View: can create on DAG Run:example_python_decorator
[2025-04-08T17:32:46.678+0000] {logging_mixin.py:190} INFO - [2025-04-08T17:32:46.677+0000] {override.py:1912} INFO - Created Permission View: can delete on DAG Run:example_python_decorator
[2025-04-08T17:32:46.688+0000] {logging_mixin.py:190} INFO - [2025-04-08T17:32:46.687+0000] {override.py:1912} INFO - Created Permission View: menu access on DAG Run:example_python_decorator
[2025-04-08T17:32:46.697+0000] {logging_mixin.py:190} INFO - [2025-04-08T17:32:46.697+0000] {override.py:1912} INFO - Created Permission View: can read on DAG Run:example_python_decorator
[2025-04-08T17:32:46.698+0000] {logging_mixin.py:190} INFO - [2025-04-08T17:32:46.698+0000] {dag.py:3239} INFO - Sync 1 DAGs
[2025-04-08T17:32:46.720+0000] {logging_mixin.py:190} INFO - [2025-04-08T17:32:46.720+0000] {dag.py:3262} INFO - Creating ORM DAG for example_python_decorator
[2025-04-08T17:32:46.722+0000] {logging_mixin.py:190} INFO - [2025-04-08T17:32:46.721+0000] {dag.py:4180} INFO - Setting next_dagrun for example_python_decorator to None, run_after=None
[2025-04-08T17:32:46.746+0000] {processor.py:208} INFO - Processing /home/airflow/.local/lib/python3.12/site-packages/airflow/example_dags/example_python_decorator.py took 0.497 seconds
[2025-04-08T17:33:16.892+0000] {processor.py:186} INFO - Started process (PID=143) to work on /home/airflow/.local/lib/python3.12/site-packages/airflow/example_dags/example_python_decorator.py
[2025-04-08T17:33:16.894+0000] {processor.py:914} INFO - Processing file /home/airflow/.local/lib/python3.12/site-packages/airflow/example_dags/example_python_decorator.py for tasks to queue
[2025-04-08T17:33:16.898+0000] {logging_mixin.py:190} INFO - [2025-04-08T17:33:16.897+0000] {dagbag.py:588} INFO - Filling up the DagBag from /home/airflow/.local/lib/python3.12/site-packages/airflow/example_dags/example_python_decorator.py
[2025-04-08T17:33:16.923+0000] {processor.py:925} INFO - DAG(s) 'example_python_decorator' retrieved from /home/airflow/.local/lib/python3.12/site-packages/airflow/example_dags/example_python_decorator.py
[2025-04-08T17:33:16.957+0000] {logging_mixin.py:190} INFO - [2025-04-08T17:33:16.957+0000] {dag.py:3239} INFO - Sync 1 DAGs
[2025-04-08T17:33:16.980+0000] {logging_mixin.py:190} INFO - [2025-04-08T17:33:16.980+0000] {dag.py:4180} INFO - Setting next_dagrun for example_python_decorator to None, run_after=None
[2025-04-08T17:33:17.009+0000] {processor.py:208} INFO - Processing /home/airflow/.local/lib/python3.12/site-packages/airflow/example_dags/example_python_decorator.py took 0.126 seconds
[2025-04-08T17:33:47.579+0000] {processor.py:186} INFO - Started process (PID=206) to work on /home/airflow/.local/lib/python3.12/site-packages/airflow/example_dags/example_python_decorator.py
[2025-04-08T17:33:47.581+0000] {processor.py:914} INFO - Processing file /home/airflow/.local/lib/python3.12/site-packages/airflow/example_dags/example_python_decorator.py for tasks to queue
[2025-04-08T17:33:47.584+0000] {logging_mixin.py:190} INFO - [2025-04-08T17:33:47.584+0000] {dagbag.py:588} INFO - Filling up the DagBag from /home/airflow/.local/lib/python3.12/site-packages/airflow/example_dags/example_python_decorator.py
[2025-04-08T17:33:47.609+0000] {processor.py:925} INFO - DAG(s) 'example_python_decorator' retrieved from /home/airflow/.local/lib/python3.12/site-packages/airflow/example_dags/example_python_decorator.py
[2025-04-08T17:33:47.643+0000] {logging_mixin.py:190} INFO - [2025-04-08T17:33:47.643+0000] {dag.py:3239} INFO - Sync 1 DAGs
[2025-04-08T17:33:47.667+0000] {logging_mixin.py:190} INFO - [2025-04-08T17:33:47.667+0000] {dag.py:4180} INFO - Setting next_dagrun for example_python_decorator to None, run_after=None
[2025-04-08T17:33:47.698+0000] {processor.py:208} INFO - Processing /home/airflow/.local/lib/python3.12/site-packages/airflow/example_dags/example_python_decorator.py took 0.129 seconds
[2025-04-08T17:34:18.071+0000] {processor.py:186} INFO - Started process (PID=269) to work on /home/airflow/.local/lib/python3.12/site-packages/airflow/example_dags/example_python_decorator.py
[2025-04-08T17:34:18.072+0000] {processor.py:914} INFO - Processing file /home/airflow/.local/lib/python3.12/site-packages/airflow/example_dags/example_python_decorator.py for tasks to queue
[2025-04-08T17:34:18.080+0000] {logging_mixin.py:190} INFO - [2025-04-08T17:34:18.079+0000] {dagbag.py:588} INFO - Filling up the DagBag from /home/airflow/.local/lib/python3.12/site-packages/airflow/example_dags/example_python_decorator.py
[2025-04-08T17:34:18.103+0000] {processor.py:925} INFO - DAG(s) 'example_python_decorator' retrieved from /home/airflow/.local/lib/python3.12/site-packages/airflow/example_dags/example_python_decorator.py
[2025-04-08T17:34:18.137+0000] {logging_mixin.py:190} INFO - [2025-04-08T17:34:18.136+0000] {dag.py:3239} INFO - Sync 1 DAGs
[2025-04-08T17:34:18.161+0000] {logging_mixin.py:190} INFO - [2025-04-08T17:34:18.160+0000] {dag.py:4180} INFO - Setting next_dagrun for example_python_decorator to None, run_after=None
[2025-04-08T17:34:18.191+0000] {processor.py:208} INFO - Processing /home/airflow/.local/lib/python3.12/site-packages/airflow/example_dags/example_python_decorator.py took 0.129 seconds
[2025-04-08T17:34:48.588+0000] {processor.py:186} INFO - Started process (PID=331) to work on /home/airflow/.local/lib/python3.12/site-packages/airflow/example_dags/example_python_decorator.py
[2025-04-08T17:34:48.589+0000] {processor.py:914} INFO - Processing file /home/airflow/.local/lib/python3.12/site-packages/airflow/example_dags/example_python_decorator.py for tasks to queue
[2025-04-08T17:34:48.593+0000] {logging_mixin.py:190} INFO - [2025-04-08T17:34:48.593+0000] {dagbag.py:588} INFO - Filling up the DagBag from /home/airflow/.local/lib/python3.12/site-packages/airflow/example_dags/example_python_decorator.py
[2025-04-08T17:34:48.618+0000] {processor.py:925} INFO - DAG(s) 'example_python_decorator' retrieved from /home/airflow/.local/lib/python3.12/site-packages/airflow/example_dags/example_python_decorator.py
[2025-04-08T17:34:48.655+0000] {logging_mixin.py:190} INFO - [2025-04-08T17:34:48.654+0000] {dag.py:3239} INFO - Sync 1 DAGs
[2025-04-08T17:34:48.680+0000] {logging_mixin.py:190} INFO - [2025-04-08T17:34:48.679+0000] {dag.py:4180} INFO - Setting next_dagrun for example_python_decorator to None, run_after=None
[2025-04-08T17:34:48.708+0000] {processor.py:208} INFO - Processing /home/airflow/.local/lib/python3.12/site-packages/airflow/example_dags/example_python_decorator.py took 0.130 seconds
[2025-04-08T17:35:19.572+0000] {processor.py:186} INFO - Started process (PID=394) to work on /home/airflow/.local/lib/python3.12/site-packages/airflow/example_dags/example_python_decorator.py
[2025-04-08T17:35:19.573+0000] {processor.py:914} INFO - Processing file /home/airflow/.local/lib/python3.12/site-packages/airflow/example_dags/example_python_decorator.py for tasks to queue
[2025-04-08T17:35:19.579+0000] {logging_mixin.py:190} INFO - [2025-04-08T17:35:19.579+0000] {dagbag.py:588} INFO - Filling up the DagBag from /home/airflow/.local/lib/python3.12/site-packages/airflow/example_dags/example_python_decorator.py
[2025-04-08T17:35:19.606+0000] {processor.py:925} INFO - DAG(s) 'example_python_decorator' retrieved from /home/airflow/.local/lib/python3.12/site-packages/airflow/example_dags/example_python_decorator.py
[2025-04-08T17:35:19.641+0000] {logging_mixin.py:190} INFO - [2025-04-08T17:35:19.640+0000] {dag.py:3239} INFO - Sync 1 DAGs
[2025-04-08T17:35:19.666+0000] {logging_mixin.py:190} INFO - [2025-04-08T17:35:19.666+0000] {dag.py:4180} INFO - Setting next_dagrun for example_python_decorator to None, run_after=None
[2025-04-08T17:35:19.696+0000] {processor.py:208} INFO - Processing /home/airflow/.local/lib/python3.12/site-packages/airflow/example_dags/example_python_decorator.py took 0.136 seconds
