[2025-04-08T17:32:56.454+0000] {processor.py:186} INFO - Started process (PID=118) to work on /home/airflow/.local/lib/python3.12/site-packages/airflow/example_dags/example_bash_operator.py
[2025-04-08T17:32:56.455+0000] {processor.py:914} INFO - Processing file /home/airflow/.local/lib/python3.12/site-packages/airflow/example_dags/example_bash_operator.py for tasks to queue
[2025-04-08T17:32:56.459+0000] {logging_mixin.py:190} INFO - [2025-04-08T17:32:56.459+0000] {dagbag.py:588} INFO - Filling up the DagBag from /home/airflow/.local/lib/python3.12/site-packages/airflow/example_dags/example_bash_operator.py
[2025-04-08T17:32:56.483+0000] {processor.py:925} INFO - DAG(s) 'example_bash_operator' retrieved from /home/airflow/.local/lib/python3.12/site-packages/airflow/example_dags/example_bash_operator.py
[2025-04-08T17:32:56.681+0000] {logging_mixin.py:190} INFO - [2025-04-08T17:32:56.680+0000] {override.py:1912} INFO - Created Permission View: can edit on DAG:example_bash_operator
[2025-04-08T17:32:56.700+0000] {logging_mixin.py:190} INFO - [2025-04-08T17:32:56.699+0000] {override.py:1912} INFO - Created Permission View: can delete on DAG:example_bash_operator
[2025-04-08T17:32:56.711+0000] {logging_mixin.py:190} INFO - [2025-04-08T17:32:56.711+0000] {override.py:1912} INFO - Created Permission View: can read on DAG:example_bash_operator
[2025-04-08T17:32:56.723+0000] {logging_mixin.py:190} INFO - [2025-04-08T17:32:56.723+0000] {override.py:1912} INFO - Created Permission View: can create on DAG Run:example_bash_operator
[2025-04-08T17:32:56.734+0000] {logging_mixin.py:190} INFO - [2025-04-08T17:32:56.733+0000] {override.py:1912} INFO - Created Permission View: can delete on DAG Run:example_bash_operator
[2025-04-08T17:32:56.746+0000] {logging_mixin.py:190} INFO - [2025-04-08T17:32:56.746+0000] {override.py:1912} INFO - Created Permission View: menu access on DAG Run:example_bash_operator
[2025-04-08T17:32:56.757+0000] {logging_mixin.py:190} INFO - [2025-04-08T17:32:56.756+0000] {override.py:1912} INFO - Created Permission View: can read on DAG Run:example_bash_operator
[2025-04-08T17:32:56.757+0000] {logging_mixin.py:190} INFO - [2025-04-08T17:32:56.757+0000] {dag.py:3239} INFO - Sync 1 DAGs
[2025-04-08T17:32:56.778+0000] {logging_mixin.py:190} INFO - [2025-04-08T17:32:56.778+0000] {dag.py:3262} INFO - Creating ORM DAG for example_bash_operator
[2025-04-08T17:32:56.796+0000] {logging_mixin.py:190} INFO - [2025-04-08T17:32:56.795+0000] {dag.py:4180} INFO - Setting next_dagrun for example_bash_operator to 2025-04-07 00:00:00+00:00, run_after=2025-04-08 00:00:00+00:00
[2025-04-08T17:32:56.823+0000] {processor.py:208} INFO - Processing /home/airflow/.local/lib/python3.12/site-packages/airflow/example_dags/example_bash_operator.py took 0.381 seconds
[2025-04-08T17:33:27.732+0000] {processor.py:186} INFO - Started process (PID=187) to work on /home/airflow/.local/lib/python3.12/site-packages/airflow/example_dags/example_bash_operator.py
[2025-04-08T17:33:27.734+0000] {processor.py:914} INFO - Processing file /home/airflow/.local/lib/python3.12/site-packages/airflow/example_dags/example_bash_operator.py for tasks to queue
[2025-04-08T17:33:27.741+0000] {logging_mixin.py:190} INFO - [2025-04-08T17:33:27.741+0000] {dagbag.py:588} INFO - Filling up the DagBag from /home/airflow/.local/lib/python3.12/site-packages/airflow/example_dags/example_bash_operator.py
[2025-04-08T17:33:27.775+0000] {processor.py:925} INFO - DAG(s) 'example_bash_operator' retrieved from /home/airflow/.local/lib/python3.12/site-packages/airflow/example_dags/example_bash_operator.py
[2025-04-08T17:33:27.834+0000] {logging_mixin.py:190} INFO - [2025-04-08T17:33:27.834+0000] {dag.py:3239} INFO - Sync 1 DAGs
[2025-04-08T17:33:27.887+0000] {logging_mixin.py:190} INFO - [2025-04-08T17:33:27.887+0000] {dag.py:4180} INFO - Setting next_dagrun for example_bash_operator to 2025-04-07 00:00:00+00:00, run_after=2025-04-08 00:00:00+00:00
[2025-04-08T17:33:27.946+0000] {processor.py:208} INFO - Processing /home/airflow/.local/lib/python3.12/site-packages/airflow/example_dags/example_bash_operator.py took 0.225 seconds
[2025-04-08T17:33:58.142+0000] {processor.py:186} INFO - Started process (PID=250) to work on /home/airflow/.local/lib/python3.12/site-packages/airflow/example_dags/example_bash_operator.py
[2025-04-08T17:33:58.144+0000] {processor.py:914} INFO - Processing file /home/airflow/.local/lib/python3.12/site-packages/airflow/example_dags/example_bash_operator.py for tasks to queue
[2025-04-08T17:33:58.148+0000] {logging_mixin.py:190} INFO - [2025-04-08T17:33:58.147+0000] {dagbag.py:588} INFO - Filling up the DagBag from /home/airflow/.local/lib/python3.12/site-packages/airflow/example_dags/example_bash_operator.py
[2025-04-08T17:33:58.169+0000] {processor.py:925} INFO - DAG(s) 'example_bash_operator' retrieved from /home/airflow/.local/lib/python3.12/site-packages/airflow/example_dags/example_bash_operator.py
[2025-04-08T17:33:58.215+0000] {logging_mixin.py:190} INFO - [2025-04-08T17:33:58.214+0000] {dag.py:3239} INFO - Sync 1 DAGs
[2025-04-08T17:33:58.255+0000] {logging_mixin.py:190} INFO - [2025-04-08T17:33:58.255+0000] {dag.py:4180} INFO - Setting next_dagrun for example_bash_operator to 2025-04-07 00:00:00+00:00, run_after=2025-04-08 00:00:00+00:00
[2025-04-08T17:33:58.283+0000] {processor.py:208} INFO - Processing /home/airflow/.local/lib/python3.12/site-packages/airflow/example_dags/example_bash_operator.py took 0.152 seconds
[2025-04-08T17:34:28.903+0000] {processor.py:186} INFO - Started process (PID=312) to work on /home/airflow/.local/lib/python3.12/site-packages/airflow/example_dags/example_bash_operator.py
[2025-04-08T17:34:28.904+0000] {processor.py:914} INFO - Processing file /home/airflow/.local/lib/python3.12/site-packages/airflow/example_dags/example_bash_operator.py for tasks to queue
[2025-04-08T17:34:28.908+0000] {logging_mixin.py:190} INFO - [2025-04-08T17:34:28.908+0000] {dagbag.py:588} INFO - Filling up the DagBag from /home/airflow/.local/lib/python3.12/site-packages/airflow/example_dags/example_bash_operator.py
[2025-04-08T17:34:28.930+0000] {processor.py:925} INFO - DAG(s) 'example_bash_operator' retrieved from /home/airflow/.local/lib/python3.12/site-packages/airflow/example_dags/example_bash_operator.py
[2025-04-08T17:34:28.972+0000] {logging_mixin.py:190} INFO - [2025-04-08T17:34:28.972+0000] {dag.py:3239} INFO - Sync 1 DAGs
[2025-04-08T17:34:29.011+0000] {logging_mixin.py:190} INFO - [2025-04-08T17:34:29.011+0000] {dag.py:4180} INFO - Setting next_dagrun for example_bash_operator to 2025-04-07 00:00:00+00:00, run_after=2025-04-08 00:00:00+00:00
[2025-04-08T17:34:29.038+0000] {processor.py:208} INFO - Processing /home/airflow/.local/lib/python3.12/site-packages/airflow/example_dags/example_bash_operator.py took 0.146 seconds
[2025-04-08T17:34:59.688+0000] {processor.py:186} INFO - Started process (PID=375) to work on /home/airflow/.local/lib/python3.12/site-packages/airflow/example_dags/example_bash_operator.py
[2025-04-08T17:34:59.689+0000] {processor.py:914} INFO - Processing file /home/airflow/.local/lib/python3.12/site-packages/airflow/example_dags/example_bash_operator.py for tasks to queue
[2025-04-08T17:34:59.693+0000] {logging_mixin.py:190} INFO - [2025-04-08T17:34:59.693+0000] {dagbag.py:588} INFO - Filling up the DagBag from /home/airflow/.local/lib/python3.12/site-packages/airflow/example_dags/example_bash_operator.py
[2025-04-08T17:34:59.715+0000] {processor.py:925} INFO - DAG(s) 'example_bash_operator' retrieved from /home/airflow/.local/lib/python3.12/site-packages/airflow/example_dags/example_bash_operator.py
[2025-04-08T17:34:59.758+0000] {logging_mixin.py:190} INFO - [2025-04-08T17:34:59.758+0000] {dag.py:3239} INFO - Sync 1 DAGs
[2025-04-08T17:34:59.796+0000] {logging_mixin.py:190} INFO - [2025-04-08T17:34:59.796+0000] {dag.py:4180} INFO - Setting next_dagrun for example_bash_operator to 2025-04-07 00:00:00+00:00, run_after=2025-04-08 00:00:00+00:00
[2025-04-08T17:34:59.826+0000] {processor.py:208} INFO - Processing /home/airflow/.local/lib/python3.12/site-packages/airflow/example_dags/example_bash_operator.py took 0.148 seconds
[2025-04-08T17:35:30.112+0000] {processor.py:186} INFO - Started process (PID=437) to work on /home/airflow/.local/lib/python3.12/site-packages/airflow/example_dags/example_bash_operator.py
[2025-04-08T17:35:30.117+0000] {processor.py:914} INFO - Processing file /home/airflow/.local/lib/python3.12/site-packages/airflow/example_dags/example_bash_operator.py for tasks to queue
[2025-04-08T17:35:30.122+0000] {logging_mixin.py:190} INFO - [2025-04-08T17:35:30.122+0000] {dagbag.py:588} INFO - Filling up the DagBag from /home/airflow/.local/lib/python3.12/site-packages/airflow/example_dags/example_bash_operator.py
[2025-04-08T17:35:30.150+0000] {processor.py:925} INFO - DAG(s) 'example_bash_operator' retrieved from /home/airflow/.local/lib/python3.12/site-packages/airflow/example_dags/example_bash_operator.py
[2025-04-08T17:35:30.202+0000] {logging_mixin.py:190} INFO - [2025-04-08T17:35:30.202+0000] {dag.py:3239} INFO - Sync 1 DAGs
[2025-04-08T17:35:30.257+0000] {logging_mixin.py:190} INFO - [2025-04-08T17:35:30.257+0000] {dag.py:4180} INFO - Setting next_dagrun for example_bash_operator to 2025-04-07 00:00:00+00:00, run_after=2025-04-08 00:00:00+00:00
[2025-04-08T17:35:30.294+0000] {processor.py:208} INFO - Processing /home/airflow/.local/lib/python3.12/site-packages/airflow/example_dags/example_bash_operator.py took 0.195 seconds
