[2025-04-08T17:32:49.280+0000] {processor.py:186} INFO - Started process (PID=88) to work on /home/airflow/.local/lib/python3.12/site-packages/airflow/example_dags/example_latest_only_with_trigger.py
[2025-04-08T17:32:49.282+0000] {processor.py:914} INFO - Processing file /home/airflow/.local/lib/python3.12/site-packages/airflow/example_dags/example_latest_only_with_trigger.py for tasks to queue
[2025-04-08T17:32:49.288+0000] {logging_mixin.py:190} INFO - [2025-04-08T17:32:49.287+0000] {dagbag.py:588} INFO - Filling up the DagBag from /home/airflow/.local/lib/python3.12/site-packages/airflow/example_dags/example_latest_only_with_trigger.py
[2025-04-08T17:32:49.306+0000] {processor.py:925} INFO - DAG(s) 'latest_only_with_trigger' retrieved from /home/airflow/.local/lib/python3.12/site-packages/airflow/example_dags/example_latest_only_with_trigger.py
[2025-04-08T17:32:49.499+0000] {logging_mixin.py:190} INFO - [2025-04-08T17:32:49.498+0000] {override.py:1912} INFO - Created Permission View: can edit on DAG:latest_only_with_trigger
[2025-04-08T17:32:49.513+0000] {logging_mixin.py:190} INFO - [2025-04-08T17:32:49.512+0000] {override.py:1912} INFO - Created Permission View: can delete on DAG:latest_only_with_trigger
[2025-04-08T17:32:49.522+0000] {logging_mixin.py:190} INFO - [2025-04-08T17:32:49.522+0000] {override.py:1912} INFO - Created Permission View: can read on DAG:latest_only_with_trigger
[2025-04-08T17:32:49.533+0000] {logging_mixin.py:190} INFO - [2025-04-08T17:32:49.532+0000] {override.py:1912} INFO - Created Permission View: can create on DAG Run:latest_only_with_trigger
[2025-04-08T17:32:49.546+0000] {logging_mixin.py:190} INFO - [2025-04-08T17:32:49.546+0000] {override.py:1912} INFO - Created Permission View: can delete on DAG Run:latest_only_with_trigger
[2025-04-08T17:32:49.560+0000] {logging_mixin.py:190} INFO - [2025-04-08T17:32:49.559+0000] {override.py:1912} INFO - Created Permission View: menu access on DAG Run:latest_only_with_trigger
[2025-04-08T17:32:49.573+0000] {logging_mixin.py:190} INFO - [2025-04-08T17:32:49.573+0000] {override.py:1912} INFO - Created Permission View: can read on DAG Run:latest_only_with_trigger
[2025-04-08T17:32:49.574+0000] {logging_mixin.py:190} INFO - [2025-04-08T17:32:49.574+0000] {dag.py:3239} INFO - Sync 1 DAGs
[2025-04-08T17:32:49.620+0000] {logging_mixin.py:190} INFO - [2025-04-08T17:32:49.620+0000] {dag.py:3262} INFO - Creating ORM DAG for latest_only_with_trigger
[2025-04-08T17:32:49.642+0000] {logging_mixin.py:190} INFO - [2025-04-08T17:32:49.642+0000] {dag.py:4180} INFO - Setting next_dagrun for latest_only_with_trigger to 2025-04-08 12:00:00+00:00, run_after=2025-04-08 16:00:00+00:00
[2025-04-08T17:32:49.676+0000] {processor.py:208} INFO - Processing /home/airflow/.local/lib/python3.12/site-packages/airflow/example_dags/example_latest_only_with_trigger.py took 0.412 seconds
[2025-04-08T17:33:20.949+0000] {processor.py:186} INFO - Started process (PID=151) to work on /home/airflow/.local/lib/python3.12/site-packages/airflow/example_dags/example_latest_only_with_trigger.py
[2025-04-08T17:33:20.950+0000] {processor.py:914} INFO - Processing file /home/airflow/.local/lib/python3.12/site-packages/airflow/example_dags/example_latest_only_with_trigger.py for tasks to queue
[2025-04-08T17:33:20.954+0000] {logging_mixin.py:190} INFO - [2025-04-08T17:33:20.954+0000] {dagbag.py:588} INFO - Filling up the DagBag from /home/airflow/.local/lib/python3.12/site-packages/airflow/example_dags/example_latest_only_with_trigger.py
[2025-04-08T17:33:20.967+0000] {processor.py:925} INFO - DAG(s) 'latest_only_with_trigger' retrieved from /home/airflow/.local/lib/python3.12/site-packages/airflow/example_dags/example_latest_only_with_trigger.py
[2025-04-08T17:33:21.000+0000] {logging_mixin.py:190} INFO - [2025-04-08T17:33:20.999+0000] {dag.py:3239} INFO - Sync 1 DAGs
[2025-04-08T17:33:21.037+0000] {logging_mixin.py:190} INFO - [2025-04-08T17:33:21.037+0000] {dag.py:4180} INFO - Setting next_dagrun for latest_only_with_trigger to 2025-04-08 12:00:00+00:00, run_after=2025-04-08 16:00:00+00:00
[2025-04-08T17:33:21.066+0000] {processor.py:208} INFO - Processing /home/airflow/.local/lib/python3.12/site-packages/airflow/example_dags/example_latest_only_with_trigger.py took 0.128 seconds
[2025-04-08T17:33:51.999+0000] {processor.py:186} INFO - Started process (PID=214) to work on /home/airflow/.local/lib/python3.12/site-packages/airflow/example_dags/example_latest_only_with_trigger.py
[2025-04-08T17:33:52.001+0000] {processor.py:914} INFO - Processing file /home/airflow/.local/lib/python3.12/site-packages/airflow/example_dags/example_latest_only_with_trigger.py for tasks to queue
[2025-04-08T17:33:52.005+0000] {logging_mixin.py:190} INFO - [2025-04-08T17:33:52.005+0000] {dagbag.py:588} INFO - Filling up the DagBag from /home/airflow/.local/lib/python3.12/site-packages/airflow/example_dags/example_latest_only_with_trigger.py
[2025-04-08T17:33:52.018+0000] {processor.py:925} INFO - DAG(s) 'latest_only_with_trigger' retrieved from /home/airflow/.local/lib/python3.12/site-packages/airflow/example_dags/example_latest_only_with_trigger.py
[2025-04-08T17:33:52.051+0000] {logging_mixin.py:190} INFO - [2025-04-08T17:33:52.051+0000] {dag.py:3239} INFO - Sync 1 DAGs
[2025-04-08T17:33:52.088+0000] {logging_mixin.py:190} INFO - [2025-04-08T17:33:52.088+0000] {dag.py:4180} INFO - Setting next_dagrun for latest_only_with_trigger to 2025-04-08 12:00:00+00:00, run_after=2025-04-08 16:00:00+00:00
[2025-04-08T17:33:52.116+0000] {processor.py:208} INFO - Processing /home/airflow/.local/lib/python3.12/site-packages/airflow/example_dags/example_latest_only_with_trigger.py took 0.127 seconds
[2025-04-08T17:34:23.512+0000] {processor.py:186} INFO - Started process (PID=276) to work on /home/airflow/.local/lib/python3.12/site-packages/airflow/example_dags/example_latest_only_with_trigger.py
[2025-04-08T17:34:23.513+0000] {processor.py:914} INFO - Processing file /home/airflow/.local/lib/python3.12/site-packages/airflow/example_dags/example_latest_only_with_trigger.py for tasks to queue
[2025-04-08T17:34:23.517+0000] {logging_mixin.py:190} INFO - [2025-04-08T17:34:23.517+0000] {dagbag.py:588} INFO - Filling up the DagBag from /home/airflow/.local/lib/python3.12/site-packages/airflow/example_dags/example_latest_only_with_trigger.py
[2025-04-08T17:34:23.530+0000] {processor.py:925} INFO - DAG(s) 'latest_only_with_trigger' retrieved from /home/airflow/.local/lib/python3.12/site-packages/airflow/example_dags/example_latest_only_with_trigger.py
[2025-04-08T17:34:23.564+0000] {logging_mixin.py:190} INFO - [2025-04-08T17:34:23.564+0000] {dag.py:3239} INFO - Sync 1 DAGs
[2025-04-08T17:34:23.601+0000] {logging_mixin.py:190} INFO - [2025-04-08T17:34:23.601+0000] {dag.py:4180} INFO - Setting next_dagrun for latest_only_with_trigger to 2025-04-08 12:00:00+00:00, run_after=2025-04-08 16:00:00+00:00
[2025-04-08T17:34:23.629+0000] {processor.py:208} INFO - Processing /home/airflow/.local/lib/python3.12/site-packages/airflow/example_dags/example_latest_only_with_trigger.py took 0.127 seconds
[2025-04-08T17:34:54.204+0000] {processor.py:186} INFO - Started process (PID=338) to work on /home/airflow/.local/lib/python3.12/site-packages/airflow/example_dags/example_latest_only_with_trigger.py
[2025-04-08T17:34:54.206+0000] {processor.py:914} INFO - Processing file /home/airflow/.local/lib/python3.12/site-packages/airflow/example_dags/example_latest_only_with_trigger.py for tasks to queue
[2025-04-08T17:34:54.211+0000] {logging_mixin.py:190} INFO - [2025-04-08T17:34:54.210+0000] {dagbag.py:588} INFO - Filling up the DagBag from /home/airflow/.local/lib/python3.12/site-packages/airflow/example_dags/example_latest_only_with_trigger.py
[2025-04-08T17:34:54.226+0000] {processor.py:925} INFO - DAG(s) 'latest_only_with_trigger' retrieved from /home/airflow/.local/lib/python3.12/site-packages/airflow/example_dags/example_latest_only_with_trigger.py
[2025-04-08T17:34:54.262+0000] {logging_mixin.py:190} INFO - [2025-04-08T17:34:54.262+0000] {dag.py:3239} INFO - Sync 1 DAGs
[2025-04-08T17:34:54.301+0000] {logging_mixin.py:190} INFO - [2025-04-08T17:34:54.301+0000] {dag.py:4180} INFO - Setting next_dagrun for latest_only_with_trigger to 2025-04-08 12:00:00+00:00, run_after=2025-04-08 16:00:00+00:00
[2025-04-08T17:34:54.328+0000] {processor.py:208} INFO - Processing /home/airflow/.local/lib/python3.12/site-packages/airflow/example_dags/example_latest_only_with_trigger.py took 0.135 seconds
[2025-04-08T17:35:26.324+0000] {processor.py:186} INFO - Started process (PID=401) to work on /home/airflow/.local/lib/python3.12/site-packages/airflow/example_dags/example_latest_only_with_trigger.py
[2025-04-08T17:35:26.326+0000] {processor.py:914} INFO - Processing file /home/airflow/.local/lib/python3.12/site-packages/airflow/example_dags/example_latest_only_with_trigger.py for tasks to queue
[2025-04-08T17:35:26.329+0000] {logging_mixin.py:190} INFO - [2025-04-08T17:35:26.329+0000] {dagbag.py:588} INFO - Filling up the DagBag from /home/airflow/.local/lib/python3.12/site-packages/airflow/example_dags/example_latest_only_with_trigger.py
[2025-04-08T17:35:26.342+0000] {processor.py:925} INFO - DAG(s) 'latest_only_with_trigger' retrieved from /home/airflow/.local/lib/python3.12/site-packages/airflow/example_dags/example_latest_only_with_trigger.py
[2025-04-08T17:35:26.377+0000] {logging_mixin.py:190} INFO - [2025-04-08T17:35:26.377+0000] {dag.py:3239} INFO - Sync 1 DAGs
[2025-04-08T17:35:26.415+0000] {logging_mixin.py:190} INFO - [2025-04-08T17:35:26.415+0000] {dag.py:4180} INFO - Setting next_dagrun for latest_only_with_trigger to 2025-04-08 12:00:00+00:00, run_after=2025-04-08 16:00:00+00:00
[2025-04-08T17:35:26.445+0000] {processor.py:208} INFO - Processing /home/airflow/.local/lib/python3.12/site-packages/airflow/example_dags/example_latest_only_with_trigger.py took 0.131 seconds
