[2025-04-08T17:32:43.391+0000] {processor.py:186} INFO - Started process (PID=78) to work on /home/airflow/.local/lib/python3.12/site-packages/airflow/example_dags/example_local_kubernetes_executor.py
[2025-04-08T17:32:43.393+0000] {processor.py:914} INFO - Processing file /home/airflow/.local/lib/python3.12/site-packages/airflow/example_dags/example_local_kubernetes_executor.py for tasks to queue
[2025-04-08T17:32:43.397+0000] {logging_mixin.py:190} INFO - [2025-04-08T17:32:43.396+0000] {dagbag.py:588} INFO - Filling up the DagBag from /home/airflow/.local/lib/python3.12/site-packages/airflow/example_dags/example_local_kubernetes_executor.py
[2025-04-08T17:32:43.416+0000] {processor.py:925} INFO - DAG(s) 'example_local_kubernetes_executor' retrieved from /home/airflow/.local/lib/python3.12/site-packages/airflow/example_dags/example_local_kubernetes_executor.py
[2025-04-08T17:32:43.667+0000] {logging_mixin.py:190} INFO - [2025-04-08T17:32:43.666+0000] {override.py:1912} INFO - Created Permission View: can edit on DAG:example_local_kubernetes_executor
[2025-04-08T17:32:43.685+0000] {logging_mixin.py:190} INFO - [2025-04-08T17:32:43.685+0000] {override.py:1912} INFO - Created Permission View: can delete on DAG:example_local_kubernetes_executor
[2025-04-08T17:32:43.696+0000] {logging_mixin.py:190} INFO - [2025-04-08T17:32:43.696+0000] {override.py:1912} INFO - Created Permission View: can read on DAG:example_local_kubernetes_executor
[2025-04-08T17:32:43.708+0000] {logging_mixin.py:190} INFO - [2025-04-08T17:32:43.708+0000] {override.py:1912} INFO - Created Permission View: can create on DAG Run:example_local_kubernetes_executor
[2025-04-08T17:32:43.719+0000] {logging_mixin.py:190} INFO - [2025-04-08T17:32:43.719+0000] {override.py:1912} INFO - Created Permission View: can delete on DAG Run:example_local_kubernetes_executor
[2025-04-08T17:32:43.730+0000] {logging_mixin.py:190} INFO - [2025-04-08T17:32:43.729+0000] {override.py:1912} INFO - Created Permission View: menu access on DAG Run:example_local_kubernetes_executor
[2025-04-08T17:32:43.740+0000] {logging_mixin.py:190} INFO - [2025-04-08T17:32:43.740+0000] {override.py:1912} INFO - Created Permission View: can read on DAG Run:example_local_kubernetes_executor
[2025-04-08T17:32:43.741+0000] {logging_mixin.py:190} INFO - [2025-04-08T17:32:43.741+0000] {dag.py:3239} INFO - Sync 1 DAGs
[2025-04-08T17:32:43.765+0000] {logging_mixin.py:190} INFO - [2025-04-08T17:32:43.765+0000] {dag.py:3262} INFO - Creating ORM DAG for example_local_kubernetes_executor
[2025-04-08T17:32:43.767+0000] {logging_mixin.py:190} INFO - [2025-04-08T17:32:43.767+0000] {dag.py:4180} INFO - Setting next_dagrun for example_local_kubernetes_executor to None, run_after=None
[2025-04-08T17:32:43.796+0000] {processor.py:208} INFO - Processing /home/airflow/.local/lib/python3.12/site-packages/airflow/example_dags/example_local_kubernetes_executor.py took 0.417 seconds
[2025-04-08T17:33:14.697+0000] {processor.py:186} INFO - Started process (PID=140) to work on /home/airflow/.local/lib/python3.12/site-packages/airflow/example_dags/example_local_kubernetes_executor.py
[2025-04-08T17:33:14.699+0000] {processor.py:914} INFO - Processing file /home/airflow/.local/lib/python3.12/site-packages/airflow/example_dags/example_local_kubernetes_executor.py for tasks to queue
[2025-04-08T17:33:14.702+0000] {logging_mixin.py:190} INFO - [2025-04-08T17:33:14.702+0000] {dagbag.py:588} INFO - Filling up the DagBag from /home/airflow/.local/lib/python3.12/site-packages/airflow/example_dags/example_local_kubernetes_executor.py
[2025-04-08T17:33:14.719+0000] {processor.py:925} INFO - DAG(s) 'example_local_kubernetes_executor' retrieved from /home/airflow/.local/lib/python3.12/site-packages/airflow/example_dags/example_local_kubernetes_executor.py
[2025-04-08T17:33:14.753+0000] {logging_mixin.py:190} INFO - [2025-04-08T17:33:14.753+0000] {dag.py:3239} INFO - Sync 1 DAGs
[2025-04-08T17:33:14.780+0000] {logging_mixin.py:190} INFO - [2025-04-08T17:33:14.779+0000] {dag.py:4180} INFO - Setting next_dagrun for example_local_kubernetes_executor to None, run_after=None
[2025-04-08T17:33:14.808+0000] {processor.py:208} INFO - Processing /home/airflow/.local/lib/python3.12/site-packages/airflow/example_dags/example_local_kubernetes_executor.py took 0.121 seconds
[2025-04-08T17:33:45.375+0000] {processor.py:186} INFO - Started process (PID=203) to work on /home/airflow/.local/lib/python3.12/site-packages/airflow/example_dags/example_local_kubernetes_executor.py
[2025-04-08T17:33:45.377+0000] {processor.py:914} INFO - Processing file /home/airflow/.local/lib/python3.12/site-packages/airflow/example_dags/example_local_kubernetes_executor.py for tasks to queue
[2025-04-08T17:33:45.398+0000] {logging_mixin.py:190} INFO - [2025-04-08T17:33:45.397+0000] {dagbag.py:588} INFO - Filling up the DagBag from /home/airflow/.local/lib/python3.12/site-packages/airflow/example_dags/example_local_kubernetes_executor.py
[2025-04-08T17:33:45.424+0000] {processor.py:925} INFO - DAG(s) 'example_local_kubernetes_executor' retrieved from /home/airflow/.local/lib/python3.12/site-packages/airflow/example_dags/example_local_kubernetes_executor.py
[2025-04-08T17:33:45.458+0000] {logging_mixin.py:190} INFO - [2025-04-08T17:33:45.458+0000] {dag.py:3239} INFO - Sync 1 DAGs
[2025-04-08T17:33:45.481+0000] {logging_mixin.py:190} INFO - [2025-04-08T17:33:45.481+0000] {dag.py:4180} INFO - Setting next_dagrun for example_local_kubernetes_executor to None, run_after=None
[2025-04-08T17:33:45.509+0000] {processor.py:208} INFO - Processing /home/airflow/.local/lib/python3.12/site-packages/airflow/example_dags/example_local_kubernetes_executor.py took 0.144 seconds
[2025-04-08T17:34:15.886+0000] {processor.py:186} INFO - Started process (PID=266) to work on /home/airflow/.local/lib/python3.12/site-packages/airflow/example_dags/example_local_kubernetes_executor.py
[2025-04-08T17:34:15.888+0000] {processor.py:914} INFO - Processing file /home/airflow/.local/lib/python3.12/site-packages/airflow/example_dags/example_local_kubernetes_executor.py for tasks to queue
[2025-04-08T17:34:15.893+0000] {logging_mixin.py:190} INFO - [2025-04-08T17:34:15.892+0000] {dagbag.py:588} INFO - Filling up the DagBag from /home/airflow/.local/lib/python3.12/site-packages/airflow/example_dags/example_local_kubernetes_executor.py
[2025-04-08T17:34:15.908+0000] {processor.py:925} INFO - DAG(s) 'example_local_kubernetes_executor' retrieved from /home/airflow/.local/lib/python3.12/site-packages/airflow/example_dags/example_local_kubernetes_executor.py
[2025-04-08T17:34:15.944+0000] {logging_mixin.py:190} INFO - [2025-04-08T17:34:15.943+0000] {dag.py:3239} INFO - Sync 1 DAGs
[2025-04-08T17:34:15.971+0000] {logging_mixin.py:190} INFO - [2025-04-08T17:34:15.971+0000] {dag.py:4180} INFO - Setting next_dagrun for example_local_kubernetes_executor to None, run_after=None
[2025-04-08T17:34:16.003+0000] {processor.py:208} INFO - Processing /home/airflow/.local/lib/python3.12/site-packages/airflow/example_dags/example_local_kubernetes_executor.py took 0.130 seconds
[2025-04-08T17:34:46.409+0000] {processor.py:186} INFO - Started process (PID=328) to work on /home/airflow/.local/lib/python3.12/site-packages/airflow/example_dags/example_local_kubernetes_executor.py
[2025-04-08T17:34:46.411+0000] {processor.py:914} INFO - Processing file /home/airflow/.local/lib/python3.12/site-packages/airflow/example_dags/example_local_kubernetes_executor.py for tasks to queue
[2025-04-08T17:34:46.415+0000] {logging_mixin.py:190} INFO - [2025-04-08T17:34:46.415+0000] {dagbag.py:588} INFO - Filling up the DagBag from /home/airflow/.local/lib/python3.12/site-packages/airflow/example_dags/example_local_kubernetes_executor.py
[2025-04-08T17:34:46.430+0000] {processor.py:925} INFO - DAG(s) 'example_local_kubernetes_executor' retrieved from /home/airflow/.local/lib/python3.12/site-packages/airflow/example_dags/example_local_kubernetes_executor.py
[2025-04-08T17:34:46.463+0000] {logging_mixin.py:190} INFO - [2025-04-08T17:34:46.463+0000] {dag.py:3239} INFO - Sync 1 DAGs
[2025-04-08T17:34:46.488+0000] {logging_mixin.py:190} INFO - [2025-04-08T17:34:46.487+0000] {dag.py:4180} INFO - Setting next_dagrun for example_local_kubernetes_executor to None, run_after=None
[2025-04-08T17:34:46.516+0000] {processor.py:208} INFO - Processing /home/airflow/.local/lib/python3.12/site-packages/airflow/example_dags/example_local_kubernetes_executor.py took 0.116 seconds
[2025-04-08T17:35:17.343+0000] {processor.py:186} INFO - Started process (PID=391) to work on /home/airflow/.local/lib/python3.12/site-packages/airflow/example_dags/example_local_kubernetes_executor.py
[2025-04-08T17:35:17.345+0000] {processor.py:914} INFO - Processing file /home/airflow/.local/lib/python3.12/site-packages/airflow/example_dags/example_local_kubernetes_executor.py for tasks to queue
[2025-04-08T17:35:17.351+0000] {logging_mixin.py:190} INFO - [2025-04-08T17:35:17.351+0000] {dagbag.py:588} INFO - Filling up the DagBag from /home/airflow/.local/lib/python3.12/site-packages/airflow/example_dags/example_local_kubernetes_executor.py
[2025-04-08T17:35:17.371+0000] {processor.py:925} INFO - DAG(s) 'example_local_kubernetes_executor' retrieved from /home/airflow/.local/lib/python3.12/site-packages/airflow/example_dags/example_local_kubernetes_executor.py
[2025-04-08T17:35:17.418+0000] {logging_mixin.py:190} INFO - [2025-04-08T17:35:17.418+0000] {dag.py:3239} INFO - Sync 1 DAGs
[2025-04-08T17:35:17.451+0000] {logging_mixin.py:190} INFO - [2025-04-08T17:35:17.451+0000] {dag.py:4180} INFO - Setting next_dagrun for example_local_kubernetes_executor to None, run_after=None
[2025-04-08T17:35:17.488+0000] {processor.py:208} INFO - Processing /home/airflow/.local/lib/python3.12/site-packages/airflow/example_dags/example_local_kubernetes_executor.py took 0.155 seconds
