[2025-04-08T17:32:48.449+0000] {processor.py:186} INFO - Started process (PID=87) to work on /home/airflow/.local/lib/python3.12/site-packages/airflow/example_dags/example_inlet_event_extra.py
[2025-04-08T17:32:48.451+0000] {processor.py:914} INFO - Processing file /home/airflow/.local/lib/python3.12/site-packages/airflow/example_dags/example_inlet_event_extra.py for tasks to queue
[2025-04-08T17:32:48.455+0000] {logging_mixin.py:190} INFO - [2025-04-08T17:32:48.455+0000] {dagbag.py:588} INFO - Filling up the DagBag from /home/airflow/.local/lib/python3.12/site-packages/airflow/example_dags/example_inlet_event_extra.py
[2025-04-08T17:32:49.450+0000] {processor.py:925} INFO - DAG(s) 'read_dataset_event', 'read_dataset_event_from_classic' retrieved from /home/airflow/.local/lib/python3.12/site-packages/airflow/example_dags/example_inlet_event_extra.py
[2025-04-08T17:32:49.662+0000] {logging_mixin.py:190} INFO - [2025-04-08T17:32:49.661+0000] {override.py:1912} INFO - Created Permission View: can edit on DAG:read_dataset_event
[2025-04-08T17:32:49.685+0000] {logging_mixin.py:190} INFO - [2025-04-08T17:32:49.684+0000] {override.py:1912} INFO - Created Permission View: can delete on DAG:read_dataset_event
[2025-04-08T17:32:49.743+0000] {logging_mixin.py:190} INFO - [2025-04-08T17:32:49.741+0000] {override.py:1912} INFO - Created Permission View: can read on DAG:read_dataset_event
[2025-04-08T17:32:49.779+0000] {logging_mixin.py:190} INFO - [2025-04-08T17:32:49.778+0000] {override.py:1912} INFO - Created Permission View: can create on DAG Run:read_dataset_event
[2025-04-08T17:32:49.799+0000] {logging_mixin.py:190} INFO - [2025-04-08T17:32:49.798+0000] {override.py:1912} INFO - Created Permission View: can delete on DAG Run:read_dataset_event
[2025-04-08T17:32:49.818+0000] {logging_mixin.py:190} INFO - [2025-04-08T17:32:49.817+0000] {override.py:1912} INFO - Created Permission View: menu access on DAG Run:read_dataset_event
[2025-04-08T17:32:49.838+0000] {logging_mixin.py:190} INFO - [2025-04-08T17:32:49.837+0000] {override.py:1912} INFO - Created Permission View: can read on DAG Run:read_dataset_event
[2025-04-08T17:32:49.874+0000] {logging_mixin.py:190} INFO - [2025-04-08T17:32:49.872+0000] {override.py:1912} INFO - Created Permission View: can edit on DAG:read_dataset_event_from_classic
[2025-04-08T17:32:49.891+0000] {logging_mixin.py:190} INFO - [2025-04-08T17:32:49.890+0000] {override.py:1912} INFO - Created Permission View: can delete on DAG:read_dataset_event_from_classic
[2025-04-08T17:32:49.905+0000] {logging_mixin.py:190} INFO - [2025-04-08T17:32:49.905+0000] {override.py:1912} INFO - Created Permission View: can read on DAG:read_dataset_event_from_classic
[2025-04-08T17:32:49.922+0000] {logging_mixin.py:190} INFO - [2025-04-08T17:32:49.922+0000] {override.py:1912} INFO - Created Permission View: can create on DAG Run:read_dataset_event_from_classic
[2025-04-08T17:32:49.935+0000] {logging_mixin.py:190} INFO - [2025-04-08T17:32:49.935+0000] {override.py:1912} INFO - Created Permission View: can delete on DAG Run:read_dataset_event_from_classic
[2025-04-08T17:32:49.956+0000] {logging_mixin.py:190} INFO - [2025-04-08T17:32:49.955+0000] {override.py:1912} INFO - Created Permission View: menu access on DAG Run:read_dataset_event_from_classic
[2025-04-08T17:32:49.972+0000] {logging_mixin.py:190} INFO - [2025-04-08T17:32:49.971+0000] {override.py:1912} INFO - Created Permission View: can read on DAG Run:read_dataset_event_from_classic
[2025-04-08T17:32:49.974+0000] {logging_mixin.py:190} INFO - [2025-04-08T17:32:49.973+0000] {dag.py:3239} INFO - Sync 2 DAGs
[2025-04-08T17:32:50.012+0000] {logging_mixin.py:190} INFO - [2025-04-08T17:32:50.011+0000] {dag.py:3262} INFO - Creating ORM DAG for read_dataset_event
[2025-04-08T17:32:50.014+0000] {logging_mixin.py:190} INFO - [2025-04-08T17:32:50.013+0000] {dag.py:3262} INFO - Creating ORM DAG for read_dataset_event_from_classic
[2025-04-08T17:32:50.032+0000] {logging_mixin.py:190} INFO - [2025-04-08T17:32:50.032+0000] {dag.py:4180} INFO - Setting next_dagrun for read_dataset_event to 2025-04-07 00:00:00+00:00, run_after=2025-04-08 00:00:00+00:00
[2025-04-08T17:32:50.035+0000] {logging_mixin.py:190} INFO - [2025-04-08T17:32:50.035+0000] {dag.py:4180} INFO - Setting next_dagrun for read_dataset_event_from_classic to 2025-04-07 00:00:00+00:00, run_after=2025-04-08 00:00:00+00:00
[2025-04-08T17:32:50.065+0000] {processor.py:208} INFO - Processing /home/airflow/.local/lib/python3.12/site-packages/airflow/example_dags/example_inlet_event_extra.py took 1.630 seconds
[2025-04-08T17:33:20.241+0000] {processor.py:186} INFO - Started process (PID=150) to work on /home/airflow/.local/lib/python3.12/site-packages/airflow/example_dags/example_inlet_event_extra.py
[2025-04-08T17:33:20.243+0000] {processor.py:914} INFO - Processing file /home/airflow/.local/lib/python3.12/site-packages/airflow/example_dags/example_inlet_event_extra.py for tasks to queue
[2025-04-08T17:33:20.249+0000] {logging_mixin.py:190} INFO - [2025-04-08T17:33:20.248+0000] {dagbag.py:588} INFO - Filling up the DagBag from /home/airflow/.local/lib/python3.12/site-packages/airflow/example_dags/example_inlet_event_extra.py
[2025-04-08T17:33:21.219+0000] {processor.py:925} INFO - DAG(s) 'read_dataset_event', 'read_dataset_event_from_classic' retrieved from /home/airflow/.local/lib/python3.12/site-packages/airflow/example_dags/example_inlet_event_extra.py
[2025-04-08T17:33:21.253+0000] {logging_mixin.py:190} INFO - [2025-04-08T17:33:21.252+0000] {dag.py:3239} INFO - Sync 2 DAGs
[2025-04-08T17:33:21.295+0000] {logging_mixin.py:190} INFO - [2025-04-08T17:33:21.294+0000] {dag.py:4180} INFO - Setting next_dagrun for read_dataset_event to 2025-04-07 00:00:00+00:00, run_after=2025-04-08 00:00:00+00:00
[2025-04-08T17:33:21.303+0000] {logging_mixin.py:190} INFO - [2025-04-08T17:33:21.303+0000] {dag.py:4180} INFO - Setting next_dagrun for read_dataset_event_from_classic to 2025-04-07 00:00:00+00:00, run_after=2025-04-08 00:00:00+00:00
[2025-04-08T17:33:21.328+0000] {processor.py:208} INFO - Processing /home/airflow/.local/lib/python3.12/site-packages/airflow/example_dags/example_inlet_event_extra.py took 1.105 seconds
[2025-04-08T17:33:51.992+0000] {processor.py:186} INFO - Started process (PID=213) to work on /home/airflow/.local/lib/python3.12/site-packages/airflow/example_dags/example_inlet_event_extra.py
[2025-04-08T17:33:51.993+0000] {processor.py:914} INFO - Processing file /home/airflow/.local/lib/python3.12/site-packages/airflow/example_dags/example_inlet_event_extra.py for tasks to queue
[2025-04-08T17:33:51.997+0000] {logging_mixin.py:190} INFO - [2025-04-08T17:33:51.996+0000] {dagbag.py:588} INFO - Filling up the DagBag from /home/airflow/.local/lib/python3.12/site-packages/airflow/example_dags/example_inlet_event_extra.py
[2025-04-08T17:33:52.833+0000] {processor.py:925} INFO - DAG(s) 'read_dataset_event_from_classic', 'read_dataset_event' retrieved from /home/airflow/.local/lib/python3.12/site-packages/airflow/example_dags/example_inlet_event_extra.py
[2025-04-08T17:33:52.864+0000] {logging_mixin.py:190} INFO - [2025-04-08T17:33:52.864+0000] {dag.py:3239} INFO - Sync 2 DAGs
[2025-04-08T17:33:52.908+0000] {logging_mixin.py:190} INFO - [2025-04-08T17:33:52.908+0000] {dag.py:4180} INFO - Setting next_dagrun for read_dataset_event to 2025-04-07 00:00:00+00:00, run_after=2025-04-08 00:00:00+00:00
[2025-04-08T17:33:52.916+0000] {logging_mixin.py:190} INFO - [2025-04-08T17:33:52.916+0000] {dag.py:4180} INFO - Setting next_dagrun for read_dataset_event_from_classic to 2025-04-07 00:00:00+00:00, run_after=2025-04-08 00:00:00+00:00
[2025-04-08T17:33:52.941+0000] {processor.py:208} INFO - Processing /home/airflow/.local/lib/python3.12/site-packages/airflow/example_dags/example_inlet_event_extra.py took 0.960 seconds
[2025-04-08T17:34:23.685+0000] {processor.py:186} INFO - Started process (PID=279) to work on /home/airflow/.local/lib/python3.12/site-packages/airflow/example_dags/example_inlet_event_extra.py
[2025-04-08T17:34:23.687+0000] {processor.py:914} INFO - Processing file /home/airflow/.local/lib/python3.12/site-packages/airflow/example_dags/example_inlet_event_extra.py for tasks to queue
[2025-04-08T17:34:23.691+0000] {logging_mixin.py:190} INFO - [2025-04-08T17:34:23.690+0000] {dagbag.py:588} INFO - Filling up the DagBag from /home/airflow/.local/lib/python3.12/site-packages/airflow/example_dags/example_inlet_event_extra.py
[2025-04-08T17:34:24.523+0000] {processor.py:925} INFO - DAG(s) 'read_dataset_event', 'read_dataset_event_from_classic' retrieved from /home/airflow/.local/lib/python3.12/site-packages/airflow/example_dags/example_inlet_event_extra.py
[2025-04-08T17:34:24.555+0000] {logging_mixin.py:190} INFO - [2025-04-08T17:34:24.555+0000] {dag.py:3239} INFO - Sync 2 DAGs
[2025-04-08T17:34:24.594+0000] {logging_mixin.py:190} INFO - [2025-04-08T17:34:24.593+0000] {dag.py:4180} INFO - Setting next_dagrun for read_dataset_event to 2025-04-07 00:00:00+00:00, run_after=2025-04-08 00:00:00+00:00
[2025-04-08T17:34:24.602+0000] {logging_mixin.py:190} INFO - [2025-04-08T17:34:24.602+0000] {dag.py:4180} INFO - Setting next_dagrun for read_dataset_event_from_classic to 2025-04-07 00:00:00+00:00, run_after=2025-04-08 00:00:00+00:00
[2025-04-08T17:34:24.626+0000] {processor.py:208} INFO - Processing /home/airflow/.local/lib/python3.12/site-packages/airflow/example_dags/example_inlet_event_extra.py took 0.950 seconds
[2025-04-08T17:34:54.827+0000] {processor.py:186} INFO - Started process (PID=342) to work on /home/airflow/.local/lib/python3.12/site-packages/airflow/example_dags/example_inlet_event_extra.py
[2025-04-08T17:34:54.829+0000] {processor.py:914} INFO - Processing file /home/airflow/.local/lib/python3.12/site-packages/airflow/example_dags/example_inlet_event_extra.py for tasks to queue
[2025-04-08T17:34:54.832+0000] {logging_mixin.py:190} INFO - [2025-04-08T17:34:54.832+0000] {dagbag.py:588} INFO - Filling up the DagBag from /home/airflow/.local/lib/python3.12/site-packages/airflow/example_dags/example_inlet_event_extra.py
[2025-04-08T17:34:55.653+0000] {processor.py:925} INFO - DAG(s) 'read_dataset_event', 'read_dataset_event_from_classic' retrieved from /home/airflow/.local/lib/python3.12/site-packages/airflow/example_dags/example_inlet_event_extra.py
[2025-04-08T17:34:55.685+0000] {logging_mixin.py:190} INFO - [2025-04-08T17:34:55.684+0000] {dag.py:3239} INFO - Sync 2 DAGs
[2025-04-08T17:34:55.725+0000] {logging_mixin.py:190} INFO - [2025-04-08T17:34:55.725+0000] {dag.py:4180} INFO - Setting next_dagrun for read_dataset_event to 2025-04-07 00:00:00+00:00, run_after=2025-04-08 00:00:00+00:00
[2025-04-08T17:34:55.735+0000] {logging_mixin.py:190} INFO - [2025-04-08T17:34:55.735+0000] {dag.py:4180} INFO - Setting next_dagrun for read_dataset_event_from_classic to 2025-04-07 00:00:00+00:00, run_after=2025-04-08 00:00:00+00:00
[2025-04-08T17:34:55.759+0000] {processor.py:208} INFO - Processing /home/airflow/.local/lib/python3.12/site-packages/airflow/example_dags/example_inlet_event_extra.py took 0.942 seconds
[2025-04-08T17:35:26.923+0000] {processor.py:186} INFO - Started process (PID=406) to work on /home/airflow/.local/lib/python3.12/site-packages/airflow/example_dags/example_inlet_event_extra.py
[2025-04-08T17:35:26.924+0000] {processor.py:914} INFO - Processing file /home/airflow/.local/lib/python3.12/site-packages/airflow/example_dags/example_inlet_event_extra.py for tasks to queue
[2025-04-08T17:35:26.929+0000] {logging_mixin.py:190} INFO - [2025-04-08T17:35:26.928+0000] {dagbag.py:588} INFO - Filling up the DagBag from /home/airflow/.local/lib/python3.12/site-packages/airflow/example_dags/example_inlet_event_extra.py
[2025-04-08T17:35:27.941+0000] {processor.py:925} INFO - DAG(s) 'read_dataset_event', 'read_dataset_event_from_classic' retrieved from /home/airflow/.local/lib/python3.12/site-packages/airflow/example_dags/example_inlet_event_extra.py
[2025-04-08T17:35:28.007+0000] {logging_mixin.py:190} INFO - [2025-04-08T17:35:28.006+0000] {dag.py:3239} INFO - Sync 2 DAGs
[2025-04-08T17:35:28.081+0000] {logging_mixin.py:190} INFO - [2025-04-08T17:35:28.080+0000] {dag.py:4180} INFO - Setting next_dagrun for read_dataset_event to 2025-04-07 00:00:00+00:00, run_after=2025-04-08 00:00:00+00:00
[2025-04-08T17:35:28.093+0000] {logging_mixin.py:190} INFO - [2025-04-08T17:35:28.093+0000] {dag.py:4180} INFO - Setting next_dagrun for read_dataset_event_from_classic to 2025-04-07 00:00:00+00:00, run_after=2025-04-08 00:00:00+00:00
[2025-04-08T17:35:28.121+0000] {processor.py:208} INFO - Processing /home/airflow/.local/lib/python3.12/site-packages/airflow/example_dags/example_inlet_event_extra.py took 1.209 seconds
