[2025-04-08T17:32:51.903+0000] {processor.py:186} INFO - Started process (PID=99) to work on /home/airflow/.local/lib/python3.12/site-packages/airflow/example_dags/example_branch_python_dop_operator_3.py
[2025-04-08T17:32:51.904+0000] {processor.py:914} INFO - Processing file /home/airflow/.local/lib/python3.12/site-packages/airflow/example_dags/example_branch_python_dop_operator_3.py for tasks to queue
[2025-04-08T17:32:51.908+0000] {logging_mixin.py:190} INFO - [2025-04-08T17:32:51.908+0000] {dagbag.py:588} INFO - Filling up the DagBag from /home/airflow/.local/lib/python3.12/site-packages/airflow/example_dags/example_branch_python_dop_operator_3.py
[2025-04-08T17:32:51.928+0000] {processor.py:925} INFO - DAG(s) 'example_branch_dop_operator_v3' retrieved from /home/airflow/.local/lib/python3.12/site-packages/airflow/example_dags/example_branch_python_dop_operator_3.py
[2025-04-08T17:32:52.115+0000] {logging_mixin.py:190} INFO - [2025-04-08T17:32:52.114+0000] {override.py:1912} INFO - Created Permission View: can edit on DAG:example_branch_dop_operator_v3
[2025-04-08T17:32:52.129+0000] {logging_mixin.py:190} INFO - [2025-04-08T17:32:52.129+0000] {override.py:1912} INFO - Created Permission View: can delete on DAG:example_branch_dop_operator_v3
[2025-04-08T17:32:52.139+0000] {logging_mixin.py:190} INFO - [2025-04-08T17:32:52.139+0000] {override.py:1912} INFO - Created Permission View: can read on DAG:example_branch_dop_operator_v3
[2025-04-08T17:32:52.150+0000] {logging_mixin.py:190} INFO - [2025-04-08T17:32:52.149+0000] {override.py:1912} INFO - Created Permission View: can create on DAG Run:example_branch_dop_operator_v3
[2025-04-08T17:32:52.160+0000] {logging_mixin.py:190} INFO - [2025-04-08T17:32:52.159+0000] {override.py:1912} INFO - Created Permission View: can delete on DAG Run:example_branch_dop_operator_v3
[2025-04-08T17:32:52.169+0000] {logging_mixin.py:190} INFO - [2025-04-08T17:32:52.169+0000] {override.py:1912} INFO - Created Permission View: menu access on DAG Run:example_branch_dop_operator_v3
[2025-04-08T17:32:52.179+0000] {logging_mixin.py:190} INFO - [2025-04-08T17:32:52.178+0000] {override.py:1912} INFO - Created Permission View: can read on DAG Run:example_branch_dop_operator_v3
[2025-04-08T17:32:52.181+0000] {logging_mixin.py:190} INFO - [2025-04-08T17:32:52.180+0000] {dag.py:3239} INFO - Sync 1 DAGs
[2025-04-08T17:32:52.204+0000] {logging_mixin.py:190} INFO - [2025-04-08T17:32:52.203+0000] {dag.py:3262} INFO - Creating ORM DAG for example_branch_dop_operator_v3
[2025-04-08T17:32:52.226+0000] {logging_mixin.py:190} INFO - [2025-04-08T17:32:52.226+0000] {dag.py:4180} INFO - Setting next_dagrun for example_branch_dop_operator_v3 to 2025-04-08 17:31:00+00:00, run_after=2025-04-08 17:32:00+00:00
[2025-04-08T17:32:52.253+0000] {processor.py:208} INFO - Processing /home/airflow/.local/lib/python3.12/site-packages/airflow/example_dags/example_branch_python_dop_operator_3.py took 0.361 seconds
[2025-04-08T17:33:23.060+0000] {processor.py:186} INFO - Started process (PID=162) to work on /home/airflow/.local/lib/python3.12/site-packages/airflow/example_dags/example_branch_python_dop_operator_3.py
[2025-04-08T17:33:23.062+0000] {processor.py:914} INFO - Processing file /home/airflow/.local/lib/python3.12/site-packages/airflow/example_dags/example_branch_python_dop_operator_3.py for tasks to queue
[2025-04-08T17:33:23.067+0000] {logging_mixin.py:190} INFO - [2025-04-08T17:33:23.066+0000] {dagbag.py:588} INFO - Filling up the DagBag from /home/airflow/.local/lib/python3.12/site-packages/airflow/example_dags/example_branch_python_dop_operator_3.py
[2025-04-08T17:33:23.086+0000] {processor.py:925} INFO - DAG(s) 'example_branch_dop_operator_v3' retrieved from /home/airflow/.local/lib/python3.12/site-packages/airflow/example_dags/example_branch_python_dop_operator_3.py
[2025-04-08T17:33:23.125+0000] {logging_mixin.py:190} INFO - [2025-04-08T17:33:23.125+0000] {dag.py:3239} INFO - Sync 1 DAGs
[2025-04-08T17:33:23.195+0000] {logging_mixin.py:190} INFO - [2025-04-08T17:33:23.195+0000] {dag.py:4180} INFO - Setting next_dagrun for example_branch_dop_operator_v3 to 2025-04-08 17:32:00+00:00, run_after=2025-04-08 17:33:00+00:00
[2025-04-08T17:33:23.241+0000] {processor.py:208} INFO - Processing /home/airflow/.local/lib/python3.12/site-packages/airflow/example_dags/example_branch_python_dop_operator_3.py took 0.190 seconds
[2025-04-08T17:33:53.432+0000] {processor.py:186} INFO - Started process (PID=225) to work on /home/airflow/.local/lib/python3.12/site-packages/airflow/example_dags/example_branch_python_dop_operator_3.py
[2025-04-08T17:33:53.434+0000] {processor.py:914} INFO - Processing file /home/airflow/.local/lib/python3.12/site-packages/airflow/example_dags/example_branch_python_dop_operator_3.py for tasks to queue
[2025-04-08T17:33:53.437+0000] {logging_mixin.py:190} INFO - [2025-04-08T17:33:53.437+0000] {dagbag.py:588} INFO - Filling up the DagBag from /home/airflow/.local/lib/python3.12/site-packages/airflow/example_dags/example_branch_python_dop_operator_3.py
[2025-04-08T17:33:53.455+0000] {processor.py:925} INFO - DAG(s) 'example_branch_dop_operator_v3' retrieved from /home/airflow/.local/lib/python3.12/site-packages/airflow/example_dags/example_branch_python_dop_operator_3.py
[2025-04-08T17:33:53.489+0000] {logging_mixin.py:190} INFO - [2025-04-08T17:33:53.489+0000] {dag.py:3239} INFO - Sync 1 DAGs
[2025-04-08T17:33:53.533+0000] {logging_mixin.py:190} INFO - [2025-04-08T17:33:53.532+0000] {dag.py:4180} INFO - Setting next_dagrun for example_branch_dop_operator_v3 to 2025-04-08 17:32:00+00:00, run_after=2025-04-08 17:33:00+00:00
[2025-04-08T17:33:53.562+0000] {processor.py:208} INFO - Processing /home/airflow/.local/lib/python3.12/site-packages/airflow/example_dags/example_branch_python_dop_operator_3.py took 0.140 seconds
[2025-04-08T17:34:24.826+0000] {processor.py:186} INFO - Started process (PID=288) to work on /home/airflow/.local/lib/python3.12/site-packages/airflow/example_dags/example_branch_python_dop_operator_3.py
[2025-04-08T17:34:24.828+0000] {processor.py:914} INFO - Processing file /home/airflow/.local/lib/python3.12/site-packages/airflow/example_dags/example_branch_python_dop_operator_3.py for tasks to queue
[2025-04-08T17:34:24.832+0000] {logging_mixin.py:190} INFO - [2025-04-08T17:34:24.831+0000] {dagbag.py:588} INFO - Filling up the DagBag from /home/airflow/.local/lib/python3.12/site-packages/airflow/example_dags/example_branch_python_dop_operator_3.py
[2025-04-08T17:34:24.853+0000] {processor.py:925} INFO - DAG(s) 'example_branch_dop_operator_v3' retrieved from /home/airflow/.local/lib/python3.12/site-packages/airflow/example_dags/example_branch_python_dop_operator_3.py
[2025-04-08T17:34:24.889+0000] {logging_mixin.py:190} INFO - [2025-04-08T17:34:24.889+0000] {dag.py:3239} INFO - Sync 1 DAGs
[2025-04-08T17:34:24.931+0000] {logging_mixin.py:190} INFO - [2025-04-08T17:34:24.931+0000] {dag.py:4180} INFO - Setting next_dagrun for example_branch_dop_operator_v3 to 2025-04-08 17:33:00+00:00, run_after=2025-04-08 17:34:00+00:00
[2025-04-08T17:34:24.960+0000] {processor.py:208} INFO - Processing /home/airflow/.local/lib/python3.12/site-packages/airflow/example_dags/example_branch_python_dop_operator_3.py took 0.144 seconds
[2025-04-08T17:34:55.958+0000] {processor.py:186} INFO - Started process (PID=350) to work on /home/airflow/.local/lib/python3.12/site-packages/airflow/example_dags/example_branch_python_dop_operator_3.py
[2025-04-08T17:34:55.959+0000] {processor.py:914} INFO - Processing file /home/airflow/.local/lib/python3.12/site-packages/airflow/example_dags/example_branch_python_dop_operator_3.py for tasks to queue
[2025-04-08T17:34:55.963+0000] {logging_mixin.py:190} INFO - [2025-04-08T17:34:55.963+0000] {dagbag.py:588} INFO - Filling up the DagBag from /home/airflow/.local/lib/python3.12/site-packages/airflow/example_dags/example_branch_python_dop_operator_3.py
[2025-04-08T17:34:55.981+0000] {processor.py:925} INFO - DAG(s) 'example_branch_dop_operator_v3' retrieved from /home/airflow/.local/lib/python3.12/site-packages/airflow/example_dags/example_branch_python_dop_operator_3.py
[2025-04-08T17:34:56.014+0000] {logging_mixin.py:190} INFO - [2025-04-08T17:34:56.014+0000] {dag.py:3239} INFO - Sync 1 DAGs
[2025-04-08T17:34:56.057+0000] {logging_mixin.py:190} INFO - [2025-04-08T17:34:56.056+0000] {dag.py:4180} INFO - Setting next_dagrun for example_branch_dop_operator_v3 to 2025-04-08 17:33:00+00:00, run_after=2025-04-08 17:34:00+00:00
[2025-04-08T17:34:56.086+0000] {processor.py:208} INFO - Processing /home/airflow/.local/lib/python3.12/site-packages/airflow/example_dags/example_branch_python_dop_operator_3.py took 0.138 seconds
[2025-04-08T17:35:28.110+0000] {processor.py:186} INFO - Started process (PID=419) to work on /home/airflow/.local/lib/python3.12/site-packages/airflow/example_dags/example_branch_python_dop_operator_3.py
[2025-04-08T17:35:28.115+0000] {processor.py:914} INFO - Processing file /home/airflow/.local/lib/python3.12/site-packages/airflow/example_dags/example_branch_python_dop_operator_3.py for tasks to queue
[2025-04-08T17:35:28.124+0000] {logging_mixin.py:190} INFO - [2025-04-08T17:35:28.123+0000] {dagbag.py:588} INFO - Filling up the DagBag from /home/airflow/.local/lib/python3.12/site-packages/airflow/example_dags/example_branch_python_dop_operator_3.py
[2025-04-08T17:35:28.149+0000] {processor.py:925} INFO - DAG(s) 'example_branch_dop_operator_v3' retrieved from /home/airflow/.local/lib/python3.12/site-packages/airflow/example_dags/example_branch_python_dop_operator_3.py
[2025-04-08T17:35:28.189+0000] {logging_mixin.py:190} INFO - [2025-04-08T17:35:28.189+0000] {dag.py:3239} INFO - Sync 1 DAGs
[2025-04-08T17:35:28.240+0000] {logging_mixin.py:190} INFO - [2025-04-08T17:35:28.239+0000] {dag.py:4180} INFO - Setting next_dagrun for example_branch_dop_operator_v3 to 2025-04-08 17:34:00+00:00, run_after=2025-04-08 17:35:00+00:00
[2025-04-08T17:35:28.275+0000] {processor.py:208} INFO - Processing /home/airflow/.local/lib/python3.12/site-packages/airflow/example_dags/example_branch_python_dop_operator_3.py took 0.186 seconds
