[2025-04-08T17:32:55.783+0000] {processor.py:186} INFO - Started process (PID=115) to work on /home/airflow/.local/lib/python3.12/site-packages/airflow/example_dags/example_xcom.py
[2025-04-08T17:32:55.785+0000] {processor.py:914} INFO - Processing file /home/airflow/.local/lib/python3.12/site-packages/airflow/example_dags/example_xcom.py for tasks to queue
[2025-04-08T17:32:55.789+0000] {logging_mixin.py:190} INFO - [2025-04-08T17:32:55.788+0000] {dagbag.py:588} INFO - Filling up the DagBag from /home/airflow/.local/lib/python3.12/site-packages/airflow/example_dags/example_xcom.py
[2025-04-08T17:32:55.809+0000] {processor.py:925} INFO - DAG(s) 'example_xcom' retrieved from /home/airflow/.local/lib/python3.12/site-packages/airflow/example_dags/example_xcom.py
[2025-04-08T17:32:55.980+0000] {logging_mixin.py:190} INFO - [2025-04-08T17:32:55.979+0000] {override.py:1912} INFO - Created Permission View: can edit on DAG:example_xcom
[2025-04-08T17:32:55.994+0000] {logging_mixin.py:190} INFO - [2025-04-08T17:32:55.994+0000] {override.py:1912} INFO - Created Permission View: can delete on DAG:example_xcom
[2025-04-08T17:32:56.004+0000] {logging_mixin.py:190} INFO - [2025-04-08T17:32:56.004+0000] {override.py:1912} INFO - Created Permission View: can read on DAG:example_xcom
[2025-04-08T17:32:56.016+0000] {logging_mixin.py:190} INFO - [2025-04-08T17:32:56.016+0000] {override.py:1912} INFO - Created Permission View: can create on DAG Run:example_xcom
[2025-04-08T17:32:56.029+0000] {logging_mixin.py:190} INFO - [2025-04-08T17:32:56.028+0000] {override.py:1912} INFO - Created Permission View: can delete on DAG Run:example_xcom
[2025-04-08T17:32:56.044+0000] {logging_mixin.py:190} INFO - [2025-04-08T17:32:56.044+0000] {override.py:1912} INFO - Created Permission View: menu access on DAG Run:example_xcom
[2025-04-08T17:32:56.057+0000] {logging_mixin.py:190} INFO - [2025-04-08T17:32:56.056+0000] {override.py:1912} INFO - Created Permission View: can read on DAG Run:example_xcom
[2025-04-08T17:32:56.058+0000] {logging_mixin.py:190} INFO - [2025-04-08T17:32:56.057+0000] {dag.py:3239} INFO - Sync 1 DAGs
[2025-04-08T17:32:56.081+0000] {logging_mixin.py:190} INFO - [2025-04-08T17:32:56.080+0000] {dag.py:3262} INFO - Creating ORM DAG for example_xcom
[2025-04-08T17:32:56.100+0000] {logging_mixin.py:190} INFO - [2025-04-08T17:32:56.099+0000] {dag.py:4180} INFO - Setting next_dagrun for example_xcom to 2021-01-01 00:00:00+00:00, run_after=2021-01-01 00:00:00+00:00
[2025-04-08T17:32:56.129+0000] {processor.py:208} INFO - Processing /home/airflow/.local/lib/python3.12/site-packages/airflow/example_dags/example_xcom.py took 0.356 seconds
[2025-04-08T17:33:26.945+0000] {processor.py:186} INFO - Started process (PID=178) to work on /home/airflow/.local/lib/python3.12/site-packages/airflow/example_dags/example_xcom.py
[2025-04-08T17:33:26.947+0000] {processor.py:914} INFO - Processing file /home/airflow/.local/lib/python3.12/site-packages/airflow/example_dags/example_xcom.py for tasks to queue
[2025-04-08T17:33:26.954+0000] {logging_mixin.py:190} INFO - [2025-04-08T17:33:26.952+0000] {dagbag.py:588} INFO - Filling up the DagBag from /home/airflow/.local/lib/python3.12/site-packages/airflow/example_dags/example_xcom.py
[2025-04-08T17:33:26.990+0000] {processor.py:925} INFO - DAG(s) 'example_xcom' retrieved from /home/airflow/.local/lib/python3.12/site-packages/airflow/example_dags/example_xcom.py
[2025-04-08T17:33:27.151+0000] {logging_mixin.py:190} INFO - [2025-04-08T17:33:27.150+0000] {dag.py:3239} INFO - Sync 1 DAGs
[2025-04-08T17:33:27.369+0000] {logging_mixin.py:190} INFO - [2025-04-08T17:33:27.368+0000] {dag.py:4180} INFO - Setting next_dagrun for example_xcom to 2021-01-01 00:00:00+00:00, run_after=2021-01-01 00:00:00+00:00
[2025-04-08T17:33:27.436+0000] {processor.py:208} INFO - Processing /home/airflow/.local/lib/python3.12/site-packages/airflow/example_dags/example_xcom.py took 0.505 seconds
[2025-04-08T17:33:57.936+0000] {processor.py:186} INFO - Started process (PID=247) to work on /home/airflow/.local/lib/python3.12/site-packages/airflow/example_dags/example_xcom.py
[2025-04-08T17:33:57.939+0000] {processor.py:914} INFO - Processing file /home/airflow/.local/lib/python3.12/site-packages/airflow/example_dags/example_xcom.py for tasks to queue
[2025-04-08T17:33:57.943+0000] {logging_mixin.py:190} INFO - [2025-04-08T17:33:57.943+0000] {dagbag.py:588} INFO - Filling up the DagBag from /home/airflow/.local/lib/python3.12/site-packages/airflow/example_dags/example_xcom.py
[2025-04-08T17:33:57.961+0000] {processor.py:925} INFO - DAG(s) 'example_xcom' retrieved from /home/airflow/.local/lib/python3.12/site-packages/airflow/example_dags/example_xcom.py
[2025-04-08T17:33:57.993+0000] {logging_mixin.py:190} INFO - [2025-04-08T17:33:57.993+0000] {dag.py:3239} INFO - Sync 1 DAGs
[2025-04-08T17:33:58.029+0000] {logging_mixin.py:190} INFO - [2025-04-08T17:33:58.029+0000] {dag.py:4180} INFO - Setting next_dagrun for example_xcom to 2021-01-01 00:00:00+00:00, run_after=2021-01-01 00:00:00+00:00
[2025-04-08T17:33:58.057+0000] {processor.py:208} INFO - Processing /home/airflow/.local/lib/python3.12/site-packages/airflow/example_dags/example_xcom.py took 0.131 seconds
[2025-04-08T17:34:28.585+0000] {processor.py:186} INFO - Started process (PID=309) to work on /home/airflow/.local/lib/python3.12/site-packages/airflow/example_dags/example_xcom.py
[2025-04-08T17:34:28.586+0000] {processor.py:914} INFO - Processing file /home/airflow/.local/lib/python3.12/site-packages/airflow/example_dags/example_xcom.py for tasks to queue
[2025-04-08T17:34:28.590+0000] {logging_mixin.py:190} INFO - [2025-04-08T17:34:28.590+0000] {dagbag.py:588} INFO - Filling up the DagBag from /home/airflow/.local/lib/python3.12/site-packages/airflow/example_dags/example_xcom.py
[2025-04-08T17:34:28.605+0000] {processor.py:925} INFO - DAG(s) 'example_xcom' retrieved from /home/airflow/.local/lib/python3.12/site-packages/airflow/example_dags/example_xcom.py
[2025-04-08T17:34:28.639+0000] {logging_mixin.py:190} INFO - [2025-04-08T17:34:28.639+0000] {dag.py:3239} INFO - Sync 1 DAGs
[2025-04-08T17:34:28.676+0000] {logging_mixin.py:190} INFO - [2025-04-08T17:34:28.675+0000] {dag.py:4180} INFO - Setting next_dagrun for example_xcom to 2021-01-01 00:00:00+00:00, run_after=2021-01-01 00:00:00+00:00
[2025-04-08T17:34:28.703+0000] {processor.py:208} INFO - Processing /home/airflow/.local/lib/python3.12/site-packages/airflow/example_dags/example_xcom.py took 0.128 seconds
[2025-04-08T17:34:59.224+0000] {processor.py:186} INFO - Started process (PID=371) to work on /home/airflow/.local/lib/python3.12/site-packages/airflow/example_dags/example_xcom.py
[2025-04-08T17:34:59.225+0000] {processor.py:914} INFO - Processing file /home/airflow/.local/lib/python3.12/site-packages/airflow/example_dags/example_xcom.py for tasks to queue
[2025-04-08T17:34:59.230+0000] {logging_mixin.py:190} INFO - [2025-04-08T17:34:59.229+0000] {dagbag.py:588} INFO - Filling up the DagBag from /home/airflow/.local/lib/python3.12/site-packages/airflow/example_dags/example_xcom.py
[2025-04-08T17:34:59.247+0000] {processor.py:925} INFO - DAG(s) 'example_xcom' retrieved from /home/airflow/.local/lib/python3.12/site-packages/airflow/example_dags/example_xcom.py
[2025-04-08T17:34:59.279+0000] {logging_mixin.py:190} INFO - [2025-04-08T17:34:59.279+0000] {dag.py:3239} INFO - Sync 1 DAGs
[2025-04-08T17:34:59.315+0000] {logging_mixin.py:190} INFO - [2025-04-08T17:34:59.315+0000] {dag.py:4180} INFO - Setting next_dagrun for example_xcom to 2021-01-01 00:00:00+00:00, run_after=2021-01-01 00:00:00+00:00
[2025-04-08T17:34:59.343+0000] {processor.py:208} INFO - Processing /home/airflow/.local/lib/python3.12/site-packages/airflow/example_dags/example_xcom.py took 0.132 seconds
[2025-04-08T17:35:29.726+0000] {processor.py:186} INFO - Started process (PID=434) to work on /home/airflow/.local/lib/python3.12/site-packages/airflow/example_dags/example_xcom.py
[2025-04-08T17:35:29.728+0000] {processor.py:914} INFO - Processing file /home/airflow/.local/lib/python3.12/site-packages/airflow/example_dags/example_xcom.py for tasks to queue
[2025-04-08T17:35:29.732+0000] {logging_mixin.py:190} INFO - [2025-04-08T17:35:29.731+0000] {dagbag.py:588} INFO - Filling up the DagBag from /home/airflow/.local/lib/python3.12/site-packages/airflow/example_dags/example_xcom.py
[2025-04-08T17:35:29.750+0000] {processor.py:925} INFO - DAG(s) 'example_xcom' retrieved from /home/airflow/.local/lib/python3.12/site-packages/airflow/example_dags/example_xcom.py
[2025-04-08T17:35:29.791+0000] {logging_mixin.py:190} INFO - [2025-04-08T17:35:29.790+0000] {dag.py:3239} INFO - Sync 1 DAGs
[2025-04-08T17:35:29.836+0000] {logging_mixin.py:190} INFO - [2025-04-08T17:35:29.836+0000] {dag.py:4180} INFO - Setting next_dagrun for example_xcom to 2021-01-01 00:00:00+00:00, run_after=2021-01-01 00:00:00+00:00
[2025-04-08T17:35:29.872+0000] {processor.py:208} INFO - Processing /home/airflow/.local/lib/python3.12/site-packages/airflow/example_dags/example_xcom.py took 0.159 seconds
