[2025-04-08T17:32:56.068+0000] {processor.py:186} INFO - Started process (PID=116) to work on /home/airflow/.local/lib/python3.12/site-packages/airflow/example_dags/example_kubernetes_executor.py
[2025-04-08T17:32:56.069+0000] {processor.py:914} INFO - Processing file /home/airflow/.local/lib/python3.12/site-packages/airflow/example_dags/example_kubernetes_executor.py for tasks to queue
[2025-04-08T17:32:56.074+0000] {logging_mixin.py:190} INFO - [2025-04-08T17:32:56.073+0000] {dagbag.py:588} INFO - Filling up the DagBag from /home/airflow/.local/lib/python3.12/site-packages/airflow/example_dags/example_kubernetes_executor.py
[2025-04-08T17:32:56.104+0000] {processor.py:925} INFO - DAG(s) 'example_kubernetes_executor' retrieved from /home/airflow/.local/lib/python3.12/site-packages/airflow/example_dags/example_kubernetes_executor.py
[2025-04-08T17:32:56.291+0000] {logging_mixin.py:190} INFO - [2025-04-08T17:32:56.290+0000] {override.py:1912} INFO - Created Permission View: can edit on DAG:example_kubernetes_executor
[2025-04-08T17:32:56.306+0000] {logging_mixin.py:190} INFO - [2025-04-08T17:32:56.306+0000] {override.py:1912} INFO - Created Permission View: can delete on DAG:example_kubernetes_executor
[2025-04-08T17:32:56.316+0000] {logging_mixin.py:190} INFO - [2025-04-08T17:32:56.316+0000] {override.py:1912} INFO - Created Permission View: can read on DAG:example_kubernetes_executor
[2025-04-08T17:32:56.326+0000] {logging_mixin.py:190} INFO - [2025-04-08T17:32:56.326+0000] {override.py:1912} INFO - Created Permission View: can create on DAG Run:example_kubernetes_executor
[2025-04-08T17:32:56.337+0000] {logging_mixin.py:190} INFO - [2025-04-08T17:32:56.336+0000] {override.py:1912} INFO - Created Permission View: can delete on DAG Run:example_kubernetes_executor
[2025-04-08T17:32:56.347+0000] {logging_mixin.py:190} INFO - [2025-04-08T17:32:56.346+0000] {override.py:1912} INFO - Created Permission View: menu access on DAG Run:example_kubernetes_executor
[2025-04-08T17:32:56.356+0000] {logging_mixin.py:190} INFO - [2025-04-08T17:32:56.356+0000] {override.py:1912} INFO - Created Permission View: can read on DAG Run:example_kubernetes_executor
[2025-04-08T17:32:56.357+0000] {logging_mixin.py:190} INFO - [2025-04-08T17:32:56.357+0000] {dag.py:3239} INFO - Sync 1 DAGs
[2025-04-08T17:32:56.377+0000] {logging_mixin.py:190} INFO - [2025-04-08T17:32:56.377+0000] {dag.py:3262} INFO - Creating ORM DAG for example_kubernetes_executor
[2025-04-08T17:32:56.378+0000] {logging_mixin.py:190} INFO - [2025-04-08T17:32:56.378+0000] {dag.py:4180} INFO - Setting next_dagrun for example_kubernetes_executor to None, run_after=None
[2025-04-08T17:32:56.407+0000] {processor.py:208} INFO - Processing /home/airflow/.local/lib/python3.12/site-packages/airflow/example_dags/example_kubernetes_executor.py took 0.351 seconds
[2025-04-08T17:33:27.400+0000] {processor.py:186} INFO - Started process (PID=179) to work on /home/airflow/.local/lib/python3.12/site-packages/airflow/example_dags/example_kubernetes_executor.py
[2025-04-08T17:33:27.403+0000] {processor.py:914} INFO - Processing file /home/airflow/.local/lib/python3.12/site-packages/airflow/example_dags/example_kubernetes_executor.py for tasks to queue
[2025-04-08T17:33:27.411+0000] {logging_mixin.py:190} INFO - [2025-04-08T17:33:27.410+0000] {dagbag.py:588} INFO - Filling up the DagBag from /home/airflow/.local/lib/python3.12/site-packages/airflow/example_dags/example_kubernetes_executor.py
[2025-04-08T17:33:27.460+0000] {processor.py:925} INFO - DAG(s) 'example_kubernetes_executor' retrieved from /home/airflow/.local/lib/python3.12/site-packages/airflow/example_dags/example_kubernetes_executor.py
[2025-04-08T17:33:27.551+0000] {logging_mixin.py:190} INFO - [2025-04-08T17:33:27.550+0000] {dag.py:3239} INFO - Sync 1 DAGs
[2025-04-08T17:33:27.601+0000] {logging_mixin.py:190} INFO - [2025-04-08T17:33:27.601+0000] {dag.py:4180} INFO - Setting next_dagrun for example_kubernetes_executor to None, run_after=None
[2025-04-08T17:33:27.671+0000] {processor.py:208} INFO - Processing /home/airflow/.local/lib/python3.12/site-packages/airflow/example_dags/example_kubernetes_executor.py took 0.293 seconds
[2025-04-08T17:33:57.974+0000] {processor.py:186} INFO - Started process (PID=248) to work on /home/airflow/.local/lib/python3.12/site-packages/airflow/example_dags/example_kubernetes_executor.py
[2025-04-08T17:33:57.976+0000] {processor.py:914} INFO - Processing file /home/airflow/.local/lib/python3.12/site-packages/airflow/example_dags/example_kubernetes_executor.py for tasks to queue
[2025-04-08T17:33:57.980+0000] {logging_mixin.py:190} INFO - [2025-04-08T17:33:57.979+0000] {dagbag.py:588} INFO - Filling up the DagBag from /home/airflow/.local/lib/python3.12/site-packages/airflow/example_dags/example_kubernetes_executor.py
[2025-04-08T17:33:58.003+0000] {processor.py:925} INFO - DAG(s) 'example_kubernetes_executor' retrieved from /home/airflow/.local/lib/python3.12/site-packages/airflow/example_dags/example_kubernetes_executor.py
[2025-04-08T17:33:58.041+0000] {logging_mixin.py:190} INFO - [2025-04-08T17:33:58.041+0000] {dag.py:3239} INFO - Sync 1 DAGs
[2025-04-08T17:33:58.067+0000] {logging_mixin.py:190} INFO - [2025-04-08T17:33:58.066+0000] {dag.py:4180} INFO - Setting next_dagrun for example_kubernetes_executor to None, run_after=None
[2025-04-08T17:33:58.098+0000] {processor.py:208} INFO - Processing /home/airflow/.local/lib/python3.12/site-packages/airflow/example_dags/example_kubernetes_executor.py took 0.134 seconds
[2025-04-08T17:34:28.745+0000] {processor.py:186} INFO - Started process (PID=310) to work on /home/airflow/.local/lib/python3.12/site-packages/airflow/example_dags/example_kubernetes_executor.py
[2025-04-08T17:34:28.746+0000] {processor.py:914} INFO - Processing file /home/airflow/.local/lib/python3.12/site-packages/airflow/example_dags/example_kubernetes_executor.py for tasks to queue
[2025-04-08T17:34:28.750+0000] {logging_mixin.py:190} INFO - [2025-04-08T17:34:28.749+0000] {dagbag.py:588} INFO - Filling up the DagBag from /home/airflow/.local/lib/python3.12/site-packages/airflow/example_dags/example_kubernetes_executor.py
[2025-04-08T17:34:28.772+0000] {processor.py:925} INFO - DAG(s) 'example_kubernetes_executor' retrieved from /home/airflow/.local/lib/python3.12/site-packages/airflow/example_dags/example_kubernetes_executor.py
[2025-04-08T17:34:28.811+0000] {logging_mixin.py:190} INFO - [2025-04-08T17:34:28.811+0000] {dag.py:3239} INFO - Sync 1 DAGs
[2025-04-08T17:34:28.835+0000] {logging_mixin.py:190} INFO - [2025-04-08T17:34:28.835+0000] {dag.py:4180} INFO - Setting next_dagrun for example_kubernetes_executor to None, run_after=None
[2025-04-08T17:34:28.863+0000] {processor.py:208} INFO - Processing /home/airflow/.local/lib/python3.12/site-packages/airflow/example_dags/example_kubernetes_executor.py took 0.129 seconds
[2025-04-08T17:34:59.387+0000] {processor.py:186} INFO - Started process (PID=373) to work on /home/airflow/.local/lib/python3.12/site-packages/airflow/example_dags/example_kubernetes_executor.py
[2025-04-08T17:34:59.388+0000] {processor.py:914} INFO - Processing file /home/airflow/.local/lib/python3.12/site-packages/airflow/example_dags/example_kubernetes_executor.py for tasks to queue
[2025-04-08T17:34:59.392+0000] {logging_mixin.py:190} INFO - [2025-04-08T17:34:59.392+0000] {dagbag.py:588} INFO - Filling up the DagBag from /home/airflow/.local/lib/python3.12/site-packages/airflow/example_dags/example_kubernetes_executor.py
[2025-04-08T17:34:59.415+0000] {processor.py:925} INFO - DAG(s) 'example_kubernetes_executor' retrieved from /home/airflow/.local/lib/python3.12/site-packages/airflow/example_dags/example_kubernetes_executor.py
[2025-04-08T17:34:59.453+0000] {logging_mixin.py:190} INFO - [2025-04-08T17:34:59.453+0000] {dag.py:3239} INFO - Sync 1 DAGs
[2025-04-08T17:34:59.476+0000] {logging_mixin.py:190} INFO - [2025-04-08T17:34:59.476+0000] {dag.py:4180} INFO - Setting next_dagrun for example_kubernetes_executor to None, run_after=None
[2025-04-08T17:34:59.505+0000] {processor.py:208} INFO - Processing /home/airflow/.local/lib/python3.12/site-packages/airflow/example_dags/example_kubernetes_executor.py took 0.129 seconds
[2025-04-08T17:35:29.889+0000] {processor.py:186} INFO - Started process (PID=435) to work on /home/airflow/.local/lib/python3.12/site-packages/airflow/example_dags/example_kubernetes_executor.py
[2025-04-08T17:35:29.892+0000] {processor.py:914} INFO - Processing file /home/airflow/.local/lib/python3.12/site-packages/airflow/example_dags/example_kubernetes_executor.py for tasks to queue
[2025-04-08T17:35:29.898+0000] {logging_mixin.py:190} INFO - [2025-04-08T17:35:29.897+0000] {dagbag.py:588} INFO - Filling up the DagBag from /home/airflow/.local/lib/python3.12/site-packages/airflow/example_dags/example_kubernetes_executor.py
[2025-04-08T17:35:29.932+0000] {processor.py:925} INFO - DAG(s) 'example_kubernetes_executor' retrieved from /home/airflow/.local/lib/python3.12/site-packages/airflow/example_dags/example_kubernetes_executor.py
[2025-04-08T17:35:29.985+0000] {logging_mixin.py:190} INFO - [2025-04-08T17:35:29.985+0000] {dag.py:3239} INFO - Sync 1 DAGs
[2025-04-08T17:35:30.017+0000] {logging_mixin.py:190} INFO - [2025-04-08T17:35:30.017+0000] {dag.py:4180} INFO - Setting next_dagrun for example_kubernetes_executor to None, run_after=None
[2025-04-08T17:35:30.058+0000] {processor.py:208} INFO - Processing /home/airflow/.local/lib/python3.12/site-packages/airflow/example_dags/example_kubernetes_executor.py took 0.183 seconds
