[2025-04-08T17:32:43.846+0000] {processor.py:186} INFO - Started process (PID=79) to work on /home/airflow/.local/lib/python3.12/site-packages/airflow/example_dags/example_xcomargs.py
[2025-04-08T17:32:43.848+0000] {processor.py:914} INFO - Processing file /home/airflow/.local/lib/python3.12/site-packages/airflow/example_dags/example_xcomargs.py for tasks to queue
[2025-04-08T17:32:43.853+0000] {logging_mixin.py:190} INFO - [2025-04-08T17:32:43.852+0000] {dagbag.py:588} INFO - Filling up the DagBag from /home/airflow/.local/lib/python3.12/site-packages/airflow/example_dags/example_xcomargs.py
[2025-04-08T17:32:43.873+0000] {processor.py:925} INFO - DAG(s) 'example_xcom_args_with_operators', 'example_xcom_args' retrieved from /home/airflow/.local/lib/python3.12/site-packages/airflow/example_dags/example_xcomargs.py
[2025-04-08T17:32:44.095+0000] {logging_mixin.py:190} INFO - [2025-04-08T17:32:44.094+0000] {override.py:1912} INFO - Created Permission View: can edit on DAG:example_xcom_args_with_operators
[2025-04-08T17:32:44.116+0000] {logging_mixin.py:190} INFO - [2025-04-08T17:32:44.116+0000] {override.py:1912} INFO - Created Permission View: can delete on DAG:example_xcom_args_with_operators
[2025-04-08T17:32:44.128+0000] {logging_mixin.py:190} INFO - [2025-04-08T17:32:44.127+0000] {override.py:1912} INFO - Created Permission View: can read on DAG:example_xcom_args_with_operators
[2025-04-08T17:32:44.142+0000] {logging_mixin.py:190} INFO - [2025-04-08T17:32:44.142+0000] {override.py:1912} INFO - Created Permission View: can create on DAG Run:example_xcom_args_with_operators
[2025-04-08T17:32:44.153+0000] {logging_mixin.py:190} INFO - [2025-04-08T17:32:44.153+0000] {override.py:1912} INFO - Created Permission View: can delete on DAG Run:example_xcom_args_with_operators
[2025-04-08T17:32:44.164+0000] {logging_mixin.py:190} INFO - [2025-04-08T17:32:44.163+0000] {override.py:1912} INFO - Created Permission View: menu access on DAG Run:example_xcom_args_with_operators
[2025-04-08T17:32:44.175+0000] {logging_mixin.py:190} INFO - [2025-04-08T17:32:44.174+0000] {override.py:1912} INFO - Created Permission View: can read on DAG Run:example_xcom_args_with_operators
[2025-04-08T17:32:44.195+0000] {logging_mixin.py:190} INFO - [2025-04-08T17:32:44.195+0000] {override.py:1912} INFO - Created Permission View: can edit on DAG:example_xcom_args
[2025-04-08T17:32:44.205+0000] {logging_mixin.py:190} INFO - [2025-04-08T17:32:44.204+0000] {override.py:1912} INFO - Created Permission View: can delete on DAG:example_xcom_args
[2025-04-08T17:32:44.214+0000] {logging_mixin.py:190} INFO - [2025-04-08T17:32:44.214+0000] {override.py:1912} INFO - Created Permission View: can read on DAG:example_xcom_args
[2025-04-08T17:32:44.226+0000] {logging_mixin.py:190} INFO - [2025-04-08T17:32:44.225+0000] {override.py:1912} INFO - Created Permission View: can create on DAG Run:example_xcom_args
[2025-04-08T17:32:44.237+0000] {logging_mixin.py:190} INFO - [2025-04-08T17:32:44.237+0000] {override.py:1912} INFO - Created Permission View: can delete on DAG Run:example_xcom_args
[2025-04-08T17:32:44.247+0000] {logging_mixin.py:190} INFO - [2025-04-08T17:32:44.247+0000] {override.py:1912} INFO - Created Permission View: menu access on DAG Run:example_xcom_args
[2025-04-08T17:32:44.257+0000] {logging_mixin.py:190} INFO - [2025-04-08T17:32:44.257+0000] {override.py:1912} INFO - Created Permission View: can read on DAG Run:example_xcom_args
[2025-04-08T17:32:44.258+0000] {logging_mixin.py:190} INFO - [2025-04-08T17:32:44.258+0000] {dag.py:3239} INFO - Sync 2 DAGs
[2025-04-08T17:32:44.289+0000] {logging_mixin.py:190} INFO - [2025-04-08T17:32:44.288+0000] {dag.py:3262} INFO - Creating ORM DAG for example_xcom_args
[2025-04-08T17:32:44.290+0000] {logging_mixin.py:190} INFO - [2025-04-08T17:32:44.290+0000] {dag.py:3262} INFO - Creating ORM DAG for example_xcom_args_with_operators
[2025-04-08T17:32:44.292+0000] {logging_mixin.py:190} INFO - [2025-04-08T17:32:44.291+0000] {dag.py:4180} INFO - Setting next_dagrun for example_xcom_args to None, run_after=None
[2025-04-08T17:32:44.293+0000] {logging_mixin.py:190} INFO - [2025-04-08T17:32:44.293+0000] {dag.py:4180} INFO - Setting next_dagrun for example_xcom_args_with_operators to None, run_after=None
[2025-04-08T17:32:44.328+0000] {processor.py:208} INFO - Processing /home/airflow/.local/lib/python3.12/site-packages/airflow/example_dags/example_xcomargs.py took 0.496 seconds
[2025-04-08T17:33:14.709+0000] {processor.py:186} INFO - Started process (PID=141) to work on /home/airflow/.local/lib/python3.12/site-packages/airflow/example_dags/example_xcomargs.py
[2025-04-08T17:33:14.710+0000] {processor.py:914} INFO - Processing file /home/airflow/.local/lib/python3.12/site-packages/airflow/example_dags/example_xcomargs.py for tasks to queue
[2025-04-08T17:33:14.714+0000] {logging_mixin.py:190} INFO - [2025-04-08T17:33:14.714+0000] {dagbag.py:588} INFO - Filling up the DagBag from /home/airflow/.local/lib/python3.12/site-packages/airflow/example_dags/example_xcomargs.py
[2025-04-08T17:33:14.731+0000] {processor.py:925} INFO - DAG(s) 'example_xcom_args', 'example_xcom_args_with_operators' retrieved from /home/airflow/.local/lib/python3.12/site-packages/airflow/example_dags/example_xcomargs.py
[2025-04-08T17:33:14.771+0000] {logging_mixin.py:190} INFO - [2025-04-08T17:33:14.770+0000] {dag.py:3239} INFO - Sync 2 DAGs
[2025-04-08T17:33:14.794+0000] {logging_mixin.py:190} INFO - [2025-04-08T17:33:14.794+0000] {dag.py:4180} INFO - Setting next_dagrun for example_xcom_args to None, run_after=None
[2025-04-08T17:33:14.800+0000] {logging_mixin.py:190} INFO - [2025-04-08T17:33:14.800+0000] {dag.py:4180} INFO - Setting next_dagrun for example_xcom_args_with_operators to None, run_after=None
[2025-04-08T17:33:14.824+0000] {processor.py:208} INFO - Processing /home/airflow/.local/lib/python3.12/site-packages/airflow/example_dags/example_xcomargs.py took 0.129 seconds
[2025-04-08T17:33:45.406+0000] {processor.py:186} INFO - Started process (PID=204) to work on /home/airflow/.local/lib/python3.12/site-packages/airflow/example_dags/example_xcomargs.py
[2025-04-08T17:33:45.412+0000] {processor.py:914} INFO - Processing file /home/airflow/.local/lib/python3.12/site-packages/airflow/example_dags/example_xcomargs.py for tasks to queue
[2025-04-08T17:33:45.417+0000] {logging_mixin.py:190} INFO - [2025-04-08T17:33:45.416+0000] {dagbag.py:588} INFO - Filling up the DagBag from /home/airflow/.local/lib/python3.12/site-packages/airflow/example_dags/example_xcomargs.py
[2025-04-08T17:33:45.436+0000] {processor.py:925} INFO - DAG(s) 'example_xcom_args_with_operators', 'example_xcom_args' retrieved from /home/airflow/.local/lib/python3.12/site-packages/airflow/example_dags/example_xcomargs.py
[2025-04-08T17:33:45.474+0000] {logging_mixin.py:190} INFO - [2025-04-08T17:33:45.473+0000] {dag.py:3239} INFO - Sync 2 DAGs
[2025-04-08T17:33:45.498+0000] {logging_mixin.py:190} INFO - [2025-04-08T17:33:45.498+0000] {dag.py:4180} INFO - Setting next_dagrun for example_xcom_args to None, run_after=None
[2025-04-08T17:33:45.504+0000] {logging_mixin.py:190} INFO - [2025-04-08T17:33:45.504+0000] {dag.py:4180} INFO - Setting next_dagrun for example_xcom_args_with_operators to None, run_after=None
[2025-04-08T17:33:45.529+0000] {processor.py:208} INFO - Processing /home/airflow/.local/lib/python3.12/site-packages/airflow/example_dags/example_xcomargs.py took 0.154 seconds
[2025-04-08T17:34:15.895+0000] {processor.py:186} INFO - Started process (PID=267) to work on /home/airflow/.local/lib/python3.12/site-packages/airflow/example_dags/example_xcomargs.py
[2025-04-08T17:34:15.897+0000] {processor.py:914} INFO - Processing file /home/airflow/.local/lib/python3.12/site-packages/airflow/example_dags/example_xcomargs.py for tasks to queue
[2025-04-08T17:34:15.903+0000] {logging_mixin.py:190} INFO - [2025-04-08T17:34:15.902+0000] {dagbag.py:588} INFO - Filling up the DagBag from /home/airflow/.local/lib/python3.12/site-packages/airflow/example_dags/example_xcomargs.py
[2025-04-08T17:34:15.919+0000] {processor.py:925} INFO - DAG(s) 'example_xcom_args_with_operators', 'example_xcom_args' retrieved from /home/airflow/.local/lib/python3.12/site-packages/airflow/example_dags/example_xcomargs.py
[2025-04-08T17:34:15.962+0000] {logging_mixin.py:190} INFO - [2025-04-08T17:34:15.961+0000] {dag.py:3239} INFO - Sync 2 DAGs
[2025-04-08T17:34:15.987+0000] {logging_mixin.py:190} INFO - [2025-04-08T17:34:15.987+0000] {dag.py:4180} INFO - Setting next_dagrun for example_xcom_args to None, run_after=None
[2025-04-08T17:34:15.994+0000] {logging_mixin.py:190} INFO - [2025-04-08T17:34:15.994+0000] {dag.py:4180} INFO - Setting next_dagrun for example_xcom_args_with_operators to None, run_after=None
[2025-04-08T17:34:16.023+0000] {processor.py:208} INFO - Processing /home/airflow/.local/lib/python3.12/site-packages/airflow/example_dags/example_xcomargs.py took 0.138 seconds
[2025-04-08T17:34:46.418+0000] {processor.py:186} INFO - Started process (PID=329) to work on /home/airflow/.local/lib/python3.12/site-packages/airflow/example_dags/example_xcomargs.py
[2025-04-08T17:34:46.419+0000] {processor.py:914} INFO - Processing file /home/airflow/.local/lib/python3.12/site-packages/airflow/example_dags/example_xcomargs.py for tasks to queue
[2025-04-08T17:34:46.423+0000] {logging_mixin.py:190} INFO - [2025-04-08T17:34:46.423+0000] {dagbag.py:588} INFO - Filling up the DagBag from /home/airflow/.local/lib/python3.12/site-packages/airflow/example_dags/example_xcomargs.py
[2025-04-08T17:34:46.440+0000] {processor.py:925} INFO - DAG(s) 'example_xcom_args_with_operators', 'example_xcom_args' retrieved from /home/airflow/.local/lib/python3.12/site-packages/airflow/example_dags/example_xcomargs.py
[2025-04-08T17:34:46.478+0000] {logging_mixin.py:190} INFO - [2025-04-08T17:34:46.477+0000] {dag.py:3239} INFO - Sync 2 DAGs
[2025-04-08T17:34:46.502+0000] {logging_mixin.py:190} INFO - [2025-04-08T17:34:46.501+0000] {dag.py:4180} INFO - Setting next_dagrun for example_xcom_args to None, run_after=None
[2025-04-08T17:34:46.508+0000] {logging_mixin.py:190} INFO - [2025-04-08T17:34:46.507+0000] {dag.py:4180} INFO - Setting next_dagrun for example_xcom_args_with_operators to None, run_after=None
[2025-04-08T17:34:46.532+0000] {processor.py:208} INFO - Processing /home/airflow/.local/lib/python3.12/site-packages/airflow/example_dags/example_xcomargs.py took 0.124 seconds
[2025-04-08T17:35:17.357+0000] {processor.py:186} INFO - Started process (PID=392) to work on /home/airflow/.local/lib/python3.12/site-packages/airflow/example_dags/example_xcomargs.py
[2025-04-08T17:35:17.358+0000] {processor.py:914} INFO - Processing file /home/airflow/.local/lib/python3.12/site-packages/airflow/example_dags/example_xcomargs.py for tasks to queue
[2025-04-08T17:35:17.364+0000] {logging_mixin.py:190} INFO - [2025-04-08T17:35:17.364+0000] {dagbag.py:588} INFO - Filling up the DagBag from /home/airflow/.local/lib/python3.12/site-packages/airflow/example_dags/example_xcomargs.py
[2025-04-08T17:35:17.388+0000] {processor.py:925} INFO - DAG(s) 'example_xcom_args', 'example_xcom_args_with_operators' retrieved from /home/airflow/.local/lib/python3.12/site-packages/airflow/example_dags/example_xcomargs.py
[2025-04-08T17:35:17.435+0000] {logging_mixin.py:190} INFO - [2025-04-08T17:35:17.434+0000] {dag.py:3239} INFO - Sync 2 DAGs
[2025-04-08T17:35:17.465+0000] {logging_mixin.py:190} INFO - [2025-04-08T17:35:17.465+0000] {dag.py:4180} INFO - Setting next_dagrun for example_xcom_args to None, run_after=None
[2025-04-08T17:35:17.474+0000] {logging_mixin.py:190} INFO - [2025-04-08T17:35:17.473+0000] {dag.py:4180} INFO - Setting next_dagrun for example_xcom_args_with_operators to None, run_after=None
[2025-04-08T17:35:17.507+0000] {processor.py:208} INFO - Processing /home/airflow/.local/lib/python3.12/site-packages/airflow/example_dags/example_xcomargs.py took 0.160 seconds
