[2025-04-08T17:32:52.302+0000] {processor.py:186} INFO - Started process (PID=101) to work on /home/airflow/.local/lib/python3.12/site-packages/airflow/example_dags/example_dataset_alias_with_no_taskflow.py
[2025-04-08T17:32:52.306+0000] {processor.py:914} INFO - Processing file /home/airflow/.local/lib/python3.12/site-packages/airflow/example_dags/example_dataset_alias_with_no_taskflow.py for tasks to queue
[2025-04-08T17:32:52.310+0000] {logging_mixin.py:190} INFO - [2025-04-08T17:32:52.309+0000] {dagbag.py:588} INFO - Filling up the DagBag from /home/airflow/.local/lib/python3.12/site-packages/airflow/example_dags/example_dataset_alias_with_no_taskflow.py
[2025-04-08T17:32:53.186+0000] {processor.py:925} INFO - DAG(s) 'dataset_alias_example_alias_consumer_with_no_taskflow', 'dataset_alias_example_alias_producer_with_no_taskflow', 'dataset_s3_bucket_producer_with_no_taskflow', 'dataset_s3_bucket_consumer_with_no_taskflow' retrieved from /home/airflow/.local/lib/python3.12/site-packages/airflow/example_dags/example_dataset_alias_with_no_taskflow.py
[2025-04-08T17:32:53.331+0000] {logging_mixin.py:190} INFO - [2025-04-08T17:32:53.331+0000] {override.py:1912} INFO - Created Permission View: can edit on DAG:dataset_alias_example_alias_consumer_with_no_taskflow
[2025-04-08T17:32:53.346+0000] {logging_mixin.py:190} INFO - [2025-04-08T17:32:53.346+0000] {override.py:1912} INFO - Created Permission View: can delete on DAG:dataset_alias_example_alias_consumer_with_no_taskflow
[2025-04-08T17:32:53.356+0000] {logging_mixin.py:190} INFO - [2025-04-08T17:32:53.356+0000] {override.py:1912} INFO - Created Permission View: can read on DAG:dataset_alias_example_alias_consumer_with_no_taskflow
[2025-04-08T17:32:53.368+0000] {logging_mixin.py:190} INFO - [2025-04-08T17:32:53.367+0000] {override.py:1912} INFO - Created Permission View: can create on DAG Run:dataset_alias_example_alias_consumer_with_no_taskflow
[2025-04-08T17:32:53.378+0000] {logging_mixin.py:190} INFO - [2025-04-08T17:32:53.378+0000] {override.py:1912} INFO - Created Permission View: can delete on DAG Run:dataset_alias_example_alias_consumer_with_no_taskflow
[2025-04-08T17:32:53.393+0000] {logging_mixin.py:190} INFO - [2025-04-08T17:32:53.393+0000] {override.py:1912} INFO - Created Permission View: menu access on DAG Run:dataset_alias_example_alias_consumer_with_no_taskflow
[2025-04-08T17:32:53.405+0000] {logging_mixin.py:190} INFO - [2025-04-08T17:32:53.404+0000] {override.py:1912} INFO - Created Permission View: can read on DAG Run:dataset_alias_example_alias_consumer_with_no_taskflow
[2025-04-08T17:32:53.427+0000] {logging_mixin.py:190} INFO - [2025-04-08T17:32:53.427+0000] {override.py:1912} INFO - Created Permission View: can edit on DAG:dataset_alias_example_alias_producer_with_no_taskflow
[2025-04-08T17:32:53.438+0000] {logging_mixin.py:190} INFO - [2025-04-08T17:32:53.437+0000] {override.py:1912} INFO - Created Permission View: can delete on DAG:dataset_alias_example_alias_producer_with_no_taskflow
[2025-04-08T17:32:53.449+0000] {logging_mixin.py:190} INFO - [2025-04-08T17:32:53.448+0000] {override.py:1912} INFO - Created Permission View: can read on DAG:dataset_alias_example_alias_producer_with_no_taskflow
[2025-04-08T17:32:53.460+0000] {logging_mixin.py:190} INFO - [2025-04-08T17:32:53.460+0000] {override.py:1912} INFO - Created Permission View: can create on DAG Run:dataset_alias_example_alias_producer_with_no_taskflow
[2025-04-08T17:32:53.471+0000] {logging_mixin.py:190} INFO - [2025-04-08T17:32:53.470+0000] {override.py:1912} INFO - Created Permission View: can delete on DAG Run:dataset_alias_example_alias_producer_with_no_taskflow
[2025-04-08T17:32:53.481+0000] {logging_mixin.py:190} INFO - [2025-04-08T17:32:53.481+0000] {override.py:1912} INFO - Created Permission View: menu access on DAG Run:dataset_alias_example_alias_producer_with_no_taskflow
[2025-04-08T17:32:53.495+0000] {logging_mixin.py:190} INFO - [2025-04-08T17:32:53.494+0000] {override.py:1912} INFO - Created Permission View: can read on DAG Run:dataset_alias_example_alias_producer_with_no_taskflow
[2025-04-08T17:32:53.519+0000] {logging_mixin.py:190} INFO - [2025-04-08T17:32:53.518+0000] {override.py:1912} INFO - Created Permission View: can edit on DAG:dataset_s3_bucket_producer_with_no_taskflow
[2025-04-08T17:32:53.530+0000] {logging_mixin.py:190} INFO - [2025-04-08T17:32:53.529+0000] {override.py:1912} INFO - Created Permission View: can delete on DAG:dataset_s3_bucket_producer_with_no_taskflow
[2025-04-08T17:32:53.544+0000] {logging_mixin.py:190} INFO - [2025-04-08T17:32:53.543+0000] {override.py:1912} INFO - Created Permission View: can read on DAG:dataset_s3_bucket_producer_with_no_taskflow
[2025-04-08T17:32:53.556+0000] {logging_mixin.py:190} INFO - [2025-04-08T17:32:53.556+0000] {override.py:1912} INFO - Created Permission View: can create on DAG Run:dataset_s3_bucket_producer_with_no_taskflow
[2025-04-08T17:32:53.567+0000] {logging_mixin.py:190} INFO - [2025-04-08T17:32:53.567+0000] {override.py:1912} INFO - Created Permission View: can delete on DAG Run:dataset_s3_bucket_producer_with_no_taskflow
[2025-04-08T17:32:53.577+0000] {logging_mixin.py:190} INFO - [2025-04-08T17:32:53.577+0000] {override.py:1912} INFO - Created Permission View: menu access on DAG Run:dataset_s3_bucket_producer_with_no_taskflow
[2025-04-08T17:32:53.587+0000] {logging_mixin.py:190} INFO - [2025-04-08T17:32:53.587+0000] {override.py:1912} INFO - Created Permission View: can read on DAG Run:dataset_s3_bucket_producer_with_no_taskflow
[2025-04-08T17:32:53.605+0000] {logging_mixin.py:190} INFO - [2025-04-08T17:32:53.605+0000] {override.py:1912} INFO - Created Permission View: can edit on DAG:dataset_s3_bucket_consumer_with_no_taskflow
[2025-04-08T17:32:53.616+0000] {logging_mixin.py:190} INFO - [2025-04-08T17:32:53.616+0000] {override.py:1912} INFO - Created Permission View: can delete on DAG:dataset_s3_bucket_consumer_with_no_taskflow
[2025-04-08T17:32:53.626+0000] {logging_mixin.py:190} INFO - [2025-04-08T17:32:53.626+0000] {override.py:1912} INFO - Created Permission View: can read on DAG:dataset_s3_bucket_consumer_with_no_taskflow
[2025-04-08T17:32:53.637+0000] {logging_mixin.py:190} INFO - [2025-04-08T17:32:53.636+0000] {override.py:1912} INFO - Created Permission View: can create on DAG Run:dataset_s3_bucket_consumer_with_no_taskflow
[2025-04-08T17:32:53.647+0000] {logging_mixin.py:190} INFO - [2025-04-08T17:32:53.647+0000] {override.py:1912} INFO - Created Permission View: can delete on DAG Run:dataset_s3_bucket_consumer_with_no_taskflow
[2025-04-08T17:32:53.657+0000] {logging_mixin.py:190} INFO - [2025-04-08T17:32:53.657+0000] {override.py:1912} INFO - Created Permission View: menu access on DAG Run:dataset_s3_bucket_consumer_with_no_taskflow
[2025-04-08T17:32:53.667+0000] {logging_mixin.py:190} INFO - [2025-04-08T17:32:53.667+0000] {override.py:1912} INFO - Created Permission View: can read on DAG Run:dataset_s3_bucket_consumer_with_no_taskflow
[2025-04-08T17:32:53.668+0000] {logging_mixin.py:190} INFO - [2025-04-08T17:32:53.668+0000] {dag.py:3239} INFO - Sync 4 DAGs
[2025-04-08T17:32:53.690+0000] {logging_mixin.py:190} INFO - [2025-04-08T17:32:53.689+0000] {dag.py:3262} INFO - Creating ORM DAG for dataset_s3_bucket_consumer_with_no_taskflow
[2025-04-08T17:32:53.691+0000] {logging_mixin.py:190} INFO - [2025-04-08T17:32:53.691+0000] {dag.py:3262} INFO - Creating ORM DAG for dataset_alias_example_alias_consumer_with_no_taskflow
[2025-04-08T17:32:53.693+0000] {logging_mixin.py:190} INFO - [2025-04-08T17:32:53.693+0000] {dag.py:3262} INFO - Creating ORM DAG for dataset_s3_bucket_producer_with_no_taskflow
[2025-04-08T17:32:53.694+0000] {logging_mixin.py:190} INFO - [2025-04-08T17:32:53.694+0000] {dag.py:3262} INFO - Creating ORM DAG for dataset_alias_example_alias_producer_with_no_taskflow
[2025-04-08T17:32:53.707+0000] {logging_mixin.py:190} INFO - [2025-04-08T17:32:53.707+0000] {dag.py:4180} INFO - Setting next_dagrun for dataset_alias_example_alias_consumer_with_no_taskflow to None, run_after=None
[2025-04-08T17:32:53.709+0000] {logging_mixin.py:190} INFO - [2025-04-08T17:32:53.709+0000] {dag.py:4180} INFO - Setting next_dagrun for dataset_alias_example_alias_producer_with_no_taskflow to None, run_after=None
[2025-04-08T17:32:53.710+0000] {logging_mixin.py:190} INFO - [2025-04-08T17:32:53.710+0000] {dag.py:4180} INFO - Setting next_dagrun for dataset_s3_bucket_consumer_with_no_taskflow to None, run_after=None
[2025-04-08T17:32:53.711+0000] {logging_mixin.py:190} INFO - [2025-04-08T17:32:53.711+0000] {dag.py:4180} INFO - Setting next_dagrun for dataset_s3_bucket_producer_with_no_taskflow to None, run_after=None
[2025-04-08T17:32:53.753+0000] {processor.py:208} INFO - Processing /home/airflow/.local/lib/python3.12/site-packages/airflow/example_dags/example_dataset_alias_with_no_taskflow.py took 1.460 seconds
[2025-04-08T17:33:24.584+0000] {processor.py:186} INFO - Started process (PID=166) to work on /home/airflow/.local/lib/python3.12/site-packages/airflow/example_dags/example_dataset_alias_with_no_taskflow.py
[2025-04-08T17:33:24.586+0000] {processor.py:914} INFO - Processing file /home/airflow/.local/lib/python3.12/site-packages/airflow/example_dags/example_dataset_alias_with_no_taskflow.py for tasks to queue
[2025-04-08T17:33:24.590+0000] {logging_mixin.py:190} INFO - [2025-04-08T17:33:24.589+0000] {dagbag.py:588} INFO - Filling up the DagBag from /home/airflow/.local/lib/python3.12/site-packages/airflow/example_dags/example_dataset_alias_with_no_taskflow.py
[2025-04-08T17:33:26.134+0000] {processor.py:925} INFO - DAG(s) 'dataset_s3_bucket_consumer_with_no_taskflow', 'dataset_alias_example_alias_consumer_with_no_taskflow', 'dataset_s3_bucket_producer_with_no_taskflow', 'dataset_alias_example_alias_producer_with_no_taskflow' retrieved from /home/airflow/.local/lib/python3.12/site-packages/airflow/example_dags/example_dataset_alias_with_no_taskflow.py
[2025-04-08T17:33:26.187+0000] {logging_mixin.py:190} INFO - [2025-04-08T17:33:26.186+0000] {dag.py:3239} INFO - Sync 4 DAGs
[2025-04-08T17:33:26.236+0000] {logging_mixin.py:190} INFO - [2025-04-08T17:33:26.236+0000] {dag.py:4180} INFO - Setting next_dagrun for dataset_alias_example_alias_consumer_with_no_taskflow to None, run_after=None
[2025-04-08T17:33:26.244+0000] {logging_mixin.py:190} INFO - [2025-04-08T17:33:26.243+0000] {dag.py:4180} INFO - Setting next_dagrun for dataset_alias_example_alias_producer_with_no_taskflow to None, run_after=None
[2025-04-08T17:33:26.251+0000] {logging_mixin.py:190} INFO - [2025-04-08T17:33:26.251+0000] {dag.py:4180} INFO - Setting next_dagrun for dataset_s3_bucket_consumer_with_no_taskflow to None, run_after=None
[2025-04-08T17:33:26.255+0000] {logging_mixin.py:190} INFO - [2025-04-08T17:33:26.254+0000] {dag.py:4180} INFO - Setting next_dagrun for dataset_s3_bucket_producer_with_no_taskflow to None, run_after=None
[2025-04-08T17:33:26.328+0000] {processor.py:208} INFO - Processing /home/airflow/.local/lib/python3.12/site-packages/airflow/example_dags/example_dataset_alias_with_no_taskflow.py took 1.760 seconds
[2025-04-08T17:33:56.487+0000] {processor.py:186} INFO - Started process (PID=235) to work on /home/airflow/.local/lib/python3.12/site-packages/airflow/example_dags/example_dataset_alias_with_no_taskflow.py
[2025-04-08T17:33:56.489+0000] {processor.py:914} INFO - Processing file /home/airflow/.local/lib/python3.12/site-packages/airflow/example_dags/example_dataset_alias_with_no_taskflow.py for tasks to queue
[2025-04-08T17:33:56.494+0000] {logging_mixin.py:190} INFO - [2025-04-08T17:33:56.494+0000] {dagbag.py:588} INFO - Filling up the DagBag from /home/airflow/.local/lib/python3.12/site-packages/airflow/example_dags/example_dataset_alias_with_no_taskflow.py
[2025-04-08T17:33:57.312+0000] {processor.py:925} INFO - DAG(s) 'dataset_alias_example_alias_consumer_with_no_taskflow', 'dataset_alias_example_alias_producer_with_no_taskflow', 'dataset_s3_bucket_producer_with_no_taskflow', 'dataset_s3_bucket_consumer_with_no_taskflow' retrieved from /home/airflow/.local/lib/python3.12/site-packages/airflow/example_dags/example_dataset_alias_with_no_taskflow.py
[2025-04-08T17:33:57.344+0000] {logging_mixin.py:190} INFO - [2025-04-08T17:33:57.343+0000] {dag.py:3239} INFO - Sync 4 DAGs
[2025-04-08T17:33:57.379+0000] {logging_mixin.py:190} INFO - [2025-04-08T17:33:57.379+0000] {dag.py:4180} INFO - Setting next_dagrun for dataset_alias_example_alias_consumer_with_no_taskflow to None, run_after=None
[2025-04-08T17:33:57.383+0000] {logging_mixin.py:190} INFO - [2025-04-08T17:33:57.383+0000] {dag.py:4180} INFO - Setting next_dagrun for dataset_alias_example_alias_producer_with_no_taskflow to None, run_after=None
[2025-04-08T17:33:57.386+0000] {logging_mixin.py:190} INFO - [2025-04-08T17:33:57.385+0000] {dag.py:4180} INFO - Setting next_dagrun for dataset_s3_bucket_consumer_with_no_taskflow to None, run_after=None
[2025-04-08T17:33:57.388+0000] {logging_mixin.py:190} INFO - [2025-04-08T17:33:57.387+0000] {dag.py:4180} INFO - Setting next_dagrun for dataset_s3_bucket_producer_with_no_taskflow to None, run_after=None
[2025-04-08T17:33:57.419+0000] {processor.py:208} INFO - Processing /home/airflow/.local/lib/python3.12/site-packages/airflow/example_dags/example_dataset_alias_with_no_taskflow.py took 0.945 seconds
[2025-04-08T17:34:27.770+0000] {processor.py:186} INFO - Started process (PID=298) to work on /home/airflow/.local/lib/python3.12/site-packages/airflow/example_dags/example_dataset_alias_with_no_taskflow.py
[2025-04-08T17:34:27.771+0000] {processor.py:914} INFO - Processing file /home/airflow/.local/lib/python3.12/site-packages/airflow/example_dags/example_dataset_alias_with_no_taskflow.py for tasks to queue
[2025-04-08T17:34:27.775+0000] {logging_mixin.py:190} INFO - [2025-04-08T17:34:27.775+0000] {dagbag.py:588} INFO - Filling up the DagBag from /home/airflow/.local/lib/python3.12/site-packages/airflow/example_dags/example_dataset_alias_with_no_taskflow.py
[2025-04-08T17:34:28.648+0000] {processor.py:925} INFO - DAG(s) 'dataset_alias_example_alias_consumer_with_no_taskflow', 'dataset_s3_bucket_producer_with_no_taskflow', 'dataset_s3_bucket_consumer_with_no_taskflow', 'dataset_alias_example_alias_producer_with_no_taskflow' retrieved from /home/airflow/.local/lib/python3.12/site-packages/airflow/example_dags/example_dataset_alias_with_no_taskflow.py
[2025-04-08T17:34:28.681+0000] {logging_mixin.py:190} INFO - [2025-04-08T17:34:28.681+0000] {dag.py:3239} INFO - Sync 4 DAGs
[2025-04-08T17:34:28.716+0000] {logging_mixin.py:190} INFO - [2025-04-08T17:34:28.715+0000] {dag.py:4180} INFO - Setting next_dagrun for dataset_alias_example_alias_consumer_with_no_taskflow to None, run_after=None
[2025-04-08T17:34:28.720+0000] {logging_mixin.py:190} INFO - [2025-04-08T17:34:28.720+0000] {dag.py:4180} INFO - Setting next_dagrun for dataset_alias_example_alias_producer_with_no_taskflow to None, run_after=None
[2025-04-08T17:34:28.725+0000] {logging_mixin.py:190} INFO - [2025-04-08T17:34:28.725+0000] {dag.py:4180} INFO - Setting next_dagrun for dataset_s3_bucket_consumer_with_no_taskflow to None, run_after=None
[2025-04-08T17:34:28.727+0000] {logging_mixin.py:190} INFO - [2025-04-08T17:34:28.727+0000] {dag.py:4180} INFO - Setting next_dagrun for dataset_s3_bucket_producer_with_no_taskflow to None, run_after=None
[2025-04-08T17:34:28.760+0000] {processor.py:208} INFO - Processing /home/airflow/.local/lib/python3.12/site-packages/airflow/example_dags/example_dataset_alias_with_no_taskflow.py took 1.002 seconds
[2025-04-08T17:34:59.262+0000] {processor.py:186} INFO - Started process (PID=372) to work on /home/airflow/.local/lib/python3.12/site-packages/airflow/example_dags/example_dataset_alias_with_no_taskflow.py
[2025-04-08T17:34:59.264+0000] {processor.py:914} INFO - Processing file /home/airflow/.local/lib/python3.12/site-packages/airflow/example_dags/example_dataset_alias_with_no_taskflow.py for tasks to queue
[2025-04-08T17:34:59.268+0000] {logging_mixin.py:190} INFO - [2025-04-08T17:34:59.267+0000] {dagbag.py:588} INFO - Filling up the DagBag from /home/airflow/.local/lib/python3.12/site-packages/airflow/example_dags/example_dataset_alias_with_no_taskflow.py
[2025-04-08T17:35:00.101+0000] {processor.py:925} INFO - DAG(s) 'dataset_alias_example_alias_consumer_with_no_taskflow', 'dataset_s3_bucket_producer_with_no_taskflow', 'dataset_s3_bucket_consumer_with_no_taskflow', 'dataset_alias_example_alias_producer_with_no_taskflow' retrieved from /home/airflow/.local/lib/python3.12/site-packages/airflow/example_dags/example_dataset_alias_with_no_taskflow.py
[2025-04-08T17:35:00.134+0000] {logging_mixin.py:190} INFO - [2025-04-08T17:35:00.133+0000] {dag.py:3239} INFO - Sync 4 DAGs
[2025-04-08T17:35:00.167+0000] {logging_mixin.py:190} INFO - [2025-04-08T17:35:00.166+0000] {dag.py:4180} INFO - Setting next_dagrun for dataset_alias_example_alias_consumer_with_no_taskflow to None, run_after=None
[2025-04-08T17:35:00.171+0000] {logging_mixin.py:190} INFO - [2025-04-08T17:35:00.171+0000] {dag.py:4180} INFO - Setting next_dagrun for dataset_alias_example_alias_producer_with_no_taskflow to None, run_after=None
[2025-04-08T17:35:00.174+0000] {logging_mixin.py:190} INFO - [2025-04-08T17:35:00.173+0000] {dag.py:4180} INFO - Setting next_dagrun for dataset_s3_bucket_consumer_with_no_taskflow to None, run_after=None
[2025-04-08T17:35:00.176+0000] {logging_mixin.py:190} INFO - [2025-04-08T17:35:00.175+0000] {dag.py:4180} INFO - Setting next_dagrun for dataset_s3_bucket_producer_with_no_taskflow to None, run_after=None
[2025-04-08T17:35:00.208+0000] {processor.py:208} INFO - Processing /home/airflow/.local/lib/python3.12/site-packages/airflow/example_dags/example_dataset_alias_with_no_taskflow.py took 0.957 seconds
[2025-04-08T17:35:30.351+0000] {processor.py:186} INFO - Started process (PID=439) to work on /home/airflow/.local/lib/python3.12/site-packages/airflow/example_dags/example_dataset_alias_with_no_taskflow.py
[2025-04-08T17:35:30.354+0000] {processor.py:914} INFO - Processing file /home/airflow/.local/lib/python3.12/site-packages/airflow/example_dags/example_dataset_alias_with_no_taskflow.py for tasks to queue
[2025-04-08T17:35:30.359+0000] {logging_mixin.py:190} INFO - [2025-04-08T17:35:30.359+0000] {dagbag.py:588} INFO - Filling up the DagBag from /home/airflow/.local/lib/python3.12/site-packages/airflow/example_dags/example_dataset_alias_with_no_taskflow.py
[2025-04-08T17:35:31.337+0000] {processor.py:925} INFO - DAG(s) 'dataset_s3_bucket_producer_with_no_taskflow', 'dataset_alias_example_alias_consumer_with_no_taskflow', 'dataset_alias_example_alias_producer_with_no_taskflow', 'dataset_s3_bucket_consumer_with_no_taskflow' retrieved from /home/airflow/.local/lib/python3.12/site-packages/airflow/example_dags/example_dataset_alias_with_no_taskflow.py
[2025-04-08T17:35:31.369+0000] {logging_mixin.py:190} INFO - [2025-04-08T17:35:31.368+0000] {dag.py:3239} INFO - Sync 4 DAGs
[2025-04-08T17:35:31.402+0000] {logging_mixin.py:190} INFO - [2025-04-08T17:35:31.402+0000] {dag.py:4180} INFO - Setting next_dagrun for dataset_alias_example_alias_consumer_with_no_taskflow to None, run_after=None
[2025-04-08T17:35:31.406+0000] {logging_mixin.py:190} INFO - [2025-04-08T17:35:31.406+0000] {dag.py:4180} INFO - Setting next_dagrun for dataset_alias_example_alias_producer_with_no_taskflow to None, run_after=None
[2025-04-08T17:35:31.408+0000] {logging_mixin.py:190} INFO - [2025-04-08T17:35:31.408+0000] {dag.py:4180} INFO - Setting next_dagrun for dataset_s3_bucket_consumer_with_no_taskflow to None, run_after=None
[2025-04-08T17:35:31.411+0000] {logging_mixin.py:190} INFO - [2025-04-08T17:35:31.410+0000] {dag.py:4180} INFO - Setting next_dagrun for dataset_s3_bucket_producer_with_no_taskflow to None, run_after=None
[2025-04-08T17:35:31.444+0000] {processor.py:208} INFO - Processing /home/airflow/.local/lib/python3.12/site-packages/airflow/example_dags/example_dataset_alias_with_no_taskflow.py took 1.107 seconds
