[2025-04-08T17:32:57.433+0000] {processor.py:186} INFO - Started process (PID=122) to work on /home/airflow/.local/lib/python3.12/site-packages/airflow/example_dags/example_python_operator.py
[2025-04-08T17:32:57.435+0000] {processor.py:914} INFO - Processing file /home/airflow/.local/lib/python3.12/site-packages/airflow/example_dags/example_python_operator.py for tasks to queue
[2025-04-08T17:32:57.439+0000] {logging_mixin.py:190} INFO - [2025-04-08T17:32:57.438+0000] {dagbag.py:588} INFO - Filling up the DagBag from /home/airflow/.local/lib/python3.12/site-packages/airflow/example_dags/example_python_operator.py
[2025-04-08T17:32:57.467+0000] {processor.py:925} INFO - DAG(s) 'example_python_operator' retrieved from /home/airflow/.local/lib/python3.12/site-packages/airflow/example_dags/example_python_operator.py
[2025-04-08T17:32:57.869+0000] {logging_mixin.py:190} INFO - [2025-04-08T17:32:57.868+0000] {override.py:1912} INFO - Created Permission View: can edit on DAG:example_python_operator
[2025-04-08T17:32:57.884+0000] {logging_mixin.py:190} INFO - [2025-04-08T17:32:57.883+0000] {override.py:1912} INFO - Created Permission View: can delete on DAG:example_python_operator
[2025-04-08T17:32:57.899+0000] {logging_mixin.py:190} INFO - [2025-04-08T17:32:57.898+0000] {override.py:1912} INFO - Created Permission View: can read on DAG:example_python_operator
[2025-04-08T17:32:57.913+0000] {logging_mixin.py:190} INFO - [2025-04-08T17:32:57.913+0000] {override.py:1912} INFO - Created Permission View: can create on DAG Run:example_python_operator
[2025-04-08T17:32:57.923+0000] {logging_mixin.py:190} INFO - [2025-04-08T17:32:57.923+0000] {override.py:1912} INFO - Created Permission View: can delete on DAG Run:example_python_operator
[2025-04-08T17:32:57.934+0000] {logging_mixin.py:190} INFO - [2025-04-08T17:32:57.934+0000] {override.py:1912} INFO - Created Permission View: menu access on DAG Run:example_python_operator
[2025-04-08T17:32:57.944+0000] {logging_mixin.py:190} INFO - [2025-04-08T17:32:57.943+0000] {override.py:1912} INFO - Created Permission View: can read on DAG Run:example_python_operator
[2025-04-08T17:32:57.945+0000] {logging_mixin.py:190} INFO - [2025-04-08T17:32:57.944+0000] {dag.py:3239} INFO - Sync 1 DAGs
[2025-04-08T17:32:57.965+0000] {logging_mixin.py:190} INFO - [2025-04-08T17:32:57.964+0000] {dag.py:3262} INFO - Creating ORM DAG for example_python_operator
[2025-04-08T17:32:57.966+0000] {logging_mixin.py:190} INFO - [2025-04-08T17:32:57.966+0000] {dag.py:4180} INFO - Setting next_dagrun for example_python_operator to None, run_after=None
[2025-04-08T17:32:57.995+0000] {processor.py:208} INFO - Processing /home/airflow/.local/lib/python3.12/site-packages/airflow/example_dags/example_python_operator.py took 0.572 seconds
[2025-04-08T17:33:28.210+0000] {processor.py:186} INFO - Started process (PID=190) to work on /home/airflow/.local/lib/python3.12/site-packages/airflow/example_dags/example_python_operator.py
[2025-04-08T17:33:28.211+0000] {processor.py:914} INFO - Processing file /home/airflow/.local/lib/python3.12/site-packages/airflow/example_dags/example_python_operator.py for tasks to queue
[2025-04-08T17:33:28.216+0000] {logging_mixin.py:190} INFO - [2025-04-08T17:33:28.216+0000] {dagbag.py:588} INFO - Filling up the DagBag from /home/airflow/.local/lib/python3.12/site-packages/airflow/example_dags/example_python_operator.py
[2025-04-08T17:33:28.242+0000] {processor.py:925} INFO - DAG(s) 'example_python_operator' retrieved from /home/airflow/.local/lib/python3.12/site-packages/airflow/example_dags/example_python_operator.py
[2025-04-08T17:33:28.291+0000] {logging_mixin.py:190} INFO - [2025-04-08T17:33:28.291+0000] {dag.py:3239} INFO - Sync 1 DAGs
[2025-04-08T17:33:28.322+0000] {logging_mixin.py:190} INFO - [2025-04-08T17:33:28.321+0000] {dag.py:4180} INFO - Setting next_dagrun for example_python_operator to None, run_after=None
[2025-04-08T17:33:28.352+0000] {processor.py:208} INFO - Processing /home/airflow/.local/lib/python3.12/site-packages/airflow/example_dags/example_python_operator.py took 0.155 seconds
[2025-04-08T17:33:58.515+0000] {processor.py:186} INFO - Started process (PID=254) to work on /home/airflow/.local/lib/python3.12/site-packages/airflow/example_dags/example_python_operator.py
[2025-04-08T17:33:58.516+0000] {processor.py:914} INFO - Processing file /home/airflow/.local/lib/python3.12/site-packages/airflow/example_dags/example_python_operator.py for tasks to queue
[2025-04-08T17:33:58.520+0000] {logging_mixin.py:190} INFO - [2025-04-08T17:33:58.520+0000] {dagbag.py:588} INFO - Filling up the DagBag from /home/airflow/.local/lib/python3.12/site-packages/airflow/example_dags/example_python_operator.py
[2025-04-08T17:33:58.540+0000] {processor.py:925} INFO - DAG(s) 'example_python_operator' retrieved from /home/airflow/.local/lib/python3.12/site-packages/airflow/example_dags/example_python_operator.py
[2025-04-08T17:33:58.577+0000] {logging_mixin.py:190} INFO - [2025-04-08T17:33:58.576+0000] {dag.py:3239} INFO - Sync 1 DAGs
[2025-04-08T17:33:58.600+0000] {logging_mixin.py:190} INFO - [2025-04-08T17:33:58.600+0000] {dag.py:4180} INFO - Setting next_dagrun for example_python_operator to None, run_after=None
[2025-04-08T17:33:58.628+0000] {processor.py:208} INFO - Processing /home/airflow/.local/lib/python3.12/site-packages/airflow/example_dags/example_python_operator.py took 0.123 seconds
[2025-04-08T17:34:29.159+0000] {processor.py:186} INFO - Started process (PID=315) to work on /home/airflow/.local/lib/python3.12/site-packages/airflow/example_dags/example_python_operator.py
[2025-04-08T17:34:29.160+0000] {processor.py:914} INFO - Processing file /home/airflow/.local/lib/python3.12/site-packages/airflow/example_dags/example_python_operator.py for tasks to queue
[2025-04-08T17:34:29.164+0000] {logging_mixin.py:190} INFO - [2025-04-08T17:34:29.163+0000] {dagbag.py:588} INFO - Filling up the DagBag from /home/airflow/.local/lib/python3.12/site-packages/airflow/example_dags/example_python_operator.py
[2025-04-08T17:34:29.185+0000] {processor.py:925} INFO - DAG(s) 'example_python_operator' retrieved from /home/airflow/.local/lib/python3.12/site-packages/airflow/example_dags/example_python_operator.py
[2025-04-08T17:34:29.224+0000] {logging_mixin.py:190} INFO - [2025-04-08T17:34:29.223+0000] {dag.py:3239} INFO - Sync 1 DAGs
[2025-04-08T17:34:29.248+0000] {logging_mixin.py:190} INFO - [2025-04-08T17:34:29.248+0000] {dag.py:4180} INFO - Setting next_dagrun for example_python_operator to None, run_after=None
[2025-04-08T17:34:29.277+0000] {processor.py:208} INFO - Processing /home/airflow/.local/lib/python3.12/site-packages/airflow/example_dags/example_python_operator.py took 0.129 seconds
[2025-04-08T17:35:00.252+0000] {processor.py:186} INFO - Started process (PID=378) to work on /home/airflow/.local/lib/python3.12/site-packages/airflow/example_dags/example_python_operator.py
[2025-04-08T17:35:00.254+0000] {processor.py:914} INFO - Processing file /home/airflow/.local/lib/python3.12/site-packages/airflow/example_dags/example_python_operator.py for tasks to queue
[2025-04-08T17:35:00.258+0000] {logging_mixin.py:190} INFO - [2025-04-08T17:35:00.257+0000] {dagbag.py:588} INFO - Filling up the DagBag from /home/airflow/.local/lib/python3.12/site-packages/airflow/example_dags/example_python_operator.py
[2025-04-08T17:35:00.278+0000] {processor.py:925} INFO - DAG(s) 'example_python_operator' retrieved from /home/airflow/.local/lib/python3.12/site-packages/airflow/example_dags/example_python_operator.py
[2025-04-08T17:35:00.313+0000] {logging_mixin.py:190} INFO - [2025-04-08T17:35:00.313+0000] {dag.py:3239} INFO - Sync 1 DAGs
[2025-04-08T17:35:00.336+0000] {logging_mixin.py:190} INFO - [2025-04-08T17:35:00.336+0000] {dag.py:4180} INFO - Setting next_dagrun for example_python_operator to None, run_after=None
[2025-04-08T17:35:00.368+0000] {processor.py:208} INFO - Processing /home/airflow/.local/lib/python3.12/site-packages/airflow/example_dags/example_python_operator.py took 0.125 seconds
[2025-04-08T17:35:30.657+0000] {processor.py:186} INFO - Started process (PID=441) to work on /home/airflow/.local/lib/python3.12/site-packages/airflow/example_dags/example_python_operator.py
[2025-04-08T17:35:30.659+0000] {processor.py:914} INFO - Processing file /home/airflow/.local/lib/python3.12/site-packages/airflow/example_dags/example_python_operator.py for tasks to queue
[2025-04-08T17:35:30.664+0000] {logging_mixin.py:190} INFO - [2025-04-08T17:35:30.663+0000] {dagbag.py:588} INFO - Filling up the DagBag from /home/airflow/.local/lib/python3.12/site-packages/airflow/example_dags/example_python_operator.py
[2025-04-08T17:35:30.687+0000] {processor.py:925} INFO - DAG(s) 'example_python_operator' retrieved from /home/airflow/.local/lib/python3.12/site-packages/airflow/example_dags/example_python_operator.py
[2025-04-08T17:35:30.727+0000] {logging_mixin.py:190} INFO - [2025-04-08T17:35:30.726+0000] {dag.py:3239} INFO - Sync 1 DAGs
[2025-04-08T17:35:30.753+0000] {logging_mixin.py:190} INFO - [2025-04-08T17:35:30.752+0000] {dag.py:4180} INFO - Setting next_dagrun for example_python_operator to None, run_after=None
[2025-04-08T17:35:30.786+0000] {processor.py:208} INFO - Processing /home/airflow/.local/lib/python3.12/site-packages/airflow/example_dags/example_python_operator.py took 0.142 seconds
