[2025-04-08T17:32:54.166+0000] {processor.py:186} INFO - Started process (PID=107) to work on /home/airflow/.local/lib/python3.12/site-packages/airflow/example_dags/tutorial_dag.py
[2025-04-08T17:32:54.168+0000] {processor.py:914} INFO - Processing file /home/airflow/.local/lib/python3.12/site-packages/airflow/example_dags/tutorial_dag.py for tasks to queue
[2025-04-08T17:32:54.172+0000] {logging_mixin.py:190} INFO - [2025-04-08T17:32:54.171+0000] {dagbag.py:588} INFO - Filling up the DagBag from /home/airflow/.local/lib/python3.12/site-packages/airflow/example_dags/tutorial_dag.py
[2025-04-08T17:32:54.185+0000] {processor.py:925} INFO - DAG(s) 'tutorial_dag' retrieved from /home/airflow/.local/lib/python3.12/site-packages/airflow/example_dags/tutorial_dag.py
[2025-04-08T17:32:54.355+0000] {logging_mixin.py:190} INFO - [2025-04-08T17:32:54.354+0000] {override.py:1912} INFO - Created Permission View: can edit on DAG:tutorial_dag
[2025-04-08T17:32:54.370+0000] {logging_mixin.py:190} INFO - [2025-04-08T17:32:54.370+0000] {override.py:1912} INFO - Created Permission View: can delete on DAG:tutorial_dag
[2025-04-08T17:32:54.380+0000] {logging_mixin.py:190} INFO - [2025-04-08T17:32:54.380+0000] {override.py:1912} INFO - Created Permission View: can read on DAG:tutorial_dag
[2025-04-08T17:32:54.391+0000] {logging_mixin.py:190} INFO - [2025-04-08T17:32:54.391+0000] {override.py:1912} INFO - Created Permission View: can create on DAG Run:tutorial_dag
[2025-04-08T17:32:54.401+0000] {logging_mixin.py:190} INFO - [2025-04-08T17:32:54.401+0000] {override.py:1912} INFO - Created Permission View: can delete on DAG Run:tutorial_dag
[2025-04-08T17:32:54.411+0000] {logging_mixin.py:190} INFO - [2025-04-08T17:32:54.411+0000] {override.py:1912} INFO - Created Permission View: menu access on DAG Run:tutorial_dag
[2025-04-08T17:32:54.421+0000] {logging_mixin.py:190} INFO - [2025-04-08T17:32:54.421+0000] {override.py:1912} INFO - Created Permission View: can read on DAG Run:tutorial_dag
[2025-04-08T17:32:54.422+0000] {logging_mixin.py:190} INFO - [2025-04-08T17:32:54.422+0000] {dag.py:3239} INFO - Sync 1 DAGs
[2025-04-08T17:32:54.443+0000] {logging_mixin.py:190} INFO - [2025-04-08T17:32:54.442+0000] {dag.py:3262} INFO - Creating ORM DAG for tutorial_dag
[2025-04-08T17:32:54.444+0000] {logging_mixin.py:190} INFO - [2025-04-08T17:32:54.444+0000] {dag.py:4180} INFO - Setting next_dagrun for tutorial_dag to None, run_after=None
[2025-04-08T17:32:54.468+0000] {processor.py:208} INFO - Processing /home/airflow/.local/lib/python3.12/site-packages/airflow/example_dags/tutorial_dag.py took 0.314 seconds
[2025-04-08T17:33:25.555+0000] {processor.py:186} INFO - Started process (PID=170) to work on /home/airflow/.local/lib/python3.12/site-packages/airflow/example_dags/tutorial_dag.py
[2025-04-08T17:33:25.556+0000] {processor.py:914} INFO - Processing file /home/airflow/.local/lib/python3.12/site-packages/airflow/example_dags/tutorial_dag.py for tasks to queue
[2025-04-08T17:33:25.562+0000] {logging_mixin.py:190} INFO - [2025-04-08T17:33:25.561+0000] {dagbag.py:588} INFO - Filling up the DagBag from /home/airflow/.local/lib/python3.12/site-packages/airflow/example_dags/tutorial_dag.py
[2025-04-08T17:33:25.584+0000] {processor.py:925} INFO - DAG(s) 'tutorial_dag' retrieved from /home/airflow/.local/lib/python3.12/site-packages/airflow/example_dags/tutorial_dag.py
[2025-04-08T17:33:25.624+0000] {logging_mixin.py:190} INFO - [2025-04-08T17:33:25.623+0000] {dag.py:3239} INFO - Sync 1 DAGs
[2025-04-08T17:33:25.654+0000] {logging_mixin.py:190} INFO - [2025-04-08T17:33:25.653+0000] {dag.py:4180} INFO - Setting next_dagrun for tutorial_dag to None, run_after=None
[2025-04-08T17:33:25.694+0000] {processor.py:208} INFO - Processing /home/airflow/.local/lib/python3.12/site-packages/airflow/example_dags/tutorial_dag.py took 0.155 seconds
[2025-04-08T17:33:56.174+0000] {processor.py:186} INFO - Started process (PID=232) to work on /home/airflow/.local/lib/python3.12/site-packages/airflow/example_dags/tutorial_dag.py
[2025-04-08T17:33:56.175+0000] {processor.py:914} INFO - Processing file /home/airflow/.local/lib/python3.12/site-packages/airflow/example_dags/tutorial_dag.py for tasks to queue
[2025-04-08T17:33:56.179+0000] {logging_mixin.py:190} INFO - [2025-04-08T17:33:56.179+0000] {dagbag.py:588} INFO - Filling up the DagBag from /home/airflow/.local/lib/python3.12/site-packages/airflow/example_dags/tutorial_dag.py
[2025-04-08T17:33:56.192+0000] {processor.py:925} INFO - DAG(s) 'tutorial_dag' retrieved from /home/airflow/.local/lib/python3.12/site-packages/airflow/example_dags/tutorial_dag.py
[2025-04-08T17:33:56.223+0000] {logging_mixin.py:190} INFO - [2025-04-08T17:33:56.222+0000] {dag.py:3239} INFO - Sync 1 DAGs
[2025-04-08T17:33:56.246+0000] {logging_mixin.py:190} INFO - [2025-04-08T17:33:56.246+0000] {dag.py:4180} INFO - Setting next_dagrun for tutorial_dag to None, run_after=None
[2025-04-08T17:33:56.275+0000] {processor.py:208} INFO - Processing /home/airflow/.local/lib/python3.12/site-packages/airflow/example_dags/tutorial_dag.py took 0.111 seconds
[2025-04-08T17:34:26.547+0000] {processor.py:186} INFO - Started process (PID=295) to work on /home/airflow/.local/lib/python3.12/site-packages/airflow/example_dags/tutorial_dag.py
[2025-04-08T17:34:26.548+0000] {processor.py:914} INFO - Processing file /home/airflow/.local/lib/python3.12/site-packages/airflow/example_dags/tutorial_dag.py for tasks to queue
[2025-04-08T17:34:26.552+0000] {logging_mixin.py:190} INFO - [2025-04-08T17:34:26.552+0000] {dagbag.py:588} INFO - Filling up the DagBag from /home/airflow/.local/lib/python3.12/site-packages/airflow/example_dags/tutorial_dag.py
[2025-04-08T17:34:26.564+0000] {processor.py:925} INFO - DAG(s) 'tutorial_dag' retrieved from /home/airflow/.local/lib/python3.12/site-packages/airflow/example_dags/tutorial_dag.py
[2025-04-08T17:34:26.596+0000] {logging_mixin.py:190} INFO - [2025-04-08T17:34:26.596+0000] {dag.py:3239} INFO - Sync 1 DAGs
[2025-04-08T17:34:26.619+0000] {logging_mixin.py:190} INFO - [2025-04-08T17:34:26.619+0000] {dag.py:4180} INFO - Setting next_dagrun for tutorial_dag to None, run_after=None
[2025-04-08T17:34:26.648+0000] {processor.py:208} INFO - Processing /home/airflow/.local/lib/python3.12/site-packages/airflow/example_dags/tutorial_dag.py took 0.111 seconds
[2025-04-08T17:34:57.416+0000] {processor.py:186} INFO - Started process (PID=357) to work on /home/airflow/.local/lib/python3.12/site-packages/airflow/example_dags/tutorial_dag.py
[2025-04-08T17:34:57.418+0000] {processor.py:914} INFO - Processing file /home/airflow/.local/lib/python3.12/site-packages/airflow/example_dags/tutorial_dag.py for tasks to queue
[2025-04-08T17:34:57.421+0000] {logging_mixin.py:190} INFO - [2025-04-08T17:34:57.421+0000] {dagbag.py:588} INFO - Filling up the DagBag from /home/airflow/.local/lib/python3.12/site-packages/airflow/example_dags/tutorial_dag.py
[2025-04-08T17:34:57.433+0000] {processor.py:925} INFO - DAG(s) 'tutorial_dag' retrieved from /home/airflow/.local/lib/python3.12/site-packages/airflow/example_dags/tutorial_dag.py
[2025-04-08T17:34:57.465+0000] {logging_mixin.py:190} INFO - [2025-04-08T17:34:57.464+0000] {dag.py:3239} INFO - Sync 1 DAGs
[2025-04-08T17:34:57.488+0000] {logging_mixin.py:190} INFO - [2025-04-08T17:34:57.487+0000] {dag.py:4180} INFO - Setting next_dagrun for tutorial_dag to None, run_after=None
[2025-04-08T17:34:57.516+0000] {processor.py:208} INFO - Processing /home/airflow/.local/lib/python3.12/site-packages/airflow/example_dags/tutorial_dag.py took 0.110 seconds
[2025-04-08T17:35:28.829+0000] {processor.py:186} INFO - Started process (PID=426) to work on /home/airflow/.local/lib/python3.12/site-packages/airflow/example_dags/tutorial_dag.py
[2025-04-08T17:35:28.830+0000] {processor.py:914} INFO - Processing file /home/airflow/.local/lib/python3.12/site-packages/airflow/example_dags/tutorial_dag.py for tasks to queue
[2025-04-08T17:35:28.835+0000] {logging_mixin.py:190} INFO - [2025-04-08T17:35:28.834+0000] {dagbag.py:588} INFO - Filling up the DagBag from /home/airflow/.local/lib/python3.12/site-packages/airflow/example_dags/tutorial_dag.py
[2025-04-08T17:35:28.849+0000] {processor.py:925} INFO - DAG(s) 'tutorial_dag' retrieved from /home/airflow/.local/lib/python3.12/site-packages/airflow/example_dags/tutorial_dag.py
[2025-04-08T17:35:28.895+0000] {logging_mixin.py:190} INFO - [2025-04-08T17:35:28.894+0000] {dag.py:3239} INFO - Sync 1 DAGs
[2025-04-08T17:35:28.936+0000] {logging_mixin.py:190} INFO - [2025-04-08T17:35:28.935+0000] {dag.py:4180} INFO - Setting next_dagrun for tutorial_dag to None, run_after=None
[2025-04-08T17:35:28.981+0000] {processor.py:208} INFO - Processing /home/airflow/.local/lib/python3.12/site-packages/airflow/example_dags/tutorial_dag.py took 0.162 seconds
