[2025-04-08T17:32:40.558+0000] {processor.py:186} INFO - Started process (PID=71) to work on /home/airflow/.local/lib/python3.12/site-packages/airflow/example_dags/tutorial_taskflow_api_virtualenv.py
[2025-04-08T17:32:40.563+0000] {processor.py:914} INFO - Processing file /home/airflow/.local/lib/python3.12/site-packages/airflow/example_dags/tutorial_taskflow_api_virtualenv.py for tasks to queue
[2025-04-08T17:32:40.568+0000] {logging_mixin.py:190} INFO - [2025-04-08T17:32:40.567+0000] {dagbag.py:588} INFO - Filling up the DagBag from /home/airflow/.local/lib/python3.12/site-packages/airflow/example_dags/tutorial_taskflow_api_virtualenv.py
[2025-04-08T17:32:40.624+0000] {processor.py:925} INFO - DAG(s) 'tutorial_taskflow_api_virtualenv' retrieved from /home/airflow/.local/lib/python3.12/site-packages/airflow/example_dags/tutorial_taskflow_api_virtualenv.py
[2025-04-08T17:32:41.263+0000] {logging_mixin.py:190} INFO - [2025-04-08T17:32:41.262+0000] {override.py:1912} INFO - Created Permission View: can edit on DAG:tutorial_taskflow_api_virtualenv
[2025-04-08T17:32:41.279+0000] {logging_mixin.py:190} INFO - [2025-04-08T17:32:41.279+0000] {override.py:1912} INFO - Created Permission View: can delete on DAG:tutorial_taskflow_api_virtualenv
[2025-04-08T17:32:41.290+0000] {logging_mixin.py:190} INFO - [2025-04-08T17:32:41.289+0000] {override.py:1912} INFO - Created Permission View: can read on DAG:tutorial_taskflow_api_virtualenv
[2025-04-08T17:32:41.301+0000] {logging_mixin.py:190} INFO - [2025-04-08T17:32:41.301+0000] {override.py:1912} INFO - Created Permission View: can create on DAG Run:tutorial_taskflow_api_virtualenv
[2025-04-08T17:32:41.312+0000] {logging_mixin.py:190} INFO - [2025-04-08T17:32:41.311+0000] {override.py:1912} INFO - Created Permission View: can delete on DAG Run:tutorial_taskflow_api_virtualenv
[2025-04-08T17:32:41.322+0000] {logging_mixin.py:190} INFO - [2025-04-08T17:32:41.322+0000] {override.py:1912} INFO - Created Permission View: menu access on DAG Run:tutorial_taskflow_api_virtualenv
[2025-04-08T17:32:41.334+0000] {logging_mixin.py:190} INFO - [2025-04-08T17:32:41.334+0000] {override.py:1912} INFO - Created Permission View: can read on DAG Run:tutorial_taskflow_api_virtualenv
[2025-04-08T17:32:41.335+0000] {logging_mixin.py:190} INFO - [2025-04-08T17:32:41.335+0000] {dag.py:3239} INFO - Sync 1 DAGs
[2025-04-08T17:32:41.363+0000] {logging_mixin.py:190} INFO - [2025-04-08T17:32:41.362+0000] {dag.py:3262} INFO - Creating ORM DAG for tutorial_taskflow_api_virtualenv
[2025-04-08T17:32:41.365+0000] {logging_mixin.py:190} INFO - [2025-04-08T17:32:41.364+0000] {dag.py:4180} INFO - Setting next_dagrun for tutorial_taskflow_api_virtualenv to None, run_after=None
[2025-04-08T17:32:41.399+0000] {processor.py:208} INFO - Processing /home/airflow/.local/lib/python3.12/site-packages/airflow/example_dags/tutorial_taskflow_api_virtualenv.py took 0.855 seconds
[2025-04-08T17:33:11.720+0000] {processor.py:186} INFO - Started process (PID=134) to work on /home/airflow/.local/lib/python3.12/site-packages/airflow/example_dags/tutorial_taskflow_api_virtualenv.py
[2025-04-08T17:33:11.741+0000] {processor.py:914} INFO - Processing file /home/airflow/.local/lib/python3.12/site-packages/airflow/example_dags/tutorial_taskflow_api_virtualenv.py for tasks to queue
[2025-04-08T17:33:11.750+0000] {logging_mixin.py:190} INFO - [2025-04-08T17:33:11.750+0000] {dagbag.py:588} INFO - Filling up the DagBag from /home/airflow/.local/lib/python3.12/site-packages/airflow/example_dags/tutorial_taskflow_api_virtualenv.py
[2025-04-08T17:33:11.800+0000] {processor.py:925} INFO - DAG(s) 'tutorial_taskflow_api_virtualenv' retrieved from /home/airflow/.local/lib/python3.12/site-packages/airflow/example_dags/tutorial_taskflow_api_virtualenv.py
[2025-04-08T17:33:11.878+0000] {logging_mixin.py:190} INFO - [2025-04-08T17:33:11.877+0000] {dag.py:3239} INFO - Sync 1 DAGs
[2025-04-08T17:33:11.934+0000] {logging_mixin.py:190} INFO - [2025-04-08T17:33:11.934+0000] {dag.py:4180} INFO - Setting next_dagrun for tutorial_taskflow_api_virtualenv to None, run_after=None
[2025-04-08T17:33:11.965+0000] {processor.py:208} INFO - Processing /home/airflow/.local/lib/python3.12/site-packages/airflow/example_dags/tutorial_taskflow_api_virtualenv.py took 0.324 seconds
[2025-04-08T17:33:42.755+0000] {processor.py:186} INFO - Started process (PID=197) to work on /home/airflow/.local/lib/python3.12/site-packages/airflow/example_dags/tutorial_taskflow_api_virtualenv.py
[2025-04-08T17:33:42.757+0000] {processor.py:914} INFO - Processing file /home/airflow/.local/lib/python3.12/site-packages/airflow/example_dags/tutorial_taskflow_api_virtualenv.py for tasks to queue
[2025-04-08T17:33:42.762+0000] {logging_mixin.py:190} INFO - [2025-04-08T17:33:42.761+0000] {dagbag.py:588} INFO - Filling up the DagBag from /home/airflow/.local/lib/python3.12/site-packages/airflow/example_dags/tutorial_taskflow_api_virtualenv.py
[2025-04-08T17:33:42.782+0000] {processor.py:925} INFO - DAG(s) 'tutorial_taskflow_api_virtualenv' retrieved from /home/airflow/.local/lib/python3.12/site-packages/airflow/example_dags/tutorial_taskflow_api_virtualenv.py
[2025-04-08T17:33:42.814+0000] {logging_mixin.py:190} INFO - [2025-04-08T17:33:42.813+0000] {dag.py:3239} INFO - Sync 1 DAGs
[2025-04-08T17:33:42.838+0000] {logging_mixin.py:190} INFO - [2025-04-08T17:33:42.837+0000] {dag.py:4180} INFO - Setting next_dagrun for tutorial_taskflow_api_virtualenv to None, run_after=None
[2025-04-08T17:33:42.866+0000] {processor.py:208} INFO - Processing /home/airflow/.local/lib/python3.12/site-packages/airflow/example_dags/tutorial_taskflow_api_virtualenv.py took 0.120 seconds
[2025-04-08T17:34:12.945+0000] {processor.py:186} INFO - Started process (PID=260) to work on /home/airflow/.local/lib/python3.12/site-packages/airflow/example_dags/tutorial_taskflow_api_virtualenv.py
[2025-04-08T17:34:12.947+0000] {processor.py:914} INFO - Processing file /home/airflow/.local/lib/python3.12/site-packages/airflow/example_dags/tutorial_taskflow_api_virtualenv.py for tasks to queue
[2025-04-08T17:34:12.950+0000] {logging_mixin.py:190} INFO - [2025-04-08T17:34:12.950+0000] {dagbag.py:588} INFO - Filling up the DagBag from /home/airflow/.local/lib/python3.12/site-packages/airflow/example_dags/tutorial_taskflow_api_virtualenv.py
[2025-04-08T17:34:12.970+0000] {processor.py:925} INFO - DAG(s) 'tutorial_taskflow_api_virtualenv' retrieved from /home/airflow/.local/lib/python3.12/site-packages/airflow/example_dags/tutorial_taskflow_api_virtualenv.py
[2025-04-08T17:34:13.003+0000] {logging_mixin.py:190} INFO - [2025-04-08T17:34:13.002+0000] {dag.py:3239} INFO - Sync 1 DAGs
[2025-04-08T17:34:13.026+0000] {logging_mixin.py:190} INFO - [2025-04-08T17:34:13.025+0000] {dag.py:4180} INFO - Setting next_dagrun for tutorial_taskflow_api_virtualenv to None, run_after=None
[2025-04-08T17:34:13.053+0000] {processor.py:208} INFO - Processing /home/airflow/.local/lib/python3.12/site-packages/airflow/example_dags/tutorial_taskflow_api_virtualenv.py took 0.117 seconds
[2025-04-08T17:34:43.595+0000] {processor.py:186} INFO - Started process (PID=322) to work on /home/airflow/.local/lib/python3.12/site-packages/airflow/example_dags/tutorial_taskflow_api_virtualenv.py
[2025-04-08T17:34:43.596+0000] {processor.py:914} INFO - Processing file /home/airflow/.local/lib/python3.12/site-packages/airflow/example_dags/tutorial_taskflow_api_virtualenv.py for tasks to queue
[2025-04-08T17:34:43.600+0000] {logging_mixin.py:190} INFO - [2025-04-08T17:34:43.600+0000] {dagbag.py:588} INFO - Filling up the DagBag from /home/airflow/.local/lib/python3.12/site-packages/airflow/example_dags/tutorial_taskflow_api_virtualenv.py
[2025-04-08T17:34:43.621+0000] {processor.py:925} INFO - DAG(s) 'tutorial_taskflow_api_virtualenv' retrieved from /home/airflow/.local/lib/python3.12/site-packages/airflow/example_dags/tutorial_taskflow_api_virtualenv.py
[2025-04-08T17:34:43.652+0000] {logging_mixin.py:190} INFO - [2025-04-08T17:34:43.652+0000] {dag.py:3239} INFO - Sync 1 DAGs
[2025-04-08T17:34:43.675+0000] {logging_mixin.py:190} INFO - [2025-04-08T17:34:43.675+0000] {dag.py:4180} INFO - Setting next_dagrun for tutorial_taskflow_api_virtualenv to None, run_after=None
[2025-04-08T17:34:43.704+0000] {processor.py:208} INFO - Processing /home/airflow/.local/lib/python3.12/site-packages/airflow/example_dags/tutorial_taskflow_api_virtualenv.py took 0.119 seconds
[2025-04-08T17:35:13.745+0000] {processor.py:186} INFO - Started process (PID=385) to work on /home/airflow/.local/lib/python3.12/site-packages/airflow/example_dags/tutorial_taskflow_api_virtualenv.py
[2025-04-08T17:35:13.747+0000] {processor.py:914} INFO - Processing file /home/airflow/.local/lib/python3.12/site-packages/airflow/example_dags/tutorial_taskflow_api_virtualenv.py for tasks to queue
[2025-04-08T17:35:13.751+0000] {logging_mixin.py:190} INFO - [2025-04-08T17:35:13.751+0000] {dagbag.py:588} INFO - Filling up the DagBag from /home/airflow/.local/lib/python3.12/site-packages/airflow/example_dags/tutorial_taskflow_api_virtualenv.py
[2025-04-08T17:35:13.773+0000] {processor.py:925} INFO - DAG(s) 'tutorial_taskflow_api_virtualenv' retrieved from /home/airflow/.local/lib/python3.12/site-packages/airflow/example_dags/tutorial_taskflow_api_virtualenv.py
[2025-04-08T17:35:13.810+0000] {logging_mixin.py:190} INFO - [2025-04-08T17:35:13.809+0000] {dag.py:3239} INFO - Sync 1 DAGs
[2025-04-08T17:35:13.838+0000] {logging_mixin.py:190} INFO - [2025-04-08T17:35:13.838+0000] {dag.py:4180} INFO - Setting next_dagrun for tutorial_taskflow_api_virtualenv to None, run_after=None
[2025-04-08T17:35:13.867+0000] {processor.py:208} INFO - Processing /home/airflow/.local/lib/python3.12/site-packages/airflow/example_dags/tutorial_taskflow_api_virtualenv.py took 0.133 seconds
[2025-04-08T17:35:44.376+0000] {processor.py:186} INFO - Started process (PID=448) to work on /home/airflow/.local/lib/python3.12/site-packages/airflow/example_dags/tutorial_taskflow_api_virtualenv.py
[2025-04-08T17:35:44.377+0000] {processor.py:914} INFO - Processing file /home/airflow/.local/lib/python3.12/site-packages/airflow/example_dags/tutorial_taskflow_api_virtualenv.py for tasks to queue
[2025-04-08T17:35:44.382+0000] {logging_mixin.py:190} INFO - [2025-04-08T17:35:44.381+0000] {dagbag.py:588} INFO - Filling up the DagBag from /home/airflow/.local/lib/python3.12/site-packages/airflow/example_dags/tutorial_taskflow_api_virtualenv.py
[2025-04-08T17:35:44.404+0000] {processor.py:925} INFO - DAG(s) 'tutorial_taskflow_api_virtualenv' retrieved from /home/airflow/.local/lib/python3.12/site-packages/airflow/example_dags/tutorial_taskflow_api_virtualenv.py
[2025-04-08T17:35:44.439+0000] {logging_mixin.py:190} INFO - [2025-04-08T17:35:44.439+0000] {dag.py:3239} INFO - Sync 1 DAGs
[2025-04-08T17:35:44.466+0000] {logging_mixin.py:190} INFO - [2025-04-08T17:35:44.466+0000] {dag.py:4180} INFO - Setting next_dagrun for tutorial_taskflow_api_virtualenv to None, run_after=None
[2025-04-08T17:35:44.501+0000] {processor.py:208} INFO - Processing /home/airflow/.local/lib/python3.12/site-packages/airflow/example_dags/tutorial_taskflow_api_virtualenv.py took 0.135 seconds
