[2025-04-08T17:32:47.663+0000] {processor.py:186} INFO - Started process (PID=84) to work on /home/airflow/.local/lib/python3.12/site-packages/airflow/example_dags/tutorial.py
[2025-04-08T17:32:47.665+0000] {processor.py:914} INFO - Processing file /home/airflow/.local/lib/python3.12/site-packages/airflow/example_dags/tutorial.py for tasks to queue
[2025-04-08T17:32:47.669+0000] {logging_mixin.py:190} INFO - [2025-04-08T17:32:47.668+0000] {dagbag.py:588} INFO - Filling up the DagBag from /home/airflow/.local/lib/python3.12/site-packages/airflow/example_dags/tutorial.py
[2025-04-08T17:32:47.687+0000] {processor.py:925} INFO - DAG(s) 'tutorial' retrieved from /home/airflow/.local/lib/python3.12/site-packages/airflow/example_dags/tutorial.py
[2025-04-08T17:32:47.914+0000] {logging_mixin.py:190} INFO - [2025-04-08T17:32:47.914+0000] {override.py:1912} INFO - Created Permission View: can edit on DAG:tutorial
[2025-04-08T17:32:47.929+0000] {logging_mixin.py:190} INFO - [2025-04-08T17:32:47.928+0000] {override.py:1912} INFO - Created Permission View: can delete on DAG:tutorial
[2025-04-08T17:32:47.938+0000] {logging_mixin.py:190} INFO - [2025-04-08T17:32:47.938+0000] {override.py:1912} INFO - Created Permission View: can read on DAG:tutorial
[2025-04-08T17:32:47.949+0000] {logging_mixin.py:190} INFO - [2025-04-08T17:32:47.949+0000] {override.py:1912} INFO - Created Permission View: can create on DAG Run:tutorial
[2025-04-08T17:32:47.959+0000] {logging_mixin.py:190} INFO - [2025-04-08T17:32:47.958+0000] {override.py:1912} INFO - Created Permission View: can delete on DAG Run:tutorial
[2025-04-08T17:32:47.967+0000] {logging_mixin.py:190} INFO - [2025-04-08T17:32:47.967+0000] {override.py:1912} INFO - Created Permission View: menu access on DAG Run:tutorial
[2025-04-08T17:32:47.976+0000] {logging_mixin.py:190} INFO - [2025-04-08T17:32:47.976+0000] {override.py:1912} INFO - Created Permission View: can read on DAG Run:tutorial
[2025-04-08T17:32:47.977+0000] {logging_mixin.py:190} INFO - [2025-04-08T17:32:47.977+0000] {dag.py:3239} INFO - Sync 1 DAGs
[2025-04-08T17:32:48.000+0000] {logging_mixin.py:190} INFO - [2025-04-08T17:32:47.999+0000] {dag.py:3262} INFO - Creating ORM DAG for tutorial
[2025-04-08T17:32:48.015+0000] {logging_mixin.py:190} INFO - [2025-04-08T17:32:48.015+0000] {dag.py:4180} INFO - Setting next_dagrun for tutorial to 2025-04-07 00:00:00+00:00, run_after=2025-04-08 00:00:00+00:00
[2025-04-08T17:32:48.040+0000] {processor.py:208} INFO - Processing /home/airflow/.local/lib/python3.12/site-packages/airflow/example_dags/tutorial.py took 0.389 seconds
[2025-04-08T17:33:18.364+0000] {processor.py:186} INFO - Started process (PID=147) to work on /home/airflow/.local/lib/python3.12/site-packages/airflow/example_dags/tutorial.py
[2025-04-08T17:33:18.365+0000] {processor.py:914} INFO - Processing file /home/airflow/.local/lib/python3.12/site-packages/airflow/example_dags/tutorial.py for tasks to queue
[2025-04-08T17:33:18.369+0000] {logging_mixin.py:190} INFO - [2025-04-08T17:33:18.369+0000] {dagbag.py:588} INFO - Filling up the DagBag from /home/airflow/.local/lib/python3.12/site-packages/airflow/example_dags/tutorial.py
[2025-04-08T17:33:18.383+0000] {processor.py:925} INFO - DAG(s) 'tutorial' retrieved from /home/airflow/.local/lib/python3.12/site-packages/airflow/example_dags/tutorial.py
[2025-04-08T17:33:18.422+0000] {logging_mixin.py:190} INFO - [2025-04-08T17:33:18.422+0000] {dag.py:3239} INFO - Sync 1 DAGs
[2025-04-08T17:33:18.461+0000] {logging_mixin.py:190} INFO - [2025-04-08T17:33:18.461+0000] {dag.py:4180} INFO - Setting next_dagrun for tutorial to 2025-04-07 00:00:00+00:00, run_after=2025-04-08 00:00:00+00:00
[2025-04-08T17:33:18.491+0000] {processor.py:208} INFO - Processing /home/airflow/.local/lib/python3.12/site-packages/airflow/example_dags/tutorial.py took 0.138 seconds
[2025-04-08T17:33:48.857+0000] {processor.py:186} INFO - Started process (PID=209) to work on /home/airflow/.local/lib/python3.12/site-packages/airflow/example_dags/tutorial.py
[2025-04-08T17:33:48.859+0000] {processor.py:914} INFO - Processing file /home/airflow/.local/lib/python3.12/site-packages/airflow/example_dags/tutorial.py for tasks to queue
[2025-04-08T17:33:48.864+0000] {logging_mixin.py:190} INFO - [2025-04-08T17:33:48.863+0000] {dagbag.py:588} INFO - Filling up the DagBag from /home/airflow/.local/lib/python3.12/site-packages/airflow/example_dags/tutorial.py
[2025-04-08T17:33:48.878+0000] {processor.py:925} INFO - DAG(s) 'tutorial' retrieved from /home/airflow/.local/lib/python3.12/site-packages/airflow/example_dags/tutorial.py
[2025-04-08T17:33:48.908+0000] {logging_mixin.py:190} INFO - [2025-04-08T17:33:48.907+0000] {dag.py:3239} INFO - Sync 1 DAGs
[2025-04-08T17:33:48.944+0000] {logging_mixin.py:190} INFO - [2025-04-08T17:33:48.944+0000] {dag.py:4180} INFO - Setting next_dagrun for tutorial to 2025-04-07 00:00:00+00:00, run_after=2025-04-08 00:00:00+00:00
[2025-04-08T17:33:48.972+0000] {processor.py:208} INFO - Processing /home/airflow/.local/lib/python3.12/site-packages/airflow/example_dags/tutorial.py took 0.125 seconds
[2025-04-08T17:34:19.357+0000] {processor.py:186} INFO - Started process (PID=272) to work on /home/airflow/.local/lib/python3.12/site-packages/airflow/example_dags/tutorial.py
[2025-04-08T17:34:19.360+0000] {processor.py:914} INFO - Processing file /home/airflow/.local/lib/python3.12/site-packages/airflow/example_dags/tutorial.py for tasks to queue
[2025-04-08T17:34:19.364+0000] {logging_mixin.py:190} INFO - [2025-04-08T17:34:19.364+0000] {dagbag.py:588} INFO - Filling up the DagBag from /home/airflow/.local/lib/python3.12/site-packages/airflow/example_dags/tutorial.py
[2025-04-08T17:34:19.380+0000] {processor.py:925} INFO - DAG(s) 'tutorial' retrieved from /home/airflow/.local/lib/python3.12/site-packages/airflow/example_dags/tutorial.py
[2025-04-08T17:34:19.411+0000] {logging_mixin.py:190} INFO - [2025-04-08T17:34:19.410+0000] {dag.py:3239} INFO - Sync 1 DAGs
[2025-04-08T17:34:19.448+0000] {logging_mixin.py:190} INFO - [2025-04-08T17:34:19.448+0000] {dag.py:4180} INFO - Setting next_dagrun for tutorial to 2025-04-07 00:00:00+00:00, run_after=2025-04-08 00:00:00+00:00
[2025-04-08T17:34:19.477+0000] {processor.py:208} INFO - Processing /home/airflow/.local/lib/python3.12/site-packages/airflow/example_dags/tutorial.py took 0.130 seconds
[2025-04-08T17:34:49.884+0000] {processor.py:186} INFO - Started process (PID=334) to work on /home/airflow/.local/lib/python3.12/site-packages/airflow/example_dags/tutorial.py
[2025-04-08T17:34:49.885+0000] {processor.py:914} INFO - Processing file /home/airflow/.local/lib/python3.12/site-packages/airflow/example_dags/tutorial.py for tasks to queue
[2025-04-08T17:34:49.889+0000] {logging_mixin.py:190} INFO - [2025-04-08T17:34:49.889+0000] {dagbag.py:588} INFO - Filling up the DagBag from /home/airflow/.local/lib/python3.12/site-packages/airflow/example_dags/tutorial.py
[2025-04-08T17:34:49.905+0000] {processor.py:925} INFO - DAG(s) 'tutorial' retrieved from /home/airflow/.local/lib/python3.12/site-packages/airflow/example_dags/tutorial.py
[2025-04-08T17:34:49.938+0000] {logging_mixin.py:190} INFO - [2025-04-08T17:34:49.938+0000] {dag.py:3239} INFO - Sync 1 DAGs
[2025-04-08T17:34:49.979+0000] {logging_mixin.py:190} INFO - [2025-04-08T17:34:49.979+0000] {dag.py:4180} INFO - Setting next_dagrun for tutorial to 2025-04-07 00:00:00+00:00, run_after=2025-04-08 00:00:00+00:00
[2025-04-08T17:34:50.009+0000] {processor.py:208} INFO - Processing /home/airflow/.local/lib/python3.12/site-packages/airflow/example_dags/tutorial.py took 0.137 seconds
[2025-04-08T17:35:21.007+0000] {processor.py:186} INFO - Started process (PID=397) to work on /home/airflow/.local/lib/python3.12/site-packages/airflow/example_dags/tutorial.py
[2025-04-08T17:35:21.009+0000] {processor.py:914} INFO - Processing file /home/airflow/.local/lib/python3.12/site-packages/airflow/example_dags/tutorial.py for tasks to queue
[2025-04-08T17:35:21.015+0000] {logging_mixin.py:190} INFO - [2025-04-08T17:35:21.014+0000] {dagbag.py:588} INFO - Filling up the DagBag from /home/airflow/.local/lib/python3.12/site-packages/airflow/example_dags/tutorial.py
[2025-04-08T17:35:21.042+0000] {processor.py:925} INFO - DAG(s) 'tutorial' retrieved from /home/airflow/.local/lib/python3.12/site-packages/airflow/example_dags/tutorial.py
[2025-04-08T17:35:21.084+0000] {logging_mixin.py:190} INFO - [2025-04-08T17:35:21.084+0000] {dag.py:3239} INFO - Sync 1 DAGs
[2025-04-08T17:35:21.139+0000] {logging_mixin.py:190} INFO - [2025-04-08T17:35:21.139+0000] {dag.py:4180} INFO - Setting next_dagrun for tutorial to 2025-04-07 00:00:00+00:00, run_after=2025-04-08 00:00:00+00:00
[2025-04-08T17:35:21.173+0000] {processor.py:208} INFO - Processing /home/airflow/.local/lib/python3.12/site-packages/airflow/example_dags/tutorial.py took 0.180 seconds
