[2025-04-08T17:32:55.300+0000] {processor.py:186} INFO - Started process (PID=112) to work on /home/airflow/.local/lib/python3.12/site-packages/airflow/example_dags/tutorial_taskflow_api.py
[2025-04-08T17:32:55.302+0000] {processor.py:914} INFO - Processing file /home/airflow/.local/lib/python3.12/site-packages/airflow/example_dags/tutorial_taskflow_api.py for tasks to queue
[2025-04-08T17:32:55.307+0000] {logging_mixin.py:190} INFO - [2025-04-08T17:32:55.307+0000] {dagbag.py:588} INFO - Filling up the DagBag from /home/airflow/.local/lib/python3.12/site-packages/airflow/example_dags/tutorial_taskflow_api.py
[2025-04-08T17:32:55.323+0000] {processor.py:925} INFO - DAG(s) 'tutorial_taskflow_api' retrieved from /home/airflow/.local/lib/python3.12/site-packages/airflow/example_dags/tutorial_taskflow_api.py
[2025-04-08T17:32:55.495+0000] {logging_mixin.py:190} INFO - [2025-04-08T17:32:55.493+0000] {override.py:1912} INFO - Created Permission View: can edit on DAG:tutorial_taskflow_api
[2025-04-08T17:32:55.510+0000] {logging_mixin.py:190} INFO - [2025-04-08T17:32:55.510+0000] {override.py:1912} INFO - Created Permission View: can delete on DAG:tutorial_taskflow_api
[2025-04-08T17:32:55.521+0000] {logging_mixin.py:190} INFO - [2025-04-08T17:32:55.520+0000] {override.py:1912} INFO - Created Permission View: can read on DAG:tutorial_taskflow_api
[2025-04-08T17:32:55.532+0000] {logging_mixin.py:190} INFO - [2025-04-08T17:32:55.531+0000] {override.py:1912} INFO - Created Permission View: can create on DAG Run:tutorial_taskflow_api
[2025-04-08T17:32:55.541+0000] {logging_mixin.py:190} INFO - [2025-04-08T17:32:55.541+0000] {override.py:1912} INFO - Created Permission View: can delete on DAG Run:tutorial_taskflow_api
[2025-04-08T17:32:55.551+0000] {logging_mixin.py:190} INFO - [2025-04-08T17:32:55.550+0000] {override.py:1912} INFO - Created Permission View: menu access on DAG Run:tutorial_taskflow_api
[2025-04-08T17:32:55.561+0000] {logging_mixin.py:190} INFO - [2025-04-08T17:32:55.561+0000] {override.py:1912} INFO - Created Permission View: can read on DAG Run:tutorial_taskflow_api
[2025-04-08T17:32:55.562+0000] {logging_mixin.py:190} INFO - [2025-04-08T17:32:55.561+0000] {dag.py:3239} INFO - Sync 1 DAGs
[2025-04-08T17:32:55.582+0000] {logging_mixin.py:190} INFO - [2025-04-08T17:32:55.581+0000] {dag.py:3262} INFO - Creating ORM DAG for tutorial_taskflow_api
[2025-04-08T17:32:55.583+0000] {logging_mixin.py:190} INFO - [2025-04-08T17:32:55.583+0000] {dag.py:4180} INFO - Setting next_dagrun for tutorial_taskflow_api to None, run_after=None
[2025-04-08T17:32:55.609+0000] {processor.py:208} INFO - Processing /home/airflow/.local/lib/python3.12/site-packages/airflow/example_dags/tutorial_taskflow_api.py took 0.320 seconds
[2025-04-08T17:33:26.601+0000] {processor.py:186} INFO - Started process (PID=175) to work on /home/airflow/.local/lib/python3.12/site-packages/airflow/example_dags/tutorial_taskflow_api.py
[2025-04-08T17:33:26.604+0000] {processor.py:914} INFO - Processing file /home/airflow/.local/lib/python3.12/site-packages/airflow/example_dags/tutorial_taskflow_api.py for tasks to queue
[2025-04-08T17:33:26.613+0000] {logging_mixin.py:190} INFO - [2025-04-08T17:33:26.612+0000] {dagbag.py:588} INFO - Filling up the DagBag from /home/airflow/.local/lib/python3.12/site-packages/airflow/example_dags/tutorial_taskflow_api.py
[2025-04-08T17:33:26.639+0000] {processor.py:925} INFO - DAG(s) 'tutorial_taskflow_api' retrieved from /home/airflow/.local/lib/python3.12/site-packages/airflow/example_dags/tutorial_taskflow_api.py
[2025-04-08T17:33:26.687+0000] {logging_mixin.py:190} INFO - [2025-04-08T17:33:26.686+0000] {dag.py:3239} INFO - Sync 1 DAGs
[2025-04-08T17:33:26.737+0000] {logging_mixin.py:190} INFO - [2025-04-08T17:33:26.737+0000] {dag.py:4180} INFO - Setting next_dagrun for tutorial_taskflow_api to None, run_after=None
[2025-04-08T17:33:26.785+0000] {processor.py:208} INFO - Processing /home/airflow/.local/lib/python3.12/site-packages/airflow/example_dags/tutorial_taskflow_api.py took 0.208 seconds
[2025-04-08T17:33:57.627+0000] {processor.py:186} INFO - Started process (PID=238) to work on /home/airflow/.local/lib/python3.12/site-packages/airflow/example_dags/tutorial_taskflow_api.py
[2025-04-08T17:33:57.629+0000] {processor.py:914} INFO - Processing file /home/airflow/.local/lib/python3.12/site-packages/airflow/example_dags/tutorial_taskflow_api.py for tasks to queue
[2025-04-08T17:33:57.632+0000] {logging_mixin.py:190} INFO - [2025-04-08T17:33:57.632+0000] {dagbag.py:588} INFO - Filling up the DagBag from /home/airflow/.local/lib/python3.12/site-packages/airflow/example_dags/tutorial_taskflow_api.py
[2025-04-08T17:33:57.646+0000] {processor.py:925} INFO - DAG(s) 'tutorial_taskflow_api' retrieved from /home/airflow/.local/lib/python3.12/site-packages/airflow/example_dags/tutorial_taskflow_api.py
[2025-04-08T17:33:57.678+0000] {logging_mixin.py:190} INFO - [2025-04-08T17:33:57.678+0000] {dag.py:3239} INFO - Sync 1 DAGs
[2025-04-08T17:33:57.705+0000] {logging_mixin.py:190} INFO - [2025-04-08T17:33:57.704+0000] {dag.py:4180} INFO - Setting next_dagrun for tutorial_taskflow_api to None, run_after=None
[2025-04-08T17:33:57.739+0000] {processor.py:208} INFO - Processing /home/airflow/.local/lib/python3.12/site-packages/airflow/example_dags/tutorial_taskflow_api.py took 0.122 seconds
[2025-04-08T17:34:28.120+0000] {processor.py:186} INFO - Started process (PID=306) to work on /home/airflow/.local/lib/python3.12/site-packages/airflow/example_dags/tutorial_taskflow_api.py
[2025-04-08T17:34:28.121+0000] {processor.py:914} INFO - Processing file /home/airflow/.local/lib/python3.12/site-packages/airflow/example_dags/tutorial_taskflow_api.py for tasks to queue
[2025-04-08T17:34:28.125+0000] {logging_mixin.py:190} INFO - [2025-04-08T17:34:28.124+0000] {dagbag.py:588} INFO - Filling up the DagBag from /home/airflow/.local/lib/python3.12/site-packages/airflow/example_dags/tutorial_taskflow_api.py
[2025-04-08T17:34:28.138+0000] {processor.py:925} INFO - DAG(s) 'tutorial_taskflow_api' retrieved from /home/airflow/.local/lib/python3.12/site-packages/airflow/example_dags/tutorial_taskflow_api.py
[2025-04-08T17:34:28.170+0000] {logging_mixin.py:190} INFO - [2025-04-08T17:34:28.170+0000] {dag.py:3239} INFO - Sync 1 DAGs
[2025-04-08T17:34:28.194+0000] {logging_mixin.py:190} INFO - [2025-04-08T17:34:28.194+0000] {dag.py:4180} INFO - Setting next_dagrun for tutorial_taskflow_api to None, run_after=None
[2025-04-08T17:34:28.227+0000] {processor.py:208} INFO - Processing /home/airflow/.local/lib/python3.12/site-packages/airflow/example_dags/tutorial_taskflow_api.py took 0.118 seconds
[2025-04-08T17:34:58.933+0000] {processor.py:186} INFO - Started process (PID=368) to work on /home/airflow/.local/lib/python3.12/site-packages/airflow/example_dags/tutorial_taskflow_api.py
[2025-04-08T17:34:58.934+0000] {processor.py:914} INFO - Processing file /home/airflow/.local/lib/python3.12/site-packages/airflow/example_dags/tutorial_taskflow_api.py for tasks to queue
[2025-04-08T17:34:58.938+0000] {logging_mixin.py:190} INFO - [2025-04-08T17:34:58.938+0000] {dagbag.py:588} INFO - Filling up the DagBag from /home/airflow/.local/lib/python3.12/site-packages/airflow/example_dags/tutorial_taskflow_api.py
[2025-04-08T17:34:58.952+0000] {processor.py:925} INFO - DAG(s) 'tutorial_taskflow_api' retrieved from /home/airflow/.local/lib/python3.12/site-packages/airflow/example_dags/tutorial_taskflow_api.py
[2025-04-08T17:34:58.984+0000] {logging_mixin.py:190} INFO - [2025-04-08T17:34:58.983+0000] {dag.py:3239} INFO - Sync 1 DAGs
[2025-04-08T17:34:59.007+0000] {logging_mixin.py:190} INFO - [2025-04-08T17:34:59.007+0000] {dag.py:4180} INFO - Setting next_dagrun for tutorial_taskflow_api to None, run_after=None
[2025-04-08T17:34:59.035+0000] {processor.py:208} INFO - Processing /home/airflow/.local/lib/python3.12/site-packages/airflow/example_dags/tutorial_taskflow_api.py took 0.113 seconds
[2025-04-08T17:35:29.460+0000] {processor.py:186} INFO - Started process (PID=431) to work on /home/airflow/.local/lib/python3.12/site-packages/airflow/example_dags/tutorial_taskflow_api.py
[2025-04-08T17:35:29.461+0000] {processor.py:914} INFO - Processing file /home/airflow/.local/lib/python3.12/site-packages/airflow/example_dags/tutorial_taskflow_api.py for tasks to queue
[2025-04-08T17:35:29.467+0000] {logging_mixin.py:190} INFO - [2025-04-08T17:35:29.467+0000] {dagbag.py:588} INFO - Filling up the DagBag from /home/airflow/.local/lib/python3.12/site-packages/airflow/example_dags/tutorial_taskflow_api.py
[2025-04-08T17:35:29.485+0000] {processor.py:925} INFO - DAG(s) 'tutorial_taskflow_api' retrieved from /home/airflow/.local/lib/python3.12/site-packages/airflow/example_dags/tutorial_taskflow_api.py
[2025-04-08T17:35:29.524+0000] {logging_mixin.py:190} INFO - [2025-04-08T17:35:29.524+0000] {dag.py:3239} INFO - Sync 1 DAGs
[2025-04-08T17:35:29.559+0000] {logging_mixin.py:190} INFO - [2025-04-08T17:35:29.559+0000] {dag.py:4180} INFO - Setting next_dagrun for tutorial_taskflow_api to None, run_after=None
[2025-04-08T17:35:29.608+0000] {processor.py:208} INFO - Processing /home/airflow/.local/lib/python3.12/site-packages/airflow/example_dags/tutorial_taskflow_api.py took 0.160 seconds
