[2025-04-08T17:32:41.908+0000] {processor.py:186} INFO - Started process (PID=75) to work on /home/airflow/.local/lib/python3.12/site-packages/airflow/example_dags/tutorial_objectstorage.py
[2025-04-08T17:32:41.910+0000] {processor.py:914} INFO - Processing file /home/airflow/.local/lib/python3.12/site-packages/airflow/example_dags/tutorial_objectstorage.py for tasks to queue
[2025-04-08T17:32:41.915+0000] {logging_mixin.py:190} INFO - [2025-04-08T17:32:41.914+0000] {dagbag.py:588} INFO - Filling up the DagBag from /home/airflow/.local/lib/python3.12/site-packages/airflow/example_dags/tutorial_objectstorage.py
[2025-04-08T17:32:41.933+0000] {processor.py:925} INFO - DAG(s) 'tutorial_objectstorage' retrieved from /home/airflow/.local/lib/python3.12/site-packages/airflow/example_dags/tutorial_objectstorage.py
[2025-04-08T17:32:42.153+0000] {logging_mixin.py:190} INFO - [2025-04-08T17:32:42.152+0000] {override.py:1912} INFO - Created Permission View: can edit on DAG:tutorial_objectstorage
[2025-04-08T17:32:42.170+0000] {logging_mixin.py:190} INFO - [2025-04-08T17:32:42.170+0000] {override.py:1912} INFO - Created Permission View: can delete on DAG:tutorial_objectstorage
[2025-04-08T17:32:42.182+0000] {logging_mixin.py:190} INFO - [2025-04-08T17:32:42.181+0000] {override.py:1912} INFO - Created Permission View: can read on DAG:tutorial_objectstorage
[2025-04-08T17:32:42.193+0000] {logging_mixin.py:190} INFO - [2025-04-08T17:32:42.193+0000] {override.py:1912} INFO - Created Permission View: can create on DAG Run:tutorial_objectstorage
[2025-04-08T17:32:42.207+0000] {logging_mixin.py:190} INFO - [2025-04-08T17:32:42.207+0000] {override.py:1912} INFO - Created Permission View: can delete on DAG Run:tutorial_objectstorage
[2025-04-08T17:32:42.219+0000] {logging_mixin.py:190} INFO - [2025-04-08T17:32:42.219+0000] {override.py:1912} INFO - Created Permission View: menu access on DAG Run:tutorial_objectstorage
[2025-04-08T17:32:42.231+0000] {logging_mixin.py:190} INFO - [2025-04-08T17:32:42.231+0000] {override.py:1912} INFO - Created Permission View: can read on DAG Run:tutorial_objectstorage
[2025-04-08T17:32:42.232+0000] {logging_mixin.py:190} INFO - [2025-04-08T17:32:42.232+0000] {dag.py:3239} INFO - Sync 1 DAGs
[2025-04-08T17:32:42.257+0000] {logging_mixin.py:190} INFO - [2025-04-08T17:32:42.256+0000] {dag.py:3262} INFO - Creating ORM DAG for tutorial_objectstorage
[2025-04-08T17:32:42.258+0000] {logging_mixin.py:190} INFO - [2025-04-08T17:32:42.258+0000] {dag.py:4180} INFO - Setting next_dagrun for tutorial_objectstorage to None, run_after=None
[2025-04-08T17:32:42.286+0000] {processor.py:208} INFO - Processing /home/airflow/.local/lib/python3.12/site-packages/airflow/example_dags/tutorial_objectstorage.py took 0.402 seconds
[2025-04-08T17:33:12.443+0000] {processor.py:186} INFO - Started process (PID=138) to work on /home/airflow/.local/lib/python3.12/site-packages/airflow/example_dags/tutorial_objectstorage.py
[2025-04-08T17:33:12.444+0000] {processor.py:914} INFO - Processing file /home/airflow/.local/lib/python3.12/site-packages/airflow/example_dags/tutorial_objectstorage.py for tasks to queue
[2025-04-08T17:33:12.449+0000] {logging_mixin.py:190} INFO - [2025-04-08T17:33:12.448+0000] {dagbag.py:588} INFO - Filling up the DagBag from /home/airflow/.local/lib/python3.12/site-packages/airflow/example_dags/tutorial_objectstorage.py
[2025-04-08T17:33:12.467+0000] {processor.py:925} INFO - DAG(s) 'tutorial_objectstorage' retrieved from /home/airflow/.local/lib/python3.12/site-packages/airflow/example_dags/tutorial_objectstorage.py
[2025-04-08T17:33:12.508+0000] {logging_mixin.py:190} INFO - [2025-04-08T17:33:12.508+0000] {dag.py:3239} INFO - Sync 1 DAGs
[2025-04-08T17:33:12.536+0000] {logging_mixin.py:190} INFO - [2025-04-08T17:33:12.536+0000] {dag.py:4180} INFO - Setting next_dagrun for tutorial_objectstorage to None, run_after=None
[2025-04-08T17:33:12.566+0000] {processor.py:208} INFO - Processing /home/airflow/.local/lib/python3.12/site-packages/airflow/example_dags/tutorial_objectstorage.py took 0.134 seconds
[2025-04-08T17:33:43.187+0000] {processor.py:186} INFO - Started process (PID=201) to work on /home/airflow/.local/lib/python3.12/site-packages/airflow/example_dags/tutorial_objectstorage.py
[2025-04-08T17:33:43.189+0000] {processor.py:914} INFO - Processing file /home/airflow/.local/lib/python3.12/site-packages/airflow/example_dags/tutorial_objectstorage.py for tasks to queue
[2025-04-08T17:33:43.192+0000] {logging_mixin.py:190} INFO - [2025-04-08T17:33:43.192+0000] {dagbag.py:588} INFO - Filling up the DagBag from /home/airflow/.local/lib/python3.12/site-packages/airflow/example_dags/tutorial_objectstorage.py
[2025-04-08T17:33:43.221+0000] {processor.py:925} INFO - DAG(s) 'tutorial_objectstorage' retrieved from /home/airflow/.local/lib/python3.12/site-packages/airflow/example_dags/tutorial_objectstorage.py
[2025-04-08T17:33:43.261+0000] {logging_mixin.py:190} INFO - [2025-04-08T17:33:43.260+0000] {dag.py:3239} INFO - Sync 1 DAGs
[2025-04-08T17:33:43.287+0000] {logging_mixin.py:190} INFO - [2025-04-08T17:33:43.286+0000] {dag.py:4180} INFO - Setting next_dagrun for tutorial_objectstorage to None, run_after=None
[2025-04-08T17:33:43.316+0000] {processor.py:208} INFO - Processing /home/airflow/.local/lib/python3.12/site-packages/airflow/example_dags/tutorial_objectstorage.py took 0.139 seconds
[2025-04-08T17:34:13.658+0000] {processor.py:186} INFO - Started process (PID=264) to work on /home/airflow/.local/lib/python3.12/site-packages/airflow/example_dags/tutorial_objectstorage.py
[2025-04-08T17:34:13.659+0000] {processor.py:914} INFO - Processing file /home/airflow/.local/lib/python3.12/site-packages/airflow/example_dags/tutorial_objectstorage.py for tasks to queue
[2025-04-08T17:34:13.663+0000] {logging_mixin.py:190} INFO - [2025-04-08T17:34:13.662+0000] {dagbag.py:588} INFO - Filling up the DagBag from /home/airflow/.local/lib/python3.12/site-packages/airflow/example_dags/tutorial_objectstorage.py
[2025-04-08T17:34:13.679+0000] {processor.py:925} INFO - DAG(s) 'tutorial_objectstorage' retrieved from /home/airflow/.local/lib/python3.12/site-packages/airflow/example_dags/tutorial_objectstorage.py
[2025-04-08T17:34:13.709+0000] {logging_mixin.py:190} INFO - [2025-04-08T17:34:13.709+0000] {dag.py:3239} INFO - Sync 1 DAGs
[2025-04-08T17:34:13.733+0000] {logging_mixin.py:190} INFO - [2025-04-08T17:34:13.732+0000] {dag.py:4180} INFO - Setting next_dagrun for tutorial_objectstorage to None, run_after=None
[2025-04-08T17:34:13.761+0000] {processor.py:208} INFO - Processing /home/airflow/.local/lib/python3.12/site-packages/airflow/example_dags/tutorial_objectstorage.py took 0.114 seconds
[2025-04-08T17:34:44.170+0000] {processor.py:186} INFO - Started process (PID=326) to work on /home/airflow/.local/lib/python3.12/site-packages/airflow/example_dags/tutorial_objectstorage.py
[2025-04-08T17:34:44.172+0000] {processor.py:914} INFO - Processing file /home/airflow/.local/lib/python3.12/site-packages/airflow/example_dags/tutorial_objectstorage.py for tasks to queue
[2025-04-08T17:34:44.176+0000] {logging_mixin.py:190} INFO - [2025-04-08T17:34:44.175+0000] {dagbag.py:588} INFO - Filling up the DagBag from /home/airflow/.local/lib/python3.12/site-packages/airflow/example_dags/tutorial_objectstorage.py
[2025-04-08T17:34:44.194+0000] {processor.py:925} INFO - DAG(s) 'tutorial_objectstorage' retrieved from /home/airflow/.local/lib/python3.12/site-packages/airflow/example_dags/tutorial_objectstorage.py
[2025-04-08T17:34:44.231+0000] {logging_mixin.py:190} INFO - [2025-04-08T17:34:44.230+0000] {dag.py:3239} INFO - Sync 1 DAGs
[2025-04-08T17:34:44.254+0000] {logging_mixin.py:190} INFO - [2025-04-08T17:34:44.254+0000] {dag.py:4180} INFO - Setting next_dagrun for tutorial_objectstorage to None, run_after=None
[2025-04-08T17:34:44.283+0000] {processor.py:208} INFO - Processing /home/airflow/.local/lib/python3.12/site-packages/airflow/example_dags/tutorial_objectstorage.py took 0.126 seconds
[2025-04-08T17:35:15.068+0000] {processor.py:186} INFO - Started process (PID=389) to work on /home/airflow/.local/lib/python3.12/site-packages/airflow/example_dags/tutorial_objectstorage.py
[2025-04-08T17:35:15.070+0000] {processor.py:914} INFO - Processing file /home/airflow/.local/lib/python3.12/site-packages/airflow/example_dags/tutorial_objectstorage.py for tasks to queue
[2025-04-08T17:35:15.076+0000] {logging_mixin.py:190} INFO - [2025-04-08T17:35:15.075+0000] {dagbag.py:588} INFO - Filling up the DagBag from /home/airflow/.local/lib/python3.12/site-packages/airflow/example_dags/tutorial_objectstorage.py
[2025-04-08T17:35:15.095+0000] {processor.py:925} INFO - DAG(s) 'tutorial_objectstorage' retrieved from /home/airflow/.local/lib/python3.12/site-packages/airflow/example_dags/tutorial_objectstorage.py
[2025-04-08T17:35:15.134+0000] {logging_mixin.py:190} INFO - [2025-04-08T17:35:15.133+0000] {dag.py:3239} INFO - Sync 1 DAGs
[2025-04-08T17:35:15.161+0000] {logging_mixin.py:190} INFO - [2025-04-08T17:35:15.160+0000] {dag.py:4180} INFO - Setting next_dagrun for tutorial_objectstorage to None, run_after=None
[2025-04-08T17:35:15.193+0000] {processor.py:208} INFO - Processing /home/airflow/.local/lib/python3.12/site-packages/airflow/example_dags/tutorial_objectstorage.py took 0.147 seconds
